<?xml version="1.0" encoding="UTF-8"?>
<testsuite xmlns:xsi="http://www.w3.org/2001/XMLSchema-instance" xsi:noNamespaceSchemaLocation="https://maven.apache.org/surefire/maven-failsafe-plugin/xsd/failsafe-test-report-3.0.xsd" version="3.0" name="starter.CucumberTestSuite" time="23.206" tests="4" errors="0" skipped="0" failures="0">
  <properties>
[...]
</properties>
  <testcase name="User berhasil mendapat data PDAM dari id" classname="Get PDAM By Id" time="9.424">
    <system-out><![CDATA[18:21:37.360 [main] DEBUG net.thucydides.core.guice.Injectors - Created injector for module net.thucydides.core.guice.ThucydidesModule
18:21:37.996 [main] INFO io.cucumber.core.plugin.SerenityReporter - Running feature from file:///C:/Dev/CapstoneProjectBaru/SKUYPAY%20API%20AUTOMATION/src/test/resources/features/AllRole/PDAM/GetPDAMById.feature
18:21:38.297 [main] DEBUG net.thucydides.core.guice.Injectors - Created injector for module net.thucydides.core.guice.webdriver.WebDriverModule
18:21:38.325 [main] INFO  - 

-------------------------------------------------------------------------------------
     _______. _______ .______       _______ .__   __.  __  .___________.____    ____ 
    /       ||   ____||   _  \     |   ____||  \ |  | |  | |           |\   \  /   / 
   |   (----`|  |__   |  |_)  |    |  |__   |   \|  | |  | `---|  |----` \   \/   /  
    \   \    |   __|  |      /     |   __|  |  . `  | |  |     |  |       \_    _/   
.----)   |   |  |____ |  |\  \----.|  |____ |  |\   | |  |     |  |         |  |     
|_______/    |_______|| _| `._____||_______||__| \__| |__|     |__|         |__|    
                                                                                     
 News and tutorials at http://www.serenity-bdd.info                                  
 Documentation at https://wakaleo.gitbooks.io/the-serenity-book/content/             
 Join the Serenity Community on Gitter: https://gitter.im/serenity-bdd/serenity-core 
 Serenity BDD Support and Training at http://serenity-bdd.info/#/trainingandsupport  
-------------------------------------------------------------------------------------

18:21:38.331 [main] DEBUG net.thucydides.core.steps.StepEventBus - Test suite started for story net.thucydides.core.model.Story@e14b47e
18:21:38.334 [main] INFO  - Test Suite Started: Get PDAM By Id
18:21:38.359 [main] INFO io.cucumber.core.plugin.SerenityReporter - Running feature from file:///C:/Dev/CapstoneProjectBaru/SKUYPAY%20API%20AUTOMATION/src/test/resources/features/AllRole/PDAM/GetPDAMById.feature
18:21:38.376 [main] DEBUG net.thucydides.core.steps.StepEventBus - Test suite started for story net.thucydides.core.model.Story@e14b47e
18:21:38.377 [main] INFO  - Test Suite Started: Get PDAM By Id

@Get-PDAM-by-Id-01
Scenario: User berhasil mendapat data PDAM dari id                      &amp#27;[90m# src/test/resources/features/AllRole/PDAM/GetPDAMById.feature:4&amp#27;[0m
18:21:38.641 [main] INFO io.cucumber.core.plugin.SerenityReporter - Running feature from file:///C:/Dev/CapstoneProjectBaru/SKUYPAY%20API%20AUTOMATION/src/test/resources/features/AllRole/PDAM/GetPDAMById.feature
18:21:38.890 [main] INFO  - 
  _____   ___   ___   _____     ___   _____     _     ___   _____   ___   ___  
 |_   _| | __| / __| |_   _|   / __| |_   _|   /_\   | _ \ |_   _| | __| |   \ 
   | |   | _|  \__ \   | |     \__ \   | |    / _ \  |   /   | |   | _|  | |) |
   |_|   |___| |___/   |_|     |___/   |_|   /_/ \_\ |_|_\   |_|   |___| |___/ 

User berhasil mendapat data PDAM dari id(get-pdam-by-id;user-berhasil-mendapat-data-pdam-dari-id)
--------------------------------------------------------------------------------
18:21:39.004 [main] DEBUG net.thucydides.core.requirements.FileSystemRequirementsTagProvider - Loading requirements from directory: C:\Dev\CapstoneProjectBaru\SKUYPAY API AUTOMATION\src\test\resources\features\admin (C:\Dev\CapstoneProjectBaru\SKUYPAY API AUTOMATION\src\test\resources\features\admin)
18:21:39.004 [main] DEBUG net.thucydides.core.requirements.FileSystemRequirementsTagProvider - Get requirements type for: C:\Dev\CapstoneProjectBaru\SKUYPAY API AUTOMATION\src\test\resources\features\admin (C:\Dev\CapstoneProjectBaru\SKUYPAY API AUTOMATION\src\test\resources\features\admin)
18:21:39.094 [main] DEBUG net.thucydides.core.requirements.FileSystemRequirementsTagProvider - Loading requirements from directory: C:\Dev\CapstoneProjectBaru\SKUYPAY API AUTOMATION\src\test\resources\features\AllRole (C:\Dev\CapstoneProjectBaru\SKUYPAY API AUTOMATION\src\test\resources\features\AllRole)
18:21:39.094 [main] DEBUG net.thucydides.core.requirements.FileSystemRequirementsTagProvider - Get requirements type for: C:\Dev\CapstoneProjectBaru\SKUYPAY API AUTOMATION\src\test\resources\features\AllRole (C:\Dev\CapstoneProjectBaru\SKUYPAY API AUTOMATION\src\test\resources\features\AllRole)
18:21:39.114 [main] DEBUG net.thucydides.core.requirements.FileSystemRequirementsTagProvider - Loading requirements from directory: C:\Dev\CapstoneProjectBaru\SKUYPAY API AUTOMATION\src\test\resources\features\AllRole\InsuranceBPJS (C:\Dev\CapstoneProjectBaru\SKUYPAY API AUTOMATION\src\test\resources\features\AllRole\InsuranceBPJS)
18:21:39.115 [main] DEBUG net.thucydides.core.requirements.FileSystemRequirementsTagProvider - Get requirements type for: C:\Dev\CapstoneProjectBaru\SKUYPAY API AUTOMATION\src\test\resources\features\AllRole\InsuranceBPJS (C:\Dev\CapstoneProjectBaru\SKUYPAY API AUTOMATION\src\test\resources\features\AllRole\InsuranceBPJS)
18:21:39.174 [main] DEBUG net.thucydides.core.requirements.FileSystemRequirementsTagProvider - Loading requirements from directory: C:\Dev\CapstoneProjectBaru\SKUYPAY API AUTOMATION\src\test\resources\features\AllRole\InternetWIFI (C:\Dev\CapstoneProjectBaru\SKUYPAY API AUTOMATION\src\test\resources\features\AllRole\InternetWIFI)
18:21:39.174 [main] DEBUG net.thucydides.core.requirements.FileSystemRequirementsTagProvider - Get requirements type for: C:\Dev\CapstoneProjectBaru\SKUYPAY API AUTOMATION\src\test\resources\features\AllRole\InternetWIFI (C:\Dev\CapstoneProjectBaru\SKUYPAY API AUTOMATION\src\test\resources\features\AllRole\InternetWIFI)
18:21:39.222 [main] DEBUG net.thucydides.core.requirements.FileSystemRequirementsTagProvider - Loading requirements from directory: C:\Dev\CapstoneProjectBaru\SKUYPAY API AUTOMATION\src\test\resources\features\AllRole\PDAM (C:\Dev\CapstoneProjectBaru\SKUYPAY API AUTOMATION\src\test\resources\features\AllRole\PDAM)
18:21:39.222 [main] DEBUG net.thucydides.core.requirements.FileSystemRequirementsTagProvider - Get requirements type for: C:\Dev\CapstoneProjectBaru\SKUYPAY API AUTOMATION\src\test\resources\features\AllRole\PDAM (C:\Dev\CapstoneProjectBaru\SKUYPAY API AUTOMATION\src\test\resources\features\AllRole\PDAM)
18:21:39.253 [main] DEBUG net.thucydides.core.requirements.FileSystemRequirementsTagProvider - Loading requirements from directory: C:\Dev\CapstoneProjectBaru\SKUYPAY API AUTOMATION\src\test\resources\features\Auth (C:\Dev\CapstoneProjectBaru\SKUYPAY API AUTOMATION\src\test\resources\features\Auth)
18:21:39.253 [main] DEBUG net.thucydides.core.requirements.FileSystemRequirementsTagProvider - Get requirements type for: C:\Dev\CapstoneProjectBaru\SKUYPAY API AUTOMATION\src\test\resources\features\Auth (C:\Dev\CapstoneProjectBaru\SKUYPAY API AUTOMATION\src\test\resources\features\Auth)
18:21:39.283 [main] DEBUG net.thucydides.core.requirements.FileSystemRequirementsTagProvider - Loading requirements from directory: C:\Dev\CapstoneProjectBaru\SKUYPAY API AUTOMATION\src\test\resources\features\User (C:\Dev\CapstoneProjectBaru\SKUYPAY API AUTOMATION\src\test\resources\features\User)
18:21:39.283 [main] DEBUG net.thucydides.core.requirements.FileSystemRequirementsTagProvider - Get requirements type for: C:\Dev\CapstoneProjectBaru\SKUYPAY API AUTOMATION\src\test\resources\features\User (C:\Dev\CapstoneProjectBaru\SKUYPAY API AUTOMATION\src\test\resources\features\User)
18:21:40.253 [main] DEBUG net.thucydides.core.steps.StepInterceptor - STARTING STEP: GetPDAMByIdSteps.userHaveEndpointAuthLoginForGetPDAMByID - User have endpoint auth
18:21:40.257 [main] DEBUG net.thucydides.core.steps.StepInterceptor - STEP DONE: User have endpoint auth
  &amp#27;[32mGiven &amp#27;[0m&amp#27;[32mUser have endpoint auth login for get PDAM by ID&amp#27;[0m                &amp#27;[90m# starter.stepdefinitions.AllRole.PDAM.GetPDAMByIdSteps.userHaveEndpointAuthLoginForGetPDAMByID()&amp#27;[0m
18:21:40.286 [main] DEBUG net.thucydides.core.steps.StepInterceptor - STARTING STEP: GetPDAMByIdSteps.userSendEndpointAuthForGetPDAMByIDFeatureAndGetToken - User send endpoint auth login and get token
18:21:43.978 [main] DEBUG net.thucydides.core.steps.StepInterceptor - STARTING STEP: GetPdamById.sendendpointauthandgettoken - User have endpoint auth
18:21:43.979 [main] DEBUG net.thucydides.core.steps.StepInterceptor - STEP DONE: User have endpoint auth
18:21:45.708 [main] DEBUG org.apache.http.impl.conn.BasicClientConnectionManager - Get connection for route {}->http://34.101.78.228:2424
18:21:45.726 [main] DEBUG org.apache.http.impl.conn.DefaultClientConnectionOperator - Connecting to 34.101.78.228:2424
18:21:45.814 [main] DEBUG org.apache.http.client.protocol.RequestAddCookies - CookieSpec selected: ignoreCookies
18:21:45.815 [main] DEBUG org.apache.http.client.protocol.RequestAuthCache - Auth cache not set in the context
18:21:45.816 [main] DEBUG org.apache.http.client.protocol.RequestTargetAuthentication - Target auth state: UNCHALLENGED
18:21:45.816 [main] DEBUG org.apache.http.client.protocol.RequestProxyAuthentication - Proxy auth state: UNCHALLENGED
18:21:45.816 [main] DEBUG org.apache.http.impl.client.DefaultHttpClient - Attempt 1 to execute request
18:21:45.817 [main] DEBUG org.apache.http.impl.conn.DefaultClientConnection - Sending request: POST /api/v1/login HTTP/1.1
18:21:45.817 [main] DEBUG org.apache.http.wire -  >> "POST /api/v1/login HTTP/1.1[\r][\n]"
18:21:45.818 [main] DEBUG org.apache.http.wire -  >> "Accept: */*[\r][\n]"
18:21:45.818 [main] DEBUG org.apache.http.wire -  >> "Content-Type: application/json[\r][\n]"
18:21:45.818 [main] DEBUG org.apache.http.wire -  >> "Content-Length: 50[\r][\n]"
18:21:45.819 [main] DEBUG org.apache.http.wire -  >> "Host: 34.101.78.228:2424[\r][\n]"
18:21:45.819 [main] DEBUG org.apache.http.wire -  >> "Connection: Keep-Alive[\r][\n]"
18:21:45.819 [main] DEBUG org.apache.http.wire -  >> "User-Agent: Apache-HttpClient/4.5.13 (Java/19.0.2)[\r][\n]"
18:21:45.819 [main] DEBUG org.apache.http.wire -  >> "Accept-Encoding: gzip,deflate[\r][\n]"
18:21:45.819 [main] DEBUG org.apache.http.wire -  >> "[\r][\n]"
18:21:45.819 [main] DEBUG org.apache.http.headers - >> POST /api/v1/login HTTP/1.1
18:21:45.819 [main] DEBUG org.apache.http.headers - >> Accept: */*
18:21:45.819 [main] DEBUG org.apache.http.headers - >> Content-Type: application/json
18:21:45.819 [main] DEBUG org.apache.http.headers - >> Content-Length: 50
18:21:45.819 [main] DEBUG org.apache.http.headers - >> Host: 34.101.78.228:2424
18:21:45.819 [main] DEBUG org.apache.http.headers - >> Connection: Keep-Alive
18:21:45.819 [main] DEBUG org.apache.http.headers - >> User-Agent: Apache-HttpClient/4.5.13 (Java/19.0.2)
18:21:45.819 [main] DEBUG org.apache.http.headers - >> Accept-Encoding: gzip,deflate
18:21:45.820 [main] DEBUG org.apache.http.wire -  >> "{"password":"12345678","email":"melmel@gmail.com"}"
18:21:45.980 [main] DEBUG org.apache.http.wire -  << "HTTP/1.1 200 OK[\r][\n]"
18:21:45.982 [main] DEBUG org.apache.http.wire -  << "Content-Type: application/json; charset=UTF-8[\r][\n]"
18:21:45.982 [main] DEBUG org.apache.http.wire -  << "Vary: Origin[\r][\n]"
18:21:45.982 [main] DEBUG org.apache.http.wire -  << "Date: Sat, 24 Jun 2023 11:21:45 GMT[\r][\n]"
18:21:45.983 [main] DEBUG org.apache.http.wire -  << "Content-Length: 405[\r][\n]"
18:21:45.983 [main] DEBUG org.apache.http.wire -  << "[\r][\n]"
18:21:45.984 [main] DEBUG org.apache.http.impl.conn.DefaultClientConnection - Receiving response: HTTP/1.1 200 OK
18:21:45.984 [main] DEBUG org.apache.http.headers - << HTTP/1.1 200 OK
18:21:45.984 [main] DEBUG org.apache.http.headers - << Content-Type: application/json; charset=UTF-8
18:21:45.984 [main] DEBUG org.apache.http.headers - << Vary: Origin
18:21:45.984 [main] DEBUG org.apache.http.headers - << Date: Sat, 24 Jun 2023 11:21:45 GMT
18:21:45.984 [main] DEBUG org.apache.http.headers - << Content-Length: 405
18:21:45.991 [main] DEBUG org.apache.http.impl.client.DefaultHttpClient - Connection can be kept alive indefinitely
18:21:46.000 [main] DEBUG io.restassured.internal.RestAssuredHttpBuilder - Parsing response as: application/json; charset=UTF-8
18:21:46.001 [main] DEBUG io.restassured.internal.RestAssuredHttpBuilder - Parsed data to instance of: class org.apache.http.conn.EofSensorInputStream
18:21:46.088 [main] DEBUG org.apache.http.wire -  << "{"data":{"id":"85e13c3f-613d-4059-baa4-d31db99ef116","name":"mel","email":"melmel@gmail.com","token":"eyJhbGciOiJIUzI1NiIsInR5cCI6IkpXVCJ9.eyJhdXRob3JpemVkIjp0cnVlLCJleHAiOjE2OTAxOTc3MDUsInVzZXJJZCI6Ijg1ZTEzYzNmLTYxM2QtNDA1OS1iYWE0LWQzMWRiOTllZjExNiIsInVzZXJfdHlwZSI6InVzZXIifQ.rAntVmjyYK0_P1KsrRMm_ECaRozocKqhS5j-G966pHA"},"metadata":{"status":200,"message":"User Login successfully"},"pagination":null}[\n]"
18:21:46.089 [main] DEBUG org.apache.http.impl.conn.BasicClientConnectionManager - Releasing connection org.apache.http.impl.conn.ManagedClientConnectionImpl@538e74fc
18:21:46.090 [main] DEBUG org.apache.http.impl.conn.BasicClientConnectionManager - Connection can be kept alive indefinitely
18:21:47.288 [main] DEBUG net.thucydides.core.steps.StepInterceptor - STEP DONE: User send endpoint auth login and get token
  &amp#27;[32mWhen &amp#27;[0m&amp#27;[32mUser send endpoint auth for get PDAM by ID feature and get token&amp#27;[0m &amp#27;[90m# starter.stepdefinitions.AllRole.PDAM.GetPDAMByIdSteps.userSendEndpointAuthForGetPDAMByIDFeatureAndGetToken()&amp#27;[0m
18:21:47.322 [main] DEBUG net.thucydides.core.steps.StepInterceptor - STARTING STEP: GetPDAMByIdSteps.userSetGetPDAMByIDApiEndpoint - User set api endpoint
18:21:47.323 [main] DEBUG net.thucydides.core.steps.StepInterceptor - STEP DONE: User set api endpoint
  &amp#27;[32mThen &amp#27;[0m&amp#27;[32mUser set get PDAM by ID api endpoint&amp#27;[0m                             &amp#27;[90m# starter.stepdefinitions.AllRole.PDAM.GetPDAMByIdSteps.userSetGetPDAMByIDApiEndpoint()&amp#27;[0m
18:21:47.336 [main] DEBUG net.thucydides.core.steps.StepInterceptor - STARTING STEP: GetPDAMByIdSteps.userSendHTTPRequestForGetPDAMByID - User send HTTP request
18:21:47.341 [main] DEBUG net.thucydides.core.steps.StepInterceptor - STARTING STEP: GetPdamById.sendHTTPrequest - User set api endpoint
18:21:47.342 [main] DEBUG net.thucydides.core.steps.StepInterceptor - STEP DONE: User set api endpoint
18:21:47.420 [main] DEBUG org.apache.http.impl.conn.BasicClientConnectionManager - Get connection for route {}->http://34.101.78.228:2424
18:21:47.421 [main] DEBUG org.apache.http.impl.conn.DefaultClientConnectionOperator - Connecting to 34.101.78.228:2424
18:21:47.517 [main] DEBUG org.apache.http.client.protocol.RequestAddCookies - CookieSpec selected: ignoreCookies
18:21:47.518 [main] DEBUG org.apache.http.client.protocol.RequestAuthCache - Auth cache not set in the context
18:21:47.518 [main] DEBUG org.apache.http.client.protocol.RequestProxyAuthentication - Proxy auth state: UNCHALLENGED
18:21:47.518 [main] DEBUG org.apache.http.impl.client.DefaultHttpClient - Attempt 1 to execute request
18:21:47.518 [main] DEBUG org.apache.http.impl.conn.DefaultClientConnection - Sending request: GET /api/v1/pdam/f27141e3-5cb2-4131-9852-9e8db25c37b9 HTTP/1.1
18:21:47.518 [main] DEBUG org.apache.http.wire -  >> "GET /api/v1/pdam/f27141e3-5cb2-4131-9852-9e8db25c37b9 HTTP/1.1[\r][\n]"
18:21:47.518 [main] DEBUG org.apache.http.wire -  >> "Authorization: Bearer eyJhbGciOiJIUzI1NiIsInR5cCI6IkpXVCJ9.eyJhdXRob3JpemVkIjp0cnVlLCJleHAiOjE2OTAxOTc3MDUsInVzZXJJZCI6Ijg1ZTEzYzNmLTYxM2QtNDA1OS1iYWE0LWQzMWRiOTllZjExNiIsInVzZXJfdHlwZSI6InVzZXIifQ.rAntVmjyYK0_P1KsrRMm_ECaRozocKqhS5j-G966pHA[\r][\n]"
18:21:47.519 [main] DEBUG org.apache.http.wire -  >> "Accept: */*[\r][\n]"
18:21:47.519 [main] DEBUG org.apache.http.wire -  >> "Host: 34.101.78.228:2424[\r][\n]"
18:21:47.519 [main] DEBUG org.apache.http.wire -  >> "Connection: Keep-Alive[\r][\n]"
18:21:47.519 [main] DEBUG org.apache.http.wire -  >> "User-Agent: Apache-HttpClient/4.5.13 (Java/19.0.2)[\r][\n]"
18:21:47.519 [main] DEBUG org.apache.http.wire -  >> "Accept-Encoding: gzip,deflate[\r][\n]"
18:21:47.519 [main] DEBUG org.apache.http.wire -  >> "[\r][\n]"
18:21:47.519 [main] DEBUG org.apache.http.headers - >> GET /api/v1/pdam/f27141e3-5cb2-4131-9852-9e8db25c37b9 HTTP/1.1
18:21:47.519 [main] DEBUG org.apache.http.headers - >> Authorization: Bearer eyJhbGciOiJIUzI1NiIsInR5cCI6IkpXVCJ9.eyJhdXRob3JpemVkIjp0cnVlLCJleHAiOjE2OTAxOTc3MDUsInVzZXJJZCI6Ijg1ZTEzYzNmLTYxM2QtNDA1OS1iYWE0LWQzMWRiOTllZjExNiIsInVzZXJfdHlwZSI6InVzZXIifQ.rAntVmjyYK0_P1KsrRMm_ECaRozocKqhS5j-G966pHA
18:21:47.519 [main] DEBUG org.apache.http.headers - >> Accept: */*
18:21:47.519 [main] DEBUG org.apache.http.headers - >> Host: 34.101.78.228:2424
18:21:47.519 [main] DEBUG org.apache.http.headers - >> Connection: Keep-Alive
18:21:47.519 [main] DEBUG org.apache.http.headers - >> User-Agent: Apache-HttpClient/4.5.13 (Java/19.0.2)
18:21:47.519 [main] DEBUG org.apache.http.headers - >> Accept-Encoding: gzip,deflate
18:21:47.618 [main] DEBUG org.apache.http.wire -  << "HTTP/1.1 200 OK[\r][\n]"
18:21:47.619 [main] DEBUG org.apache.http.wire -  << "Content-Type: application/json; charset=UTF-8[\r][\n]"
18:21:47.619 [main] DEBUG org.apache.http.wire -  << "Vary: Origin[\r][\n]"
18:21:47.619 [main] DEBUG org.apache.http.wire -  << "Date: Sat, 24 Jun 2023 11:21:46 GMT[\r][\n]"
18:21:47.619 [main] DEBUG org.apache.http.wire -  << "Content-Length: 380[\r][\n]"
18:21:47.619 [main] DEBUG org.apache.http.wire -  << "[\r][\n]"
18:21:47.619 [main] DEBUG org.apache.http.impl.conn.DefaultClientConnection - Receiving response: HTTP/1.1 200 OK
18:21:47.619 [main] DEBUG org.apache.http.headers - << HTTP/1.1 200 OK
18:21:47.619 [main] DEBUG org.apache.http.headers - << Content-Type: application/json; charset=UTF-8
18:21:47.619 [main] DEBUG org.apache.http.headers - << Vary: Origin
18:21:47.619 [main] DEBUG org.apache.http.headers - << Date: Sat, 24 Jun 2023 11:21:46 GMT
18:21:47.619 [main] DEBUG org.apache.http.headers - << Content-Length: 380
18:21:47.619 [main] DEBUG org.apache.http.impl.client.DefaultHttpClient - Connection can be kept alive indefinitely
18:21:47.620 [main] DEBUG io.restassured.internal.RestAssuredHttpBuilder - Parsing response as: application/json; charset=UTF-8
18:21:47.620 [main] DEBUG io.restassured.internal.RestAssuredHttpBuilder - Parsed data to instance of: class org.apache.http.conn.EofSensorInputStream
18:21:47.623 [main] DEBUG org.apache.http.wire -  << "{"data":{"id":"f27141e3-5cb2-4131-9852-9e8db25c37b9","CreatedAt":"2023-06-22T13:24:51.26331Z","UpdatedAt":"2023-06-22T16:09:20.674231Z","DeletedAt":null,"customer_id":"","provider_name":"pdamkab.bandung","product_type":"PDAM-0002","name":"","address":"Ciwidey","period":"","discount_id":"","price":0},"metadata":{"status":200,"message":"Successfully get PDAM"},"pagination":null}[\n]"
18:21:47.623 [main] DEBUG org.apache.http.impl.conn.BasicClientConnectionManager - Releasing connection org.apache.http.impl.conn.ManagedClientConnectionImpl@3c1908c8
18:21:47.623 [main] DEBUG org.apache.http.impl.conn.BasicClientConnectionManager - Connection can be kept alive indefinitely
18:21:47.626 [main] DEBUG net.thucydides.core.steps.StepInterceptor - STEP DONE: User send HTTP request
  &amp#27;[32mThen &amp#27;[0m&amp#27;[32mUser send HTTP request for get PDAM by ID&amp#27;[0m                        &amp#27;[90m# starter.stepdefinitions.AllRole.PDAM.GetPDAMByIdSteps.userSendHTTPRequestForGetPDAMByID()&amp#27;[0m
18:21:47.644 [main] DEBUG net.thucydides.core.steps.StepInterceptor - STARTING STEP: GetPDAMByIdSteps.userReceivedValidHTTPResponseCodeForGetPDAMByID - User received valid HTTP response code 200
18:21:47.706 [main] DEBUG net.thucydides.core.steps.StepInterceptor - STEP DONE: User received valid HTTP response code 200
  &amp#27;[32mAnd &amp#27;[0m&amp#27;[32mUser received valid HTTP response code &amp#27;[0m&amp#27;[32m&amp#27;[1m200&amp#27;[0m&amp#27;[32m for get PDAM by ID&amp#27;[0m     &amp#27;[90m# starter.stepdefinitions.AllRole.PDAM.GetPDAMByIdSteps.userReceivedValidHTTPResponseCodeForGetPDAMByID(int)&amp#27;[0m
18:21:47.715 [main] DEBUG net.thucydides.core.steps.StepInterceptor - STARTING STEP: GetPDAMByIdSteps.userReceivedValidDataMessageSuccessSuccessfullyGetPDAM - User received message success
18:21:47.788 [main] DEBUG net.thucydides.core.steps.StepInterceptor - STEP DONE: User received message success
  &amp#27;[32mAnd &amp#27;[0m&amp#27;[32mUser received valid data message success : Successfully get PDAM&amp#27;[0m  &amp#27;[90m# starter.stepdefinitions.AllRole.PDAM.GetPDAMByIdSteps.userReceivedValidDataMessageSuccessSuccessfullyGetPDAM()&amp#27;[0m
18:21:47.798 [main] INFO  - 
  _____   ___   ___   _____     ___     _     ___   ___   ___   ___  
 |_   _| | __| / __| |_   _|   | _ \   /_\   / __| / __| | __| |   \ 
   | |   | _|  \__ \   | |     |  _/  / _ \  \__ \ \__ \ | _|  | |) |
   |_|   |___| |___/   |_|     |_|   /_/ \_\ |___/ |___/ |___| |___/ 

User berhasil mendapat data PDAM dari id
----------------------------------------------------------------------
]]></system-out>
  </testcase>
  <testcase name="User belum berhasil mendapat data PDAM dari id karena menggunakan id yang salah" classname="Get PDAM By Id" time="0.69">
    <system-out><![CDATA[
@Get-PDAM-by-Id-02
Scenario: User belum berhasil mendapat data PDAM dari id karena menggunakan id yang salah &amp#27;[90m# src/test/resources/features/AllRole/PDAM/GetPDAMById.feature:13&amp#27;[0m
18:21:47.854 [main] INFO io.cucumber.core.plugin.SerenityReporter - Running feature from file:///C:/Dev/CapstoneProjectBaru/SKUYPAY%20API%20AUTOMATION/src/test/resources/features/AllRole/PDAM/GetPDAMById.feature
18:21:47.863 [main] INFO  - 
  _____   ___   ___   _____     ___   _____     _     ___   _____   ___   ___  
 |_   _| | __| / __| |_   _|   / __| |_   _|   /_\   | _ \ |_   _| | __| |   \ 
   | |   | _|  \__ \   | |     \__ \   | |    / _ \  |   /   | |   | _|  | |) |
   |_|   |___| |___/   |_|     |___/   |_|   /_/ \_\ |_|_\   |_|   |___| |___/ 

User belum berhasil mendapat data PDAM dari id karena menggunakan id yang salah(get-pdam-by-id;user-belum-berhasil-mendapat-data-pdam-dari-id-karena-menggunakan-id-yang-salah)
--------------------------------------------------------------------------------
18:21:47.913 [main] DEBUG net.thucydides.core.steps.StepInterceptor - STARTING STEP: GetPDAMByIdSteps.userHaveEndpointAuthLoginForGetPDAMByID - User have endpoint auth
18:21:47.913 [main] DEBUG net.thucydides.core.steps.StepInterceptor - STEP DONE: User have endpoint auth
  &amp#27;[32mGiven &amp#27;[0m&amp#27;[32mUser have endpoint auth login for get PDAM by ID&amp#27;[0m                                  &amp#27;[90m# starter.stepdefinitions.AllRole.PDAM.GetPDAMByIdSteps.userHaveEndpointAuthLoginForGetPDAMByID()&amp#27;[0m
18:21:47.927 [main] DEBUG net.thucydides.core.steps.StepInterceptor - STARTING STEP: GetPDAMByIdSteps.userSendEndpointAuthForGetPDAMByIDFeatureAndGetToken - User send endpoint auth login and get token
18:21:47.933 [main] DEBUG net.thucydides.core.steps.StepInterceptor - STARTING STEP: GetPdamById.sendendpointauthandgettoken - User have endpoint auth
18:21:47.934 [main] DEBUG net.thucydides.core.steps.StepInterceptor - STEP DONE: User have endpoint auth
18:21:47.979 [main] DEBUG org.apache.http.impl.conn.BasicClientConnectionManager - Get connection for route {}->http://34.101.78.228:2424
18:21:47.980 [main] DEBUG org.apache.http.impl.conn.DefaultClientConnectionOperator - Connecting to 34.101.78.228:2424
18:21:48.004 [main] DEBUG org.apache.http.client.protocol.RequestAddCookies - CookieSpec selected: ignoreCookies
18:21:48.005 [main] DEBUG org.apache.http.client.protocol.RequestAuthCache - Auth cache not set in the context
18:21:48.005 [main] DEBUG org.apache.http.client.protocol.RequestTargetAuthentication - Target auth state: UNCHALLENGED
18:21:48.005 [main] DEBUG org.apache.http.client.protocol.RequestProxyAuthentication - Proxy auth state: UNCHALLENGED
18:21:48.005 [main] DEBUG org.apache.http.impl.client.DefaultHttpClient - Attempt 1 to execute request
18:21:48.005 [main] DEBUG org.apache.http.impl.conn.DefaultClientConnection - Sending request: POST /api/v1/login HTTP/1.1
18:21:48.005 [main] DEBUG org.apache.http.wire -  >> "POST /api/v1/login HTTP/1.1[\r][\n]"
18:21:48.005 [main] DEBUG org.apache.http.wire -  >> "Accept: */*[\r][\n]"
18:21:48.005 [main] DEBUG org.apache.http.wire -  >> "Content-Type: application/json[\r][\n]"
18:21:48.005 [main] DEBUG org.apache.http.wire -  >> "Content-Length: 50[\r][\n]"
18:21:48.005 [main] DEBUG org.apache.http.wire -  >> "Host: 34.101.78.228:2424[\r][\n]"
18:21:48.005 [main] DEBUG org.apache.http.wire -  >> "Connection: Keep-Alive[\r][\n]"
18:21:48.005 [main] DEBUG org.apache.http.wire -  >> "User-Agent: Apache-HttpClient/4.5.13 (Java/19.0.2)[\r][\n]"
18:21:48.006 [main] DEBUG org.apache.http.wire -  >> "Accept-Encoding: gzip,deflate[\r][\n]"
18:21:48.006 [main] DEBUG org.apache.http.wire -  >> "[\r][\n]"
18:21:48.006 [main] DEBUG org.apache.http.headers - >> POST /api/v1/login HTTP/1.1
18:21:48.006 [main] DEBUG org.apache.http.headers - >> Accept: */*
18:21:48.006 [main] DEBUG org.apache.http.headers - >> Content-Type: application/json
18:21:48.006 [main] DEBUG org.apache.http.headers - >> Content-Length: 50
18:21:48.006 [main] DEBUG org.apache.http.headers - >> Host: 34.101.78.228:2424
18:21:48.006 [main] DEBUG org.apache.http.headers - >> Connection: Keep-Alive
18:21:48.006 [main] DEBUG org.apache.http.headers - >> User-Agent: Apache-HttpClient/4.5.13 (Java/19.0.2)
18:21:48.006 [main] DEBUG org.apache.http.headers - >> Accept-Encoding: gzip,deflate
18:21:48.006 [main] DEBUG org.apache.http.wire -  >> "{"password":"12345678","email":"melmel@gmail.com"}"
18:21:48.131 [main] DEBUG org.apache.http.wire -  << "HTTP/1.1 200 OK[\r][\n]"
18:21:48.131 [main] DEBUG org.apache.http.wire -  << "Content-Type: application/json; charset=UTF-8[\r][\n]"
18:21:48.131 [main] DEBUG org.apache.http.wire -  << "Vary: Origin[\r][\n]"
18:21:48.131 [main] DEBUG org.apache.http.wire -  << "Date: Sat, 24 Jun 2023 11:21:47 GMT[\r][\n]"
18:21:48.131 [main] DEBUG org.apache.http.wire -  << "Content-Length: 405[\r][\n]"
18:21:48.131 [main] DEBUG org.apache.http.wire -  << "[\r][\n]"
18:21:48.132 [main] DEBUG org.apache.http.impl.conn.DefaultClientConnection - Receiving response: HTTP/1.1 200 OK
18:21:48.132 [main] DEBUG org.apache.http.headers - << HTTP/1.1 200 OK
18:21:48.132 [main] DEBUG org.apache.http.headers - << Content-Type: application/json; charset=UTF-8
18:21:48.132 [main] DEBUG org.apache.http.headers - << Vary: Origin
18:21:48.132 [main] DEBUG org.apache.http.headers - << Date: Sat, 24 Jun 2023 11:21:47 GMT
18:21:48.132 [main] DEBUG org.apache.http.headers - << Content-Length: 405
18:21:48.132 [main] DEBUG org.apache.http.impl.client.DefaultHttpClient - Connection can be kept alive indefinitely
18:21:48.132 [main] DEBUG io.restassured.internal.RestAssuredHttpBuilder - Parsing response as: application/json; charset=UTF-8
18:21:48.132 [main] DEBUG io.restassured.internal.RestAssuredHttpBuilder - Parsed data to instance of: class org.apache.http.conn.EofSensorInputStream
18:21:48.136 [main] DEBUG org.apache.http.wire -  << "{"data":{"id":"85e13c3f-613d-4059-baa4-d31db99ef116","name":"mel","email":"melmel@gmail.com","token":"eyJhbGciOiJIUzI1NiIsInR5cCI6IkpXVCJ9.eyJhdXRob3JpemVkIjp0cnVlLCJleHAiOjE2OTAxOTc3MDcsInVzZXJJZCI6Ijg1ZTEzYzNmLTYxM2QtNDA1OS1iYWE0LWQzMWRiOTllZjExNiIsInVzZXJfdHlwZSI6InVzZXIifQ.1KeYWUdOHOERzRLygkNnfga7n2WKaPakghCAufi3eUA"},"metadata":{"status":200,"message":"User Login successfully"},"pagination":null}[\n]"
18:21:48.136 [main] DEBUG org.apache.http.impl.conn.BasicClientConnectionManager - Releasing connection org.apache.http.impl.conn.ManagedClientConnectionImpl@62de20d3
18:21:48.136 [main] DEBUG org.apache.http.impl.conn.BasicClientConnectionManager - Connection can be kept alive indefinitely
18:21:48.173 [main] DEBUG net.thucydides.core.steps.StepInterceptor - STEP DONE: User send endpoint auth login and get token
  &amp#27;[32mWhen &amp#27;[0m&amp#27;[32mUser send endpoint auth for get PDAM by ID feature and get token&amp#27;[0m                   &amp#27;[90m# starter.stepdefinitions.AllRole.PDAM.GetPDAMByIdSteps.userSendEndpointAuthForGetPDAMByIDFeatureAndGetToken()&amp#27;[0m
18:21:48.186 [main] DEBUG net.thucydides.core.steps.StepInterceptor - STARTING STEP: GetPDAMByIdSteps.userSetGetPDAMByIDApiInvalidEndpoint - User set api invalid endpoint
18:21:48.187 [main] DEBUG net.thucydides.core.steps.StepInterceptor - STEP DONE: User set api invalid endpoint
  &amp#27;[32mThen &amp#27;[0m&amp#27;[32mUser set get PDAM by ID api invalid endpoint&amp#27;[0m                                       &amp#27;[90m# starter.stepdefinitions.AllRole.PDAM.GetPDAMByIdSteps.userSetGetPDAMByIDApiInvalidEndpoint()&amp#27;[0m
18:21:48.199 [main] DEBUG net.thucydides.core.steps.StepInterceptor - STARTING STEP: GetPDAMByIdSteps.userSendHTTPRequestForGetPDAMByIDWithInvalidId - User send HTTP request
18:21:48.203 [main] DEBUG net.thucydides.core.steps.StepInterceptor - STARTING STEP: GetPdamById.sendinvalidHTTPrequest - User set api invalid endpoint
18:21:48.204 [main] DEBUG net.thucydides.core.steps.StepInterceptor - STEP DONE: User set api invalid endpoint
18:21:48.240 [main] DEBUG org.apache.http.impl.conn.BasicClientConnectionManager - Get connection for route {}->http://34.101.78.228:2424
18:21:48.240 [main] DEBUG org.apache.http.impl.conn.DefaultClientConnectionOperator - Connecting to 34.101.78.228:2424
18:21:48.336 [main] DEBUG org.apache.http.client.protocol.RequestAddCookies - CookieSpec selected: ignoreCookies
18:21:48.336 [main] DEBUG org.apache.http.client.protocol.RequestAuthCache - Auth cache not set in the context
18:21:48.336 [main] DEBUG org.apache.http.client.protocol.RequestProxyAuthentication - Proxy auth state: UNCHALLENGED
18:21:48.336 [main] DEBUG org.apache.http.impl.client.DefaultHttpClient - Attempt 1 to execute request
18:21:48.336 [main] DEBUG org.apache.http.impl.conn.DefaultClientConnection - Sending request: GET /api/v1/pdam/3eddb8fa-8451-4dff-9c80-96629cd34df2 HTTP/1.1
18:21:48.336 [main] DEBUG org.apache.http.wire -  >> "GET /api/v1/pdam/3eddb8fa-8451-4dff-9c80-96629cd34df2 HTTP/1.1[\r][\n]"
18:21:48.336 [main] DEBUG org.apache.http.wire -  >> "Authorization: Bearer eyJhbGciOiJIUzI1NiIsInR5cCI6IkpXVCJ9.eyJhdXRob3JpemVkIjp0cnVlLCJleHAiOjE2OTAxOTc3MDcsInVzZXJJZCI6Ijg1ZTEzYzNmLTYxM2QtNDA1OS1iYWE0LWQzMWRiOTllZjExNiIsInVzZXJfdHlwZSI6InVzZXIifQ.1KeYWUdOHOERzRLygkNnfga7n2WKaPakghCAufi3eUA[\r][\n]"
18:21:48.337 [main] DEBUG org.apache.http.wire -  >> "Accept: */*[\r][\n]"
18:21:48.337 [main] DEBUG org.apache.http.wire -  >> "Host: 34.101.78.228:2424[\r][\n]"
18:21:48.337 [main] DEBUG org.apache.http.wire -  >> "Connection: Keep-Alive[\r][\n]"
18:21:48.337 [main] DEBUG org.apache.http.wire -  >> "User-Agent: Apache-HttpClient/4.5.13 (Java/19.0.2)[\r][\n]"
18:21:48.337 [main] DEBUG org.apache.http.wire -  >> "Accept-Encoding: gzip,deflate[\r][\n]"
18:21:48.337 [main] DEBUG org.apache.http.wire -  >> "[\r][\n]"
18:21:48.337 [main] DEBUG org.apache.http.headers - >> GET /api/v1/pdam/3eddb8fa-8451-4dff-9c80-96629cd34df2 HTTP/1.1
18:21:48.337 [main] DEBUG org.apache.http.headers - >> Authorization: Bearer eyJhbGciOiJIUzI1NiIsInR5cCI6IkpXVCJ9.eyJhdXRob3JpemVkIjp0cnVlLCJleHAiOjE2OTAxOTc3MDcsInVzZXJJZCI6Ijg1ZTEzYzNmLTYxM2QtNDA1OS1iYWE0LWQzMWRiOTllZjExNiIsInVzZXJfdHlwZSI6InVzZXIifQ.1KeYWUdOHOERzRLygkNnfga7n2WKaPakghCAufi3eUA
18:21:48.337 [main] DEBUG org.apache.http.headers - >> Accept: */*
18:21:48.337 [main] DEBUG org.apache.http.headers - >> Host: 34.101.78.228:2424
18:21:48.337 [main] DEBUG org.apache.http.headers - >> Connection: Keep-Alive
18:21:48.337 [main] DEBUG org.apache.http.headers - >> User-Agent: Apache-HttpClient/4.5.13 (Java/19.0.2)
18:21:48.337 [main] DEBUG org.apache.http.headers - >> Accept-Encoding: gzip,deflate
18:21:48.438 [main] DEBUG org.apache.http.wire -  << "HTTP/1.1 404 Not Found[\r][\n]"
18:21:48.438 [main] DEBUG org.apache.http.wire -  << "Content-Type: application/json; charset=UTF-8[\r][\n]"
18:21:48.438 [main] DEBUG org.apache.http.wire -  << "Vary: Origin[\r][\n]"
18:21:48.438 [main] DEBUG org.apache.http.wire -  << "Date: Sat, 24 Jun 2023 11:21:47 GMT[\r][\n]"
18:21:48.438 [main] DEBUG org.apache.http.wire -  << "Content-Length: 42[\r][\n]"
18:21:48.438 [main] DEBUG org.apache.http.wire -  << "[\r][\n]"
18:21:48.438 [main] DEBUG org.apache.http.impl.conn.DefaultClientConnection - Receiving response: HTTP/1.1 404 Not Found
18:21:48.438 [main] DEBUG org.apache.http.headers - << HTTP/1.1 404 Not Found
18:21:48.438 [main] DEBUG org.apache.http.headers - << Content-Type: application/json; charset=UTF-8
18:21:48.438 [main] DEBUG org.apache.http.headers - << Vary: Origin
18:21:48.438 [main] DEBUG org.apache.http.headers - << Date: Sat, 24 Jun 2023 11:21:47 GMT
18:21:48.438 [main] DEBUG org.apache.http.headers - << Content-Length: 42
18:21:48.439 [main] DEBUG org.apache.http.impl.client.DefaultHttpClient - Connection can be kept alive indefinitely
18:21:48.439 [main] DEBUG io.restassured.internal.RestAssuredHttpBuilder - Parsing response as: application/json; charset=UTF-8
18:21:48.439 [main] DEBUG io.restassured.internal.RestAssuredHttpBuilder - Parsed data to instance of: class org.apache.http.conn.EofSensorInputStream
18:21:48.441 [main] DEBUG org.apache.http.wire -  << "{"status":404,"message":"PDAM not found"}[\n]"
18:21:48.441 [main] DEBUG org.apache.http.impl.conn.BasicClientConnectionManager - Releasing connection org.apache.http.impl.conn.ManagedClientConnectionImpl@758d4aa9
18:21:48.441 [main] DEBUG org.apache.http.impl.conn.BasicClientConnectionManager - Connection can be kept alive indefinitely
18:21:48.442 [main] DEBUG net.thucydides.core.steps.StepInterceptor - STEP DONE: User send HTTP request
  &amp#27;[32mThen &amp#27;[0m&amp#27;[32mUser send HTTP request for get PDAM by ID with invalid id&amp#27;[0m                          &amp#27;[90m# starter.stepdefinitions.AllRole.PDAM.GetPDAMByIdSteps.userSendHTTPRequestForGetPDAMByIDWithInvalidId()&amp#27;[0m
18:21:48.453 [main] DEBUG net.thucydides.core.steps.StepInterceptor - STARTING STEP: GetPDAMByIdSteps.userReceivedInvalidHTTPResponseCodeForGetPDAMByID - User received valid HTTP response code 404
18:21:48.455 [main] DEBUG net.thucydides.core.steps.StepInterceptor - STEP DONE: User received valid HTTP response code 404
  &amp#27;[32mAnd &amp#27;[0m&amp#27;[32mUser received invalid HTTP response code &amp#27;[0m&amp#27;[32m&amp#27;[1m404&amp#27;[0m&amp#27;[32m for get PDAM by ID&amp#27;[0m                     &amp#27;[90m# starter.stepdefinitions.AllRole.PDAM.GetPDAMByIdSteps.userReceivedInvalidHTTPResponseCodeForGetPDAMByID(int)&amp#27;[0m
18:21:48.465 [main] DEBUG net.thucydides.core.steps.StepInterceptor - STARTING STEP: GetPDAMByIdSteps.userReceivedMessagePDAMNotFound - User received message
18:21:48.488 [main] DEBUG net.thucydides.core.steps.StepInterceptor - STEP DONE: User received message
  &amp#27;[32mAnd &amp#27;[0m&amp#27;[32mUser received message : PDAM not found&amp#27;[0m                                              &amp#27;[90m# starter.stepdefinitions.AllRole.PDAM.GetPDAMByIdSteps.userReceivedMessagePDAMNotFound()&amp#27;[0m
18:21:48.496 [main] INFO  - 
  _____   ___   ___   _____     ___     _     ___   ___   ___   ___  
 |_   _| | __| / __| |_   _|   | _ \   /_\   / __| / __| | __| |   \ 
   | |   | _|  \__ \   | |     |  _/  / _ \  \__ \ \__ \ | _|  | |) |
   |_|   |___| |___/   |_|     |_|   /_/ \_\ |___/ |___/ |___| |___/ 

User belum berhasil mendapat data PDAM dari id karena menggunakan id yang salah
----------------------------------------------------------------------
]]></system-out>
  </testcase>
  <testcase name="User belum berhasil mendapat data PDAM dari id karena tidak menggunakan id" classname="Get PDAM By Id" time="0.502">
    <system-out><![CDATA[
@Get-PDAM-by-Id-03
Scenario: User belum berhasil mendapat data PDAM dari id karena tidak menggunakan id &amp#27;[90m# src/test/resources/features/AllRole/PDAM/GetPDAMById.feature:22&amp#27;[0m
18:21:48.571 [main] INFO io.cucumber.core.plugin.SerenityReporter - Running feature from file:///C:/Dev/CapstoneProjectBaru/SKUYPAY%20API%20AUTOMATION/src/test/resources/features/AllRole/PDAM/GetPDAMById.feature
18:21:48.581 [main] INFO  - 
  _____   ___   ___   _____     ___   _____     _     ___   _____   ___   ___  
 |_   _| | __| / __| |_   _|   / __| |_   _|   /_\   | _ \ |_   _| | __| |   \ 
   | |   | _|  \__ \   | |     \__ \   | |    / _ \  |   /   | |   | _|  | |) |
   |_|   |___| |___/   |_|     |___/   |_|   /_/ \_\ |_|_\   |_|   |___| |___/ 

User belum berhasil mendapat data PDAM dari id karena tidak menggunakan id(get-pdam-by-id;user-belum-berhasil-mendapat-data-pdam-dari-id-karena-tidak-menggunakan-id)
--------------------------------------------------------------------------------
18:21:48.619 [main] DEBUG net.thucydides.core.steps.StepInterceptor - STARTING STEP: GetPDAMByIdSteps.userHaveEndpointAuthLoginForGetPDAMByID - User have endpoint auth
18:21:48.619 [main] DEBUG net.thucydides.core.steps.StepInterceptor - STEP DONE: User have endpoint auth
  &amp#27;[32mGiven &amp#27;[0m&amp#27;[32mUser have endpoint auth login for get PDAM by ID&amp#27;[0m                             &amp#27;[90m# starter.stepdefinitions.AllRole.PDAM.GetPDAMByIdSteps.userHaveEndpointAuthLoginForGetPDAMByID()&amp#27;[0m
18:21:48.629 [main] DEBUG net.thucydides.core.steps.StepInterceptor - STARTING STEP: GetPDAMByIdSteps.userSendEndpointAuthForGetPDAMByIDFeatureAndGetToken - User send endpoint auth login and get token
18:21:48.635 [main] DEBUG net.thucydides.core.steps.StepInterceptor - STARTING STEP: GetPdamById.sendendpointauthandgettoken - User have endpoint auth
18:21:48.636 [main] DEBUG net.thucydides.core.steps.StepInterceptor - STEP DONE: User have endpoint auth
18:21:48.683 [main] DEBUG org.apache.http.impl.conn.BasicClientConnectionManager - Get connection for route {}->http://34.101.78.228:2424
18:21:48.683 [main] DEBUG org.apache.http.impl.conn.DefaultClientConnectionOperator - Connecting to 34.101.78.228:2424
18:21:48.715 [main] DEBUG org.apache.http.client.protocol.RequestAddCookies - CookieSpec selected: ignoreCookies
18:21:48.715 [main] DEBUG org.apache.http.client.protocol.RequestAuthCache - Auth cache not set in the context
18:21:48.715 [main] DEBUG org.apache.http.client.protocol.RequestTargetAuthentication - Target auth state: UNCHALLENGED
18:21:48.715 [main] DEBUG org.apache.http.client.protocol.RequestProxyAuthentication - Proxy auth state: UNCHALLENGED
18:21:48.715 [main] DEBUG org.apache.http.impl.client.DefaultHttpClient - Attempt 1 to execute request
18:21:48.716 [main] DEBUG org.apache.http.impl.conn.DefaultClientConnection - Sending request: POST /api/v1/login HTTP/1.1
18:21:48.716 [main] DEBUG org.apache.http.wire -  >> "POST /api/v1/login HTTP/1.1[\r][\n]"
18:21:48.716 [main] DEBUG org.apache.http.wire -  >> "Accept: */*[\r][\n]"
18:21:48.716 [main] DEBUG org.apache.http.wire -  >> "Content-Type: application/json[\r][\n]"
18:21:48.716 [main] DEBUG org.apache.http.wire -  >> "Content-Length: 50[\r][\n]"
18:21:48.716 [main] DEBUG org.apache.http.wire -  >> "Host: 34.101.78.228:2424[\r][\n]"
18:21:48.716 [main] DEBUG org.apache.http.wire -  >> "Connection: Keep-Alive[\r][\n]"
18:21:48.716 [main] DEBUG org.apache.http.wire -  >> "User-Agent: Apache-HttpClient/4.5.13 (Java/19.0.2)[\r][\n]"
18:21:48.716 [main] DEBUG org.apache.http.wire -  >> "Accept-Encoding: gzip,deflate[\r][\n]"
18:21:48.716 [main] DEBUG org.apache.http.wire -  >> "[\r][\n]"
18:21:48.716 [main] DEBUG org.apache.http.headers - >> POST /api/v1/login HTTP/1.1
18:21:48.717 [main] DEBUG org.apache.http.headers - >> Accept: */*
18:21:48.717 [main] DEBUG org.apache.http.headers - >> Content-Type: application/json
18:21:48.717 [main] DEBUG org.apache.http.headers - >> Content-Length: 50
18:21:48.717 [main] DEBUG org.apache.http.headers - >> Host: 34.101.78.228:2424
18:21:48.717 [main] DEBUG org.apache.http.headers - >> Connection: Keep-Alive
18:21:48.717 [main] DEBUG org.apache.http.headers - >> User-Agent: Apache-HttpClient/4.5.13 (Java/19.0.2)
18:21:48.717 [main] DEBUG org.apache.http.headers - >> Accept-Encoding: gzip,deflate
18:21:48.717 [main] DEBUG org.apache.http.wire -  >> "{"password":"12345678","email":"melmel@gmail.com"}"
18:21:48.847 [main] DEBUG org.apache.http.wire -  << "HTTP/1.1 200 OK[\r][\n]"
18:21:48.848 [main] DEBUG org.apache.http.wire -  << "Content-Type: application/json; charset=UTF-8[\r][\n]"
18:21:48.848 [main] DEBUG org.apache.http.wire -  << "Vary: Origin[\r][\n]"
18:21:48.848 [main] DEBUG org.apache.http.wire -  << "Date: Sat, 24 Jun 2023 11:21:48 GMT[\r][\n]"
18:21:48.848 [main] DEBUG org.apache.http.wire -  << "Content-Length: 405[\r][\n]"
18:21:48.848 [main] DEBUG org.apache.http.wire -  << "[\r][\n]"
18:21:48.848 [main] DEBUG org.apache.http.impl.conn.DefaultClientConnection - Receiving response: HTTP/1.1 200 OK
18:21:48.848 [main] DEBUG org.apache.http.headers - << HTTP/1.1 200 OK
18:21:48.848 [main] DEBUG org.apache.http.headers - << Content-Type: application/json; charset=UTF-8
18:21:48.848 [main] DEBUG org.apache.http.headers - << Vary: Origin
18:21:48.848 [main] DEBUG org.apache.http.headers - << Date: Sat, 24 Jun 2023 11:21:48 GMT
18:21:48.848 [main] DEBUG org.apache.http.headers - << Content-Length: 405
18:21:48.848 [main] DEBUG org.apache.http.impl.client.DefaultHttpClient - Connection can be kept alive indefinitely
18:21:48.848 [main] DEBUG io.restassured.internal.RestAssuredHttpBuilder - Parsing response as: application/json; charset=UTF-8
18:21:48.848 [main] DEBUG io.restassured.internal.RestAssuredHttpBuilder - Parsed data to instance of: class org.apache.http.conn.EofSensorInputStream
18:21:48.851 [main] DEBUG org.apache.http.wire -  << "{"data":{"id":"85e13c3f-613d-4059-baa4-d31db99ef116","name":"mel","email":"melmel@gmail.com","token":"eyJhbGciOiJIUzI1NiIsInR5cCI6IkpXVCJ9.eyJhdXRob3JpemVkIjp0cnVlLCJleHAiOjE2OTAxOTc3MDgsInVzZXJJZCI6Ijg1ZTEzYzNmLTYxM2QtNDA1OS1iYWE0LWQzMWRiOTllZjExNiIsInVzZXJfdHlwZSI6InVzZXIifQ.v7XpHdaoXP4MMPtHEsADEnBOzCZzZnLYfRNvb6IP7cw"},"metadata":{"status":200,"message":"User Login successfully"},"pagination":null}[\n]"
18:21:48.851 [main] DEBUG org.apache.http.impl.conn.BasicClientConnectionManager - Releasing connection org.apache.http.impl.conn.ManagedClientConnectionImpl@7cd25bf5
18:21:48.851 [main] DEBUG org.apache.http.impl.conn.BasicClientConnectionManager - Connection can be kept alive indefinitely
18:21:48.875 [main] DEBUG net.thucydides.core.steps.StepInterceptor - STEP DONE: User send endpoint auth login and get token
  &amp#27;[32mWhen &amp#27;[0m&amp#27;[32mUser send endpoint auth for get PDAM by ID feature and get token&amp#27;[0m              &amp#27;[90m# starter.stepdefinitions.AllRole.PDAM.GetPDAMByIdSteps.userSendEndpointAuthForGetPDAMByIDFeatureAndGetToken()&amp#27;[0m
18:21:48.884 [main] DEBUG net.thucydides.core.steps.StepInterceptor - STARTING STEP: GetPDAMByIdSteps.userSetGetPDAMByIDApiEndpointWithEmptyId - User set api endpoint without id
18:21:48.885 [main] DEBUG net.thucydides.core.steps.StepInterceptor - STEP DONE: User set api endpoint without id
  &amp#27;[32mThen &amp#27;[0m&amp#27;[32mUser set get PDAM by ID api endpoint with empty id&amp#27;[0m                            &amp#27;[90m# starter.stepdefinitions.AllRole.PDAM.GetPDAMByIdSteps.userSetGetPDAMByIDApiEndpointWithEmptyId()&amp#27;[0m
18:21:48.894 [main] DEBUG net.thucydides.core.steps.StepInterceptor - STARTING STEP: GetPDAMByIdSteps.userSendHTTPRequestForGetPDAMByIDWithEmptyId - User send HTTP request
18:21:48.898 [main] DEBUG net.thucydides.core.steps.StepInterceptor - STARTING STEP: GetPdamById.sendHTTPrequestwithoutid - User set api endpoint without id
18:21:48.899 [main] DEBUG net.thucydides.core.steps.StepInterceptor - STEP DONE: User set api endpoint without id
18:21:48.926 [main] DEBUG org.apache.http.impl.conn.BasicClientConnectionManager - Get connection for route {}->http://34.101.78.228:2424
18:21:48.926 [main] DEBUG org.apache.http.impl.conn.DefaultClientConnectionOperator - Connecting to 34.101.78.228:2424
18:21:48.947 [main] DEBUG org.apache.http.client.protocol.RequestAddCookies - CookieSpec selected: ignoreCookies
18:21:48.947 [main] DEBUG org.apache.http.client.protocol.RequestAuthCache - Auth cache not set in the context
18:21:48.947 [main] DEBUG org.apache.http.client.protocol.RequestProxyAuthentication - Proxy auth state: UNCHALLENGED
18:21:48.947 [main] DEBUG org.apache.http.impl.client.DefaultHttpClient - Attempt 1 to execute request
18:21:48.948 [main] DEBUG org.apache.http.impl.conn.DefaultClientConnection - Sending request: GET /api/v1/pdam HTTP/1.1
18:21:48.948 [main] DEBUG org.apache.http.wire -  >> "GET /api/v1/pdam HTTP/1.1[\r][\n]"
18:21:48.948 [main] DEBUG org.apache.http.wire -  >> "Authorization: Bearer eyJhbGciOiJIUzI1NiIsInR5cCI6IkpXVCJ9.eyJhdXRob3JpemVkIjp0cnVlLCJleHAiOjE2OTAxOTc3MDgsInVzZXJJZCI6Ijg1ZTEzYzNmLTYxM2QtNDA1OS1iYWE0LWQzMWRiOTllZjExNiIsInVzZXJfdHlwZSI6InVzZXIifQ.v7XpHdaoXP4MMPtHEsADEnBOzCZzZnLYfRNvb6IP7cw[\r][\n]"
18:21:48.948 [main] DEBUG org.apache.http.wire -  >> "Accept: */*[\r][\n]"
18:21:48.948 [main] DEBUG org.apache.http.wire -  >> "Host: 34.101.78.228:2424[\r][\n]"
18:21:48.948 [main] DEBUG org.apache.http.wire -  >> "Connection: Keep-Alive[\r][\n]"
18:21:48.948 [main] DEBUG org.apache.http.wire -  >> "User-Agent: Apache-HttpClient/4.5.13 (Java/19.0.2)[\r][\n]"
18:21:48.948 [main] DEBUG org.apache.http.wire -  >> "Accept-Encoding: gzip,deflate[\r][\n]"
18:21:48.948 [main] DEBUG org.apache.http.wire -  >> "[\r][\n]"
18:21:48.948 [main] DEBUG org.apache.http.headers - >> GET /api/v1/pdam HTTP/1.1
18:21:48.948 [main] DEBUG org.apache.http.headers - >> Authorization: Bearer eyJhbGciOiJIUzI1NiIsInR5cCI6IkpXVCJ9.eyJhdXRob3JpemVkIjp0cnVlLCJleHAiOjE2OTAxOTc3MDgsInVzZXJJZCI6Ijg1ZTEzYzNmLTYxM2QtNDA1OS1iYWE0LWQzMWRiOTllZjExNiIsInVzZXJfdHlwZSI6InVzZXIifQ.v7XpHdaoXP4MMPtHEsADEnBOzCZzZnLYfRNvb6IP7cw
18:21:48.948 [main] DEBUG org.apache.http.headers - >> Accept: */*
18:21:48.948 [main] DEBUG org.apache.http.headers - >> Host: 34.101.78.228:2424
18:21:48.948 [main] DEBUG org.apache.http.headers - >> Connection: Keep-Alive
18:21:48.948 [main] DEBUG org.apache.http.headers - >> User-Agent: Apache-HttpClient/4.5.13 (Java/19.0.2)
18:21:48.948 [main] DEBUG org.apache.http.headers - >> Accept-Encoding: gzip,deflate
18:21:48.968 [main] DEBUG org.apache.http.wire -  << "HTTP/1.1 404 Not Found[\r][\n]"
18:21:48.969 [main] DEBUG org.apache.http.wire -  << "Content-Type: application/json; charset=UTF-8[\r][\n]"
18:21:48.969 [main] DEBUG org.apache.http.wire -  << "Vary: Origin[\r][\n]"
18:21:48.969 [main] DEBUG org.apache.http.wire -  << "Date: Sat, 24 Jun 2023 11:21:48 GMT[\r][\n]"
18:21:48.969 [main] DEBUG org.apache.http.wire -  << "Content-Length: 24[\r][\n]"
18:21:48.969 [main] DEBUG org.apache.http.wire -  << "[\r][\n]"
18:21:48.969 [main] DEBUG org.apache.http.impl.conn.DefaultClientConnection - Receiving response: HTTP/1.1 404 Not Found
18:21:48.969 [main] DEBUG org.apache.http.headers - << HTTP/1.1 404 Not Found
18:21:48.969 [main] DEBUG org.apache.http.headers - << Content-Type: application/json; charset=UTF-8
18:21:48.969 [main] DEBUG org.apache.http.headers - << Vary: Origin
18:21:48.969 [main] DEBUG org.apache.http.headers - << Date: Sat, 24 Jun 2023 11:21:48 GMT
18:21:48.969 [main] DEBUG org.apache.http.headers - << Content-Length: 24
18:21:48.970 [main] DEBUG org.apache.http.impl.client.DefaultHttpClient - Connection can be kept alive indefinitely
18:21:48.970 [main] DEBUG io.restassured.internal.RestAssuredHttpBuilder - Parsing response as: application/json; charset=UTF-8
18:21:48.970 [main] DEBUG io.restassured.internal.RestAssuredHttpBuilder - Parsed data to instance of: class org.apache.http.conn.EofSensorInputStream
18:21:48.973 [main] DEBUG org.apache.http.wire -  << "{"message":"Not Found"}[\n]"
18:21:48.973 [main] DEBUG org.apache.http.impl.conn.BasicClientConnectionManager - Releasing connection org.apache.http.impl.conn.ManagedClientConnectionImpl@1a7a21d0
18:21:48.973 [main] DEBUG org.apache.http.impl.conn.BasicClientConnectionManager - Connection can be kept alive indefinitely
18:21:48.974 [main] DEBUG net.thucydides.core.steps.StepInterceptor - STEP DONE: User send HTTP request
  &amp#27;[32mThen &amp#27;[0m&amp#27;[32mUser send HTTP request for get PDAM by ID with empty id&amp#27;[0m                       &amp#27;[90m# starter.stepdefinitions.AllRole.PDAM.GetPDAMByIdSteps.userSendHTTPRequestForGetPDAMByIDWithEmptyId()&amp#27;[0m
18:21:48.983 [main] DEBUG net.thucydides.core.steps.StepInterceptor - STARTING STEP: GetPDAMByIdSteps.userReceivedInvalidHTTPResponseCodeForGetPDAMByID - User received valid HTTP response code 404
18:21:48.984 [main] DEBUG net.thucydides.core.steps.StepInterceptor - STEP DONE: User received valid HTTP response code 404
  &amp#27;[32mAnd &amp#27;[0m&amp#27;[32mUser received invalid HTTP response code &amp#27;[0m&amp#27;[32m&amp#27;[1m404&amp#27;[0m&amp#27;[32m for get PDAM by ID&amp#27;[0m                &amp#27;[90m# starter.stepdefinitions.AllRole.PDAM.GetPDAMByIdSteps.userReceivedInvalidHTTPResponseCodeForGetPDAMByID(int)&amp#27;[0m
18:21:48.992 [main] DEBUG net.thucydides.core.steps.StepInterceptor - STARTING STEP: GetPDAMByIdSteps.userReceivedMessageForPDAMNotFound - User received valid HTTP response code 404
18:21:48.993 [main] DEBUG net.thucydides.core.steps.StepInterceptor - STEP DONE: User received valid HTTP response code 404
  &amp#27;[32mAnd &amp#27;[0m&amp#27;[32mUser received message for PDAM : not found&amp#27;[0m                                     &amp#27;[90m# starter.stepdefinitions.AllRole.PDAM.GetPDAMByIdSteps.userReceivedMessageForPDAMNotFound()&amp#27;[0m
18:21:49.000 [main] INFO  - 
  _____   ___   ___   _____     ___     _     ___   ___   ___   ___  
 |_   _| | __| / __| |_   _|   | _ \   /_\   / __| / __| | __| |   \ 
   | |   | _|  \__ \   | |     |  _/  / _ \  \__ \ \__ \ | _|  | |) |
   |_|   |___| |___/   |_|     |_|   /_/ \_\ |___/ |___/ |___| |___/ 

User belum berhasil mendapat data PDAM dari id karena tidak menggunakan id
----------------------------------------------------------------------
]]></system-out>
  </testcase>
  <testcase name="User belum berhasil mendapat data PDAM dari id karena tidak login" classname="Get PDAM By Id" time="0.235">
    <system-out><![CDATA[
@Get-PDAM-by-Id-04
Scenario: User belum berhasil mendapat data PDAM dari id karena tidak login           &amp#27;[90m# src/test/resources/features/AllRole/PDAM/GetPDAMById.feature:31&amp#27;[0m
18:21:49.041 [main] INFO io.cucumber.core.plugin.SerenityReporter - Running feature from file:///C:/Dev/CapstoneProjectBaru/SKUYPAY%20API%20AUTOMATION/src/test/resources/features/AllRole/PDAM/GetPDAMById.feature
18:21:49.050 [main] INFO  - 
  _____   ___   ___   _____     ___   _____     _     ___   _____   ___   ___  
 |_   _| | __| / __| |_   _|   / __| |_   _|   /_\   | _ \ |_   _| | __| |   \ 
   | |   | _|  \__ \   | |     \__ \   | |    / _ \  |   /   | |   | _|  | |) |
   |_|   |___| |___/   |_|     |___/   |_|   /_/ \_\ |_|_\   |_|   |___| |___/ 

User belum berhasil mendapat data PDAM dari id karena tidak login(get-pdam-by-id;user-belum-berhasil-mendapat-data-pdam-dari-id-karena-tidak-login)
--------------------------------------------------------------------------------
18:21:49.082 [main] DEBUG net.thucydides.core.steps.StepInterceptor - STARTING STEP: GetPDAMByIdSteps.userSetGetPDAMByIDApiEndpoint - User set api endpoint
18:21:49.082 [main] DEBUG net.thucydides.core.steps.StepInterceptor - STEP DONE: User set api endpoint
  &amp#27;[32mGiven &amp#27;[0m&amp#27;[32mUser set get PDAM by ID api endpoint&amp#27;[0m                                          &amp#27;[90m# starter.stepdefinitions.AllRole.PDAM.GetPDAMByIdSteps.userSetGetPDAMByIDApiEndpoint()&amp#27;[0m
18:21:49.093 [main] DEBUG net.thucydides.core.steps.StepInterceptor - STARTING STEP: GetPDAMByIdSteps.userSendHTTPRequestForGetPDAMByID - User send HTTP request
18:21:49.098 [main] DEBUG net.thucydides.core.steps.StepInterceptor - STARTING STEP: GetPdamById.sendHTTPrequest - User set api endpoint
18:21:49.099 [main] DEBUG net.thucydides.core.steps.StepInterceptor - STEP DONE: User set api endpoint
18:21:49.127 [main] DEBUG org.apache.http.impl.conn.BasicClientConnectionManager - Get connection for route {}->http://34.101.78.228:2424
18:21:49.128 [main] DEBUG org.apache.http.impl.conn.DefaultClientConnectionOperator - Connecting to 34.101.78.228:2424
18:21:49.154 [main] DEBUG org.apache.http.client.protocol.RequestAddCookies - CookieSpec selected: ignoreCookies
18:21:49.155 [main] DEBUG org.apache.http.client.protocol.RequestAuthCache - Auth cache not set in the context
18:21:49.155 [main] DEBUG org.apache.http.client.protocol.RequestProxyAuthentication - Proxy auth state: UNCHALLENGED
18:21:49.155 [main] DEBUG org.apache.http.impl.client.DefaultHttpClient - Attempt 1 to execute request
18:21:49.155 [main] DEBUG org.apache.http.impl.conn.DefaultClientConnection - Sending request: GET /api/v1/pdam/f27141e3-5cb2-4131-9852-9e8db25c37b9 HTTP/1.1
18:21:49.155 [main] DEBUG org.apache.http.wire -  >> "GET /api/v1/pdam/f27141e3-5cb2-4131-9852-9e8db25c37b9 HTTP/1.1[\r][\n]"
18:21:49.155 [main] DEBUG org.apache.http.wire -  >> "Authorization: Bearer [\r][\n]"
18:21:49.155 [main] DEBUG org.apache.http.wire -  >> "Accept: */*[\r][\n]"
18:21:49.156 [main] DEBUG org.apache.http.wire -  >> "Host: 34.101.78.228:2424[\r][\n]"
18:21:49.156 [main] DEBUG org.apache.http.wire -  >> "Connection: Keep-Alive[\r][\n]"
18:21:49.156 [main] DEBUG org.apache.http.wire -  >> "User-Agent: Apache-HttpClient/4.5.13 (Java/19.0.2)[\r][\n]"
18:21:49.156 [main] DEBUG org.apache.http.wire -  >> "Accept-Encoding: gzip,deflate[\r][\n]"
18:21:49.156 [main] DEBUG org.apache.http.wire -  >> "[\r][\n]"
18:21:49.156 [main] DEBUG org.apache.http.headers - >> GET /api/v1/pdam/f27141e3-5cb2-4131-9852-9e8db25c37b9 HTTP/1.1
18:21:49.156 [main] DEBUG org.apache.http.headers - >> Authorization: Bearer 
18:21:49.156 [main] DEBUG org.apache.http.headers - >> Accept: */*
18:21:49.156 [main] DEBUG org.apache.http.headers - >> Host: 34.101.78.228:2424
18:21:49.156 [main] DEBUG org.apache.http.headers - >> Connection: Keep-Alive
18:21:49.156 [main] DEBUG org.apache.http.headers - >> User-Agent: Apache-HttpClient/4.5.13 (Java/19.0.2)
18:21:49.156 [main] DEBUG org.apache.http.headers - >> Accept-Encoding: gzip,deflate
18:21:49.176 [main] DEBUG org.apache.http.wire -  << "HTTP/1.1 400 Bad Request[\r][\n]"
18:21:49.177 [main] DEBUG org.apache.http.wire -  << "Content-Type: application/json; charset=UTF-8[\r][\n]"
18:21:49.177 [main] DEBUG org.apache.http.wire -  << "Vary: Origin[\r][\n]"
18:21:49.177 [main] DEBUG org.apache.http.wire -  << "Date: Sat, 24 Jun 2023 11:21:48 GMT[\r][\n]"
18:21:49.178 [main] DEBUG org.apache.http.wire -  << "Content-Length: 39[\r][\n]"
18:21:49.178 [main] DEBUG org.apache.http.wire -  << "[\r][\n]"
18:21:49.178 [main] DEBUG org.apache.http.impl.conn.DefaultClientConnection - Receiving response: HTTP/1.1 400 Bad Request
18:21:49.178 [main] DEBUG org.apache.http.headers - << HTTP/1.1 400 Bad Request
18:21:49.178 [main] DEBUG org.apache.http.headers - << Content-Type: application/json; charset=UTF-8
18:21:49.178 [main] DEBUG org.apache.http.headers - << Vary: Origin
18:21:49.178 [main] DEBUG org.apache.http.headers - << Date: Sat, 24 Jun 2023 11:21:48 GMT
18:21:49.178 [main] DEBUG org.apache.http.headers - << Content-Length: 39
18:21:49.179 [main] DEBUG org.apache.http.impl.client.DefaultHttpClient - Connection can be kept alive indefinitely
18:21:49.179 [main] DEBUG io.restassured.internal.RestAssuredHttpBuilder - Parsing response as: application/json; charset=UTF-8
18:21:49.179 [main] DEBUG io.restassured.internal.RestAssuredHttpBuilder - Parsed data to instance of: class org.apache.http.conn.EofSensorInputStream
18:21:49.182 [main] DEBUG org.apache.http.wire -  << "{"message":"missing or malformed jwt"}[\n]"
18:21:49.182 [main] DEBUG org.apache.http.impl.conn.BasicClientConnectionManager - Releasing connection org.apache.http.impl.conn.ManagedClientConnectionImpl@43719e98
18:21:49.182 [main] DEBUG org.apache.http.impl.conn.BasicClientConnectionManager - Connection can be kept alive indefinitely
18:21:49.183 [main] DEBUG net.thucydides.core.steps.StepInterceptor - STEP DONE: User send HTTP request
  &amp#27;[32mWhen &amp#27;[0m&amp#27;[32mUser send HTTP request for get PDAM by ID&amp#27;[0m                                      &amp#27;[90m# starter.stepdefinitions.AllRole.PDAM.GetPDAMByIdSteps.userSendHTTPRequestForGetPDAMByID()&amp#27;[0m
18:21:49.195 [main] DEBUG net.thucydides.core.steps.StepInterceptor - STARTING STEP: GetPDAMByIdSteps.userReceivedValidHTTPResponseCodeForGetPDAMByIDBecauseNotLogin - User received valid HTTP response code 404
18:21:49.198 [main] DEBUG net.thucydides.core.steps.StepInterceptor - STEP DONE: User received valid HTTP response code 404
  &amp#27;[32mAnd &amp#27;[0m&amp#27;[32mUser received valid HTTP response code &amp#27;[0m&amp#27;[32m&amp#27;[1m400&amp#27;[0m&amp#27;[32m for get PDAM by ID because not login&amp#27;[0m &amp#27;[90m# starter.stepdefinitions.AllRole.PDAM.GetPDAMByIdSteps.userReceivedValidHTTPResponseCodeForGetPDAMByIDBecauseNotLogin(int)&amp#27;[0m
18:21:49.208 [main] DEBUG net.thucydides.core.steps.StepInterceptor - STARTING STEP: GetPDAMByIdSteps.userReceivedMessageForPDAMMissingOrMalformedJwt - User received message
18:21:49.230 [main] DEBUG net.thucydides.core.steps.StepInterceptor - STEP DONE: User received message
  &amp#27;[32mAnd &amp#27;[0m&amp#27;[32mUser received message for PDAM : missing or malformed jwt&amp#27;[0m                       &amp#27;[90m# starter.stepdefinitions.AllRole.PDAM.GetPDAMByIdSteps.userReceivedMessageForPDAMMissingOrMalformedJwt()&amp#27;[0m
18:21:49.236 [main] INFO  - 
  _____   ___   ___   _____     ___     _     ___   ___   ___   ___  
 |_   _| | __| / __| |_   _|   | _ \   /_\   / __| / __| | __| |   \ 
   | |   | _|  \__ \   | |     |  _/  / _ \  \__ \ \__ \ | _|  | |) |
   |_|   |___| |___/   |_|     |_|   /_/ \_\ |___/ |___/ |___| |___/ 

User belum berhasil mendapat data PDAM dari id karena tidak login
----------------------------------------------------------------------
]]></system-out>
  </testcase>
</testsuite>