<?xml version="1.0" encoding="UTF-8"?>
<testsuite xmlns:xsi="http://www.w3.org/2001/XMLSchema-instance" xsi:noNamespaceSchemaLocation="https://maven.apache.org/surefire/maven-failsafe-plugin/xsd/failsafe-test-report-3.0.xsd" version="3.0" name="starter.CucumberTestSuite" time="14.14" tests="3" errors="0" skipped="0" failures="0">
  <properties>
[...]
</properties>
  <testcase name="Admin berhasil menghapus salah satu id pulsa" classname="Delete PPD use id by Admin" time="9.838">
    <system-out><![CDATA[21:32:56.935 [main] DEBUG net.thucydides.core.guice.Injectors - Created injector for module net.thucydides.core.guice.ThucydidesModule
21:32:57.520 [main] INFO io.cucumber.core.plugin.SerenityReporter - Running feature from file:///C:/Dev/CapstoneProjectBaru/SKUYPAY%20API%20AUTOMATION/src/test/resources/features/DeletePPDbyAdmin.feature
21:32:57.816 [main] DEBUG net.thucydides.core.guice.Injectors - Created injector for module net.thucydides.core.guice.webdriver.WebDriverModule
21:32:57.840 [main] INFO  - 

-------------------------------------------------------------------------------------
     _______. _______ .______       _______ .__   __.  __  .___________.____    ____ 
    /       ||   ____||   _  \     |   ____||  \ |  | |  | |           |\   \  /   / 
   |   (----`|  |__   |  |_)  |    |  |__   |   \|  | |  | `---|  |----` \   \/   /  
    \   \    |   __|  |      /     |   __|  |  . `  | |  |     |  |       \_    _/   
.----)   |   |  |____ |  |\  \----.|  |____ |  |\   | |  |     |  |         |  |     
|_______/    |_______|| _| `._____||_______||__| \__| |__|     |__|         |__|    
                                                                                     
 News and tutorials at http://www.serenity-bdd.info                                  
 Documentation at https://wakaleo.gitbooks.io/the-serenity-book/content/             
 Join the Serenity Community on Gitter: https://gitter.im/serenity-bdd/serenity-core 
 Serenity BDD Support and Training at http://serenity-bdd.info/#/trainingandsupport  
-------------------------------------------------------------------------------------

21:32:57.848 [main] DEBUG net.thucydides.core.steps.StepEventBus - Test suite started for story net.thucydides.core.model.Story@1f1cdacd
21:32:57.848 [main] INFO  - Test Suite Started: Delete PPD use id by Admin
21:32:57.872 [main] INFO io.cucumber.core.plugin.SerenityReporter - Running feature from file:///C:/Dev/CapstoneProjectBaru/SKUYPAY%20API%20AUTOMATION/src/test/resources/features/DeletePPDbyAdmin.feature
21:32:57.880 [main] DEBUG net.thucydides.core.steps.StepEventBus - Test suite started for story net.thucydides.core.model.Story@1f1cdacd
21:32:57.880 [main] INFO  - Test Suite Started: Delete PPD use id by Admin

@Delete-PPD-by-Admin-01
Scenario: Admin berhasil menghapus salah satu id pulsa                          &amp#27;[90m# src/test/resources/features/DeletePPDbyAdmin.feature:4&amp#27;[0m
21:32:58.074 [main] INFO io.cucumber.core.plugin.SerenityReporter - Running feature from file:///C:/Dev/CapstoneProjectBaru/SKUYPAY%20API%20AUTOMATION/src/test/resources/features/DeletePPDbyAdmin.feature
21:32:58.282 [main] INFO  - 
  _____   ___   ___   _____     ___   _____     _     ___   _____   ___   ___  
 |_   _| | __| / __| |_   _|   / __| |_   _|   /_\   | _ \ |_   _| | __| |   \ 
   | |   | _|  \__ \   | |     \__ \   | |    / _ \  |   /   | |   | _|  | |) |
   |_|   |___| |___/   |_|     |___/   |_|   /_/ \_\ |_|_\   |_|   |___| |___/ 

Admin berhasil menghapus salah satu id pulsa(delete-ppd-use-id-by-admin;admin-berhasil-menghapus-salah-satu-id-pulsa)
--------------------------------------------------------------------------------
21:32:59.307 [main] DEBUG net.thucydides.core.steps.StepInterceptor - STARTING STEP: DeletePPDbyAdminSteps.adminHaveEndpointAuthLoginForDeletePPD - Admin have endpoint auth login
21:32:59.307 [main] DEBUG net.thucydides.core.steps.StepInterceptor - STEP DONE: Admin have endpoint auth login
  &amp#27;[32mGiven &amp#27;[0m&amp#27;[32mAdmin have endpoint auth login for delete PPD&amp#27;[0m                           &amp#27;[90m# starter.stepdefinitions.admin.PPD.DeletePPDbyAdminSteps.adminHaveEndpointAuthLoginForDeletePPD()&amp#27;[0m
21:32:59.331 [main] DEBUG net.thucydides.core.steps.StepInterceptor - STARTING STEP: DeletePPDbyAdminSteps.adminSendEndpointAuthForDeletePPDAndGetToken - Admin send endpoint auth and get token
21:33:02.853 [main] DEBUG net.thucydides.core.steps.StepInterceptor - STARTING STEP: DeletePPDbyAdmin.adminsendendpointauthandgettoken - Admin have endpoint auth login
21:33:02.853 [main] DEBUG net.thucydides.core.steps.StepInterceptor - STEP DONE: Admin have endpoint auth login
21:33:04.388 [main] DEBUG org.apache.http.impl.conn.BasicClientConnectionManager - Get connection for route {}->http://34.101.78.228:2424
21:33:04.412 [main] DEBUG org.apache.http.impl.conn.DefaultClientConnectionOperator - Connecting to 34.101.78.228:2424
21:33:04.605 [main] DEBUG org.apache.http.client.protocol.RequestAddCookies - CookieSpec selected: ignoreCookies
21:33:04.613 [main] DEBUG org.apache.http.client.protocol.RequestAuthCache - Auth cache not set in the context
21:33:04.613 [main] DEBUG org.apache.http.client.protocol.RequestTargetAuthentication - Target auth state: UNCHALLENGED
21:33:04.613 [main] DEBUG org.apache.http.client.protocol.RequestProxyAuthentication - Proxy auth state: UNCHALLENGED
21:33:04.613 [main] DEBUG org.apache.http.impl.client.DefaultHttpClient - Attempt 1 to execute request
21:33:04.613 [main] DEBUG org.apache.http.impl.conn.DefaultClientConnection - Sending request: POST /api/v1/login HTTP/1.1
21:33:04.613 [main] DEBUG org.apache.http.wire -  >> "POST /api/v1/login HTTP/1.1[\r][\n]"
21:33:04.621 [main] DEBUG org.apache.http.wire -  >> "Accept: */*[\r][\n]"
21:33:04.621 [main] DEBUG org.apache.http.wire -  >> "Content-Type: application/json[\r][\n]"
21:33:04.621 [main] DEBUG org.apache.http.wire -  >> "Content-Length: 48[\r][\n]"
21:33:04.621 [main] DEBUG org.apache.http.wire -  >> "Host: 34.101.78.228:2424[\r][\n]"
21:33:04.621 [main] DEBUG org.apache.http.wire -  >> "Connection: Keep-Alive[\r][\n]"
21:33:04.621 [main] DEBUG org.apache.http.wire -  >> "User-Agent: Apache-HttpClient/4.5.13 (Java/19.0.2)[\r][\n]"
21:33:04.621 [main] DEBUG org.apache.http.wire -  >> "Accept-Encoding: gzip,deflate[\r][\n]"
21:33:04.621 [main] DEBUG org.apache.http.wire -  >> "[\r][\n]"
21:33:04.621 [main] DEBUG org.apache.http.headers - >> POST /api/v1/login HTTP/1.1
21:33:04.621 [main] DEBUG org.apache.http.headers - >> Accept: */*
21:33:04.621 [main] DEBUG org.apache.http.headers - >> Content-Type: application/json
21:33:04.621 [main] DEBUG org.apache.http.headers - >> Content-Length: 48
21:33:04.621 [main] DEBUG org.apache.http.headers - >> Host: 34.101.78.228:2424
21:33:04.621 [main] DEBUG org.apache.http.headers - >> Connection: Keep-Alive
21:33:04.621 [main] DEBUG org.apache.http.headers - >> User-Agent: Apache-HttpClient/4.5.13 (Java/19.0.2)
21:33:04.621 [main] DEBUG org.apache.http.headers - >> Accept-Encoding: gzip,deflate
21:33:04.621 [main] DEBUG org.apache.http.wire -  >> "{"password":"123123","email":"admin1@gmail.com"}"
21:33:04.833 [main] DEBUG org.apache.http.wire -  << "HTTP/1.1 200 OK[\r][\n]"
21:33:04.833 [main] DEBUG org.apache.http.wire -  << "Content-Type: application/json; charset=UTF-8[\r][\n]"
21:33:04.833 [main] DEBUG org.apache.http.wire -  << "Vary: Origin[\r][\n]"
21:33:04.833 [main] DEBUG org.apache.http.wire -  << "Date: Tue, 20 Jun 2023 14:33:04 GMT[\r][\n]"
21:33:04.833 [main] DEBUG org.apache.http.wire -  << "Content-Length: 409[\r][\n]"
21:33:04.833 [main] DEBUG org.apache.http.wire -  << "[\r][\n]"
21:33:04.833 [main] DEBUG org.apache.http.impl.conn.DefaultClientConnection - Receiving response: HTTP/1.1 200 OK
21:33:04.833 [main] DEBUG org.apache.http.headers - << HTTP/1.1 200 OK
21:33:04.833 [main] DEBUG org.apache.http.headers - << Content-Type: application/json; charset=UTF-8
21:33:04.833 [main] DEBUG org.apache.http.headers - << Vary: Origin
21:33:04.833 [main] DEBUG org.apache.http.headers - << Date: Tue, 20 Jun 2023 14:33:04 GMT
21:33:04.833 [main] DEBUG org.apache.http.headers - << Content-Length: 409
21:33:04.841 [main] DEBUG org.apache.http.impl.client.DefaultHttpClient - Connection can be kept alive indefinitely
21:33:04.849 [main] DEBUG io.restassured.internal.RestAssuredHttpBuilder - Parsing response as: application/json; charset=UTF-8
21:33:04.849 [main] DEBUG io.restassured.internal.RestAssuredHttpBuilder - Parsed data to instance of: class org.apache.http.conn.EofSensorInputStream
21:33:04.938 [main] DEBUG org.apache.http.wire -  << "{"data":{"id":"641e579a-3f42-4dd8-b167-e78cb8ba8221","name":"admin1","email":"admin1@gmail.com","token":"eyJhbGciOiJIUzI1NiIsInR5cCI6IkpXVCJ9.eyJhdXRob3JpemVkIjp0cnVlLCJleHAiOjE2ODk4NjM1ODQsInVzZXJJZCI6IjY0MWU1NzlhLTNmNDItNGRkOC1iMTY3LWU3OGNiOGJhODIyMSIsInVzZXJfdHlwZSI6ImFkbWluIn0.ouNWsu-9LhboYDdQCafr56xZODaWxxO07ECoR0XAvDI"},"metadata":{"status":200,"message":"User Login successfully"},"pagination":null}[\n]"
21:33:04.946 [main] DEBUG org.apache.http.impl.conn.BasicClientConnectionManager - Releasing connection org.apache.http.impl.conn.ManagedClientConnectionImpl@10a0a1e
21:33:04.946 [main] DEBUG org.apache.http.impl.conn.BasicClientConnectionManager - Connection can be kept alive indefinitely
21:33:06.502 [main] DEBUG net.thucydides.core.steps.StepInterceptor - STEP DONE: Admin send endpoint auth and get token
  &amp#27;[32mWhen &amp#27;[0m&amp#27;[32mAdmin send endpoint auth for delete PPD and get token&amp#27;[0m                    &amp#27;[90m# starter.stepdefinitions.admin.PPD.DeletePPDbyAdminSteps.adminSendEndpointAuthForDeletePPDAndGetToken()&amp#27;[0m
21:33:06.526 [main] DEBUG net.thucydides.core.steps.StepInterceptor - STARTING STEP: DeletePPDbyAdminSteps.adminSetDeletePPDApiEndpoint - Admin set get PPD api endpoint
21:33:06.526 [main] DEBUG net.thucydides.core.steps.StepInterceptor - STEP DONE: Admin set get PPD api endpoint
  &amp#27;[32mThen &amp#27;[0m&amp#27;[32mAdmin set delete PPD api endpoint&amp#27;[0m                                        &amp#27;[90m# starter.stepdefinitions.admin.PPD.DeletePPDbyAdminSteps.adminSetDeletePPDApiEndpoint()&amp#27;[0m
21:33:06.542 [main] DEBUG net.thucydides.core.steps.StepInterceptor - STARTING STEP: DeletePPDbyAdminSteps.adminSendHTTPRequestWithParamsPulsaId - Admin send HTTP request with params pulsa id
21:33:06.566 [main] DEBUG net.thucydides.core.steps.StepInterceptor - STARTING STEP: DeletePPDbyAdmin.adminsendHTTPrequestwithparamspulsaid - Admin set get PPD api endpoint
21:33:06.574 [main] DEBUG net.thucydides.core.steps.StepInterceptor - STEP DONE: Admin set get PPD api endpoint
21:33:06.679 [main] DEBUG org.apache.http.impl.conn.BasicClientConnectionManager - Get connection for route {}->http://34.101.78.228:2424
21:33:06.679 [main] DEBUG org.apache.http.impl.conn.DefaultClientConnectionOperator - Connecting to 34.101.78.228:2424
21:33:06.994 [main] DEBUG org.apache.http.client.protocol.RequestAddCookies - CookieSpec selected: ignoreCookies
21:33:06.994 [main] DEBUG org.apache.http.client.protocol.RequestAuthCache - Auth cache not set in the context
21:33:06.994 [main] DEBUG org.apache.http.client.protocol.RequestProxyAuthentication - Proxy auth state: UNCHALLENGED
21:33:06.994 [main] DEBUG org.apache.http.impl.client.DefaultHttpClient - Attempt 1 to execute request
21:33:06.994 [main] DEBUG org.apache.http.impl.conn.DefaultClientConnection - Sending request: DELETE /api/v1/admin/ppd/b6c36cc0-56da-44d2-97eb-0a4ee321f381 HTTP/1.1
21:33:06.994 [main] DEBUG org.apache.http.wire -  >> "DELETE /api/v1/admin/ppd/b6c36cc0-56da-44d2-97eb-0a4ee321f381 HTTP/1.1[\r][\n]"
21:33:06.994 [main] DEBUG org.apache.http.wire -  >> "Authorization: Bearer eyJhbGciOiJIUzI1NiIsInR5cCI6IkpXVCJ9.eyJhdXRob3JpemVkIjp0cnVlLCJleHAiOjE2ODk4NjM1ODQsInVzZXJJZCI6IjY0MWU1NzlhLTNmNDItNGRkOC1iMTY3LWU3OGNiOGJhODIyMSIsInVzZXJfdHlwZSI6ImFkbWluIn0.ouNWsu-9LhboYDdQCafr56xZODaWxxO07ECoR0XAvDI[\r][\n]"
21:33:06.994 [main] DEBUG org.apache.http.wire -  >> "Accept: application/json[\r][\n]"
21:33:06.994 [main] DEBUG org.apache.http.wire -  >> "Host: 34.101.78.228:2424[\r][\n]"
21:33:06.994 [main] DEBUG org.apache.http.wire -  >> "Connection: Keep-Alive[\r][\n]"
21:33:06.994 [main] DEBUG org.apache.http.wire -  >> "User-Agent: Apache-HttpClient/4.5.13 (Java/19.0.2)[\r][\n]"
21:33:06.994 [main] DEBUG org.apache.http.wire -  >> "Accept-Encoding: gzip,deflate[\r][\n]"
21:33:06.994 [main] DEBUG org.apache.http.wire -  >> "[\r][\n]"
21:33:06.994 [main] DEBUG org.apache.http.headers - >> DELETE /api/v1/admin/ppd/b6c36cc0-56da-44d2-97eb-0a4ee321f381 HTTP/1.1
21:33:06.994 [main] DEBUG org.apache.http.headers - >> Authorization: Bearer eyJhbGciOiJIUzI1NiIsInR5cCI6IkpXVCJ9.eyJhdXRob3JpemVkIjp0cnVlLCJleHAiOjE2ODk4NjM1ODQsInVzZXJJZCI6IjY0MWU1NzlhLTNmNDItNGRkOC1iMTY3LWU3OGNiOGJhODIyMSIsInVzZXJfdHlwZSI6ImFkbWluIn0.ouNWsu-9LhboYDdQCafr56xZODaWxxO07ECoR0XAvDI
21:33:06.994 [main] DEBUG org.apache.http.headers - >> Accept: application/json
21:33:06.994 [main] DEBUG org.apache.http.headers - >> Host: 34.101.78.228:2424
21:33:06.994 [main] DEBUG org.apache.http.headers - >> Connection: Keep-Alive
21:33:06.994 [main] DEBUG org.apache.http.headers - >> User-Agent: Apache-HttpClient/4.5.13 (Java/19.0.2)
21:33:06.994 [main] DEBUG org.apache.http.headers - >> Accept-Encoding: gzip,deflate
21:33:07.510 [main] DEBUG org.apache.http.wire -  << "HTTP/1.1 200 OK[\r][\n]"
21:33:07.510 [main] DEBUG org.apache.http.wire -  << "Content-Type: application/json; charset=UTF-8[\r][\n]"
21:33:07.510 [main] DEBUG org.apache.http.wire -  << "Vary: Origin[\r][\n]"
21:33:07.510 [main] DEBUG org.apache.http.wire -  << "Date: Tue, 20 Jun 2023 14:33:07 GMT[\r][\n]"
21:33:07.510 [main] DEBUG org.apache.http.wire -  << "Content-Length: 111[\r][\n]"
21:33:07.510 [main] DEBUG org.apache.http.wire -  << "[\r][\n]"
21:33:07.510 [main] DEBUG org.apache.http.impl.conn.DefaultClientConnection - Receiving response: HTTP/1.1 200 OK
21:33:07.510 [main] DEBUG org.apache.http.headers - << HTTP/1.1 200 OK
21:33:07.510 [main] DEBUG org.apache.http.headers - << Content-Type: application/json; charset=UTF-8
21:33:07.510 [main] DEBUG org.apache.http.headers - << Vary: Origin
21:33:07.510 [main] DEBUG org.apache.http.headers - << Date: Tue, 20 Jun 2023 14:33:07 GMT
21:33:07.510 [main] DEBUG org.apache.http.headers - << Content-Length: 111
21:33:07.510 [main] DEBUG org.apache.http.impl.client.DefaultHttpClient - Connection can be kept alive indefinitely
21:33:07.510 [main] DEBUG io.restassured.internal.RestAssuredHttpBuilder - Parsing response as: application/json; charset=UTF-8
21:33:07.510 [main] DEBUG io.restassured.internal.RestAssuredHttpBuilder - Parsed data to instance of: class org.apache.http.conn.EofSensorInputStream
21:33:07.518 [main] DEBUG org.apache.http.wire -  << "{"data":null,"metadata":{"status":200,"message":"pulsa or paket data deleted successfully"},"pagination":null}[\n]"
21:33:07.518 [main] DEBUG org.apache.http.impl.conn.BasicClientConnectionManager - Releasing connection org.apache.http.impl.conn.ManagedClientConnectionImpl@5e763c07
21:33:07.518 [main] DEBUG org.apache.http.impl.conn.BasicClientConnectionManager - Connection can be kept alive indefinitely
21:33:07.518 [main] DEBUG net.thucydides.core.steps.StepInterceptor - STEP DONE: Admin send HTTP request with params pulsa id
  &amp#27;[32mThen &amp#27;[0m&amp#27;[32mAdmin send HTTP request with params Pulsa id&amp#27;[0m                             &amp#27;[90m# starter.stepdefinitions.admin.PPD.DeletePPDbyAdminSteps.adminSendHTTPRequestWithParamsPulsaId()&amp#27;[0m
21:33:07.534 [main] DEBUG net.thucydides.core.steps.StepInterceptor - STARTING STEP: DeletePPDbyAdminSteps.adminReceivedValidHTTPResponseCodeForDeletePPDByAdmin - Admin received valid HTTP response code 200
21:33:07.598 [main] DEBUG net.thucydides.core.steps.StepInterceptor - STEP DONE: Admin received valid HTTP response code 200
  &amp#27;[32mAnd &amp#27;[0m&amp#27;[32mAdmin received valid HTTP response code &amp#27;[0m&amp#27;[32m&amp#27;[1m200&amp#27;[0m&amp#27;[32m for delete PPD by admin&amp#27;[0m       &amp#27;[90m# starter.stepdefinitions.admin.PPD.DeletePPDbyAdminSteps.adminReceivedValidHTTPResponseCodeForDeletePPDByAdmin(int)&amp#27;[0m
21:33:07.614 [main] DEBUG net.thucydides.core.steps.StepInterceptor - STARTING STEP: DeletePPDbyAdminSteps.adminReceivedMessageSuccessPulsaOrPaketDataDeletedSuccessfully - Admin received message success : pulsa or paket data deleted successfully
21:33:07.702 [main] DEBUG net.thucydides.core.steps.StepInterceptor - STEP DONE: Admin received message success : pulsa or paket data deleted successfully
  &amp#27;[32mAnd &amp#27;[0m&amp#27;[32mAdmin received message success : pulsa or paket data deleted successfully&amp#27;[0m &amp#27;[90m# starter.stepdefinitions.admin.PPD.DeletePPDbyAdminSteps.adminReceivedMessageSuccessPulsaOrPaketDataDeletedSuccessfully()&amp#27;[0m
21:33:07.710 [main] INFO  - 
  _____   ___   ___   _____     ___     _     ___   ___   ___   ___  
 |_   _| | __| / __| |_   _|   | _ \   /_\   / __| / __| | __| |   \ 
   | |   | _|  \__ \   | |     |  _/  / _ \  \__ \ \__ \ | _|  | |) |
   |_|   |___| |___/   |_|     |_|   /_/ \_\ |___/ |___/ |___| |___/ 

Admin berhasil menghapus salah satu id pulsa
----------------------------------------------------------------------
]]></system-out>
  </testcase>
  <testcase name="Admin berhasil menghapus salah satu id paket data" classname="Delete PPD use id by Admin" time="0.764">
    <system-out><![CDATA[
@Delete-PPD-by-Admin-02
Scenario: Admin berhasil menghapus salah satu id paket data                     &amp#27;[90m# src/test/resources/features/DeletePPDbyAdmin.feature:13&amp#27;[0m
21:33:07.807 [main] INFO io.cucumber.core.plugin.SerenityReporter - Running feature from file:///C:/Dev/CapstoneProjectBaru/SKUYPAY%20API%20AUTOMATION/src/test/resources/features/DeletePPDbyAdmin.feature
21:33:07.816 [main] INFO  - 
  _____   ___   ___   _____     ___   _____     _     ___   _____   ___   ___  
 |_   _| | __| / __| |_   _|   / __| |_   _|   /_\   | _ \ |_   _| | __| |   \ 
   | |   | _|  \__ \   | |     \__ \   | |    / _ \  |   /   | |   | _|  | |) |
   |_|   |___| |___/   |_|     |___/   |_|   /_/ \_\ |_|_\   |_|   |___| |___/ 

Admin berhasil menghapus salah satu id paket data(delete-ppd-use-id-by-admin;admin-berhasil-menghapus-salah-satu-id-paket-data)
--------------------------------------------------------------------------------
21:33:07.847 [main] DEBUG net.thucydides.core.steps.StepInterceptor - STARTING STEP: DeletePPDbyAdminSteps.adminHaveEndpointAuthLoginForDeletePPD - Admin have endpoint auth login
21:33:07.847 [main] DEBUG net.thucydides.core.steps.StepInterceptor - STEP DONE: Admin have endpoint auth login
  &amp#27;[32mGiven &amp#27;[0m&amp#27;[32mAdmin have endpoint auth login for delete PPD&amp#27;[0m                           &amp#27;[90m# starter.stepdefinitions.admin.PPD.DeletePPDbyAdminSteps.adminHaveEndpointAuthLoginForDeletePPD()&amp#27;[0m
21:33:07.863 [main] DEBUG net.thucydides.core.steps.StepInterceptor - STARTING STEP: DeletePPDbyAdminSteps.adminSendEndpointAuthForDeletePPDAndGetToken - Admin send endpoint auth and get token
21:33:07.863 [main] DEBUG net.thucydides.core.steps.StepInterceptor - STARTING STEP: DeletePPDbyAdmin.adminsendendpointauthandgettoken - Admin have endpoint auth login
21:33:07.871 [main] DEBUG net.thucydides.core.steps.StepInterceptor - STEP DONE: Admin have endpoint auth login
21:33:07.919 [main] DEBUG org.apache.http.impl.conn.BasicClientConnectionManager - Get connection for route {}->http://34.101.78.228:2424
21:33:07.919 [main] DEBUG org.apache.http.impl.conn.DefaultClientConnectionOperator - Connecting to 34.101.78.228:2424
21:33:07.935 [main] DEBUG org.apache.http.client.protocol.RequestAddCookies - CookieSpec selected: ignoreCookies
21:33:07.935 [main] DEBUG org.apache.http.client.protocol.RequestAuthCache - Auth cache not set in the context
21:33:07.935 [main] DEBUG org.apache.http.client.protocol.RequestTargetAuthentication - Target auth state: UNCHALLENGED
21:33:07.935 [main] DEBUG org.apache.http.client.protocol.RequestProxyAuthentication - Proxy auth state: UNCHALLENGED
21:33:07.935 [main] DEBUG org.apache.http.impl.client.DefaultHttpClient - Attempt 1 to execute request
21:33:07.935 [main] DEBUG org.apache.http.impl.conn.DefaultClientConnection - Sending request: POST /api/v1/login HTTP/1.1
21:33:07.935 [main] DEBUG org.apache.http.wire -  >> "POST /api/v1/login HTTP/1.1[\r][\n]"
21:33:07.935 [main] DEBUG org.apache.http.wire -  >> "Accept: */*[\r][\n]"
21:33:07.935 [main] DEBUG org.apache.http.wire -  >> "Content-Type: application/json[\r][\n]"
21:33:07.935 [main] DEBUG org.apache.http.wire -  >> "Content-Length: 48[\r][\n]"
21:33:07.935 [main] DEBUG org.apache.http.wire -  >> "Host: 34.101.78.228:2424[\r][\n]"
21:33:07.935 [main] DEBUG org.apache.http.wire -  >> "Connection: Keep-Alive[\r][\n]"
21:33:07.935 [main] DEBUG org.apache.http.wire -  >> "User-Agent: Apache-HttpClient/4.5.13 (Java/19.0.2)[\r][\n]"
21:33:07.935 [main] DEBUG org.apache.http.wire -  >> "Accept-Encoding: gzip,deflate[\r][\n]"
21:33:07.935 [main] DEBUG org.apache.http.wire -  >> "[\r][\n]"
21:33:07.935 [main] DEBUG org.apache.http.headers - >> POST /api/v1/login HTTP/1.1
21:33:07.935 [main] DEBUG org.apache.http.headers - >> Accept: */*
21:33:07.935 [main] DEBUG org.apache.http.headers - >> Content-Type: application/json
21:33:07.935 [main] DEBUG org.apache.http.headers - >> Content-Length: 48
21:33:07.935 [main] DEBUG org.apache.http.headers - >> Host: 34.101.78.228:2424
21:33:07.935 [main] DEBUG org.apache.http.headers - >> Connection: Keep-Alive
21:33:07.935 [main] DEBUG org.apache.http.headers - >> User-Agent: Apache-HttpClient/4.5.13 (Java/19.0.2)
21:33:07.935 [main] DEBUG org.apache.http.headers - >> Accept-Encoding: gzip,deflate
21:33:07.935 [main] DEBUG org.apache.http.wire -  >> "{"password":"123123","email":"admin1@gmail.com"}"
21:33:08.040 [main] DEBUG org.apache.http.wire -  << "HTTP/1.1 200 OK[\r][\n]"
21:33:08.040 [main] DEBUG org.apache.http.wire -  << "Content-Type: application/json; charset=UTF-8[\r][\n]"
21:33:08.040 [main] DEBUG org.apache.http.wire -  << "Vary: Origin[\r][\n]"
21:33:08.040 [main] DEBUG org.apache.http.wire -  << "Date: Tue, 20 Jun 2023 14:33:07 GMT[\r][\n]"
21:33:08.040 [main] DEBUG org.apache.http.wire -  << "Content-Length: 409[\r][\n]"
21:33:08.040 [main] DEBUG org.apache.http.wire -  << "[\r][\n]"
21:33:08.040 [main] DEBUG org.apache.http.impl.conn.DefaultClientConnection - Receiving response: HTTP/1.1 200 OK
21:33:08.040 [main] DEBUG org.apache.http.headers - << HTTP/1.1 200 OK
21:33:08.040 [main] DEBUG org.apache.http.headers - << Content-Type: application/json; charset=UTF-8
21:33:08.040 [main] DEBUG org.apache.http.headers - << Vary: Origin
21:33:08.040 [main] DEBUG org.apache.http.headers - << Date: Tue, 20 Jun 2023 14:33:07 GMT
21:33:08.040 [main] DEBUG org.apache.http.headers - << Content-Length: 409
21:33:08.040 [main] DEBUG org.apache.http.impl.client.DefaultHttpClient - Connection can be kept alive indefinitely
21:33:08.040 [main] DEBUG io.restassured.internal.RestAssuredHttpBuilder - Parsing response as: application/json; charset=UTF-8
21:33:08.040 [main] DEBUG io.restassured.internal.RestAssuredHttpBuilder - Parsed data to instance of: class org.apache.http.conn.EofSensorInputStream
21:33:08.040 [main] DEBUG org.apache.http.wire -  << "{"data":{"id":"641e579a-3f42-4dd8-b167-e78cb8ba8221","name":"admin1","email":"admin1@gmail.com","token":"eyJhbGciOiJIUzI1NiIsInR5cCI6IkpXVCJ9.eyJhdXRob3JpemVkIjp0cnVlLCJleHAiOjE2ODk4NjM1ODcsInVzZXJJZCI6IjY0MWU1NzlhLTNmNDItNGRkOC1iMTY3LWU3OGNiOGJhODIyMSIsInVzZXJfdHlwZSI6ImFkbWluIn0.8r1TE9QAZ-g2tajAHYMb_1WKEPuhp16j-bvVUx6GwMQ"},"metadata":{"status":200,"message":"User Login successfully"},"pagination":null}[\n]"
21:33:08.040 [main] DEBUG org.apache.http.impl.conn.BasicClientConnectionManager - Releasing connection org.apache.http.impl.conn.ManagedClientConnectionImpl@23954300
21:33:08.040 [main] DEBUG org.apache.http.impl.conn.BasicClientConnectionManager - Connection can be kept alive indefinitely
21:33:08.065 [main] DEBUG net.thucydides.core.steps.StepInterceptor - STEP DONE: Admin send endpoint auth and get token
  &amp#27;[32mWhen &amp#27;[0m&amp#27;[32mAdmin send endpoint auth for delete PPD and get token&amp#27;[0m                    &amp#27;[90m# starter.stepdefinitions.admin.PPD.DeletePPDbyAdminSteps.adminSendEndpointAuthForDeletePPDAndGetToken()&amp#27;[0m
21:33:08.081 [main] DEBUG net.thucydides.core.steps.StepInterceptor - STARTING STEP: DeletePPDbyAdminSteps.adminSetDeletePPDApiEndpoint - Admin set get PPD api endpoint
21:33:08.081 [main] DEBUG net.thucydides.core.steps.StepInterceptor - STEP DONE: Admin set get PPD api endpoint
  &amp#27;[32mThen &amp#27;[0m&amp#27;[32mAdmin set delete PPD api endpoint&amp#27;[0m                                        &amp#27;[90m# starter.stepdefinitions.admin.PPD.DeletePPDbyAdminSteps.adminSetDeletePPDApiEndpoint()&amp#27;[0m
21:33:08.089 [main] DEBUG net.thucydides.core.steps.StepInterceptor - STARTING STEP: DeletePPDbyAdminSteps.adminSendHTTPRequestWithParamsPaketDataId - Admin send HTTP request with params paket data
21:33:08.097 [main] DEBUG net.thucydides.core.steps.StepInterceptor - STARTING STEP: DeletePPDbyAdmin.adminsendHTTPrequestwithparamspaketdataid - Admin set get PPD api endpoint
21:33:08.097 [main] DEBUG net.thucydides.core.steps.StepInterceptor - STEP DONE: Admin set get PPD api endpoint
21:33:08.161 [main] DEBUG org.apache.http.impl.conn.BasicClientConnectionManager - Get connection for route {}->http://34.101.78.228:2424
21:33:08.161 [main] DEBUG org.apache.http.impl.conn.DefaultClientConnectionOperator - Connecting to 34.101.78.228:2424
21:33:08.394 [main] DEBUG org.apache.http.client.protocol.RequestAddCookies - CookieSpec selected: ignoreCookies
21:33:08.394 [main] DEBUG org.apache.http.client.protocol.RequestAuthCache - Auth cache not set in the context
21:33:08.394 [main] DEBUG org.apache.http.client.protocol.RequestProxyAuthentication - Proxy auth state: UNCHALLENGED
21:33:08.394 [main] DEBUG org.apache.http.impl.client.DefaultHttpClient - Attempt 1 to execute request
21:33:08.394 [main] DEBUG org.apache.http.impl.conn.DefaultClientConnection - Sending request: DELETE /api/v1/admin/ppd/85f4f472-7a0b-41bb-bab0-6930e36d244e HTTP/1.1
21:33:08.394 [main] DEBUG org.apache.http.wire -  >> "DELETE /api/v1/admin/ppd/85f4f472-7a0b-41bb-bab0-6930e36d244e HTTP/1.1[\r][\n]"
21:33:08.394 [main] DEBUG org.apache.http.wire -  >> "Authorization: Bearer eyJhbGciOiJIUzI1NiIsInR5cCI6IkpXVCJ9.eyJhdXRob3JpemVkIjp0cnVlLCJleHAiOjE2ODk4NjM1ODcsInVzZXJJZCI6IjY0MWU1NzlhLTNmNDItNGRkOC1iMTY3LWU3OGNiOGJhODIyMSIsInVzZXJfdHlwZSI6ImFkbWluIn0.8r1TE9QAZ-g2tajAHYMb_1WKEPuhp16j-bvVUx6GwMQ[\r][\n]"
21:33:08.394 [main] DEBUG org.apache.http.wire -  >> "Accept: application/json[\r][\n]"
21:33:08.394 [main] DEBUG org.apache.http.wire -  >> "Host: 34.101.78.228:2424[\r][\n]"
21:33:08.394 [main] DEBUG org.apache.http.wire -  >> "Connection: Keep-Alive[\r][\n]"
21:33:08.394 [main] DEBUG org.apache.http.wire -  >> "User-Agent: Apache-HttpClient/4.5.13 (Java/19.0.2)[\r][\n]"
21:33:08.394 [main] DEBUG org.apache.http.wire -  >> "Accept-Encoding: gzip,deflate[\r][\n]"
21:33:08.394 [main] DEBUG org.apache.http.wire -  >> "[\r][\n]"
21:33:08.394 [main] DEBUG org.apache.http.headers - >> DELETE /api/v1/admin/ppd/85f4f472-7a0b-41bb-bab0-6930e36d244e HTTP/1.1
21:33:08.394 [main] DEBUG org.apache.http.headers - >> Authorization: Bearer eyJhbGciOiJIUzI1NiIsInR5cCI6IkpXVCJ9.eyJhdXRob3JpemVkIjp0cnVlLCJleHAiOjE2ODk4NjM1ODcsInVzZXJJZCI6IjY0MWU1NzlhLTNmNDItNGRkOC1iMTY3LWU3OGNiOGJhODIyMSIsInVzZXJfdHlwZSI6ImFkbWluIn0.8r1TE9QAZ-g2tajAHYMb_1WKEPuhp16j-bvVUx6GwMQ
21:33:08.394 [main] DEBUG org.apache.http.headers - >> Accept: application/json
21:33:08.394 [main] DEBUG org.apache.http.headers - >> Host: 34.101.78.228:2424
21:33:08.394 [main] DEBUG org.apache.http.headers - >> Connection: Keep-Alive
21:33:08.394 [main] DEBUG org.apache.http.headers - >> User-Agent: Apache-HttpClient/4.5.13 (Java/19.0.2)
21:33:08.394 [main] DEBUG org.apache.http.headers - >> Accept-Encoding: gzip,deflate
21:33:08.410 [main] DEBUG org.apache.http.wire -  << "HTTP/1.1 200 OK[\r][\n]"
21:33:08.410 [main] DEBUG org.apache.http.wire -  << "Content-Type: application/json; charset=UTF-8[\r][\n]"
21:33:08.410 [main] DEBUG org.apache.http.wire -  << "Vary: Origin[\r][\n]"
21:33:08.410 [main] DEBUG org.apache.http.wire -  << "Date: Tue, 20 Jun 2023 14:33:08 GMT[\r][\n]"
21:33:08.410 [main] DEBUG org.apache.http.wire -  << "Content-Length: 111[\r][\n]"
21:33:08.410 [main] DEBUG org.apache.http.wire -  << "[\r][\n]"
21:33:08.410 [main] DEBUG org.apache.http.impl.conn.DefaultClientConnection - Receiving response: HTTP/1.1 200 OK
21:33:08.410 [main] DEBUG org.apache.http.headers - << HTTP/1.1 200 OK
21:33:08.410 [main] DEBUG org.apache.http.headers - << Content-Type: application/json; charset=UTF-8
21:33:08.410 [main] DEBUG org.apache.http.headers - << Vary: Origin
21:33:08.410 [main] DEBUG org.apache.http.headers - << Date: Tue, 20 Jun 2023 14:33:08 GMT
21:33:08.410 [main] DEBUG org.apache.http.headers - << Content-Length: 111
21:33:08.410 [main] DEBUG org.apache.http.impl.client.DefaultHttpClient - Connection can be kept alive indefinitely
21:33:08.410 [main] DEBUG io.restassured.internal.RestAssuredHttpBuilder - Parsing response as: application/json; charset=UTF-8
21:33:08.410 [main] DEBUG io.restassured.internal.RestAssuredHttpBuilder - Parsed data to instance of: class org.apache.http.conn.EofSensorInputStream
21:33:08.418 [main] DEBUG org.apache.http.wire -  << "{"data":null,"metadata":{"status":200,"message":"pulsa or paket data deleted successfully"},"pagination":null}[\n]"
21:33:08.418 [main] DEBUG org.apache.http.impl.conn.BasicClientConnectionManager - Releasing connection org.apache.http.impl.conn.ManagedClientConnectionImpl@78d61f17
21:33:08.418 [main] DEBUG org.apache.http.impl.conn.BasicClientConnectionManager - Connection can be kept alive indefinitely
21:33:08.418 [main] DEBUG net.thucydides.core.steps.StepInterceptor - STEP DONE: Admin send HTTP request with params paket data
  &amp#27;[32mThen &amp#27;[0m&amp#27;[32mAdmin send HTTP request with params Paket data id&amp#27;[0m                        &amp#27;[90m# starter.stepdefinitions.admin.PPD.DeletePPDbyAdminSteps.adminSendHTTPRequestWithParamsPaketDataId()&amp#27;[0m
21:33:08.426 [main] DEBUG net.thucydides.core.steps.StepInterceptor - STARTING STEP: DeletePPDbyAdminSteps.adminReceivedValidHTTPResponseCodeForDeletePPDByAdmin - Admin received valid HTTP response code 200
21:33:08.434 [main] DEBUG net.thucydides.core.steps.StepInterceptor - STEP DONE: Admin received valid HTTP response code 200
  &amp#27;[32mAnd &amp#27;[0m&amp#27;[32mAdmin received valid HTTP response code &amp#27;[0m&amp#27;[32m&amp#27;[1m200&amp#27;[0m&amp#27;[32m for delete PPD by admin&amp#27;[0m       &amp#27;[90m# starter.stepdefinitions.admin.PPD.DeletePPDbyAdminSteps.adminReceivedValidHTTPResponseCodeForDeletePPDByAdmin(int)&amp#27;[0m
21:33:08.442 [main] DEBUG net.thucydides.core.steps.StepInterceptor - STARTING STEP: DeletePPDbyAdminSteps.adminReceivedMessageSuccessPulsaOrPaketDataDeletedSuccessfully - Admin received message success : pulsa or paket data deleted successfully
21:33:08.474 [main] DEBUG net.thucydides.core.steps.StepInterceptor - STEP DONE: Admin received message success : pulsa or paket data deleted successfully
  &amp#27;[32mAnd &amp#27;[0m&amp#27;[32mAdmin received message success : pulsa or paket data deleted successfully&amp#27;[0m &amp#27;[90m# starter.stepdefinitions.admin.PPD.DeletePPDbyAdminSteps.adminReceivedMessageSuccessPulsaOrPaketDataDeletedSuccessfully()&amp#27;[0m
21:33:08.482 [main] INFO  - 
  _____   ___   ___   _____     ___     _     ___   ___   ___   ___  
 |_   _| | __| / __| |_   _|   | _ \   /_\   / __| / __| | __| |   \ 
   | |   | _|  \__ \   | |     |  _/  / _ \  \__ \ \__ \ | _|  | |) |
   |_|   |___| |___/   |_|     |_|   /_/ \_\ |___/ |___/ |___| |___/ 

Admin berhasil menghapus salah satu id paket data
----------------------------------------------------------------------
]]></system-out>
  </testcase>
  <testcase name="Admin belum berhasil menghapus salah satu id pulsa karena belum login" classname="Delete PPD use id by Admin" time="0.662">
    <system-out><![CDATA[
@Delete-PPD-by-Admin-03
Scenario: Admin belum berhasil menghapus salah satu id pulsa karena belum login &amp#27;[90m# src/test/resources/features/DeletePPDbyAdmin.feature:22&amp#27;[0m
21:33:08.523 [main] INFO io.cucumber.core.plugin.SerenityReporter - Running feature from file:///C:/Dev/CapstoneProjectBaru/SKUYPAY%20API%20AUTOMATION/src/test/resources/features/DeletePPDbyAdmin.feature
21:33:08.531 [main] INFO  - 
  _____   ___   ___   _____     ___   _____     _     ___   _____   ___   ___  
 |_   _| | __| / __| |_   _|   / __| |_   _|   /_\   | _ \ |_   _| | __| |   \ 
   | |   | _|  \__ \   | |     \__ \   | |    / _ \  |   /   | |   | _|  | |) |
   |_|   |___| |___/   |_|     |___/   |_|   /_/ \_\ |_|_\   |_|   |___| |___/ 

Admin belum berhasil menghapus salah satu id pulsa karena belum login(delete-ppd-use-id-by-admin;admin-belum-berhasil-menghapus-salah-satu-id-pulsa-karena-belum-login)
--------------------------------------------------------------------------------
21:33:08.579 [main] DEBUG net.thucydides.core.steps.StepInterceptor - STARTING STEP: DeletePPDbyAdminSteps.adminSetDeletePPDApiEndpoint - Admin set get PPD api endpoint
21:33:08.579 [main] DEBUG net.thucydides.core.steps.StepInterceptor - STEP DONE: Admin set get PPD api endpoint
  &amp#27;[32mGiven &amp#27;[0m&amp#27;[32mAdmin set delete PPD api endpoint&amp#27;[0m                                       &amp#27;[90m# starter.stepdefinitions.admin.PPD.DeletePPDbyAdminSteps.adminSetDeletePPDApiEndpoint()&amp#27;[0m
21:33:08.595 [main] DEBUG net.thucydides.core.steps.StepInterceptor - STARTING STEP: DeletePPDbyAdminSteps.adminSendHTTPRequestWithParamsPulsaId - Admin send HTTP request with params pulsa id
21:33:08.603 [main] DEBUG net.thucydides.core.steps.StepInterceptor - STARTING STEP: DeletePPDbyAdmin.adminsendHTTPrequestwithparamspulsaid - Admin set get PPD api endpoint
21:33:08.603 [main] DEBUG net.thucydides.core.steps.StepInterceptor - STEP DONE: Admin set get PPD api endpoint
21:33:08.651 [main] DEBUG org.apache.http.impl.conn.BasicClientConnectionManager - Get connection for route {}->http://34.101.78.228:2424
21:33:08.651 [main] DEBUG org.apache.http.impl.conn.DefaultClientConnectionOperator - Connecting to 34.101.78.228:2424
21:33:08.868 [main] DEBUG org.apache.http.client.protocol.RequestAddCookies - CookieSpec selected: ignoreCookies
21:33:08.868 [main] DEBUG org.apache.http.client.protocol.RequestAuthCache - Auth cache not set in the context
21:33:08.868 [main] DEBUG org.apache.http.client.protocol.RequestProxyAuthentication - Proxy auth state: UNCHALLENGED
21:33:08.876 [main] DEBUG org.apache.http.impl.client.DefaultHttpClient - Attempt 1 to execute request
21:33:08.876 [main] DEBUG org.apache.http.impl.conn.DefaultClientConnection - Sending request: DELETE /api/v1/admin/ppd/b6c36cc0-56da-44d2-97eb-0a4ee321f381 HTTP/1.1
21:33:08.876 [main] DEBUG org.apache.http.wire -  >> "DELETE /api/v1/admin/ppd/b6c36cc0-56da-44d2-97eb-0a4ee321f381 HTTP/1.1[\r][\n]"
21:33:08.876 [main] DEBUG org.apache.http.wire -  >> "Authorization: Bearer [\r][\n]"
21:33:08.876 [main] DEBUG org.apache.http.wire -  >> "Accept: application/json[\r][\n]"
21:33:08.876 [main] DEBUG org.apache.http.wire -  >> "Host: 34.101.78.228:2424[\r][\n]"
21:33:08.876 [main] DEBUG org.apache.http.wire -  >> "Connection: Keep-Alive[\r][\n]"
21:33:08.876 [main] DEBUG org.apache.http.wire -  >> "User-Agent: Apache-HttpClient/4.5.13 (Java/19.0.2)[\r][\n]"
21:33:08.876 [main] DEBUG org.apache.http.wire -  >> "Accept-Encoding: gzip,deflate[\r][\n]"
21:33:08.876 [main] DEBUG org.apache.http.wire -  >> "[\r][\n]"
21:33:08.876 [main] DEBUG org.apache.http.headers - >> DELETE /api/v1/admin/ppd/b6c36cc0-56da-44d2-97eb-0a4ee321f381 HTTP/1.1
21:33:08.876 [main] DEBUG org.apache.http.headers - >> Authorization: Bearer 
21:33:08.876 [main] DEBUG org.apache.http.headers - >> Accept: application/json
21:33:08.876 [main] DEBUG org.apache.http.headers - >> Host: 34.101.78.228:2424
21:33:08.876 [main] DEBUG org.apache.http.headers - >> Connection: Keep-Alive
21:33:08.876 [main] DEBUG org.apache.http.headers - >> User-Agent: Apache-HttpClient/4.5.13 (Java/19.0.2)
21:33:08.876 [main] DEBUG org.apache.http.headers - >> Accept-Encoding: gzip,deflate
21:33:09.088 [main] DEBUG org.apache.http.wire -  << "HTTP/1.1 400 Bad Request[\r][\n]"
21:33:09.088 [main] DEBUG org.apache.http.wire -  << "Content-Type: application/json; charset=UTF-8[\r][\n]"
21:33:09.088 [main] DEBUG org.apache.http.wire -  << "Vary: Origin[\r][\n]"
21:33:09.088 [main] DEBUG org.apache.http.wire -  << "Date: Tue, 20 Jun 2023 14:33:08 GMT[\r][\n]"
21:33:09.088 [main] DEBUG org.apache.http.wire -  << "Content-Length: 39[\r][\n]"
21:33:09.088 [main] DEBUG org.apache.http.wire -  << "[\r][\n]"
21:33:09.088 [main] DEBUG org.apache.http.impl.conn.DefaultClientConnection - Receiving response: HTTP/1.1 400 Bad Request
21:33:09.088 [main] DEBUG org.apache.http.headers - << HTTP/1.1 400 Bad Request
21:33:09.088 [main] DEBUG org.apache.http.headers - << Content-Type: application/json; charset=UTF-8
21:33:09.088 [main] DEBUG org.apache.http.headers - << Vary: Origin
21:33:09.088 [main] DEBUG org.apache.http.headers - << Date: Tue, 20 Jun 2023 14:33:08 GMT
21:33:09.088 [main] DEBUG org.apache.http.headers - << Content-Length: 39
21:33:09.088 [main] DEBUG org.apache.http.impl.client.DefaultHttpClient - Connection can be kept alive indefinitely
21:33:09.088 [main] DEBUG io.restassured.internal.RestAssuredHttpBuilder - Parsing response as: application/json; charset=UTF-8
21:33:09.088 [main] DEBUG io.restassured.internal.RestAssuredHttpBuilder - Parsed data to instance of: class org.apache.http.conn.EofSensorInputStream
21:33:09.096 [main] DEBUG org.apache.http.wire -  << "{"message":"missing or malformed jwt"}[\n]"
21:33:09.096 [main] DEBUG org.apache.http.impl.conn.BasicClientConnectionManager - Releasing connection org.apache.http.impl.conn.ManagedClientConnectionImpl@443dae2
21:33:09.096 [main] DEBUG org.apache.http.impl.conn.BasicClientConnectionManager - Connection can be kept alive indefinitely
21:33:09.096 [main] DEBUG net.thucydides.core.steps.StepInterceptor - STEP DONE: Admin send HTTP request with params pulsa id
  &amp#27;[32mWhen &amp#27;[0m&amp#27;[32mAdmin send HTTP request with params Pulsa id&amp#27;[0m                             &amp#27;[90m# starter.stepdefinitions.admin.PPD.DeletePPDbyAdminSteps.adminSendHTTPRequestWithParamsPulsaId()&amp#27;[0m
21:33:09.104 [main] DEBUG net.thucydides.core.steps.StepInterceptor - STARTING STEP: DeletePPDbyAdminSteps.adminReceivedInvalidHTTPResponseCodeForDeletePPDByAdmin - Admin received invalid HTTP response code 400
21:33:09.104 [main] DEBUG net.thucydides.core.steps.StepInterceptor - STEP DONE: Admin received invalid HTTP response code 400
  &amp#27;[32mAnd &amp#27;[0m&amp#27;[32mAdmin received invalid HTTP response code &amp#27;[0m&amp#27;[32m&amp#27;[1m400&amp#27;[0m&amp#27;[32m for delete PPD by admin&amp#27;[0m     &amp#27;[90m# starter.stepdefinitions.admin.PPD.DeletePPDbyAdminSteps.adminReceivedInvalidHTTPResponseCodeForDeletePPDByAdmin(int)&amp#27;[0m
21:33:09.120 [main] DEBUG net.thucydides.core.steps.StepInterceptor - STARTING STEP: DeletePPDbyAdminSteps.adminReceivedErorMessageMissingOrMalformedJwt - Admin received message success : missing or malformed jwt
21:33:09.144 [main] DEBUG net.thucydides.core.steps.StepInterceptor - STEP DONE: Admin received message success : missing or malformed jwt
  &amp#27;[32mAnd &amp#27;[0m&amp#27;[32mAdmin received eror message : missing or malformed jwt&amp#27;[0m                    &amp#27;[90m# starter.stepdefinitions.admin.PPD.DeletePPDbyAdminSteps.adminReceivedErorMessageMissingOrMalformedJwt()&amp#27;[0m
21:33:09.152 [main] INFO  - 
  _____   ___   ___   _____     ___     _     ___   ___   ___   ___  
 |_   _| | __| / __| |_   _|   | _ \   /_\   / __| / __| | __| |   \ 
   | |   | _|  \__ \   | |     |  _/  / _ \  \__ \ \__ \ | _|  | |) |
   |_|   |___| |___/   |_|     |_|   /_/ \_\ |___/ |___/ |___| |___/ 

Admin belum berhasil menghapus salah satu id pulsa karena belum login
----------------------------------------------------------------------
]]></system-out>
  </testcase>
</testsuite>