<?xml version="1.0" encoding="UTF-8"?>
<testsuite xmlns:xsi="http://www.w3.org/2001/XMLSchema-instance" xsi:noNamespaceSchemaLocation="https://maven.apache.org/surefire/maven-failsafe-plugin/xsd/failsafe-test-report-3.0.xsd" version="3.0" name="starter.CucumberTestSuite" time="13.593" tests="5" errors="0" skipped="0" failures="2">
  <properties>
[...]
</properties>
  <testcase name="User mendapatkan data token dari fitur login" classname="Login User" time="4.996">
    <system-out><![CDATA[13:50:15.668 [main] DEBUG net.thucydides.core.guice.Injectors - Created injector for module net.thucydides.core.guice.ThucydidesModule
13:50:15.984 [main] INFO io.cucumber.core.plugin.SerenityReporter - Running feature from file:///C:/Dev/CapstoneProjectBaru/SKUYPAY%20API%20AUTOMATION/src/test/resources/features/LoginUser.feature
13:50:16.186 [main] DEBUG net.thucydides.core.guice.Injectors - Created injector for module net.thucydides.core.guice.webdriver.WebDriverModule
13:50:16.201 [main] INFO  - 

-------------------------------------------------------------------------------------
     _______. _______ .______       _______ .__   __.  __  .___________.____    ____ 
    /       ||   ____||   _  \     |   ____||  \ |  | |  | |           |\   \  /   / 
   |   (----`|  |__   |  |_)  |    |  |__   |   \|  | |  | `---|  |----` \   \/   /  
    \   \    |   __|  |      /     |   __|  |  . `  | |  |     |  |       \_    _/   
.----)   |   |  |____ |  |\  \----.|  |____ |  |\   | |  |     |  |         |  |     
|_______/    |_______|| _| `._____||_______||__| \__| |__|     |__|         |__|    
                                                                                     
 News and tutorials at http://www.serenity-bdd.info                                  
 Documentation at https://wakaleo.gitbooks.io/the-serenity-book/content/             
 Join the Serenity Community on Gitter: https://gitter.im/serenity-bdd/serenity-core 
 Serenity BDD Support and Training at http://serenity-bdd.info/#/trainingandsupport  
-------------------------------------------------------------------------------------

13:50:16.204 [main] DEBUG net.thucydides.core.steps.StepEventBus - Test suite started for story net.thucydides.core.model.Story@5e12c7ed
13:50:16.206 [main] INFO  - Test Suite Started: Login User
13:50:16.220 [main] INFO io.cucumber.core.plugin.SerenityReporter - Running feature from file:///C:/Dev/CapstoneProjectBaru/SKUYPAY%20API%20AUTOMATION/src/test/resources/features/LoginUser.feature
13:50:16.223 [main] DEBUG net.thucydides.core.steps.StepEventBus - Test suite started for story net.thucydides.core.model.Story@5e12c7ed
13:50:16.224 [main] INFO  - Test Suite Started: Login User

@Login-01
Scenario: User mendapatkan data token dari fitur login   &amp#27;[90m# src/test/resources/features/LoginUser.feature:4&amp#27;[0m
13:50:16.338 [main] INFO io.cucumber.core.plugin.SerenityReporter - Running feature from file:///C:/Dev/CapstoneProjectBaru/SKUYPAY%20API%20AUTOMATION/src/test/resources/features/LoginUser.feature
13:50:16.486 [main] INFO  - 
  _____   ___   ___   _____     ___   _____     _     ___   _____   ___   ___  
 |_   _| | __| / __| |_   _|   / __| |_   _|   /_\   | _ \ |_   _| | __| |   \ 
   | |   | _|  \__ \   | |     \__ \   | |    / _ \  |   /   | |   | _|  | |) |
   |_|   |___| |___/   |_|     |___/   |_|   /_/ \_\ |_|_\   |_|   |___| |___/ 

User mendapatkan data token dari fitur login(login-user;user-mendapatkan-data-token-dari-fitur-login)
--------------------------------------------------------------------------------
13:50:17.163 [main] DEBUG net.thucydides.core.steps.StepInterceptor - STARTING STEP: LoginUserSteps.iSetLoginApiEndpointForLoginFeature - I set login api endpoint for login feature
13:50:17.166 [main] DEBUG net.thucydides.core.steps.StepInterceptor - STEP DONE: I set login api endpoint for login feature
  &amp#27;[32mGiven &amp#27;[0m&amp#27;[32mI set login api endpoint for login feature&amp#27;[0m       &amp#27;[90m# starter.stepdefinitions.LoginUserSteps.iSetLoginApiEndpointForLoginFeature()&amp#27;[0m
13:50:17.179 [main] DEBUG net.thucydides.core.steps.StepInterceptor - STARTING STEP: LoginUserSteps.iSendLoginHTTPRequestForLoginFeature - I send login HTTP request
13:50:19.277 [main] DEBUG net.thucydides.core.steps.StepInterceptor - STARTING STEP: LoginUser.iSendPOSTHTTPRequest - I set login api endpoint for login feature
13:50:19.277 [main] DEBUG net.thucydides.core.steps.StepInterceptor - STEP DONE: I set login api endpoint for login feature
13:50:20.186 [main] DEBUG org.apache.http.impl.conn.BasicClientConnectionManager - Get connection for route {}->http://34.101.78.228:2424
13:50:20.195 [main] DEBUG org.apache.http.impl.conn.DefaultClientConnectionOperator - Connecting to 34.101.78.228:2424
13:50:20.239 [main] DEBUG org.apache.http.client.protocol.RequestAddCookies - CookieSpec selected: ignoreCookies
13:50:20.240 [main] DEBUG org.apache.http.client.protocol.RequestAuthCache - Auth cache not set in the context
13:50:20.241 [main] DEBUG org.apache.http.client.protocol.RequestTargetAuthentication - Target auth state: UNCHALLENGED
13:50:20.241 [main] DEBUG org.apache.http.client.protocol.RequestProxyAuthentication - Proxy auth state: UNCHALLENGED
13:50:20.241 [main] DEBUG org.apache.http.impl.client.DefaultHttpClient - Attempt 1 to execute request
13:50:20.241 [main] DEBUG org.apache.http.impl.conn.DefaultClientConnection - Sending request: POST /api/v1/login HTTP/1.1
13:50:20.242 [main] DEBUG org.apache.http.wire -  >> "POST /api/v1/login HTTP/1.1[\r][\n]"
13:50:20.242 [main] DEBUG org.apache.http.wire -  >> "Accept: */*[\r][\n]"
13:50:20.243 [main] DEBUG org.apache.http.wire -  >> "Content-Type: application/json[\r][\n]"
13:50:20.243 [main] DEBUG org.apache.http.wire -  >> "Content-Length: 49[\r][\n]"
13:50:20.243 [main] DEBUG org.apache.http.wire -  >> "Host: 34.101.78.228:2424[\r][\n]"
13:50:20.243 [main] DEBUG org.apache.http.wire -  >> "Connection: Keep-Alive[\r][\n]"
13:50:20.243 [main] DEBUG org.apache.http.wire -  >> "User-Agent: Apache-HttpClient/4.5.13 (Java/19.0.2)[\r][\n]"
13:50:20.243 [main] DEBUG org.apache.http.wire -  >> "Accept-Encoding: gzip,deflate[\r][\n]"
13:50:20.243 [main] DEBUG org.apache.http.wire -  >> "[\r][\n]"
13:50:20.243 [main] DEBUG org.apache.http.headers - >> POST /api/v1/login HTTP/1.1
13:50:20.243 [main] DEBUG org.apache.http.headers - >> Accept: */*
13:50:20.243 [main] DEBUG org.apache.http.headers - >> Content-Type: application/json
13:50:20.243 [main] DEBUG org.apache.http.headers - >> Content-Length: 49
13:50:20.243 [main] DEBUG org.apache.http.headers - >> Host: 34.101.78.228:2424
13:50:20.243 [main] DEBUG org.apache.http.headers - >> Connection: Keep-Alive
13:50:20.243 [main] DEBUG org.apache.http.headers - >> User-Agent: Apache-HttpClient/4.5.13 (Java/19.0.2)
13:50:20.243 [main] DEBUG org.apache.http.headers - >> Accept-Encoding: gzip,deflate
13:50:20.243 [main] DEBUG org.apache.http.wire -  >> "{"password":"12345678","email":"user2@gmail.com"}"
13:50:20.349 [main] DEBUG org.apache.http.wire -  << "HTTP/1.1 200 OK[\r][\n]"
13:50:20.352 [main] DEBUG org.apache.http.wire -  << "Content-Type: application/json; charset=UTF-8[\r][\n]"
13:50:20.352 [main] DEBUG org.apache.http.wire -  << "Vary: Origin[\r][\n]"
13:50:20.352 [main] DEBUG org.apache.http.wire -  << "Date: Sat, 17 Jun 2023 06:50:13 GMT[\r][\n]"
13:50:20.352 [main] DEBUG org.apache.http.wire -  << "Content-Length: 406[\r][\n]"
13:50:20.352 [main] DEBUG org.apache.http.wire -  << "[\r][\n]"
13:50:20.353 [main] DEBUG org.apache.http.impl.conn.DefaultClientConnection - Receiving response: HTTP/1.1 200 OK
13:50:20.353 [main] DEBUG org.apache.http.headers - << HTTP/1.1 200 OK
13:50:20.353 [main] DEBUG org.apache.http.headers - << Content-Type: application/json; charset=UTF-8
13:50:20.354 [main] DEBUG org.apache.http.headers - << Vary: Origin
13:50:20.354 [main] DEBUG org.apache.http.headers - << Date: Sat, 17 Jun 2023 06:50:13 GMT
13:50:20.354 [main] DEBUG org.apache.http.headers - << Content-Length: 406
13:50:20.358 [main] DEBUG org.apache.http.impl.client.DefaultHttpClient - Connection can be kept alive indefinitely
13:50:20.364 [main] DEBUG io.restassured.internal.RestAssuredHttpBuilder - Parsing response as: application/json; charset=UTF-8
13:50:20.364 [main] DEBUG io.restassured.internal.RestAssuredHttpBuilder - Parsed data to instance of: class org.apache.http.conn.EofSensorInputStream
13:50:20.424 [main] DEBUG org.apache.http.wire -  << "{"data":{"id":"eaf0b5ed-d242-41aa-98e2-61b53f42fbde","name":"user1","email":"user2@gmail.com","token":"eyJhbGciOiJIUzI1NiIsInR5cCI6IkpXVCJ9.eyJhdXRob3JpemVkIjp0cnVlLCJleHAiOjE2ODk1NzY2MTMsInVzZXJJZCI6ImVhZjBiNWVkLWQyNDItNDFhYS05OGUyLTYxYjUzZjQyZmJkZSIsInVzZXJfdHlwZSI6InVzZXIifQ.EfQ-0tDgdD9vFY7jPRRz2t6XujmqtqxmxKOUXxoxLRc"},"metadata":{"status":200,"message":"User Login successfully"},"pagination":null}[\n]"
13:50:20.425 [main] DEBUG org.apache.http.impl.conn.BasicClientConnectionManager - Releasing connection org.apache.http.impl.conn.ManagedClientConnectionImpl@1a0ffb9b
13:50:20.425 [main] DEBUG org.apache.http.impl.conn.BasicClientConnectionManager - Connection can be kept alive indefinitely
13:50:21.114 [main] DEBUG net.thucydides.core.steps.StepInterceptor - STEP DONE: I send login HTTP request
  &amp#27;[32mWhen &amp#27;[0m&amp#27;[32mI send login HTTP request for login feature&amp#27;[0m       &amp#27;[90m# starter.stepdefinitions.LoginUserSteps.iSendLoginHTTPRequestForLoginFeature()&amp#27;[0m
13:50:21.124 [main] DEBUG net.thucydides.core.steps.StepInterceptor - STARTING STEP: LoginUserSteps.iReceivedValidHTTPResponseCodeForLogin - I received valid HTTP response code {int} for login
13:50:21.159 [main] DEBUG net.thucydides.core.steps.StepInterceptor - STEP DONE: I received valid HTTP response code {int} for login
  &amp#27;[32mThen &amp#27;[0m&amp#27;[32mI received valid HTTP response code &amp#27;[0m&amp#27;[32m&amp#27;[1m200&amp#27;[0m&amp#27;[32m for login&amp#27;[0m &amp#27;[90m# starter.stepdefinitions.LoginUserSteps.iReceivedValidHTTPResponseCodeForLogin(int)&amp#27;[0m
13:50:21.166 [main] DEBUG net.thucydides.core.steps.StepInterceptor - STARTING STEP: LoginUserSteps.iReceivedValidDataForLogin - I received valid data for login
13:50:21.210 [main] DEBUG net.thucydides.core.steps.StepInterceptor - STEP DONE: I received valid data for login
  &amp#27;[32mThen &amp#27;[0m&amp#27;[32mI received valid data for login&amp#27;[0m                   &amp#27;[90m# starter.stepdefinitions.LoginUserSteps.iReceivedValidDataForLogin()&amp#27;[0m
13:50:21.216 [main] INFO  - 
  _____   ___   ___   _____     ___     _     ___   ___   ___   ___  
 |_   _| | __| / __| |_   _|   | _ \   /_\   / __| / __| | __| |   \ 
   | |   | _|  \__ \   | |     |  _/  / _ \  \__ \ \__ \ | _|  | |) |
   |_|   |___| |___/   |_|     |_|   /_/ \_\ |___/ |___/ |___| |___/ 

User mendapatkan data token dari fitur login
----------------------------------------------------------------------
]]></system-out>
  </testcase>
  <testcase name="User tidak mendapatkan data token dari fitur login karena kredensial password tidak valid" classname="Login User" time="0.49">
    <system-out><![CDATA[
@Login-02
Scenario: User tidak mendapatkan data token dari fitur login karena kredensial password tidak valid &amp#27;[90m# src/test/resources/features/LoginUser.feature:11&amp#27;[0m
13:50:21.239 [main] INFO io.cucumber.core.plugin.SerenityReporter - Running feature from file:///C:/Dev/CapstoneProjectBaru/SKUYPAY%20API%20AUTOMATION/src/test/resources/features/LoginUser.feature
13:50:21.246 [main] INFO  - 
  _____   ___   ___   _____     ___   _____     _     ___   _____   ___   ___  
 |_   _| | __| / __| |_   _|   / __| |_   _|   /_\   | _ \ |_   _| | __| |   \ 
   | |   | _|  \__ \   | |     \__ \   | |    / _ \  |   /   | |   | _|  | |) |
   |_|   |___| |___/   |_|     |___/   |_|   /_/ \_\ |_|_\   |_|   |___| |___/ 

User tidak mendapatkan data token dari fitur login karena kredensial password tidak valid(login-user;user-tidak-mendapatkan-data-token-dari-fitur-login-karena-kredensial-password-tidak-valid)
--------------------------------------------------------------------------------
13:50:21.264 [main] DEBUG net.thucydides.core.steps.StepInterceptor - STARTING STEP: LoginUserSteps.iSetLoginApiEndpointForLoginFeature - I set login api endpoint for login feature
13:50:21.265 [main] DEBUG net.thucydides.core.steps.StepInterceptor - STEP DONE: I set login api endpoint for login feature
  &amp#27;[32mGiven &amp#27;[0m&amp#27;[32mI set login api endpoint for login feature&amp#27;[0m                                                  &amp#27;[90m# starter.stepdefinitions.LoginUserSteps.iSetLoginApiEndpointForLoginFeature()&amp#27;[0m
13:50:21.278 [main] DEBUG net.thucydides.core.steps.StepInterceptor - STARTING STEP: LoginUserSteps.iSendLoginHTTPRequestWithInvalidDataForLoginFeature - I send login HTTP request with invalid data for login feature
13:50:21.282 [main] DEBUG net.thucydides.core.steps.StepInterceptor - STARTING STEP: LoginUser.iSendPOSTHTTPRequestwithinvaliddataforloginfeature - I set login api endpoint for login feature
13:50:21.283 [main] DEBUG net.thucydides.core.steps.StepInterceptor - STEP DONE: I set login api endpoint for login feature
13:50:21.313 [main] DEBUG org.apache.http.impl.conn.BasicClientConnectionManager - Get connection for route {}->http://34.101.78.228:2424
13:50:21.313 [main] DEBUG org.apache.http.impl.conn.DefaultClientConnectionOperator - Connecting to 34.101.78.228:2424
13:50:21.416 [main] DEBUG org.apache.http.client.protocol.RequestAddCookies - CookieSpec selected: ignoreCookies
13:50:21.417 [main] DEBUG org.apache.http.client.protocol.RequestAuthCache - Auth cache not set in the context
13:50:21.417 [main] DEBUG org.apache.http.client.protocol.RequestTargetAuthentication - Target auth state: UNCHALLENGED
13:50:21.417 [main] DEBUG org.apache.http.client.protocol.RequestProxyAuthentication - Proxy auth state: UNCHALLENGED
13:50:21.417 [main] DEBUG org.apache.http.impl.client.DefaultHttpClient - Attempt 1 to execute request
13:50:21.417 [main] DEBUG org.apache.http.impl.conn.DefaultClientConnection - Sending request: POST /api/v1/login HTTP/1.1
13:50:21.417 [main] DEBUG org.apache.http.wire -  >> "POST /api/v1/login HTTP/1.1[\r][\n]"
13:50:21.417 [main] DEBUG org.apache.http.wire -  >> "Accept: */*[\r][\n]"
13:50:21.417 [main] DEBUG org.apache.http.wire -  >> "Content-Type: application/json[\r][\n]"
13:50:21.417 [main] DEBUG org.apache.http.wire -  >> "Content-Length: 49[\r][\n]"
13:50:21.418 [main] DEBUG org.apache.http.wire -  >> "Host: 34.101.78.228:2424[\r][\n]"
13:50:21.418 [main] DEBUG org.apache.http.wire -  >> "Connection: Keep-Alive[\r][\n]"
13:50:21.418 [main] DEBUG org.apache.http.wire -  >> "User-Agent: Apache-HttpClient/4.5.13 (Java/19.0.2)[\r][\n]"
13:50:21.418 [main] DEBUG org.apache.http.wire -  >> "Accept-Encoding: gzip,deflate[\r][\n]"
13:50:21.418 [main] DEBUG org.apache.http.wire -  >> "[\r][\n]"
13:50:21.418 [main] DEBUG org.apache.http.headers - >> POST /api/v1/login HTTP/1.1
13:50:21.418 [main] DEBUG org.apache.http.headers - >> Accept: */*
13:50:21.418 [main] DEBUG org.apache.http.headers - >> Content-Type: application/json
13:50:21.418 [main] DEBUG org.apache.http.headers - >> Content-Length: 49
13:50:21.418 [main] DEBUG org.apache.http.headers - >> Host: 34.101.78.228:2424
13:50:21.418 [main] DEBUG org.apache.http.headers - >> Connection: Keep-Alive
13:50:21.419 [main] DEBUG org.apache.http.headers - >> User-Agent: Apache-HttpClient/4.5.13 (Java/19.0.2)
13:50:21.419 [main] DEBUG org.apache.http.headers - >> Accept-Encoding: gzip,deflate
13:50:21.419 [main] DEBUG org.apache.http.wire -  >> "{"password":"12345679","email":"user2@gmail.com"}"
13:50:21.645 [main] DEBUG org.apache.http.wire -  << "HTTP/1.1 400 Bad Request[\r][\n]"
13:50:21.646 [main] DEBUG org.apache.http.wire -  << "Content-Type: application/json; charset=UTF-8[\r][\n]"
13:50:21.646 [main] DEBUG org.apache.http.wire -  << "Vary: Origin[\r][\n]"
13:50:21.646 [main] DEBUG org.apache.http.wire -  << "Date: Sat, 17 Jun 2023 06:50:14 GMT[\r][\n]"
13:50:21.646 [main] DEBUG org.apache.http.wire -  << "Content-Length: 53[\r][\n]"
13:50:21.646 [main] DEBUG org.apache.http.wire -  << "[\r][\n]"
13:50:21.646 [main] DEBUG org.apache.http.impl.conn.DefaultClientConnection - Receiving response: HTTP/1.1 400 Bad Request
13:50:21.646 [main] DEBUG org.apache.http.headers - << HTTP/1.1 400 Bad Request
13:50:21.646 [main] DEBUG org.apache.http.headers - << Content-Type: application/json; charset=UTF-8
13:50:21.646 [main] DEBUG org.apache.http.headers - << Vary: Origin
13:50:21.646 [main] DEBUG org.apache.http.headers - << Date: Sat, 17 Jun 2023 06:50:14 GMT
13:50:21.647 [main] DEBUG org.apache.http.headers - << Content-Length: 53
13:50:21.647 [main] DEBUG org.apache.http.impl.client.DefaultHttpClient - Connection can be kept alive indefinitely
13:50:21.647 [main] DEBUG io.restassured.internal.RestAssuredHttpBuilder - Parsing response as: application/json; charset=UTF-8
13:50:21.647 [main] DEBUG io.restassured.internal.RestAssuredHttpBuilder - Parsed data to instance of: class org.apache.http.conn.EofSensorInputStream
13:50:21.650 [main] DEBUG org.apache.http.wire -  << "{"status":400,"message":"invalid email or password"}[\n]"
13:50:21.651 [main] DEBUG org.apache.http.impl.conn.BasicClientConnectionManager - Releasing connection org.apache.http.impl.conn.ManagedClientConnectionImpl@3428420d
13:50:21.651 [main] DEBUG org.apache.http.impl.conn.BasicClientConnectionManager - Connection can be kept alive indefinitely
13:50:21.682 [main] DEBUG net.thucydides.core.steps.StepInterceptor - STEP DONE: I send login HTTP request with invalid data for login feature
  &amp#27;[32mWhen &amp#27;[0m&amp#27;[32mI send login HTTP request with invalid data for login feature&amp#27;[0m                                &amp#27;[90m# starter.stepdefinitions.LoginUserSteps.iSendLoginHTTPRequestWithInvalidDataForLoginFeature()&amp#27;[0m
13:50:21.688 [main] DEBUG net.thucydides.core.steps.StepInterceptor - STARTING STEP: LoginUserSteps.iReceivedValidHTTPResponseCodeForLoginBecauseInvalidPassword - I received invalid HTTP response code 400 for login
13:50:21.690 [main] DEBUG net.thucydides.core.steps.StepInterceptor - STEP DONE: I received invalid HTTP response code 400 for login
  &amp#27;[32mThen &amp#27;[0m&amp#27;[32mI received invalid HTTP response code &amp#27;[0m&amp#27;[32m&amp#27;[1m400&amp#27;[0m&amp#27;[32m for login&amp#27;[0m                                          &amp#27;[90m# starter.stepdefinitions.LoginUserSteps.iReceivedValidHTTPResponseCodeForLoginBecauseInvalidPassword(int)&amp#27;[0m
13:50:21.697 [main] DEBUG net.thucydides.core.steps.StepInterceptor - STARTING STEP: LoginUserSteps.iReceivedErrorMessageInvalidEmailOrPassword - I received error message : invalid email or password
13:50:21.710 [main] DEBUG net.thucydides.core.steps.StepInterceptor - STEP DONE: I received error message : invalid email or password
  &amp#27;[32mThen &amp#27;[0m&amp#27;[32mI received error message : invalid email or password&amp#27;[0m                                         &amp#27;[90m# starter.stepdefinitions.LoginUserSteps.iReceivedErrorMessageInvalidEmailOrPassword()&amp#27;[0m
13:50:21.713 [main] INFO  - 
  _____   ___   ___   _____     ___     _     ___   ___   ___   ___  
 |_   _| | __| / __| |_   _|   | _ \   /_\   / __| / __| | __| |   \ 
   | |   | _|  \__ \   | |     |  _/  / _ \  \__ \ \__ \ | _|  | |) |
   |_|   |___| |___/   |_|     |_|   /_/ \_\ |___/ |___/ |___| |___/ 

User tidak mendapatkan data token dari fitur login karena kredensial password tidak valid
----------------------------------------------------------------------
]]></system-out>
  </testcase>
  <testcase name="User tidak mendapatkan data token dari fitur login karena nama email tidak terdaftar" classname="Login User" time="0.285">
    <system-out><![CDATA[
@Login-03
Scenario: User tidak mendapatkan data token dari fitur login karena nama email tidak terdaftar &amp#27;[90m# src/test/resources/features/LoginUser.feature:18&amp#27;[0m
13:50:21.726 [main] INFO io.cucumber.core.plugin.SerenityReporter - Running feature from file:///C:/Dev/CapstoneProjectBaru/SKUYPAY%20API%20AUTOMATION/src/test/resources/features/LoginUser.feature
13:50:21.733 [main] INFO  - 
  _____   ___   ___   _____     ___   _____     _     ___   _____   ___   ___  
 |_   _| | __| / __| |_   _|   / __| |_   _|   /_\   | _ \ |_   _| | __| |   \ 
   | |   | _|  \__ \   | |     \__ \   | |    / _ \  |   /   | |   | _|  | |) |
   |_|   |___| |___/   |_|     |___/   |_|   /_/ \_\ |_|_\   |_|   |___| |___/ 

User tidak mendapatkan data token dari fitur login karena nama email tidak terdaftar(login-user;user-tidak-mendapatkan-data-token-dari-fitur-login-karena-nama-email-tidak-terdaftar)
--------------------------------------------------------------------------------
13:50:21.749 [main] DEBUG net.thucydides.core.steps.StepInterceptor - STARTING STEP: LoginUserSteps.iSetLoginApiEndpointForLoginFeature - I set login api endpoint for login feature
13:50:21.750 [main] DEBUG net.thucydides.core.steps.StepInterceptor - STEP DONE: I set login api endpoint for login feature
  &amp#27;[32mGiven &amp#27;[0m&amp#27;[32mI set login api endpoint for login feature&amp#27;[0m                                             &amp#27;[90m# starter.stepdefinitions.LoginUserSteps.iSetLoginApiEndpointForLoginFeature()&amp#27;[0m
13:50:21.756 [main] DEBUG net.thucydides.core.steps.StepInterceptor - STARTING STEP: LoginUserSteps.iSendLoginHTTPRequestWithInvalidEmailNotRegistered - I send login HTTP request with invalid email not registered
13:50:21.759 [main] DEBUG net.thucydides.core.steps.StepInterceptor - STARTING STEP: LoginUser.iSendPOSTHTTPRequestwithinvalidemailnotregistered - I set login api endpoint for login feature
13:50:21.759 [main] DEBUG net.thucydides.core.steps.StepInterceptor - STEP DONE: I set login api endpoint for login feature
13:50:21.785 [main] DEBUG org.apache.http.impl.conn.BasicClientConnectionManager - Get connection for route {}->http://34.101.78.228:2424
13:50:21.785 [main] DEBUG org.apache.http.impl.conn.DefaultClientConnectionOperator - Connecting to 34.101.78.228:2424
13:50:21.853 [main] DEBUG org.apache.http.client.protocol.RequestAddCookies - CookieSpec selected: ignoreCookies
13:50:21.853 [main] DEBUG org.apache.http.client.protocol.RequestAuthCache - Auth cache not set in the context
13:50:21.853 [main] DEBUG org.apache.http.client.protocol.RequestTargetAuthentication - Target auth state: UNCHALLENGED
13:50:21.854 [main] DEBUG org.apache.http.client.protocol.RequestProxyAuthentication - Proxy auth state: UNCHALLENGED
13:50:21.854 [main] DEBUG org.apache.http.impl.client.DefaultHttpClient - Attempt 1 to execute request
13:50:21.854 [main] DEBUG org.apache.http.impl.conn.DefaultClientConnection - Sending request: POST /api/v1/login HTTP/1.1
13:50:21.854 [main] DEBUG org.apache.http.wire -  >> "POST /api/v1/login HTTP/1.1[\r][\n]"
13:50:21.854 [main] DEBUG org.apache.http.wire -  >> "Accept: */*[\r][\n]"
13:50:21.854 [main] DEBUG org.apache.http.wire -  >> "Content-Type: application/json[\r][\n]"
13:50:21.854 [main] DEBUG org.apache.http.wire -  >> "Content-Length: 50[\r][\n]"
13:50:21.854 [main] DEBUG org.apache.http.wire -  >> "Host: 34.101.78.228:2424[\r][\n]"
13:50:21.854 [main] DEBUG org.apache.http.wire -  >> "Connection: Keep-Alive[\r][\n]"
13:50:21.854 [main] DEBUG org.apache.http.wire -  >> "User-Agent: Apache-HttpClient/4.5.13 (Java/19.0.2)[\r][\n]"
13:50:21.854 [main] DEBUG org.apache.http.wire -  >> "Accept-Encoding: gzip,deflate[\r][\n]"
13:50:21.854 [main] DEBUG org.apache.http.wire -  >> "[\r][\n]"
13:50:21.854 [main] DEBUG org.apache.http.headers - >> POST /api/v1/login HTTP/1.1
13:50:21.854 [main] DEBUG org.apache.http.headers - >> Accept: */*
13:50:21.854 [main] DEBUG org.apache.http.headers - >> Content-Type: application/json
13:50:21.854 [main] DEBUG org.apache.http.headers - >> Content-Length: 50
13:50:21.854 [main] DEBUG org.apache.http.headers - >> Host: 34.101.78.228:2424
13:50:21.854 [main] DEBUG org.apache.http.headers - >> Connection: Keep-Alive
13:50:21.854 [main] DEBUG org.apache.http.headers - >> User-Agent: Apache-HttpClient/4.5.13 (Java/19.0.2)
13:50:21.854 [main] DEBUG org.apache.http.headers - >> Accept-Encoding: gzip,deflate
13:50:21.854 [main] DEBUG org.apache.http.wire -  >> "{"password":"12345678","email":"user20@gmail.com"}"
13:50:21.957 [main] DEBUG org.apache.http.wire -  << "HTTP/1.1 400 Bad Request[\r][\n]"
13:50:21.957 [main] DEBUG org.apache.http.wire -  << "Content-Type: application/json; charset=UTF-8[\r][\n]"
13:50:21.957 [main] DEBUG org.apache.http.wire -  << "Vary: Origin[\r][\n]"
13:50:21.957 [main] DEBUG org.apache.http.wire -  << "Date: Sat, 17 Jun 2023 06:50:15 GMT[\r][\n]"
13:50:21.957 [main] DEBUG org.apache.http.wire -  << "Content-Length: 42[\r][\n]"
13:50:21.958 [main] DEBUG org.apache.http.wire -  << "[\r][\n]"
13:50:21.958 [main] DEBUG org.apache.http.impl.conn.DefaultClientConnection - Receiving response: HTTP/1.1 400 Bad Request
13:50:21.958 [main] DEBUG org.apache.http.headers - << HTTP/1.1 400 Bad Request
13:50:21.958 [main] DEBUG org.apache.http.headers - << Content-Type: application/json; charset=UTF-8
13:50:21.958 [main] DEBUG org.apache.http.headers - << Vary: Origin
13:50:21.958 [main] DEBUG org.apache.http.headers - << Date: Sat, 17 Jun 2023 06:50:15 GMT
13:50:21.958 [main] DEBUG org.apache.http.headers - << Content-Length: 42
13:50:21.958 [main] DEBUG org.apache.http.impl.client.DefaultHttpClient - Connection can be kept alive indefinitely
13:50:21.958 [main] DEBUG io.restassured.internal.RestAssuredHttpBuilder - Parsing response as: application/json; charset=UTF-8
13:50:21.958 [main] DEBUG io.restassured.internal.RestAssuredHttpBuilder - Parsed data to instance of: class org.apache.http.conn.EofSensorInputStream
13:50:21.959 [main] DEBUG org.apache.http.wire -  << "{"status":400,"message":"user not found"}[\n]"
13:50:21.960 [main] DEBUG org.apache.http.impl.conn.BasicClientConnectionManager - Releasing connection org.apache.http.impl.conn.ManagedClientConnectionImpl@746fd19b
13:50:21.960 [main] DEBUG org.apache.http.impl.conn.BasicClientConnectionManager - Connection can be kept alive indefinitely
13:50:21.972 [main] DEBUG net.thucydides.core.steps.StepInterceptor - STEP DONE: I send login HTTP request with invalid email not registered
  &amp#27;[32mWhen &amp#27;[0m&amp#27;[32mI send login HTTP request with invalid email not registered&amp#27;[0m                             &amp#27;[90m# starter.stepdefinitions.LoginUserSteps.iSendLoginHTTPRequestWithInvalidEmailNotRegistered()&amp#27;[0m
13:50:21.977 [main] DEBUG net.thucydides.core.steps.StepInterceptor - STARTING STEP: LoginUserSteps.iReceivedValidHTTPResponseCodeForLoginBecauseInvalidPassword - I received invalid HTTP response code 400 for login
13:50:21.978 [main] DEBUG net.thucydides.core.steps.StepInterceptor - STEP DONE: I received invalid HTTP response code 400 for login
  &amp#27;[32mThen &amp#27;[0m&amp#27;[32mI received invalid HTTP response code &amp#27;[0m&amp#27;[32m&amp#27;[1m400&amp#27;[0m&amp#27;[32m for login&amp#27;[0m                                     &amp#27;[90m# starter.stepdefinitions.LoginUserSteps.iReceivedValidHTTPResponseCodeForLoginBecauseInvalidPassword(int)&amp#27;[0m
13:50:21.983 [main] DEBUG net.thucydides.core.steps.StepInterceptor - STARTING STEP: LoginUserSteps.iReceivedErrorMessageUserNotFound - I received error message : user not found
13:50:21.995 [main] DEBUG net.thucydides.core.steps.StepInterceptor - STEP DONE: I received error message : user not found
  &amp#27;[32mThen &amp#27;[0m&amp#27;[32mI received error message : user not found&amp#27;[0m                                               &amp#27;[90m# starter.stepdefinitions.LoginUserSteps.iReceivedErrorMessageUserNotFound()&amp#27;[0m
13:50:21.999 [main] INFO  - 
  _____   ___   ___   _____     ___     _     ___   ___   ___   ___  
 |_   _| | __| / __| |_   _|   | _ \   /_\   / __| / __| | __| |   \ 
   | |   | _|  \__ \   | |     |  _/  / _ \  \__ \ \__ \ | _|  | |) |
   |_|   |___| |___/   |_|     |_|   /_/ \_\ |___/ |___/ |___| |___/ 

User tidak mendapatkan data token dari fitur login karena nama email tidak terdaftar
----------------------------------------------------------------------
]]></system-out>
  </testcase>
  <testcase name="User tidak mendapatkan data token dari fitur login karena parameter email tidak diisi #1" classname="Login User" time="0.406">
    <failure type="java.lang.AssertionError"><![CDATA[java.lang.AssertionError: 
1 expectation failed.
JSON path message doesn't match.
Expected: email field is required
  Actual: user not found

]]></failure>
    <system-out><![CDATA[
@Login-04
Scenario: User tidak mendapatkan data token dari fitur login karena parameter email tidak diisi &amp#27;[90m# src/test/resources/features/LoginUser.feature:25&amp#27;[0m
13:50:22.008 [main] INFO io.cucumber.core.plugin.SerenityReporter - Running feature from file:///C:/Dev/CapstoneProjectBaru/SKUYPAY%20API%20AUTOMATION/src/test/resources/features/LoginUser.feature
13:50:22.011 [main] INFO  - 
  _____   ___   ___   _____     ___   _____     _     ___   _____   ___   ___  
 |_   _| | __| / __| |_   _|   / __| |_   _|   /_\   | _ \ |_   _| | __| |   \ 
   | |   | _|  \__ \   | |     \__ \   | |    / _ \  |   /   | |   | _|  | |) |
   |_|   |___| |___/   |_|     |___/   |_|   /_/ \_\ |_|_\   |_|   |___| |___/ 

User tidak mendapatkan data token dari fitur login karena parameter email tidak diisi(login-user;user-tidak-mendapatkan-data-token-dari-fitur-login-karena-parameter-email-tidak-diisi)
--------------------------------------------------------------------------------
13:50:22.028 [main] DEBUG net.thucydides.core.steps.StepInterceptor - STARTING STEP: LoginUserSteps.iSetLoginApiEndpointForLoginFeature - I set login api endpoint for login feature
13:50:22.029 [main] DEBUG net.thucydides.core.steps.StepInterceptor - STEP DONE: I set login api endpoint for login feature
  &amp#27;[32mGiven &amp#27;[0m&amp#27;[32mI set login api endpoint for login feature&amp#27;[0m                                              &amp#27;[90m# starter.stepdefinitions.LoginUserSteps.iSetLoginApiEndpointForLoginFeature()&amp#27;[0m
13:50:22.036 [main] DEBUG net.thucydides.core.steps.StepInterceptor - STARTING STEP: LoginUserSteps.iSendLoginHTTPRequestWithNoInputEmail - I send login HTTP request with no input email
13:50:22.039 [main] DEBUG net.thucydides.core.steps.StepInterceptor - STARTING STEP: LoginUser.iSendPOSTHTTPRequestwithnoinputemail - I set login api endpoint for login feature
13:50:22.039 [main] DEBUG net.thucydides.core.steps.StepInterceptor - STEP DONE: I set login api endpoint for login feature
13:50:22.064 [main] DEBUG org.apache.http.impl.conn.BasicClientConnectionManager - Get connection for route {}->http://34.101.78.228:2424
13:50:22.064 [main] DEBUG org.apache.http.impl.conn.DefaultClientConnectionOperator - Connecting to 34.101.78.228:2424
13:50:22.080 [main] DEBUG org.apache.http.client.protocol.RequestAddCookies - CookieSpec selected: ignoreCookies
13:50:22.080 [main] DEBUG org.apache.http.client.protocol.RequestAuthCache - Auth cache not set in the context
13:50:22.080 [main] DEBUG org.apache.http.client.protocol.RequestTargetAuthentication - Target auth state: UNCHALLENGED
13:50:22.080 [main] DEBUG org.apache.http.client.protocol.RequestProxyAuthentication - Proxy auth state: UNCHALLENGED
13:50:22.080 [main] DEBUG org.apache.http.impl.client.DefaultHttpClient - Attempt 1 to execute request
13:50:22.080 [main] DEBUG org.apache.http.impl.conn.DefaultClientConnection - Sending request: POST /api/v1/login HTTP/1.1
13:50:22.080 [main] DEBUG org.apache.http.wire -  >> "POST /api/v1/login HTTP/1.1[\r][\n]"
13:50:22.081 [main] DEBUG org.apache.http.wire -  >> "Accept: */*[\r][\n]"
13:50:22.081 [main] DEBUG org.apache.http.wire -  >> "Content-Type: application/json[\r][\n]"
13:50:22.081 [main] DEBUG org.apache.http.wire -  >> "Content-Length: 34[\r][\n]"
13:50:22.081 [main] DEBUG org.apache.http.wire -  >> "Host: 34.101.78.228:2424[\r][\n]"
13:50:22.081 [main] DEBUG org.apache.http.wire -  >> "Connection: Keep-Alive[\r][\n]"
13:50:22.081 [main] DEBUG org.apache.http.wire -  >> "User-Agent: Apache-HttpClient/4.5.13 (Java/19.0.2)[\r][\n]"
13:50:22.081 [main] DEBUG org.apache.http.wire -  >> "Accept-Encoding: gzip,deflate[\r][\n]"
13:50:22.081 [main] DEBUG org.apache.http.wire -  >> "[\r][\n]"
13:50:22.081 [main] DEBUG org.apache.http.headers - >> POST /api/v1/login HTTP/1.1
13:50:22.081 [main] DEBUG org.apache.http.headers - >> Accept: */*
13:50:22.081 [main] DEBUG org.apache.http.headers - >> Content-Type: application/json
13:50:22.081 [main] DEBUG org.apache.http.headers - >> Content-Length: 34
13:50:22.081 [main] DEBUG org.apache.http.headers - >> Host: 34.101.78.228:2424
13:50:22.081 [main] DEBUG org.apache.http.headers - >> Connection: Keep-Alive
13:50:22.081 [main] DEBUG org.apache.http.headers - >> User-Agent: Apache-HttpClient/4.5.13 (Java/19.0.2)
13:50:22.081 [main] DEBUG org.apache.http.headers - >> Accept-Encoding: gzip,deflate
13:50:22.081 [main] DEBUG org.apache.http.wire -  >> "{"password":"12345678","email":""}"
13:50:22.179 [main] DEBUG org.apache.http.wire -  << "HTTP/1.1 400 Bad Request[\r][\n]"
13:50:22.180 [main] DEBUG org.apache.http.wire -  << "Content-Type: application/json; charset=UTF-8[\r][\n]"
13:50:22.180 [main] DEBUG org.apache.http.wire -  << "Vary: Origin[\r][\n]"
13:50:22.180 [main] DEBUG org.apache.http.wire -  << "Date: Sat, 17 Jun 2023 06:50:15 GMT[\r][\n]"
13:50:22.180 [main] DEBUG org.apache.http.wire -  << "Content-Length: 42[\r][\n]"
13:50:22.180 [main] DEBUG org.apache.http.wire -  << "[\r][\n]"
13:50:22.180 [main] DEBUG org.apache.http.impl.conn.DefaultClientConnection - Receiving response: HTTP/1.1 400 Bad Request
13:50:22.180 [main] DEBUG org.apache.http.headers - << HTTP/1.1 400 Bad Request
13:50:22.180 [main] DEBUG org.apache.http.headers - << Content-Type: application/json; charset=UTF-8
13:50:22.180 [main] DEBUG org.apache.http.headers - << Vary: Origin
13:50:22.180 [main] DEBUG org.apache.http.headers - << Date: Sat, 17 Jun 2023 06:50:15 GMT
13:50:22.180 [main] DEBUG org.apache.http.headers - << Content-Length: 42
13:50:22.181 [main] DEBUG org.apache.http.impl.client.DefaultHttpClient - Connection can be kept alive indefinitely
13:50:22.181 [main] DEBUG io.restassured.internal.RestAssuredHttpBuilder - Parsing response as: application/json; charset=UTF-8
13:50:22.181 [main] DEBUG io.restassured.internal.RestAssuredHttpBuilder - Parsed data to instance of: class org.apache.http.conn.EofSensorInputStream
13:50:22.184 [main] DEBUG org.apache.http.wire -  << "{"status":400,"message":"user not found"}[\n]"
13:50:22.184 [main] DEBUG org.apache.http.impl.conn.BasicClientConnectionManager - Releasing connection org.apache.http.impl.conn.ManagedClientConnectionImpl@4cb82b09
13:50:22.184 [main] DEBUG org.apache.http.impl.conn.BasicClientConnectionManager - Connection can be kept alive indefinitely
13:50:22.205 [main] DEBUG net.thucydides.core.steps.StepInterceptor - STEP DONE: I send login HTTP request with no input email
  &amp#27;[32mWhen &amp#27;[0m&amp#27;[32mI send login HTTP request with no input email&amp#27;[0m                                            &amp#27;[90m# starter.stepdefinitions.LoginUserSteps.iSendLoginHTTPRequestWithNoInputEmail()&amp#27;[0m
13:50:22.213 [main] DEBUG net.thucydides.core.steps.StepInterceptor - STARTING STEP: LoginUserSteps.iReceivedValidHTTPResponseCodeForLoginBecauseInvalidPassword - I received invalid HTTP response code 400 for login
13:50:22.214 [main] DEBUG net.thucydides.core.steps.StepInterceptor - STEP DONE: I received invalid HTTP response code 400 for login
  &amp#27;[32mThen &amp#27;[0m&amp#27;[32mI received invalid HTTP response code &amp#27;[0m&amp#27;[32m&amp#27;[1m400&amp#27;[0m&amp#27;[32m for login&amp#27;[0m                                      &amp#27;[90m# starter.stepdefinitions.LoginUserSteps.iReceivedValidHTTPResponseCodeForLoginBecauseInvalidPassword(int)&amp#27;[0m
13:50:22.221 [main] DEBUG net.thucydides.core.steps.StepInterceptor - STARTING STEP: LoginUserSteps.iReceivedErrorMessageEmailFieldIsRequired - I received error message : email field is required
  &amp#27;[31mThen &amp#27;[0m&amp#27;[31mI received error message : email field is required&amp#27;[0m                                       &amp#27;[90m# starter.stepdefinitions.LoginUserSteps.iReceivedErrorMessageEmailFieldIsRequired()&amp#27;[0m
      &amp#27;[31mjava.lang.AssertionError: 1 expectation failed.
JSON path message doesn't match.
Expected: email field is required
  Actual: user not found

	at java.base/jdk.internal.reflect.DirectConstructorHandleAccessor.newInstance(DirectConstructorHandleAccessor.java:67)
	at java.base/java.lang.reflect.Constructor.newInstanceWithCaller(Constructor.java:500)
	at java.base/java.lang.reflect.Constructor.newInstance(Constructor.java:484)
	at org.codehaus.groovy.reflection.CachedConstructor.invoke(CachedConstructor.java:73)
	at org.codehaus.groovy.runtime.callsite.ConstructorSite$ConstructorSiteNoUnwrapNoCoerce.callConstructor(ConstructorSite.java:108)
	at org.codehaus.groovy.runtime.callsite.CallSiteArray.defaultCallConstructor(CallSiteArray.java:57)
	at org.codehaus.groovy.runtime.callsite.AbstractCallSite.callConstructor(AbstractCallSite.java:263)
	at org.codehaus.groovy.runtime.callsite.AbstractCallSite.callConstructor(AbstractCallSite.java:277)
	at io.restassured.internal.ResponseSpecificationImpl$HamcrestAssertionClosure.validate(ResponseSpecificationImpl.groovy:512)
	at io.restassured.internal.ResponseSpecificationImpl$HamcrestAssertionClosure$validate$1.call(Unknown Source)
	at io.restassured.internal.ResponseSpecificationImpl.validateResponseIfRequired(ResponseSpecificationImpl.groovy:696)
	at io.restassured.internal.ResponseSpecificationImpl.this$2$validateResponseIfRequired(ResponseSpecificationImpl.groovy)
	at java.base/jdk.internal.reflect.DirectMethodHandleAccessor.invoke(DirectMethodHandleAccessor.java:104)
	at java.base/java.lang.reflect.Method.invoke(Method.java:578)
	at org.codehaus.groovy.runtime.callsite.PlainObjectMetaMethodSite.doInvoke(PlainObjectMetaMethodSite.java:43)
	at org.codehaus.groovy.runtime.callsite.PogoMetaMethodSite$PogoCachedMethodSiteNoUnwrapNoCoerce.invoke(PogoMetaMethodSite.java:198)
	at org.codehaus.groovy.runtime.callsite.PogoMetaMethodSite.callCurrent(PogoMetaMethodSite.java:62)
	at org.codehaus.groovy.runtime.callsite.AbstractCallSite.callCurrent(AbstractCallSite.java:185)
	at io.restassured.internal.ResponseSpecificationImpl.body(ResponseSpecificationImpl.groovy:270)
	at io.restassured.specification.ResponseSpecification$body$1.callCurrent(Unknown Source)
	at io.restassured.internal.ResponseSpecificationImpl.body(ResponseSpecificationImpl.groovy:117)
	at io.restassured.internal.ValidatableResponseOptionsImpl.body(ValidatableResponseOptionsImpl.java:244)
	at apiskuypay@1.0-SNAPSHOT/starter.api.auth.LoginUser.lambda$iReceiveerrormessageemailfieldisrequired$5(LoginUser.java:95)
	at net.serenitybdd.rest.SerenityRest.restAssuredThat(SerenityRest.java:626)
	at apiskuypay@1.0-SNAPSHOT/starter.api.auth.LoginUser.iReceiveerrormessageemailfieldisrequired(LoginUser.java:95)
	at apiskuypay@1.0-SNAPSHOT/starter.api.auth.LoginUser$ByteBuddy$8xXdmzIy.iReceiveerrormessageemailfieldisrequired$accessor$dPxAdaDF(Unknown Source)
	at java.base/jdk.internal.reflect.DirectMethodHandleAccessor.invoke(DirectMethodHandleAccessor.java:104)
	at java.base/java.lang.reflect.Method.invoke(Method.java:578)
	at net.thucydides.core.steps.StepInterceptor.invokeMethod(StepInterceptor.java:503)
	at net.thucydides.core.steps.StepInterceptor.executeTestStepMethod(StepInterceptor.java:483)
	at net.thucydides.core.steps.StepInterceptor.runTestStep(StepInterceptor.java:457)
	at net.thucydides.core.steps.StepInterceptor.runOrSkipMethod(StepInterceptor.java:209)
	at net.thucydides.core.steps.StepInterceptor.testStepResult(StepInterceptor.java:196)
	at net.thucydides.core.steps.StepInterceptor.intercept(StepInterceptor.java:84)
	at net.thucydides.core.steps.ProxyConfiguration$InterceptorDispatcher.intercept(ProxyConfiguration.java:51)
	at apiskuypay@1.0-SNAPSHOT/starter.api.auth.LoginUser$ByteBuddy$8xXdmzIy.iReceiveerrormessageemailfieldisrequired(Unknown Source)
	at apiskuypay@1.0-SNAPSHOT/starter.stepdefinitions.LoginUserSteps.iReceivedErrorMessageEmailFieldIsRequired(LoginUserSteps.java:55)
	at ✽.I received error message : email field is required(file:///C:/Dev/CapstoneProjectBaru/SKUYPAY%20API%20AUTOMATION/src/test/resources/features/LoginUser.feature:29)
&amp#27;[0m
13:50:22.293 [main] ERROR  - 
  _____   ___   ___   _____     ___     _     ___   _      ___   ___  
 |_   _| | __| / __| |_   _|   | __|   /_\   |_ _| | |    | __| |   \ 
   | |   | _|  \__ \   | |     | _|   / _ \   | |  | |__  | _|  | |) |
   |_|   |___| |___/   |_|     |_|   /_/ \_\ |___| |____| |___| |___/ 

User tidak mendapatkan data token dari fitur login karena parameter email tidak diisi
-----------------------------------------------------------------------
13:50:22.298 [main] DEBUG  - RELATED ISSUES: 
13:50:22.400 [main] ERROR  -     Test failed at step: I received error message : email field is required
13:50:22.400 [main] ERROR  -     1 expectation failed.JSON path message doesn't match.Expected: email field is required  Actual: user not found
]]></system-out>
  </testcase>
  <testcase name="User tidak mendapatkan data token dari fitur login karena parameter email tidak diisi #2" classname="Login User" time="0.279">
    <failure type="java.lang.AssertionError"><![CDATA[java.lang.AssertionError: 
1 expectation failed.
JSON path message doesn't match.
Expected: password field is required
  Actual: user not found

]]></failure>
    <system-out><![CDATA[
@Login-05
Scenario: User tidak mendapatkan data token dari fitur login karena parameter email tidak diisi &amp#27;[90m# src/test/resources/features/LoginUser.feature:32&amp#27;[0m
13:50:22.423 [main] INFO io.cucumber.core.plugin.SerenityReporter - Running feature from file:///C:/Dev/CapstoneProjectBaru/SKUYPAY%20API%20AUTOMATION/src/test/resources/features/LoginUser.feature
13:50:22.440 [main] DEBUG net.thucydides.core.steps.StepInterceptor - STARTING STEP: LoginUserSteps.iSetLoginApiEndpointForLoginFeature - I set login api endpoint for login feature
13:50:22.441 [main] DEBUG net.thucydides.core.steps.StepInterceptor - STEP DONE: I set login api endpoint for login feature
  &amp#27;[32mGiven &amp#27;[0m&amp#27;[32mI set login api endpoint for login feature&amp#27;[0m                                              &amp#27;[90m# starter.stepdefinitions.LoginUserSteps.iSetLoginApiEndpointForLoginFeature()&amp#27;[0m
13:50:22.452 [main] DEBUG net.thucydides.core.steps.StepInterceptor - STARTING STEP: LoginUserSteps.iSendLoginHTTPRequestWithNoInputPassword - I send login HTTP request with no input password
13:50:22.455 [main] DEBUG net.thucydides.core.steps.StepInterceptor - STARTING STEP: LoginUser.iSendPOSTHTTPRequestwithnoinputpassword - I set login api endpoint for login feature
13:50:22.456 [main] DEBUG net.thucydides.core.steps.StepInterceptor - STEP DONE: I set login api endpoint for login feature
13:50:22.485 [main] DEBUG org.apache.http.impl.conn.BasicClientConnectionManager - Get connection for route {}->http://34.101.78.228:2424
13:50:22.485 [main] DEBUG org.apache.http.impl.conn.DefaultClientConnectionOperator - Connecting to 34.101.78.228:2424
13:50:22.607 [main] DEBUG org.apache.http.client.protocol.RequestAddCookies - CookieSpec selected: ignoreCookies
13:50:22.607 [main] DEBUG org.apache.http.client.protocol.RequestAuthCache - Auth cache not set in the context
13:50:22.607 [main] DEBUG org.apache.http.client.protocol.RequestTargetAuthentication - Target auth state: UNCHALLENGED
13:50:22.607 [main] DEBUG org.apache.http.client.protocol.RequestProxyAuthentication - Proxy auth state: UNCHALLENGED
13:50:22.607 [main] DEBUG org.apache.http.impl.client.DefaultHttpClient - Attempt 1 to execute request
13:50:22.607 [main] DEBUG org.apache.http.impl.conn.DefaultClientConnection - Sending request: POST /api/v1/login HTTP/1.1
13:50:22.608 [main] DEBUG org.apache.http.wire -  >> "POST /api/v1/login HTTP/1.1[\r][\n]"
13:50:22.608 [main] DEBUG org.apache.http.wire -  >> "Accept: */*[\r][\n]"
13:50:22.608 [main] DEBUG org.apache.http.wire -  >> "Content-Type: application/json[\r][\n]"
13:50:22.608 [main] DEBUG org.apache.http.wire -  >> "Content-Length: 34[\r][\n]"
13:50:22.608 [main] DEBUG org.apache.http.wire -  >> "Host: 34.101.78.228:2424[\r][\n]"
13:50:22.608 [main] DEBUG org.apache.http.wire -  >> "Connection: Keep-Alive[\r][\n]"
13:50:22.608 [main] DEBUG org.apache.http.wire -  >> "User-Agent: Apache-HttpClient/4.5.13 (Java/19.0.2)[\r][\n]"
13:50:22.608 [main] DEBUG org.apache.http.wire -  >> "Accept-Encoding: gzip,deflate[\r][\n]"
13:50:22.608 [main] DEBUG org.apache.http.wire -  >> "[\r][\n]"
13:50:22.608 [main] DEBUG org.apache.http.headers - >> POST /api/v1/login HTTP/1.1
13:50:22.608 [main] DEBUG org.apache.http.headers - >> Accept: */*
13:50:22.609 [main] DEBUG org.apache.http.headers - >> Content-Type: application/json
13:50:22.609 [main] DEBUG org.apache.http.headers - >> Content-Length: 34
13:50:22.609 [main] DEBUG org.apache.http.headers - >> Host: 34.101.78.228:2424
13:50:22.609 [main] DEBUG org.apache.http.headers - >> Connection: Keep-Alive
13:50:22.609 [main] DEBUG org.apache.http.headers - >> User-Agent: Apache-HttpClient/4.5.13 (Java/19.0.2)
13:50:22.609 [main] DEBUG org.apache.http.headers - >> Accept-Encoding: gzip,deflate
13:50:22.609 [main] DEBUG org.apache.http.wire -  >> "{"password":"12345678","email":""}"
13:50:22.625 [main] DEBUG org.apache.http.wire -  << "HTTP/1.1 400 Bad Request[\r][\n]"
13:50:22.626 [main] DEBUG org.apache.http.wire -  << "Content-Type: application/json; charset=UTF-8[\r][\n]"
13:50:22.626 [main] DEBUG org.apache.http.wire -  << "Vary: Origin[\r][\n]"
13:50:22.626 [main] DEBUG org.apache.http.wire -  << "Date: Sat, 17 Jun 2023 06:50:15 GMT[\r][\n]"
13:50:22.626 [main] DEBUG org.apache.http.wire -  << "Content-Length: 42[\r][\n]"
13:50:22.626 [main] DEBUG org.apache.http.wire -  << "[\r][\n]"
13:50:22.626 [main] DEBUG org.apache.http.impl.conn.DefaultClientConnection - Receiving response: HTTP/1.1 400 Bad Request
13:50:22.626 [main] DEBUG org.apache.http.headers - << HTTP/1.1 400 Bad Request
13:50:22.626 [main] DEBUG org.apache.http.headers - << Content-Type: application/json; charset=UTF-8
13:50:22.626 [main] DEBUG org.apache.http.headers - << Vary: Origin
13:50:22.626 [main] DEBUG org.apache.http.headers - << Date: Sat, 17 Jun 2023 06:50:15 GMT
13:50:22.626 [main] DEBUG org.apache.http.headers - << Content-Length: 42
13:50:22.626 [main] DEBUG org.apache.http.impl.client.DefaultHttpClient - Connection can be kept alive indefinitely
13:50:22.626 [main] DEBUG io.restassured.internal.RestAssuredHttpBuilder - Parsing response as: application/json; charset=UTF-8
13:50:22.626 [main] DEBUG io.restassured.internal.RestAssuredHttpBuilder - Parsed data to instance of: class org.apache.http.conn.EofSensorInputStream
13:50:22.628 [main] DEBUG org.apache.http.wire -  << "{"status":400,"message":"user not found"}[\n]"
13:50:22.628 [main] DEBUG org.apache.http.impl.conn.BasicClientConnectionManager - Releasing connection org.apache.http.impl.conn.ManagedClientConnectionImpl@a80a896
13:50:22.628 [main] DEBUG org.apache.http.impl.conn.BasicClientConnectionManager - Connection can be kept alive indefinitely
13:50:22.644 [main] DEBUG net.thucydides.core.steps.StepInterceptor - STEP DONE: I send login HTTP request with no input password
  &amp#27;[32mWhen &amp#27;[0m&amp#27;[32mI send login HTTP request with no input password&amp#27;[0m                                         &amp#27;[90m# starter.stepdefinitions.LoginUserSteps.iSendLoginHTTPRequestWithNoInputPassword()&amp#27;[0m
13:50:22.652 [main] DEBUG net.thucydides.core.steps.StepInterceptor - STARTING STEP: LoginUserSteps.iReceivedValidHTTPResponseCodeForLoginBecauseInvalidPassword - I received invalid HTTP response code 400 for login
13:50:22.653 [main] DEBUG net.thucydides.core.steps.StepInterceptor - STEP DONE: I received invalid HTTP response code 400 for login
  &amp#27;[32mThen &amp#27;[0m&amp#27;[32mI received invalid HTTP response code &amp#27;[0m&amp#27;[32m&amp#27;[1m400&amp#27;[0m&amp#27;[32m for login&amp#27;[0m                                      &amp#27;[90m# starter.stepdefinitions.LoginUserSteps.iReceivedValidHTTPResponseCodeForLoginBecauseInvalidPassword(int)&amp#27;[0m
13:50:22.660 [main] DEBUG net.thucydides.core.steps.StepInterceptor - STARTING STEP: LoginUserSteps.iReceivedErrorMessagePasswordFieldIsRequired - I received error message : password field is required
  &amp#27;[31mThen &amp#27;[0m&amp#27;[31mI received error message : password field is required&amp#27;[0m                                    &amp#27;[90m# starter.stepdefinitions.LoginUserSteps.iReceivedErrorMessagePasswordFieldIsRequired()&amp#27;[0m
      &amp#27;[31mjava.lang.AssertionError: 1 expectation failed.
JSON path message doesn't match.
Expected: password field is required
  Actual: user not found

	at java.base/jdk.internal.reflect.DirectConstructorHandleAccessor.newInstance(DirectConstructorHandleAccessor.java:67)
	at java.base/java.lang.reflect.Constructor.newInstanceWithCaller(Constructor.java:500)
	at java.base/java.lang.reflect.Constructor.newInstance(Constructor.java:484)
	at org.codehaus.groovy.reflection.CachedConstructor.invoke(CachedConstructor.java:73)
	at org.codehaus.groovy.runtime.callsite.ConstructorSite$ConstructorSiteNoUnwrapNoCoerce.callConstructor(ConstructorSite.java:108)
	at org.codehaus.groovy.runtime.callsite.AbstractCallSite.callConstructor(AbstractCallSite.java:277)
	at io.restassured.internal.ResponseSpecificationImpl$HamcrestAssertionClosure.validate(ResponseSpecificationImpl.groovy:512)
	at io.restassured.internal.ResponseSpecificationImpl$HamcrestAssertionClosure$validate$1.call(Unknown Source)
	at io.restassured.internal.ResponseSpecificationImpl.validateResponseIfRequired(ResponseSpecificationImpl.groovy:696)
	at io.restassured.internal.ResponseSpecificationImpl.this$2$validateResponseIfRequired(ResponseSpecificationImpl.groovy)
	at java.base/jdk.internal.reflect.DirectMethodHandleAccessor.invoke(DirectMethodHandleAccessor.java:104)
	at java.base/java.lang.reflect.Method.invoke(Method.java:578)
	at org.codehaus.groovy.runtime.callsite.PlainObjectMetaMethodSite.doInvoke(PlainObjectMetaMethodSite.java:43)
	at org.codehaus.groovy.runtime.callsite.PogoMetaMethodSite$PogoCachedMethodSiteNoUnwrapNoCoerce.invoke(PogoMetaMethodSite.java:198)
	at org.codehaus.groovy.runtime.callsite.PogoMetaMethodSite.callCurrent(PogoMetaMethodSite.java:62)
	at org.codehaus.groovy.runtime.callsite.AbstractCallSite.callCurrent(AbstractCallSite.java:185)
	at io.restassured.internal.ResponseSpecificationImpl.body(ResponseSpecificationImpl.groovy:270)
	at io.restassured.specification.ResponseSpecification$body$1.callCurrent(Unknown Source)
	at io.restassured.internal.ResponseSpecificationImpl.body(ResponseSpecificationImpl.groovy:117)
	at io.restassured.internal.ValidatableResponseOptionsImpl.body(ValidatableResponseOptionsImpl.java:244)
	at apiskuypay@1.0-SNAPSHOT/starter.api.auth.LoginUser.lambda$iReceiveerrormessagepasswordfieldisrequired$6(LoginUser.java:111)
	at net.serenitybdd.rest.SerenityRest.restAssuredThat(SerenityRest.java:626)
	at apiskuypay@1.0-SNAPSHOT/starter.api.auth.LoginUser.iReceiveerrormessagepasswordfieldisrequired(LoginUser.java:111)
	at apiskuypay@1.0-SNAPSHOT/starter.api.auth.LoginUser$ByteBuddy$8xXdmzIy.iReceiveerrormessagepasswordfieldisrequired$accessor$dPxAdaDF(Unknown Source)
	at java.base/jdk.internal.reflect.DirectMethodHandleAccessor.invoke(DirectMethodHandleAccessor.java:104)
	at java.base/java.lang.reflect.Method.invoke(Method.java:578)
	at net.thucydides.core.steps.StepInterceptor.invokeMethod(StepInterceptor.java:503)
	at net.thucydides.core.steps.StepInterceptor.executeTestStepMethod(StepInterceptor.java:483)
	at net.thucydides.core.steps.StepInterceptor.runTestStep(StepInterceptor.java:457)
	at net.thucydides.core.steps.StepInterceptor.runOrSkipMethod(StepInterceptor.java:209)
	at net.thucydides.core.steps.StepInterceptor.testStepResult(StepInterceptor.java:196)
	at net.thucydides.core.steps.StepInterceptor.intercept(StepInterceptor.java:84)
	at net.thucydides.core.steps.ProxyConfiguration$InterceptorDispatcher.intercept(ProxyConfiguration.java:51)
	at apiskuypay@1.0-SNAPSHOT/starter.api.auth.LoginUser$ByteBuddy$8xXdmzIy.iReceiveerrormessagepasswordfieldisrequired(Unknown Source)
	at apiskuypay@1.0-SNAPSHOT/starter.stepdefinitions.LoginUserSteps.iReceivedErrorMessagePasswordFieldIsRequired(LoginUserSteps.java:63)
	at ✽.I received error message : password field is required(file:///C:/Dev/CapstoneProjectBaru/SKUYPAY%20API%20AUTOMATION/src/test/resources/features/LoginUser.feature:36)
&amp#27;[0m
13:50:22.688 [main] ERROR  - 
  _____   ___   ___   _____     ___     _     ___   _      ___   ___  
 |_   _| | __| / __| |_   _|   | __|   /_\   |_ _| | |    | __| |   \ 
   | |   | _|  \__ \   | |     | _|   / _ \   | |  | |__  | _|  | |) |
   |_|   |___| |___/   |_|     |_|   /_/ \_\ |___| |____| |___| |___/ 

User tidak mendapatkan data token dari fitur login karena parameter email tidak diisi
-----------------------------------------------------------------------
13:50:22.688 [main] DEBUG  - RELATED ISSUES: 
13:50:22.688 [main] ERROR  -     Test failed at step: I received error message : password field is required
13:50:22.688 [main] ERROR  -     1 expectation failed.JSON path message doesn't match.Expected: email field is required  Actual: user not found
]]></system-out>
  </testcase>
</testsuite>