<?xml version="1.0" encoding="UTF-8" standalone="no"?><testsuite errors="1" failures="0" name="Kebijakan Keamanan" skipped="0" tests="1" time="54.02" timestamp="2023-06-24 10:44:42"><testcase name="User membuka kebijakan keamanan"><error message="Expected condition failed: waiting for element to be clickable: By.xpath: //android.widget.Button[@content-desc=&quot;Lanjutkan&quot;] (tried for 15 second(s) with 500 milliseconds interval)&#10;Build info: version: '4.8.1', revision: '8ebccac989'&#10;System info: os.name: 'Windows 11', os.arch: 'amd64', os.version: '10.0', java.version: '19.0.2'&#10;Driver info: io.appium.java_client.android.AndroidDriver&#10;Capabilities {appium:app: C:\Dev\CapstoneProjectBaru\..., appium:appPackage: com.example.capstone_flutter, appium:automationName: UiAutomator2, appium:databaseEnabled: false, appium:desired: {app: C:\Dev\CapstoneProjectBaru\..., automationName: UiAutomator2, platformName: ANDROID, platformVersion: 13.0}, appium:deviceApiLevel: 33, appium:deviceManufacturer: Google, appium:deviceModel: sdk_gphone64_x86_64, appium:deviceName: emulator-5554, appium:deviceScreenDensity: 440, appium:deviceScreenSize: 1080x2280, appium:deviceUDID: emulator-5554, appium:javascriptEnabled: true, appium:locationContextEnabled: false, appium:networkConnectionEnabled: true, appium:pixelRatio: 2.75, appium:platformVersion: 13, appium:statBarHeight: 83, appium:takesScreenshot: true, appium:viewportRect: {height: 2131, left: 0, top: 83, width: 1080}, appium:warnings: {}, appium:webStorageEnabled: false, platformName: ANDROID}&#10;Session ID: 176b8047-c60b-441a-8b08-5be69623b55c" type="org.openqa.selenium.TimeoutException">Expected condition failed: waiting for element to be clickable: By.xpath: //android.widget.Button[@content-desc="Lanjutkan"] (tried for 15 second(s) with 500 milliseconds interval)
Build info: version: '4.8.1', revision: '8ebccac989'
System info: os.name: 'Windows 11', os.arch: 'amd64', os.version: '10.0', java.version: '19.0.2'
Driver info: io.appium.java_client.android.AndroidDriver
Capabilities {appium:app: C:\Dev\CapstoneProjectBaru\..., appium:appPackage: com.example.capstone_flutter, appium:automationName: UiAutomator2, appium:databaseEnabled: false, appium:desired: {app: C:\Dev\CapstoneProjectBaru\..., automationName: UiAutomator2, platformName: ANDROID, platformVersion: 13.0}, appium:deviceApiLevel: 33, appium:deviceManufacturer: Google, appium:deviceModel: sdk_gphone64_x86_64, appium:deviceName: emulator-5554, appium:deviceScreenDensity: 440, appium:deviceScreenSize: 1080x2280, appium:deviceUDID: emulator-5554, appium:javascriptEnabled: true, appium:locationContextEnabled: false, appium:networkConnectionEnabled: true, appium:pixelRatio: 2.75, appium:platformVersion: 13, appium:statBarHeight: 83, appium:takesScreenshot: true, appium:viewportRect: {height: 2131, left: 0, top: 83, width: 1080}, appium:warnings: {}, appium:webStorageEnabled: false, platformName: ANDROID}
Session ID: 176b8047-c60b-441a-8b08-5be69623b55c</error><system-err>Expected condition failed: waiting for element to be clickable: By.xpath: //android.widget.Button[@content-desc="Lanjutkan"] (tried for 15 second(s) with 500 milliseconds interval)
Build info: version: '4.8.1', revision: '8ebccac989'
System info: os.name: 'Windows 11', os.arch: 'amd64', os.version: '10.0', java.version: '19.0.2'
Driver info: io.appium.java_client.android.AndroidDriver
Capabilities {appium:app: C:\Dev\CapstoneProjectBaru\..., appium:appPackage: com.example.capstone_flutter, appium:automationName: UiAutomator2, appium:databaseEnabled: false, appium:desired: {app: C:\Dev\CapstoneProjectBaru\..., automationName: UiAutomator2, platformName: ANDROID, platformVersion: 13.0}, appium:deviceApiLevel: 33, appium:deviceManufacturer: Google, appium:deviceModel: sdk_gphone64_x86_64, appium:deviceName: emulator-5554, appium:deviceScreenDensity: 440, appium:deviceScreenSize: 1080x2280, appium:deviceUDID: emulator-5554, appium:javascriptEnabled: true, appium:locationContextEnabled: false, appium:networkConnectionEnabled: true, appium:pixelRatio: 2.75, appium:platformVersion: 13, appium:statBarHeight: 83, appium:takesScreenshot: true, appium:viewportRect: {height: 2131, left: 0, top: 83, width: 1080}, appium:warnings: {}, appium:webStorageEnabled: false, platformName: ANDROID}
Session ID: 176b8047-c60b-441a-8b08-5be69623b55c&#13;
skuypaymobile@1.0-SNAPSHOT/test.automation.pageobject.BasePageObject.waitUntilClickable(BasePageObject.java:30)&#13;
skuypaymobile@1.0-SNAPSHOT/test.automation.pageobject.BasePageObject.onClick(BasePageObject.java:42)&#13;
skuypaymobile@1.0-SNAPSHOT/starter.screen.KebijakanKeamananScreen.klikButtonLanjutkan(KebijakanKeamananScreen.java:53)&#13;
skuypaymobile@1.0-SNAPSHOT/starter.stepdefinitions.KebijakanKeamananSteps.userTelahLoginAkunUntukFiturKebijakanKeamanan(KebijakanKeamananSteps.java:20)&#13;
io.cucumber.java.Invoker.doInvoke(Invoker.java:66)&#13;
io.cucumber.java.Invoker.invoke(Invoker.java:24)&#13;
io.cucumber.java.AbstractGlueDefinition.invokeMethod(AbstractGlueDefinition.java:47)&#13;
io.cucumber.java.JavaStepDefinition.execute(JavaStepDefinition.java:29)&#13;
io.cucumber.core.runner.CoreStepDefinition.execute(CoreStepDefinition.java:66)&#13;
io.cucumber.core.runner.PickleStepDefinitionMatch.runStep(PickleStepDefinitionMatch.java:63)&#13;
io.cucumber.core.runner.TestStep.executeStep(TestStep.java:84)&#13;
io.cucumber.core.runner.TestStep.run(TestStep.java:56)&#13;
io.cucumber.core.runner.PickleStepTestStep.run(PickleStepTestStep.java:51)&#13;
io.cucumber.core.runner.TestCase.run(TestCase.java:84)&#13;
io.cucumber.core.runner.Runner.runPickle(Runner.java:75)&#13;
io.cucumber.core.runtime.CucumberExecutionContext.lambda$runTestCase$5(CucumberExecutionContext.java:130)&#13;
io.cucumber.core.runtime.RethrowingThrowableCollector.executeAndThrow(RethrowingThrowableCollector.java:23)&#13;
io.cucumber.core.runtime.CucumberExecutionContext.runTestCase(CucumberExecutionContext.java:130)&#13;
io.cucumber.junit.FeatureRunner.runChild(FeatureRunner.java:144)&#13;
io.cucumber.junit.FeatureRunner.runChild(FeatureRunner.java:28)&#13;
io.cucumber.junit.FeatureRunner.run(FeatureRunner.java:137)&#13;
io.cucumber.junit.CucumberSerenityBaseRunner.runChild(CucumberSerenityBaseRunner.java:330)&#13;
io.cucumber.junit.CucumberSerenityBaseRunner.runChild(CucumberSerenityBaseRunner.java:51)&#13;
</system-err></testcase></testsuite>