<?xml version="1.0" encoding="UTF-8"?>
<testsuite xmlns:xsi="http://www.w3.org/2001/XMLSchema-instance" xsi:noNamespaceSchemaLocation="https://maven.apache.org/surefire/maven-failsafe-plugin/xsd/failsafe-test-report-3.0.xsd" version="3.0" name="starter.CucumberTestSuite" time="35.216" tests="1" errors="1" skipped="0" failures="0">
  <properties>
[...]
</properties>
  <testcase name="Admin berhasil menambahkan produk BPJS" classname="Layanan BPJS" time="28.115">
    <error type="net.thucydides.core.webdriver.exceptions.ElementShouldBeEnabledException"><![CDATA[net.thucydides.core.webdriver.exceptions.ElementShouldBeEnabledException: Expected enabled element was not enabled
Caused by: org.openqa.selenium.TimeoutException: Expected condition failed: waiting for By.xpath: //a[normalize-space()='Layanan'] to be enabled (tried for 5 second(s) with 100 milliseconds interval)
Caused by: org.openqa.selenium.NoSuchElementException: 
no such element: Unable to locate element: {"method":"xpath","selector":"//a[normalize-space()='Layanan']"}
  (Session info: chrome=114.0.5735.134)
For documentation on this error, please visit: https://selenium.dev/exceptions/#no_such_element
Build info: version: '4.7.1', revision: 'c6795baf1a3'
System info: os.name: 'Windows 11', os.arch: 'amd64', os.version: '10.0', java.version: '19.0.2'
Driver info: org.openqa.selenium.chrome.ChromeDriver
Command: [c0d8108d2ceab1d629176972e499beee, findElement {using=xpath, value=//a[normalize-space()='Layanan']}]
Capabilities {acceptInsecureCerts: true, browserName: chrome, browserVersion: 114.0.5735.134, chrome: {chromedriverVersion: 114.0.5735.90 (386bc09e8f4f..., userDataDir: C:\Users\HP\AppData\Local\T...}, goog:chromeOptions: {debuggerAddress: localhost:50804}, networkConnectionEnabled: false, pageLoadStrategy: normal, platformName: WINDOWS, proxy: Proxy(), se:cdp: ws://localhost:50804/devtoo..., se:cdpVersion: 114.0.5735.134, setWindowRect: true, strictFileInteractability: false, timeouts: {implicit: 0, pageLoad: 300000, script: 30000}, unhandledPromptBehavior: dismiss and notify, webauthn:extension:credBlob: true, webauthn:extension:largeBlob: true, webauthn:extension:minPinLength: true, webauthn:extension:prf: true, webauthn:virtualAuthenticators: true}
Session ID: c0d8108d2ceab1d629176972e499beee
]]></error>
    <system-out><![CDATA[00:43:01.906 [main] DEBUG net.thucydides.core.guice.Injectors - Created injector for module net.thucydides.core.guice.ThucydidesModule
00:43:02.319 [main] INFO io.cucumber.core.plugin.SerenityReporter - Running feature from file:///C:/Dev/CapstoneProjectBaru/SKUYPAY%20WEB%20AUTOMATION/src/test/resources/features/BPJS.feature
00:43:02.513 [main] DEBUG net.thucydides.core.guice.Injectors - Created injector for module net.thucydides.core.guice.webdriver.WebDriverModule
00:43:02.555 [main] INFO  - 

-------------------------------------------------------------------------------------
     _______. _______ .______       _______ .__   __.  __  .___________.____    ____ 
    /       ||   ____||   _  \     |   ____||  \ |  | |  | |           |\   \  /   / 
   |   (----`|  |__   |  |_)  |    |  |__   |   \|  | |  | `---|  |----` \   \/   /  
    \   \    |   __|  |      /     |   __|  |  . `  | |  |     |  |       \_    _/   
.----)   |   |  |____ |  |\  \----.|  |____ |  |\   | |  |     |  |         |  |     
|_______/    |_______|| _| `._____||_______||__| \__| |__|     |__|         |__|    
                                                                                     
 News and tutorials at http://www.serenity-bdd.info                                  
 Documentation at https://wakaleo.gitbooks.io/the-serenity-book/content/             
 Join the Serenity Community on Gitter: https://gitter.im/serenity-bdd/serenity-core 
 Serenity BDD Support and Training at http://serenity-bdd.info/#/trainingandsupport  
-------------------------------------------------------------------------------------

00:43:02.559 [main] DEBUG net.thucydides.core.steps.StepEventBus - Test suite started for story net.thucydides.core.model.Story@3b553d19
00:43:02.561 [main] INFO  - Test Suite Started: Layanan BPJS
00:43:02.577 [main] INFO io.cucumber.core.plugin.SerenityReporter - Running feature from file:///C:/Dev/CapstoneProjectBaru/SKUYPAY%20WEB%20AUTOMATION/src/test/resources/features/BPJS.feature
00:43:02.582 [main] DEBUG net.thucydides.core.steps.StepEventBus - Test suite started for story net.thucydides.core.model.Story@3b553d19
00:43:02.582 [main] INFO  - Test Suite Started: Layanan BPJS

@BPJS-01
Scenario: Admin berhasil menambahkan produk BPJS                           &amp#27;[90m# src/test/resources/features/BPJS.feature:4&amp#27;[0m
00:43:02.711 [main] INFO io.cucumber.core.plugin.SerenityReporter - Running feature from file:///C:/Dev/CapstoneProjectBaru/SKUYPAY%20WEB%20AUTOMATION/src/test/resources/features/BPJS.feature
00:43:02.830 [main] INFO  - 
  _____   ___   ___   _____     ___   _____     _     ___   _____   ___   ___  
 |_   _| | __| / __| |_   _|   / __| |_   _|   /_\   | _ \ |_   _| | __| |   \ 
   | |   | _|  \__ \   | |     \__ \   | |    / _ \  |   /   | |   | _|  | |) |
   |_|   |___| |___/   |_|     |___/   |_|   /_/ \_\ |_|_\   |_|   |___| |___/ 

Admin berhasil menambahkan produk BPJS(layanan-bpjs;admin-berhasil-menambahkan-produk-bpjs)
--------------------------------------------------------------------------------
00:43:03.821 [main] DEBUG net.thucydides.core.steps.StepInterceptor - STARTING STEP: BPJSsteps.adminMelakukanLoginAkunUntukFiturBPJS - diHomepageSkuyPay
00:43:03.875 [main] INFO net.serenitybdd.core.webdriver.driverproviders.DriverProvider - Using WebDriverManager configuration for chrome
00:43:04.349 [main] DEBUG io.github.bonigarcia.wdm.cache.ResolutionCache - Resolution chrome=114 in cache (valid until 01:05:30 24/06/2023 WIB)
00:43:04.351 [main] DEBUG io.github.bonigarcia.wdm.cache.ResolutionCache - Resolution chrome114=114.0.5735.90 in cache (valid until 06:29:25 24/06/2023 WIB)
00:43:04.352 [main] INFO io.github.bonigarcia.wdm.WebDriverManager - Using chromedriver 114.0.5735.90 (resolved driver for Chrome 114)
00:43:04.383 [main] DEBUG io.github.bonigarcia.wdm.WebDriverManager - Driver chromedriver 114.0.5735.90 found in cache
00:43:04.385 [main] INFO io.github.bonigarcia.wdm.WebDriverManager - Exporting webdriver.chrome.driver as C:\Users\HP\.cache\selenium\chromedriver\win32\114.0.5735.90\chromedriver.exe
00:43:04.506 [main] INFO net.serenitybdd.core.webdriver.driverproviders.ChromeDriverProvider - Starting Chrome driver instance with capabilities:
00:43:04.510 [main] INFO net.serenitybdd.core.webdriver.driverproviders.ChromeDriverProvider - Capabilities {acceptInsecureCerts: true, browserName: chrome, goog:chromeOptions: {args: [remote-allow-origins=*, test-type, no-sandbox, ignore-certificate-errors, start-maximized, incognito, disable-infobars, disable-gpu, disable-default-apps, disable-popup-blocking, remote-allow-origins=*, test-type, no-sandbox, ignore-certificate-errors, start-maximized, incognito, disable-infobars, disable-gpu, disable-default-apps, disable-popup-blocking], extensions: []}}
00:43:04.582 [main] DEBUG io.netty.util.internal.logging.InternalLoggerFactory - Using SLF4J as the default logging framework
00:43:04.584 [main] DEBUG io.netty.util.ResourceLeakDetector - -Dio.netty.leakDetection.level: simple
00:43:04.585 [main] DEBUG io.netty.util.ResourceLeakDetector - -Dio.netty.leakDetection.targetRecords: 4
00:43:04.589 [main] DEBUG io.netty.util.ResourceLeakDetectorFactory - Loaded default ResourceLeakDetector: io.netty.util.ResourceLeakDetector@5db0003d
00:43:04.607 [main] DEBUG io.netty.util.internal.PlatformDependent0 - -Dio.netty.noUnsafe: false
00:43:04.607 [main] DEBUG io.netty.util.internal.PlatformDependent0 - Java version: 19
00:43:04.608 [main] DEBUG io.netty.util.internal.PlatformDependent0 - sun.misc.Unsafe.theUnsafe: available
00:43:04.609 [main] DEBUG io.netty.util.internal.PlatformDependent0 - sun.misc.Unsafe.copyMemory: available
00:43:04.610 [main] DEBUG io.netty.util.internal.PlatformDependent0 - sun.misc.Unsafe.storeFence: available
00:43:04.611 [main] DEBUG io.netty.util.internal.PlatformDependent0 - java.nio.Buffer.address: available
00:43:04.612 [main] DEBUG io.netty.util.internal.PlatformDependent0 - direct buffer constructor: unavailable: Reflective setAccessible(true) disabled
00:43:04.612 [main] DEBUG io.netty.util.internal.PlatformDependent0 - java.nio.Bits.unaligned: available, true
00:43:04.614 [main] DEBUG io.netty.util.internal.PlatformDependent0 - jdk.internal.misc.Unsafe.allocateUninitializedArray(int): unavailable: class io.netty.util.internal.PlatformDependent0$7 cannot access class jdk.internal.misc.Unsafe (in module java.base) because module java.base does not export jdk.internal.misc to unnamed module @3e6ef8ad
00:43:04.616 [main] DEBUG io.netty.util.internal.PlatformDependent0 - java.nio.DirectByteBuffer.<init>(long, int): unavailable
00:43:04.616 [main] DEBUG io.netty.util.internal.PlatformDependent - sun.misc.Unsafe: available
00:43:04.618 [main] DEBUG io.netty.util.internal.PlatformDependent - maxDirectMemory: 1589641216 bytes (maybe)
00:43:04.618 [main] DEBUG io.netty.util.internal.PlatformDependent - -Dio.netty.tmpdir: C:\Users\HP\AppData\Local\Temp (java.io.tmpdir)
00:43:04.618 [main] DEBUG io.netty.util.internal.PlatformDependent - -Dio.netty.bitMode: 64 (sun.arch.data.model)
00:43:04.618 [main] DEBUG io.netty.util.internal.PlatformDependent - Platform: Windows
00:43:04.619 [main] DEBUG io.netty.util.internal.PlatformDependent - -Dio.netty.maxDirectMemory: -1 bytes
00:43:04.619 [main] DEBUG io.netty.util.internal.PlatformDependent - -Dio.netty.uninitializedArrayAllocationThreshold: -1
00:43:04.620 [main] DEBUG io.netty.util.internal.CleanerJava9 - java.nio.ByteBuffer.cleaner(): available
00:43:04.620 [main] DEBUG io.netty.util.internal.PlatformDependent - -Dio.netty.noPreferDirect: false
00:43:04.627 [main] DEBUG io.netty.util.internal.PlatformDependent - org.jctools-core.MpscChunkedArrayQueue: available
00:43:04.643 [main] DEBUG io.netty.util.internal.InternalThreadLocalMap - -Dio.netty.threadLocalMap.stringBuilder.initialSize: 1024
00:43:04.643 [main] DEBUG io.netty.util.internal.InternalThreadLocalMap - -Dio.netty.threadLocalMap.stringBuilder.maxSize: 4096
00:43:04.700 [main] DEBUG io.netty.handler.ssl.JdkSslContext - Default protocols (JDK): [TLSv1.3, TLSv1.2] 
00:43:04.700 [main] DEBUG io.netty.handler.ssl.JdkSslContext - Default cipher suites (JDK): [TLS_ECDHE_ECDSA_WITH_AES_256_GCM_SHA384, TLS_ECDHE_ECDSA_WITH_AES_128_GCM_SHA256, TLS_ECDHE_RSA_WITH_AES_128_GCM_SHA256, TLS_ECDHE_RSA_WITH_AES_256_GCM_SHA384, TLS_ECDHE_RSA_WITH_AES_128_CBC_SHA, TLS_ECDHE_RSA_WITH_AES_256_CBC_SHA, TLS_RSA_WITH_AES_128_GCM_SHA256, TLS_RSA_WITH_AES_128_CBC_SHA, TLS_RSA_WITH_AES_256_CBC_SHA, TLS_AES_128_GCM_SHA256, TLS_AES_256_GCM_SHA384]
00:43:04.723 [main] DEBUG io.netty.channel.MultithreadEventLoopGroup - -Dio.netty.eventLoopThreads: 16
00:43:04.736 [main] DEBUG io.netty.channel.nio.NioEventLoop - -Dio.netty.noKeySetOptimization: false
00:43:04.736 [main] DEBUG io.netty.channel.nio.NioEventLoop - -Dio.netty.selectorAutoRebuildThreshold: 512
00:43:04.786 [main] DEBUG io.netty.buffer.PooledByteBufAllocator - -Dio.netty.allocator.numHeapArenas: 16
00:43:04.786 [main] DEBUG io.netty.buffer.PooledByteBufAllocator - -Dio.netty.allocator.numDirectArenas: 16
00:43:04.786 [main] DEBUG io.netty.buffer.PooledByteBufAllocator - -Dio.netty.allocator.pageSize: 8192
00:43:04.786 [main] DEBUG io.netty.buffer.PooledByteBufAllocator - -Dio.netty.allocator.maxOrder: 9
00:43:04.786 [main] DEBUG io.netty.buffer.PooledByteBufAllocator - -Dio.netty.allocator.chunkSize: 4194304
00:43:04.786 [main] DEBUG io.netty.buffer.PooledByteBufAllocator - -Dio.netty.allocator.smallCacheSize: 256
00:43:04.786 [main] DEBUG io.netty.buffer.PooledByteBufAllocator - -Dio.netty.allocator.normalCacheSize: 64
00:43:04.786 [main] DEBUG io.netty.buffer.PooledByteBufAllocator - -Dio.netty.allocator.maxCachedBufferCapacity: 32768
00:43:04.786 [main] DEBUG io.netty.buffer.PooledByteBufAllocator - -Dio.netty.allocator.cacheTrimInterval: 8192
00:43:04.787 [main] DEBUG io.netty.buffer.PooledByteBufAllocator - -Dio.netty.allocator.cacheTrimIntervalMillis: 0
00:43:04.787 [main] DEBUG io.netty.buffer.PooledByteBufAllocator - -Dio.netty.allocator.useCacheForAllThreads: false
00:43:04.787 [main] DEBUG io.netty.buffer.PooledByteBufAllocator - -Dio.netty.allocator.maxCachedByteBuffersPerChunk: 1023
00:43:04.803 [main] DEBUG io.netty.buffer.ByteBufUtil - -Dio.netty.allocator.type: pooled
00:43:04.803 [main] DEBUG io.netty.buffer.ByteBufUtil - -Dio.netty.threadLocalDirectBufferSize: 0
00:43:04.803 [main] DEBUG io.netty.buffer.ByteBufUtil - -Dio.netty.maxThreadLocalCharBufferSize: 16384
00:43:05.078 [Forwarding newSession on session null to remote] DEBUG io.netty.channel.DefaultChannelId - -Dio.netty.processId: 3480 (auto-detected)
00:43:05.080 [Forwarding newSession on session null to remote] DEBUG io.netty.util.NetUtil - -Djava.net.preferIPv4Stack: false
00:43:05.080 [Forwarding newSession on session null to remote] DEBUG io.netty.util.NetUtil - -Djava.net.preferIPv6Addresses: false
00:43:05.094 [Forwarding newSession on session null to remote] DEBUG io.netty.util.NetUtilInitializations - Loopback interface: lo (Software Loopback Interface 1, 127.0.0.1)
00:43:05.094 [Forwarding newSession on session null to remote] DEBUG io.netty.util.NetUtil - Failed to get SOMAXCONN from sysctl and file \proc\sys\net\core\somaxconn. Default: 200
00:43:05.144 [Forwarding newSession on session null to remote] DEBUG io.netty.channel.DefaultChannelId - -Dio.netty.machineId: cc:6b:1e:ff:fe:34:9f:97 (auto-detected)
00:43:05.192 [AsyncHttpClient-1-2] DEBUG io.netty.buffer.AbstractByteBuf - -Dio.netty.buffer.checkAccessible: true
00:43:05.192 [AsyncHttpClient-1-2] DEBUG io.netty.buffer.AbstractByteBuf - -Dio.netty.buffer.checkBounds: true
00:43:05.192 [AsyncHttpClient-1-2] DEBUG io.netty.util.ResourceLeakDetectorFactory - Loaded default ResourceLeakDetector: io.netty.util.ResourceLeakDetector@2149606
00:43:05.203 [AsyncHttpClient-1-2] DEBUG org.asynchttpclient.netty.channel.NettyConnectListener - Using new Channel '[id: 0x5f220397, L:/127.0.0.1:50802 - R:localhost/127.0.0.1:34870]' for 'POST' to '/session'
00:43:05.217 [AsyncHttpClient-1-2] DEBUG io.netty.util.Recycler - -Dio.netty.recycler.maxCapacityPerThread: 4096
00:43:05.217 [AsyncHttpClient-1-2] DEBUG io.netty.util.Recycler - -Dio.netty.recycler.ratio: 8
00:43:05.217 [AsyncHttpClient-1-2] DEBUG io.netty.util.Recycler - -Dio.netty.recycler.chunkSize: 32
00:43:05.217 [AsyncHttpClient-1-2] DEBUG io.netty.util.Recycler - -Dio.netty.recycler.blocking: false
00:43:06.647 [AsyncHttpClient-1-2] DEBUG io.netty.handler.codec.compression.Brotli - brotli4j not in the classpath; Brotli support will be unavailable.
00:43:06.648 [AsyncHttpClient-1-2] DEBUG org.asynchttpclient.netty.handler.HttpHandler - 

Request DefaultHttpRequest(decodeResult: success, version: HTTP/1.1)
POST /session HTTP/1.1
User-Agent: selenium/4.7.1 (java windows)
Content-Length: 1629
Content-Type: application/json; charset=utf-8
host: localhost:34870
accept: */*

Response DefaultHttpResponse(decodeResult: success, version: HTTP/1.1)
HTTP/1.1 200 OK
Content-Type: application/json; charset=utf-8
cache-control: no-cache
content-length: 857

00:43:06.667 [AsyncHttpClient-1-2] DEBUG org.asynchttpclient.netty.channel.ChannelManager - Adding key: http://localhost:34870 for channel [id: 0x5f220397, L:/127.0.0.1:50802 - R:localhost/127.0.0.1:34870]
00:43:06.833 [AsyncHttpClient-1-1] DEBUG org.asynchttpclient.netty.channel.DefaultChannelPool - Entry count for : http://localhost:34870 : 1
00:43:06.866 [AsyncHttpClient-1-3] DEBUG org.asynchttpclient.netty.channel.NettyConnectListener - Using new Channel '[id: 0x0b5faa91, L:/127.0.0.1:50811 - R:localhost/127.0.0.1:50804]' for 'GET' to '/json/version'
00:43:06.873 [AsyncHttpClient-1-3] DEBUG org.asynchttpclient.netty.handler.HttpHandler - 

Request DefaultFullHttpRequest(decodeResult: success, version: HTTP/1.1, content: EmptyByteBufBE)
GET /json/version HTTP/1.1
User-Agent: selenium/4.7.1 (java windows)
host: localhost:50804
accept: */*

Response DefaultHttpResponse(decodeResult: success, version: HTTP/1.1)
HTTP/1.1 200 OK
Content-Security-Policy: frame-ancestors 'none'
Content-Type: application/json; charset=UTF-8
content-length: 424

00:43:06.873 [AsyncHttpClient-1-3] DEBUG org.asynchttpclient.netty.channel.ChannelManager - Adding key: http://localhost:50804 for channel [id: 0x0b5faa91, L:/127.0.0.1:50811 - R:localhost/127.0.0.1:50804]
00:43:06.889 [main] DEBUG io.netty.util.internal.ThreadLocalRandom - -Dio.netty.initialSeedUniquifier: 0x40a27b5830f4d85d
00:43:06.893 [AsyncHttpClient-1-4] DEBUG org.asynchttpclient.netty.channel.NettyConnectListener - Using new Channel '[id: 0x8046ed04, L:/127.0.0.1:50812 - R:localhost/127.0.0.1:50804]' for 'GET' to '/devtools/browser/e25f9b64-b0c8-4709-a2d2-04b94e885bb6'
00:43:06.899 [AsyncHttpClient-1-4] DEBUG org.asynchttpclient.netty.handler.WebSocketHandler - 

Request DefaultFullHttpRequest(decodeResult: success, version: HTTP/1.1, content: EmptyByteBufBE)
GET /devtools/browser/e25f9b64-b0c8-4709-a2d2-04b94e885bb6 HTTP/1.1
upgrade: websocket
connection: upgrade
sec-websocket-key: 4hU9L3NtqVnS3sQFhcUOKQ==
sec-websocket-version: 13
origin: http://localhost:50804
host: localhost:50804
accept: */*
user-agent: AHC/2.1

Response DefaultHttpResponse(decodeResult: success, version: HTTP/1.1)
HTTP/1.1 101 WebSocket Protocol Handshake
Upgrade: WebSocket
Connection: Upgrade
Sec-WebSocket-Accept: t9zlaYCa+qcI1Y9H2HMyXNknSgg=

00:43:07.933 [AsyncHttpClient-1-1] DEBUG org.asynchttpclient.netty.channel.DefaultChannelPool - Entry count for : http://localhost:34870 : 1
00:43:07.933 [AsyncHttpClient-1-1] DEBUG org.asynchttpclient.netty.channel.DefaultChannelPool - Entry count for : http://localhost:50804 : 1
00:43:08.553 [main] DEBUG net.thucydides.core.reflection.ClassFinder - Could not load class .starter.CucumberTestSuite
00:43:08.553 [main] DEBUG net.thucydides.core.reflection.ClassFinder - Could not load class .starter.pages.BPJSpage
00:43:08.553 [main] DEBUG net.thucydides.core.reflection.ClassFinder - Could not load class .starter.pages.PDAMPage
00:43:08.554 [main] DEBUG net.thucydides.core.reflection.ClassFinder - Could not load class .starter.pages.PromoPage
00:43:08.554 [main] DEBUG net.thucydides.core.reflection.ClassFinder - Could not load class .starter.pages.PulsanPaketData
00:43:08.554 [main] DEBUG net.thucydides.core.reflection.ClassFinder - Could not load class .starter.pages.TopUpPage
00:43:08.554 [main] DEBUG net.thucydides.core.reflection.ClassFinder - Could not load class .starter.pages.TransaksiPage
00:43:08.554 [main] DEBUG net.thucydides.core.reflection.ClassFinder - Could not load class .starter.pages.WifiPage
00:43:08.554 [main] DEBUG net.thucydides.core.reflection.ClassFinder - Could not load class .starter.stepdefinitions.BPJSsteps
00:43:08.554 [main] DEBUG net.thucydides.core.reflection.ClassFinder - Could not load class .starter.stepdefinitions.PDAMSteps
00:43:08.554 [main] DEBUG net.thucydides.core.reflection.ClassFinder - Could not load class .starter.stepdefinitions.PromoSteps
00:43:08.554 [main] DEBUG net.thucydides.core.reflection.ClassFinder - Could not load class .starter.stepdefinitions.PulsanPaketDataSteps
00:43:08.555 [main] DEBUG net.thucydides.core.reflection.ClassFinder - Could not load class .starter.stepdefinitions.TopUpSteps
00:43:08.555 [main] DEBUG net.thucydides.core.reflection.ClassFinder - Could not load class .starter.stepdefinitions.TransaksiSteps
00:43:08.555 [main] DEBUG net.thucydides.core.reflection.ClassFinder - Could not load class .starter.stepdefinitions.WifiSteps
00:43:08.557 [main] DEBUG net.thucydides.core.reflection.ClassFinder - Could not load class META-INF.versions.9.com.sun.istack.logging.StackHelper
00:43:08.559 [main] DEBUG net.thucydides.core.reflection.ClassFinder - Could not load class META-INF.versions.9.com.sun.xml.bind.v2.runtime.reflect.opt.AccessorInjector
00:43:08.560 [main] DEBUG net.thucydides.core.reflection.ClassFinder - Could not load class META-INF.versions.9.com.sun.xml.bind.v2.runtime.reflect.opt.Injector
00:43:08.562 [main] DEBUG net.thucydides.core.reflection.ClassFinder - Could not load class META-INF.versions.9.com.sun.xml.bind.v2.runtime.reflect.opt.OptimizedAccessorFactory
00:43:08.563 [main] DEBUG net.thucydides.core.reflection.ClassFinder - Could not load class META-INF.versions.9.com.sun.xml.bind.v2.runtime.reflect.opt.OptimizedTransducedAccessorFactory
00:43:08.566 [main] DEBUG net.thucydides.core.reflection.ClassFinder - Could not load class META-INF.versions.9.io.opentelemetry.sdk.internal.CurrentJavaVersionSpecific
00:43:08.567 [main] DEBUG net.thucydides.core.reflection.ClassFinder - Could not load class META-INF.versions.9.io.opentelemetry.sdk.internal.Java9VersionSpecific
00:43:08.569 [main] DEBUG net.thucydides.core.reflection.ClassFinder - Could not load class META-INF.versions.9.javax.xml.bind.ModuleUtil
00:43:08.570 [main] DEBUG net.thucydides.core.reflection.ClassFinder - Could not load class META-INF.versions.9.module-info
00:43:08.572 [main] DEBUG net.thucydides.core.reflection.ClassFinder - Could not load class META-INF.versions.9.org.junit.platform.commons.util.ModuleUtils
00:43:09.044 [AsyncHttpClient-1-1] DEBUG org.asynchttpclient.netty.channel.DefaultChannelPool - Entry count for : http://localhost:34870 : 1
00:43:09.044 [AsyncHttpClient-1-1] DEBUG org.asynchttpclient.netty.channel.DefaultChannelPool - Entry count for : http://localhost:50804 : 1
00:43:09.684 [main] DEBUG net.thucydides.core.reflection.ClassFinder - Could not load class com.google.gson.internal.
00:43:10.151 [AsyncHttpClient-1-1] DEBUG org.asynchttpclient.netty.channel.DefaultChannelPool - Entry count for : http://localhost:34870 : 1
00:43:10.154 [AsyncHttpClient-1-1] DEBUG org.asynchttpclient.netty.channel.DefaultChannelPool - Entry count for : http://localhost:50804 : 1
00:43:10.210 [main] DEBUG net.thucydides.core.reflection.ClassFinder - Could not load class com.sun.xml.bind.v2.runtime.output.FastInfosetStreamWriterOutput
00:43:11.166 [main] DEBUG net.thucydides.core.reflection.ClassFinder - Could not load class module-info
00:43:11.232 [AsyncHttpClient-1-1] DEBUG org.asynchttpclient.netty.channel.DefaultChannelPool - Entry count for : http://localhost:34870 : 1
00:43:11.232 [AsyncHttpClient-1-1] DEBUG org.asynchttpclient.netty.channel.DefaultChannelPool - Entry count for : http://localhost:50804 : 1
00:43:12.336 [AsyncHttpClient-1-1] DEBUG org.asynchttpclient.netty.channel.DefaultChannelPool - Entry count for : http://localhost:34870 : 1
00:43:12.336 [AsyncHttpClient-1-1] DEBUG org.asynchttpclient.netty.channel.DefaultChannelPool - Entry count for : http://localhost:50804 : 1
00:43:13.432 [AsyncHttpClient-1-1] DEBUG org.asynchttpclient.netty.channel.DefaultChannelPool - Entry count for : http://localhost:34870 : 1
00:43:13.432 [AsyncHttpClient-1-1] DEBUG org.asynchttpclient.netty.channel.DefaultChannelPool - Entry count for : http://localhost:50804 : 1
00:43:14.540 [AsyncHttpClient-1-1] DEBUG org.asynchttpclient.netty.channel.DefaultChannelPool - Entry count for : http://localhost:34870 : 1
00:43:14.540 [AsyncHttpClient-1-1] DEBUG org.asynchttpclient.netty.channel.DefaultChannelPool - Entry count for : http://localhost:50804 : 1
00:43:15.024 [Forwarding get on session c0d8108d2ceab1d629176972e499beee to remote] DEBUG org.asynchttpclient.netty.request.NettyRequestSender - Using pooled Channel '[id: 0x5f220397, L:/127.0.0.1:50802 - R:localhost/127.0.0.1:34870]' for 'POST' to 'http://localhost:34870/session/c0d8108d2ceab1d629176972e499beee/url'
00:43:15.024 [Forwarding get on session c0d8108d2ceab1d629176972e499beee to remote] DEBUG org.asynchttpclient.netty.request.NettyRequestSender - Using open Channel [id: 0x5f220397, L:/127.0.0.1:50802 - R:localhost/127.0.0.1:34870] for POST '/session/c0d8108d2ceab1d629176972e499beee/url'
00:43:15.639 [AsyncHttpClient-1-1] DEBUG org.asynchttpclient.netty.channel.DefaultChannelPool - Entry count for : http://localhost:50804 : 1
00:43:15.808 [AsyncHttpClient-1-2] DEBUG org.asynchttpclient.netty.handler.HttpHandler - 

Request DefaultHttpRequest(decodeResult: success, version: HTTP/1.1)
POST /session/c0d8108d2ceab1d629176972e499beee/url HTTP/1.1
User-Agent: selenium/4.7.1 (java windows)
Content-Length: 69
Content-Type: application/json; charset=utf-8
host: localhost:34870
accept: */*

Response DefaultHttpResponse(decodeResult: success, version: HTTP/1.1)
HTTP/1.1 200 OK
Content-Type: application/json; charset=utf-8
cache-control: no-cache
content-length: 14

00:43:15.810 [AsyncHttpClient-1-2] DEBUG org.asynchttpclient.netty.channel.ChannelManager - Adding key: http://localhost:34870 for channel [id: 0x5f220397, L:/127.0.0.1:50802 - R:localhost/127.0.0.1:34870]
00:43:15.822 [Forwarding setTimeout on session c0d8108d2ceab1d629176972e499beee to remote] DEBUG org.asynchttpclient.netty.request.NettyRequestSender - Using pooled Channel '[id: 0x5f220397, L:/127.0.0.1:50802 - R:localhost/127.0.0.1:34870]' for 'POST' to 'http://localhost:34870/session/c0d8108d2ceab1d629176972e499beee/timeouts'
00:43:15.822 [Forwarding setTimeout on session c0d8108d2ceab1d629176972e499beee to remote] DEBUG org.asynchttpclient.netty.request.NettyRequestSender - Using open Channel [id: 0x5f220397, L:/127.0.0.1:50802 - R:localhost/127.0.0.1:34870] for POST '/session/c0d8108d2ceab1d629176972e499beee/timeouts'
00:43:15.826 [AsyncHttpClient-1-2] DEBUG org.asynchttpclient.netty.handler.HttpHandler - 

Request DefaultHttpRequest(decodeResult: success, version: HTTP/1.1)
POST /session/c0d8108d2ceab1d629176972e499beee/timeouts HTTP/1.1
User-Agent: selenium/4.7.1 (java windows)
Content-Length: 22
Content-Type: application/json; charset=utf-8
host: localhost:34870
accept: */*

Response DefaultHttpResponse(decodeResult: success, version: HTTP/1.1)
HTTP/1.1 200 OK
Content-Type: application/json; charset=utf-8
cache-control: no-cache
content-length: 14

00:43:15.827 [AsyncHttpClient-1-2] DEBUG org.asynchttpclient.netty.channel.ChannelManager - Adding key: http://localhost:34870 for channel [id: 0x5f220397, L:/127.0.0.1:50802 - R:localhost/127.0.0.1:34870]
00:43:15.837 [Forwarding getCurrentUrl on session c0d8108d2ceab1d629176972e499beee to remote] DEBUG org.asynchttpclient.netty.request.NettyRequestSender - Using pooled Channel '[id: 0x5f220397, L:/127.0.0.1:50802 - R:localhost/127.0.0.1:34870]' for 'GET' to 'http://localhost:34870/session/c0d8108d2ceab1d629176972e499beee/url'
00:43:15.837 [Forwarding getCurrentUrl on session c0d8108d2ceab1d629176972e499beee to remote] DEBUG org.asynchttpclient.netty.request.NettyRequestSender - Using open Channel [id: 0x5f220397, L:/127.0.0.1:50802 - R:localhost/127.0.0.1:34870] for GET '/session/c0d8108d2ceab1d629176972e499beee/url'
00:43:15.846 [AsyncHttpClient-1-2] DEBUG org.asynchttpclient.netty.handler.HttpHandler - 

Request DefaultFullHttpRequest(decodeResult: success, version: HTTP/1.1, content: EmptyByteBufBE)
GET /session/c0d8108d2ceab1d629176972e499beee/url HTTP/1.1
User-Agent: selenium/4.7.1 (java windows)
Cache-Control: no-cache
Content-Type: application/json; charset=utf-8
host: localhost:34870
accept: */*

Response DefaultHttpResponse(decodeResult: success, version: HTTP/1.1)
HTTP/1.1 200 OK
Content-Type: application/json; charset=utf-8
cache-control: no-cache
content-length: 51

00:43:15.847 [AsyncHttpClient-1-2] DEBUG org.asynchttpclient.netty.channel.ChannelManager - Adding key: http://localhost:34870 for channel [id: 0x5f220397, L:/127.0.0.1:50802 - R:localhost/127.0.0.1:34870]
00:43:15.855 [Forwarding getCurrentUrl on session c0d8108d2ceab1d629176972e499beee to remote] DEBUG org.asynchttpclient.netty.request.NettyRequestSender - Using pooled Channel '[id: 0x5f220397, L:/127.0.0.1:50802 - R:localhost/127.0.0.1:34870]' for 'GET' to 'http://localhost:34870/session/c0d8108d2ceab1d629176972e499beee/url'
00:43:15.855 [Forwarding getCurrentUrl on session c0d8108d2ceab1d629176972e499beee to remote] DEBUG org.asynchttpclient.netty.request.NettyRequestSender - Using open Channel [id: 0x5f220397, L:/127.0.0.1:50802 - R:localhost/127.0.0.1:34870] for GET '/session/c0d8108d2ceab1d629176972e499beee/url'
00:43:15.862 [AsyncHttpClient-1-2] DEBUG org.asynchttpclient.netty.handler.HttpHandler - 

Request DefaultFullHttpRequest(decodeResult: success, version: HTTP/1.1, content: EmptyByteBufBE)
GET /session/c0d8108d2ceab1d629176972e499beee/url HTTP/1.1
User-Agent: selenium/4.7.1 (java windows)
Cache-Control: no-cache
Content-Type: application/json; charset=utf-8
host: localhost:34870
accept: */*

Response DefaultHttpResponse(decodeResult: success, version: HTTP/1.1)
HTTP/1.1 200 OK
Content-Type: application/json; charset=utf-8
cache-control: no-cache
content-length: 51

00:43:15.863 [AsyncHttpClient-1-2] DEBUG org.asynchttpclient.netty.channel.ChannelManager - Adding key: http://localhost:34870 for channel [id: 0x5f220397, L:/127.0.0.1:50802 - R:localhost/127.0.0.1:34870]
00:43:15.880 [Forwarding findElement on session c0d8108d2ceab1d629176972e499beee to remote] DEBUG org.asynchttpclient.netty.request.NettyRequestSender - Using pooled Channel '[id: 0x5f220397, L:/127.0.0.1:50802 - R:localhost/127.0.0.1:34870]' for 'POST' to 'http://localhost:34870/session/c0d8108d2ceab1d629176972e499beee/element'
00:43:15.881 [Forwarding findElement on session c0d8108d2ceab1d629176972e499beee to remote] DEBUG org.asynchttpclient.netty.request.NettyRequestSender - Using open Channel [id: 0x5f220397, L:/127.0.0.1:50802 - R:localhost/127.0.0.1:34870] for POST '/session/c0d8108d2ceab1d629176972e499beee/element'
00:43:15.897 [AsyncHttpClient-1-2] DEBUG org.asynchttpclient.netty.handler.HttpHandler - 

Request DefaultHttpRequest(decodeResult: success, version: HTTP/1.1)
POST /session/c0d8108d2ceab1d629176972e499beee/element HTTP/1.1
User-Agent: selenium/4.7.1 (java windows)
Content-Length: 84
Content-Type: application/json; charset=utf-8
host: localhost:34870
accept: */*

Response DefaultHttpResponse(decodeResult: success, version: HTTP/1.1)
HTTP/1.1 200 OK
Content-Type: application/json; charset=utf-8
cache-control: no-cache
content-length: 95

00:43:15.897 [AsyncHttpClient-1-2] DEBUG org.asynchttpclient.netty.channel.ChannelManager - Adding key: http://localhost:34870 for channel [id: 0x5f220397, L:/127.0.0.1:50802 - R:localhost/127.0.0.1:34870]
00:43:15.908 [Forwarding isElementDisplayed on session c0d8108d2ceab1d629176972e499beee to remote] DEBUG org.asynchttpclient.netty.request.NettyRequestSender - Using pooled Channel '[id: 0x5f220397, L:/127.0.0.1:50802 - R:localhost/127.0.0.1:34870]' for 'POST' to 'http://localhost:34870/session/c0d8108d2ceab1d629176972e499beee/execute/sync'
00:43:15.908 [Forwarding isElementDisplayed on session c0d8108d2ceab1d629176972e499beee to remote] DEBUG org.asynchttpclient.netty.request.NettyRequestSender - Using open Channel [id: 0x5f220397, L:/127.0.0.1:50802 - R:localhost/127.0.0.1:34870] for POST '/session/c0d8108d2ceab1d629176972e499beee/execute/sync'
00:43:15.928 [AsyncHttpClient-1-2] DEBUG org.asynchttpclient.netty.handler.HttpHandler - 

Request DefaultHttpRequest(decodeResult: success, version: HTTP/1.1)
POST /session/c0d8108d2ceab1d629176972e499beee/execute/sync HTTP/1.1
User-Agent: selenium/4.7.1 (java windows)
Content-Length: 48787
Content-Type: application/json; charset=utf-8
host: localhost:34870
accept: */*

Response DefaultHttpResponse(decodeResult: success, version: HTTP/1.1)
HTTP/1.1 200 OK
Content-Type: application/json; charset=utf-8
cache-control: no-cache
content-length: 14

00:43:15.929 [AsyncHttpClient-1-2] DEBUG org.asynchttpclient.netty.channel.ChannelManager - Adding key: http://localhost:34870 for channel [id: 0x5f220397, L:/127.0.0.1:50802 - R:localhost/127.0.0.1:34870]
00:43:15.934 [Forwarding isElementDisplayed on session c0d8108d2ceab1d629176972e499beee to remote] DEBUG org.asynchttpclient.netty.request.NettyRequestSender - Using pooled Channel '[id: 0x5f220397, L:/127.0.0.1:50802 - R:localhost/127.0.0.1:34870]' for 'POST' to 'http://localhost:34870/session/c0d8108d2ceab1d629176972e499beee/execute/sync'
00:43:15.935 [Forwarding isElementDisplayed on session c0d8108d2ceab1d629176972e499beee to remote] DEBUG org.asynchttpclient.netty.request.NettyRequestSender - Using open Channel [id: 0x5f220397, L:/127.0.0.1:50802 - R:localhost/127.0.0.1:34870] for POST '/session/c0d8108d2ceab1d629176972e499beee/execute/sync'
00:43:15.967 [AsyncHttpClient-1-2] DEBUG org.asynchttpclient.netty.handler.HttpHandler - 

Request DefaultHttpRequest(decodeResult: success, version: HTTP/1.1)
POST /session/c0d8108d2ceab1d629176972e499beee/execute/sync HTTP/1.1
User-Agent: selenium/4.7.1 (java windows)
Content-Length: 48787
Content-Type: application/json; charset=utf-8
host: localhost:34870
accept: */*

Response DefaultHttpResponse(decodeResult: success, version: HTTP/1.1)
HTTP/1.1 200 OK
Content-Type: application/json; charset=utf-8
cache-control: no-cache
content-length: 14

00:43:15.982 [AsyncHttpClient-1-2] DEBUG org.asynchttpclient.netty.channel.ChannelManager - Adding key: http://localhost:34870 for channel [id: 0x5f220397, L:/127.0.0.1:50802 - R:localhost/127.0.0.1:34870]
00:43:16.744 [AsyncHttpClient-1-1] DEBUG org.asynchttpclient.netty.channel.DefaultChannelPool - Entry count for : http://localhost:34870 : 1
00:43:16.744 [AsyncHttpClient-1-1] DEBUG org.asynchttpclient.netty.channel.DefaultChannelPool - Entry count for : http://localhost:50804 : 1
00:43:17.519 [main] DEBUG net.serenitybdd.core.photography.Darkroom - Opening darkroom
00:43:17.519 [Darkroom Processing Line] DEBUG net.serenitybdd.core.photography.DarkroomProcessingLine - Darkroom processing line starting up
00:43:17.530 [Forwarding getCurrentWindowHandle on session c0d8108d2ceab1d629176972e499beee to remote] DEBUG org.asynchttpclient.netty.request.NettyRequestSender - Using pooled Channel '[id: 0x5f220397, L:/127.0.0.1:50802 - R:localhost/127.0.0.1:34870]' for 'GET' to 'http://localhost:34870/session/c0d8108d2ceab1d629176972e499beee/window'
00:43:17.531 [Forwarding getCurrentWindowHandle on session c0d8108d2ceab1d629176972e499beee to remote] DEBUG org.asynchttpclient.netty.request.NettyRequestSender - Using open Channel [id: 0x5f220397, L:/127.0.0.1:50802 - R:localhost/127.0.0.1:34870] for GET '/session/c0d8108d2ceab1d629176972e499beee/window'
00:43:17.532 [AsyncHttpClient-1-2] DEBUG org.asynchttpclient.netty.handler.HttpHandler - 

Request DefaultFullHttpRequest(decodeResult: success, version: HTTP/1.1, content: EmptyByteBufBE)
GET /session/c0d8108d2ceab1d629176972e499beee/window HTTP/1.1
User-Agent: selenium/4.7.1 (java windows)
Cache-Control: no-cache
Content-Type: application/json; charset=utf-8
host: localhost:34870
accept: */*

Response DefaultHttpResponse(decodeResult: success, version: HTTP/1.1)
HTTP/1.1 200 OK
Content-Type: application/json; charset=utf-8
cache-control: no-cache
content-length: 44

00:43:17.533 [AsyncHttpClient-1-2] DEBUG org.asynchttpclient.netty.channel.ChannelManager - Adding key: http://localhost:34870 for channel [id: 0x5f220397, L:/127.0.0.1:50802 - R:localhost/127.0.0.1:34870]
00:43:17.536 [Forwarding getAlertText on session c0d8108d2ceab1d629176972e499beee to remote] DEBUG org.asynchttpclient.netty.request.NettyRequestSender - Using pooled Channel '[id: 0x5f220397, L:/127.0.0.1:50802 - R:localhost/127.0.0.1:34870]' for 'GET' to 'http://localhost:34870/session/c0d8108d2ceab1d629176972e499beee/alert/text'
00:43:17.536 [Forwarding getAlertText on session c0d8108d2ceab1d629176972e499beee to remote] DEBUG org.asynchttpclient.netty.request.NettyRequestSender - Using open Channel [id: 0x5f220397, L:/127.0.0.1:50802 - R:localhost/127.0.0.1:34870] for GET '/session/c0d8108d2ceab1d629176972e499beee/alert/text'
00:43:17.538 [AsyncHttpClient-1-2] DEBUG org.asynchttpclient.netty.handler.HttpHandler - 

Request DefaultFullHttpRequest(decodeResult: success, version: HTTP/1.1, content: EmptyByteBufBE)
GET /session/c0d8108d2ceab1d629176972e499beee/alert/text HTTP/1.1
User-Agent: selenium/4.7.1 (java windows)
Cache-Control: no-cache
Content-Type: application/json; charset=utf-8
host: localhost:34870
accept: */*

Response DefaultHttpResponse(decodeResult: success, version: HTTP/1.1)
HTTP/1.1 404 Not Found
Content-Type: application/json; charset=utf-8
cache-control: no-cache
content-length: 849

00:43:17.538 [AsyncHttpClient-1-2] DEBUG org.asynchttpclient.netty.channel.ChannelManager - Adding key: http://localhost:34870 for channel [id: 0x5f220397, L:/127.0.0.1:50802 - R:localhost/127.0.0.1:34870]
00:43:17.549 [Forwarding switchToWindow on session c0d8108d2ceab1d629176972e499beee to remote] DEBUG org.asynchttpclient.netty.request.NettyRequestSender - Using pooled Channel '[id: 0x5f220397, L:/127.0.0.1:50802 - R:localhost/127.0.0.1:34870]' for 'POST' to 'http://localhost:34870/session/c0d8108d2ceab1d629176972e499beee/window'
00:43:17.549 [Forwarding switchToWindow on session c0d8108d2ceab1d629176972e499beee to remote] DEBUG org.asynchttpclient.netty.request.NettyRequestSender - Using open Channel [id: 0x5f220397, L:/127.0.0.1:50802 - R:localhost/127.0.0.1:34870] for POST '/session/c0d8108d2ceab1d629176972e499beee/window'
00:43:17.553 [AsyncHttpClient-1-2] DEBUG org.asynchttpclient.netty.handler.HttpHandler - 

Request DefaultHttpRequest(decodeResult: success, version: HTTP/1.1)
POST /session/c0d8108d2ceab1d629176972e499beee/window HTTP/1.1
User-Agent: selenium/4.7.1 (java windows)
Content-Length: 50
Content-Type: application/json; charset=utf-8
host: localhost:34870
accept: */*

Response DefaultHttpResponse(decodeResult: success, version: HTTP/1.1)
HTTP/1.1 200 OK
Content-Type: application/json; charset=utf-8
cache-control: no-cache
content-length: 14

00:43:17.553 [AsyncHttpClient-1-2] DEBUG org.asynchttpclient.netty.channel.ChannelManager - Adding key: http://localhost:34870 for channel [id: 0x5f220397, L:/127.0.0.1:50802 - R:localhost/127.0.0.1:34870]
00:43:17.555 [Forwarding getCurrentUrl on session c0d8108d2ceab1d629176972e499beee to remote] DEBUG org.asynchttpclient.netty.request.NettyRequestSender - Using pooled Channel '[id: 0x5f220397, L:/127.0.0.1:50802 - R:localhost/127.0.0.1:34870]' for 'GET' to 'http://localhost:34870/session/c0d8108d2ceab1d629176972e499beee/url'
00:43:17.555 [Forwarding getCurrentUrl on session c0d8108d2ceab1d629176972e499beee to remote] DEBUG org.asynchttpclient.netty.request.NettyRequestSender - Using open Channel [id: 0x5f220397, L:/127.0.0.1:50802 - R:localhost/127.0.0.1:34870] for GET '/session/c0d8108d2ceab1d629176972e499beee/url'
00:43:17.560 [AsyncHttpClient-1-2] DEBUG org.asynchttpclient.netty.handler.HttpHandler - 

Request DefaultFullHttpRequest(decodeResult: success, version: HTTP/1.1, content: EmptyByteBufBE)
GET /session/c0d8108d2ceab1d629176972e499beee/url HTTP/1.1
User-Agent: selenium/4.7.1 (java windows)
Cache-Control: no-cache
Content-Type: application/json; charset=utf-8
host: localhost:34870
accept: */*

Response DefaultHttpResponse(decodeResult: success, version: HTTP/1.1)
HTTP/1.1 200 OK
Content-Type: application/json; charset=utf-8
cache-control: no-cache
content-length: 51

00:43:17.560 [AsyncHttpClient-1-2] DEBUG org.asynchttpclient.netty.channel.ChannelManager - Adding key: http://localhost:34870 for channel [id: 0x5f220397, L:/127.0.0.1:50802 - R:localhost/127.0.0.1:34870]
00:43:17.563 [Forwarding screenshot on session c0d8108d2ceab1d629176972e499beee to remote] DEBUG org.asynchttpclient.netty.request.NettyRequestSender - Using pooled Channel '[id: 0x5f220397, L:/127.0.0.1:50802 - R:localhost/127.0.0.1:34870]' for 'GET' to 'http://localhost:34870/session/c0d8108d2ceab1d629176972e499beee/screenshot'
00:43:17.563 [Forwarding screenshot on session c0d8108d2ceab1d629176972e499beee to remote] DEBUG org.asynchttpclient.netty.request.NettyRequestSender - Using open Channel [id: 0x5f220397, L:/127.0.0.1:50802 - R:localhost/127.0.0.1:34870] for GET '/session/c0d8108d2ceab1d629176972e499beee/screenshot'
00:43:17.680 [AsyncHttpClient-1-2] DEBUG org.asynchttpclient.netty.handler.HttpHandler - 

Request DefaultFullHttpRequest(decodeResult: success, version: HTTP/1.1, content: EmptyByteBufBE)
GET /session/c0d8108d2ceab1d629176972e499beee/screenshot HTTP/1.1
User-Agent: selenium/4.7.1 (java windows)
Cache-Control: no-cache
Content-Type: application/json; charset=utf-8
host: localhost:34870
accept: */*

Response DefaultHttpResponse(decodeResult: success, version: HTTP/1.1)
HTTP/1.1 200 OK
Content-Type: application/json; charset=utf-8
cache-control: no-cache
content-length: 190240

00:43:17.682 [AsyncHttpClient-1-2] DEBUG org.asynchttpclient.netty.channel.ChannelManager - Adding key: http://localhost:34870 for channel [id: 0x5f220397, L:/127.0.0.1:50802 - R:localhost/127.0.0.1:34870]
00:43:17.761 [main] DEBUG net.serenitybdd.core.photography.Darkroom - Send negative for processing for target\site\serenity\5d3dc21bcad1dabd20d1e4cb9395e40a200962782026595f63e17458f0e762ed.png
00:43:17.762 [Darkroom Processing Line] DEBUG net.serenitybdd.core.photography.DarkroomProcessingLine - Processing screenshot image in /var/screenshots/screenshot-4176242884361116597
00:43:17.762 [Darkroom Processing Line] DEBUG net.serenitybdd.core.photography.DarkroomProcessingLine - Saving screenshot to target\site\serenity\5d3dc21bcad1dabd20d1e4cb9395e40a200962782026595f63e17458f0e762ed.png
00:43:17.766 [main] DEBUG net.thucydides.core.steps.StepInterceptor - STEP DONE: diHomepageSkuyPay
00:43:17.776 [main] DEBUG net.thucydides.core.steps.StepInterceptor - STARTING STEP: BPJSsteps.adminMelakukanLoginAkunUntukFiturBPJS - inputfieldemail
00:43:17.787 [Forwarding findElement on session c0d8108d2ceab1d629176972e499beee to remote] DEBUG org.asynchttpclient.netty.request.NettyRequestSender - Using pooled Channel '[id: 0x5f220397, L:/127.0.0.1:50802 - R:localhost/127.0.0.1:34870]' for 'POST' to 'http://localhost:34870/session/c0d8108d2ceab1d629176972e499beee/element'
00:43:17.788 [Forwarding findElement on session c0d8108d2ceab1d629176972e499beee to remote] DEBUG org.asynchttpclient.netty.request.NettyRequestSender - Using open Channel [id: 0x5f220397, L:/127.0.0.1:50802 - R:localhost/127.0.0.1:34870] for POST '/session/c0d8108d2ceab1d629176972e499beee/element'
00:43:17.800 [AsyncHttpClient-1-2] DEBUG org.asynchttpclient.netty.handler.HttpHandler - 

Request DefaultHttpRequest(decodeResult: success, version: HTTP/1.1)
POST /session/c0d8108d2ceab1d629176972e499beee/element HTTP/1.1
User-Agent: selenium/4.7.1 (java windows)
Content-Length: 84
Content-Type: application/json; charset=utf-8
host: localhost:34870
accept: */*

Response DefaultHttpResponse(decodeResult: success, version: HTTP/1.1)
HTTP/1.1 200 OK
Content-Type: application/json; charset=utf-8
cache-control: no-cache
content-length: 95

00:43:17.800 [AsyncHttpClient-1-2] DEBUG org.asynchttpclient.netty.channel.ChannelManager - Adding key: http://localhost:34870 for channel [id: 0x5f220397, L:/127.0.0.1:50802 - R:localhost/127.0.0.1:34870]
00:43:17.803 [Forwarding getElementTagName on session c0d8108d2ceab1d629176972e499beee to remote] DEBUG org.asynchttpclient.netty.request.NettyRequestSender - Using pooled Channel '[id: 0x5f220397, L:/127.0.0.1:50802 - R:localhost/127.0.0.1:34870]' for 'GET' to 'http://localhost:34870/session/c0d8108d2ceab1d629176972e499beee/element/1B593F8592DB6FC4FA78ADFEDA5AD6EB_element_11/name'
00:43:17.803 [Forwarding getElementTagName on session c0d8108d2ceab1d629176972e499beee to remote] DEBUG org.asynchttpclient.netty.request.NettyRequestSender - Using open Channel [id: 0x5f220397, L:/127.0.0.1:50802 - R:localhost/127.0.0.1:34870] for GET '/session/c0d8108d2ceab1d629176972e499beee/element/1B593F8592DB6FC4FA78ADFEDA5AD6EB_element_11/name'
00:43:17.809 [AsyncHttpClient-1-2] DEBUG org.asynchttpclient.netty.handler.HttpHandler - 

Request DefaultFullHttpRequest(decodeResult: success, version: HTTP/1.1, content: EmptyByteBufBE)
GET /session/c0d8108d2ceab1d629176972e499beee/element/1B593F8592DB6FC4FA78ADFEDA5AD6EB_element_11/name HTTP/1.1
User-Agent: selenium/4.7.1 (java windows)
Cache-Control: no-cache
Content-Type: application/json; charset=utf-8
host: localhost:34870
accept: */*

Response DefaultHttpResponse(decodeResult: success, version: HTTP/1.1)
HTTP/1.1 200 OK
Content-Type: application/json; charset=utf-8
cache-control: no-cache
content-length: 17

00:43:17.810 [AsyncHttpClient-1-2] DEBUG org.asynchttpclient.netty.channel.ChannelManager - Adding key: http://localhost:34870 for channel [id: 0x5f220397, L:/127.0.0.1:50802 - R:localhost/127.0.0.1:34870]
00:43:17.813 [Forwarding getElementTagName on session c0d8108d2ceab1d629176972e499beee to remote] DEBUG org.asynchttpclient.netty.request.NettyRequestSender - Using pooled Channel '[id: 0x5f220397, L:/127.0.0.1:50802 - R:localhost/127.0.0.1:34870]' for 'GET' to 'http://localhost:34870/session/c0d8108d2ceab1d629176972e499beee/element/1B593F8592DB6FC4FA78ADFEDA5AD6EB_element_11/name'
00:43:17.813 [Forwarding getElementTagName on session c0d8108d2ceab1d629176972e499beee to remote] DEBUG org.asynchttpclient.netty.request.NettyRequestSender - Using open Channel [id: 0x5f220397, L:/127.0.0.1:50802 - R:localhost/127.0.0.1:34870] for GET '/session/c0d8108d2ceab1d629176972e499beee/element/1B593F8592DB6FC4FA78ADFEDA5AD6EB_element_11/name'
00:43:17.819 [AsyncHttpClient-1-2] DEBUG org.asynchttpclient.netty.handler.HttpHandler - 

Request DefaultFullHttpRequest(decodeResult: success, version: HTTP/1.1, content: EmptyByteBufBE)
GET /session/c0d8108d2ceab1d629176972e499beee/element/1B593F8592DB6FC4FA78ADFEDA5AD6EB_element_11/name HTTP/1.1
User-Agent: selenium/4.7.1 (java windows)
Cache-Control: no-cache
Content-Type: application/json; charset=utf-8
host: localhost:34870
accept: */*

Response DefaultHttpResponse(decodeResult: success, version: HTTP/1.1)
HTTP/1.1 200 OK
Content-Type: application/json; charset=utf-8
cache-control: no-cache
content-length: 17

00:43:17.819 [AsyncHttpClient-1-2] DEBUG org.asynchttpclient.netty.channel.ChannelManager - Adding key: http://localhost:34870 for channel [id: 0x5f220397, L:/127.0.0.1:50802 - R:localhost/127.0.0.1:34870]
00:43:17.823 [Forwarding isElementEnabled on session c0d8108d2ceab1d629176972e499beee to remote] DEBUG org.asynchttpclient.netty.request.NettyRequestSender - Using pooled Channel '[id: 0x5f220397, L:/127.0.0.1:50802 - R:localhost/127.0.0.1:34870]' for 'GET' to 'http://localhost:34870/session/c0d8108d2ceab1d629176972e499beee/element/1B593F8592DB6FC4FA78ADFEDA5AD6EB_element_11/enabled'
00:43:17.823 [Forwarding isElementEnabled on session c0d8108d2ceab1d629176972e499beee to remote] DEBUG org.asynchttpclient.netty.request.NettyRequestSender - Using open Channel [id: 0x5f220397, L:/127.0.0.1:50802 - R:localhost/127.0.0.1:34870] for GET '/session/c0d8108d2ceab1d629176972e499beee/element/1B593F8592DB6FC4FA78ADFEDA5AD6EB_element_11/enabled'
00:43:17.835 [AsyncHttpClient-1-2] DEBUG org.asynchttpclient.netty.handler.HttpHandler - 

Request DefaultFullHttpRequest(decodeResult: success, version: HTTP/1.1, content: EmptyByteBufBE)
GET /session/c0d8108d2ceab1d629176972e499beee/element/1B593F8592DB6FC4FA78ADFEDA5AD6EB_element_11/enabled HTTP/1.1
User-Agent: selenium/4.7.1 (java windows)
Cache-Control: no-cache
Content-Type: application/json; charset=utf-8
host: localhost:34870
accept: */*

Response DefaultHttpResponse(decodeResult: success, version: HTTP/1.1)
HTTP/1.1 200 OK
Content-Type: application/json; charset=utf-8
cache-control: no-cache
content-length: 14

00:43:17.835 [AsyncHttpClient-1-2] DEBUG org.asynchttpclient.netty.channel.ChannelManager - Adding key: http://localhost:34870 for channel [id: 0x5f220397, L:/127.0.0.1:50802 - R:localhost/127.0.0.1:34870]
00:43:17.837 [Forwarding isElementEnabled on session c0d8108d2ceab1d629176972e499beee to remote] DEBUG org.asynchttpclient.netty.request.NettyRequestSender - Using pooled Channel '[id: 0x5f220397, L:/127.0.0.1:50802 - R:localhost/127.0.0.1:34870]' for 'GET' to 'http://localhost:34870/session/c0d8108d2ceab1d629176972e499beee/element/1B593F8592DB6FC4FA78ADFEDA5AD6EB_element_11/enabled'
00:43:17.837 [Forwarding isElementEnabled on session c0d8108d2ceab1d629176972e499beee to remote] DEBUG org.asynchttpclient.netty.request.NettyRequestSender - Using open Channel [id: 0x5f220397, L:/127.0.0.1:50802 - R:localhost/127.0.0.1:34870] for GET '/session/c0d8108d2ceab1d629176972e499beee/element/1B593F8592DB6FC4FA78ADFEDA5AD6EB_element_11/enabled'
00:43:17.841 [AsyncHttpClient-1-1] DEBUG org.asynchttpclient.netty.channel.DefaultChannelPool - Entry count for : http://localhost:50804 : 1
00:43:17.845 [AsyncHttpClient-1-2] DEBUG org.asynchttpclient.netty.handler.HttpHandler - 

Request DefaultFullHttpRequest(decodeResult: success, version: HTTP/1.1, content: EmptyByteBufBE)
GET /session/c0d8108d2ceab1d629176972e499beee/element/1B593F8592DB6FC4FA78ADFEDA5AD6EB_element_11/enabled HTTP/1.1
User-Agent: selenium/4.7.1 (java windows)
Cache-Control: no-cache
Content-Type: application/json; charset=utf-8
host: localhost:34870
accept: */*

Response DefaultHttpResponse(decodeResult: success, version: HTTP/1.1)
HTTP/1.1 200 OK
Content-Type: application/json; charset=utf-8
cache-control: no-cache
content-length: 14

00:43:17.845 [AsyncHttpClient-1-2] DEBUG org.asynchttpclient.netty.channel.ChannelManager - Adding key: http://localhost:34870 for channel [id: 0x5f220397, L:/127.0.0.1:50802 - R:localhost/127.0.0.1:34870]
00:43:17.850 [Forwarding findElement on session c0d8108d2ceab1d629176972e499beee to remote] DEBUG org.asynchttpclient.netty.request.NettyRequestSender - Using pooled Channel '[id: 0x5f220397, L:/127.0.0.1:50802 - R:localhost/127.0.0.1:34870]' for 'POST' to 'http://localhost:34870/session/c0d8108d2ceab1d629176972e499beee/element'
00:43:17.850 [Forwarding findElement on session c0d8108d2ceab1d629176972e499beee to remote] DEBUG org.asynchttpclient.netty.request.NettyRequestSender - Using open Channel [id: 0x5f220397, L:/127.0.0.1:50802 - R:localhost/127.0.0.1:34870] for POST '/session/c0d8108d2ceab1d629176972e499beee/element'
00:43:17.860 [AsyncHttpClient-1-2] DEBUG org.asynchttpclient.netty.handler.HttpHandler - 

Request DefaultHttpRequest(decodeResult: success, version: HTTP/1.1)
POST /session/c0d8108d2ceab1d629176972e499beee/element HTTP/1.1
User-Agent: selenium/4.7.1 (java windows)
Content-Length: 84
Content-Type: application/json; charset=utf-8
host: localhost:34870
accept: */*

Response DefaultHttpResponse(decodeResult: success, version: HTTP/1.1)
HTTP/1.1 200 OK
Content-Type: application/json; charset=utf-8
cache-control: no-cache
content-length: 95

00:43:17.860 [AsyncHttpClient-1-2] DEBUG org.asynchttpclient.netty.channel.ChannelManager - Adding key: http://localhost:34870 for channel [id: 0x5f220397, L:/127.0.0.1:50802 - R:localhost/127.0.0.1:34870]
00:43:17.863 [Forwarding clickElement on session c0d8108d2ceab1d629176972e499beee to remote] DEBUG org.asynchttpclient.netty.request.NettyRequestSender - Using pooled Channel '[id: 0x5f220397, L:/127.0.0.1:50802 - R:localhost/127.0.0.1:34870]' for 'POST' to 'http://localhost:34870/session/c0d8108d2ceab1d629176972e499beee/element/1B593F8592DB6FC4FA78ADFEDA5AD6EB_element_11/click'
00:43:17.863 [Forwarding clickElement on session c0d8108d2ceab1d629176972e499beee to remote] DEBUG org.asynchttpclient.netty.request.NettyRequestSender - Using open Channel [id: 0x5f220397, L:/127.0.0.1:50802 - R:localhost/127.0.0.1:34870] for POST '/session/c0d8108d2ceab1d629176972e499beee/element/1B593F8592DB6FC4FA78ADFEDA5AD6EB_element_11/click'
00:43:17.936 [AsyncHttpClient-1-2] DEBUG org.asynchttpclient.netty.handler.HttpHandler - 

Request DefaultHttpRequest(decodeResult: success, version: HTTP/1.1)
POST /session/c0d8108d2ceab1d629176972e499beee/element/1B593F8592DB6FC4FA78ADFEDA5AD6EB_element_11/click HTTP/1.1
User-Agent: selenium/4.7.1 (java windows)
Content-Length: 57
Content-Type: application/json; charset=utf-8
host: localhost:34870
accept: */*

Response DefaultHttpResponse(decodeResult: success, version: HTTP/1.1)
HTTP/1.1 200 OK
Content-Type: application/json; charset=utf-8
cache-control: no-cache
content-length: 14

00:43:17.936 [AsyncHttpClient-1-2] DEBUG org.asynchttpclient.netty.channel.ChannelManager - Adding key: http://localhost:34870 for channel [id: 0x5f220397, L:/127.0.0.1:50802 - R:localhost/127.0.0.1:34870]
00:43:17.946 [Forwarding findElement on session c0d8108d2ceab1d629176972e499beee to remote] DEBUG org.asynchttpclient.netty.request.NettyRequestSender - Using pooled Channel '[id: 0x5f220397, L:/127.0.0.1:50802 - R:localhost/127.0.0.1:34870]' for 'POST' to 'http://localhost:34870/session/c0d8108d2ceab1d629176972e499beee/element'
00:43:17.946 [Forwarding findElement on session c0d8108d2ceab1d629176972e499beee to remote] DEBUG org.asynchttpclient.netty.request.NettyRequestSender - Using open Channel [id: 0x5f220397, L:/127.0.0.1:50802 - R:localhost/127.0.0.1:34870] for POST '/session/c0d8108d2ceab1d629176972e499beee/element'
00:43:17.958 [AsyncHttpClient-1-2] DEBUG org.asynchttpclient.netty.handler.HttpHandler - 

Request DefaultHttpRequest(decodeResult: success, version: HTTP/1.1)
POST /session/c0d8108d2ceab1d629176972e499beee/element HTTP/1.1
User-Agent: selenium/4.7.1 (java windows)
Content-Length: 84
Content-Type: application/json; charset=utf-8
host: localhost:34870
accept: */*

Response DefaultHttpResponse(decodeResult: success, version: HTTP/1.1)
HTTP/1.1 200 OK
Content-Type: application/json; charset=utf-8
cache-control: no-cache
content-length: 95

00:43:17.958 [AsyncHttpClient-1-2] DEBUG org.asynchttpclient.netty.channel.ChannelManager - Adding key: http://localhost:34870 for channel [id: 0x5f220397, L:/127.0.0.1:50802 - R:localhost/127.0.0.1:34870]
00:43:17.960 [Forwarding clearElement on session c0d8108d2ceab1d629176972e499beee to remote] DEBUG org.asynchttpclient.netty.request.NettyRequestSender - Using pooled Channel '[id: 0x5f220397, L:/127.0.0.1:50802 - R:localhost/127.0.0.1:34870]' for 'POST' to 'http://localhost:34870/session/c0d8108d2ceab1d629176972e499beee/element/1B593F8592DB6FC4FA78ADFEDA5AD6EB_element_11/clear'
00:43:17.961 [Forwarding clearElement on session c0d8108d2ceab1d629176972e499beee to remote] DEBUG org.asynchttpclient.netty.request.NettyRequestSender - Using open Channel [id: 0x5f220397, L:/127.0.0.1:50802 - R:localhost/127.0.0.1:34870] for POST '/session/c0d8108d2ceab1d629176972e499beee/element/1B593F8592DB6FC4FA78ADFEDA5AD6EB_element_11/clear'
00:43:17.998 [AsyncHttpClient-1-2] DEBUG org.asynchttpclient.netty.handler.HttpHandler - 

Request DefaultHttpRequest(decodeResult: success, version: HTTP/1.1)
POST /session/c0d8108d2ceab1d629176972e499beee/element/1B593F8592DB6FC4FA78ADFEDA5AD6EB_element_11/clear HTTP/1.1
User-Agent: selenium/4.7.1 (java windows)
Content-Length: 57
Content-Type: application/json; charset=utf-8
host: localhost:34870
accept: */*

Response DefaultHttpResponse(decodeResult: success, version: HTTP/1.1)
HTTP/1.1 200 OK
Content-Type: application/json; charset=utf-8
cache-control: no-cache
content-length: 14

00:43:17.999 [AsyncHttpClient-1-2] DEBUG org.asynchttpclient.netty.channel.ChannelManager - Adding key: http://localhost:34870 for channel [id: 0x5f220397, L:/127.0.0.1:50802 - R:localhost/127.0.0.1:34870]
00:43:18.004 [Forwarding sendKeysToElement on session c0d8108d2ceab1d629176972e499beee to remote] DEBUG org.asynchttpclient.netty.request.NettyRequestSender - Using pooled Channel '[id: 0x5f220397, L:/127.0.0.1:50802 - R:localhost/127.0.0.1:34870]' for 'POST' to 'http://localhost:34870/session/c0d8108d2ceab1d629176972e499beee/element/1B593F8592DB6FC4FA78ADFEDA5AD6EB_element_11/value'
00:43:18.004 [Forwarding sendKeysToElement on session c0d8108d2ceab1d629176972e499beee to remote] DEBUG org.asynchttpclient.netty.request.NettyRequestSender - Using open Channel [id: 0x5f220397, L:/127.0.0.1:50802 - R:localhost/127.0.0.1:34870] for POST '/session/c0d8108d2ceab1d629176972e499beee/element/1B593F8592DB6FC4FA78ADFEDA5AD6EB_element_11/value'
00:43:18.099 [AsyncHttpClient-1-2] DEBUG org.asynchttpclient.netty.handler.HttpHandler - 

Request DefaultHttpRequest(decodeResult: success, version: HTTP/1.1)
POST /session/c0d8108d2ceab1d629176972e499beee/element/1B593F8592DB6FC4FA78ADFEDA5AD6EB_element_11/value HTTP/1.1
User-Agent: selenium/4.7.1 (java windows)
Content-Length: 228
Content-Type: application/json; charset=utf-8
host: localhost:34870
accept: */*

Response DefaultHttpResponse(decodeResult: success, version: HTTP/1.1)
HTTP/1.1 200 OK
Content-Type: application/json; charset=utf-8
cache-control: no-cache
content-length: 14

00:43:18.099 [AsyncHttpClient-1-2] DEBUG org.asynchttpclient.netty.channel.ChannelManager - Adding key: http://localhost:34870 for channel [id: 0x5f220397, L:/127.0.0.1:50802 - R:localhost/127.0.0.1:34870]
00:43:18.941 [AsyncHttpClient-1-1] DEBUG org.asynchttpclient.netty.channel.DefaultChannelPool - Entry count for : http://localhost:34870 : 1
00:43:18.941 [AsyncHttpClient-1-1] DEBUG org.asynchttpclient.netty.channel.DefaultChannelPool - Entry count for : http://localhost:50804 : 1
00:43:19.624 [Forwarding getCurrentWindowHandle on session c0d8108d2ceab1d629176972e499beee to remote] DEBUG org.asynchttpclient.netty.request.NettyRequestSender - Using pooled Channel '[id: 0x5f220397, L:/127.0.0.1:50802 - R:localhost/127.0.0.1:34870]' for 'GET' to 'http://localhost:34870/session/c0d8108d2ceab1d629176972e499beee/window'
00:43:19.624 [Forwarding getCurrentWindowHandle on session c0d8108d2ceab1d629176972e499beee to remote] DEBUG org.asynchttpclient.netty.request.NettyRequestSender - Using open Channel [id: 0x5f220397, L:/127.0.0.1:50802 - R:localhost/127.0.0.1:34870] for GET '/session/c0d8108d2ceab1d629176972e499beee/window'
00:43:19.626 [AsyncHttpClient-1-2] DEBUG org.asynchttpclient.netty.handler.HttpHandler - 

Request DefaultFullHttpRequest(decodeResult: success, version: HTTP/1.1, content: EmptyByteBufBE)
GET /session/c0d8108d2ceab1d629176972e499beee/window HTTP/1.1
User-Agent: selenium/4.7.1 (java windows)
Cache-Control: no-cache
Content-Type: application/json; charset=utf-8
host: localhost:34870
accept: */*

Response DefaultHttpResponse(decodeResult: success, version: HTTP/1.1)
HTTP/1.1 200 OK
Content-Type: application/json; charset=utf-8
cache-control: no-cache
content-length: 44

00:43:19.627 [AsyncHttpClient-1-2] DEBUG org.asynchttpclient.netty.channel.ChannelManager - Adding key: http://localhost:34870 for channel [id: 0x5f220397, L:/127.0.0.1:50802 - R:localhost/127.0.0.1:34870]
00:43:19.629 [Forwarding getAlertText on session c0d8108d2ceab1d629176972e499beee to remote] DEBUG org.asynchttpclient.netty.request.NettyRequestSender - Using pooled Channel '[id: 0x5f220397, L:/127.0.0.1:50802 - R:localhost/127.0.0.1:34870]' for 'GET' to 'http://localhost:34870/session/c0d8108d2ceab1d629176972e499beee/alert/text'
00:43:19.629 [Forwarding getAlertText on session c0d8108d2ceab1d629176972e499beee to remote] DEBUG org.asynchttpclient.netty.request.NettyRequestSender - Using open Channel [id: 0x5f220397, L:/127.0.0.1:50802 - R:localhost/127.0.0.1:34870] for GET '/session/c0d8108d2ceab1d629176972e499beee/alert/text'
00:43:19.632 [AsyncHttpClient-1-2] DEBUG org.asynchttpclient.netty.handler.HttpHandler - 

Request DefaultFullHttpRequest(decodeResult: success, version: HTTP/1.1, content: EmptyByteBufBE)
GET /session/c0d8108d2ceab1d629176972e499beee/alert/text HTTP/1.1
User-Agent: selenium/4.7.1 (java windows)
Cache-Control: no-cache
Content-Type: application/json; charset=utf-8
host: localhost:34870
accept: */*

Response DefaultHttpResponse(decodeResult: success, version: HTTP/1.1)
HTTP/1.1 404 Not Found
Content-Type: application/json; charset=utf-8
cache-control: no-cache
content-length: 849

00:43:19.632 [AsyncHttpClient-1-2] DEBUG org.asynchttpclient.netty.channel.ChannelManager - Adding key: http://localhost:34870 for channel [id: 0x5f220397, L:/127.0.0.1:50802 - R:localhost/127.0.0.1:34870]
00:43:19.635 [Forwarding switchToWindow on session c0d8108d2ceab1d629176972e499beee to remote] DEBUG org.asynchttpclient.netty.request.NettyRequestSender - Using pooled Channel '[id: 0x5f220397, L:/127.0.0.1:50802 - R:localhost/127.0.0.1:34870]' for 'POST' to 'http://localhost:34870/session/c0d8108d2ceab1d629176972e499beee/window'
00:43:19.635 [Forwarding switchToWindow on session c0d8108d2ceab1d629176972e499beee to remote] DEBUG org.asynchttpclient.netty.request.NettyRequestSender - Using open Channel [id: 0x5f220397, L:/127.0.0.1:50802 - R:localhost/127.0.0.1:34870] for POST '/session/c0d8108d2ceab1d629176972e499beee/window'
00:43:19.638 [AsyncHttpClient-1-2] DEBUG org.asynchttpclient.netty.handler.HttpHandler - 

Request DefaultHttpRequest(decodeResult: success, version: HTTP/1.1)
POST /session/c0d8108d2ceab1d629176972e499beee/window HTTP/1.1
User-Agent: selenium/4.7.1 (java windows)
Content-Length: 50
Content-Type: application/json; charset=utf-8
host: localhost:34870
accept: */*

Response DefaultHttpResponse(decodeResult: success, version: HTTP/1.1)
HTTP/1.1 200 OK
Content-Type: application/json; charset=utf-8
cache-control: no-cache
content-length: 14

00:43:19.638 [AsyncHttpClient-1-2] DEBUG org.asynchttpclient.netty.channel.ChannelManager - Adding key: http://localhost:34870 for channel [id: 0x5f220397, L:/127.0.0.1:50802 - R:localhost/127.0.0.1:34870]
00:43:19.640 [Forwarding getCurrentUrl on session c0d8108d2ceab1d629176972e499beee to remote] DEBUG org.asynchttpclient.netty.request.NettyRequestSender - Using pooled Channel '[id: 0x5f220397, L:/127.0.0.1:50802 - R:localhost/127.0.0.1:34870]' for 'GET' to 'http://localhost:34870/session/c0d8108d2ceab1d629176972e499beee/url'
00:43:19.640 [Forwarding getCurrentUrl on session c0d8108d2ceab1d629176972e499beee to remote] DEBUG org.asynchttpclient.netty.request.NettyRequestSender - Using open Channel [id: 0x5f220397, L:/127.0.0.1:50802 - R:localhost/127.0.0.1:34870] for GET '/session/c0d8108d2ceab1d629176972e499beee/url'
00:43:19.645 [AsyncHttpClient-1-2] DEBUG org.asynchttpclient.netty.handler.HttpHandler - 

Request DefaultFullHttpRequest(decodeResult: success, version: HTTP/1.1, content: EmptyByteBufBE)
GET /session/c0d8108d2ceab1d629176972e499beee/url HTTP/1.1
User-Agent: selenium/4.7.1 (java windows)
Cache-Control: no-cache
Content-Type: application/json; charset=utf-8
host: localhost:34870
accept: */*

Response DefaultHttpResponse(decodeResult: success, version: HTTP/1.1)
HTTP/1.1 200 OK
Content-Type: application/json; charset=utf-8
cache-control: no-cache
content-length: 51

00:43:19.646 [AsyncHttpClient-1-2] DEBUG org.asynchttpclient.netty.channel.ChannelManager - Adding key: http://localhost:34870 for channel [id: 0x5f220397, L:/127.0.0.1:50802 - R:localhost/127.0.0.1:34870]
00:43:19.647 [Forwarding screenshot on session c0d8108d2ceab1d629176972e499beee to remote] DEBUG org.asynchttpclient.netty.request.NettyRequestSender - Using pooled Channel '[id: 0x5f220397, L:/127.0.0.1:50802 - R:localhost/127.0.0.1:34870]' for 'GET' to 'http://localhost:34870/session/c0d8108d2ceab1d629176972e499beee/screenshot'
00:43:19.647 [Forwarding screenshot on session c0d8108d2ceab1d629176972e499beee to remote] DEBUG org.asynchttpclient.netty.request.NettyRequestSender - Using open Channel [id: 0x5f220397, L:/127.0.0.1:50802 - R:localhost/127.0.0.1:34870] for GET '/session/c0d8108d2ceab1d629176972e499beee/screenshot'
00:43:19.764 [AsyncHttpClient-1-2] DEBUG org.asynchttpclient.netty.handler.HttpHandler - 

Request DefaultFullHttpRequest(decodeResult: success, version: HTTP/1.1, content: EmptyByteBufBE)
GET /session/c0d8108d2ceab1d629176972e499beee/screenshot HTTP/1.1
User-Agent: selenium/4.7.1 (java windows)
Cache-Control: no-cache
Content-Type: application/json; charset=utf-8
host: localhost:34870
accept: */*

Response DefaultHttpResponse(decodeResult: success, version: HTTP/1.1)
HTTP/1.1 200 OK
Content-Type: application/json; charset=utf-8
cache-control: no-cache
content-length: 192440

00:43:19.766 [AsyncHttpClient-1-2] DEBUG org.asynchttpclient.netty.channel.ChannelManager - Adding key: http://localhost:34870 for channel [id: 0x5f220397, L:/127.0.0.1:50802 - R:localhost/127.0.0.1:34870]
00:43:19.774 [main] DEBUG net.serenitybdd.core.photography.Darkroom - Send negative for processing for target\site\serenity\82af9b4d23dce5d2c172b7bd1d3eac742b4703310d0937898c7393eb58671bd7.png
00:43:19.774 [Darkroom Processing Line] DEBUG net.serenitybdd.core.photography.DarkroomProcessingLine - Processing screenshot image in /var/screenshots/screenshot-10448059600043388240
00:43:19.774 [Darkroom Processing Line] DEBUG net.serenitybdd.core.photography.DarkroomProcessingLine - Saving screenshot to target\site\serenity\82af9b4d23dce5d2c172b7bd1d3eac742b4703310d0937898c7393eb58671bd7.png
00:43:19.774 [main] DEBUG net.thucydides.core.steps.StepInterceptor - STEP DONE: inputfieldemail
00:43:19.780 [main] DEBUG net.thucydides.core.steps.StepInterceptor - STARTING STEP: BPJSsteps.adminMelakukanLoginAkunUntukFiturBPJS - inputfieldpassword
00:43:19.785 [Forwarding findElement on session c0d8108d2ceab1d629176972e499beee to remote] DEBUG org.asynchttpclient.netty.request.NettyRequestSender - Using pooled Channel '[id: 0x5f220397, L:/127.0.0.1:50802 - R:localhost/127.0.0.1:34870]' for 'POST' to 'http://localhost:34870/session/c0d8108d2ceab1d629176972e499beee/element'
00:43:19.785 [Forwarding findElement on session c0d8108d2ceab1d629176972e499beee to remote] DEBUG org.asynchttpclient.netty.request.NettyRequestSender - Using open Channel [id: 0x5f220397, L:/127.0.0.1:50802 - R:localhost/127.0.0.1:34870] for POST '/session/c0d8108d2ceab1d629176972e499beee/element'
00:43:19.801 [AsyncHttpClient-1-2] DEBUG org.asynchttpclient.netty.handler.HttpHandler - 

Request DefaultHttpRequest(decodeResult: success, version: HTTP/1.1)
POST /session/c0d8108d2ceab1d629176972e499beee/element HTTP/1.1
User-Agent: selenium/4.7.1 (java windows)
Content-Length: 72
Content-Type: application/json; charset=utf-8
host: localhost:34870
accept: */*

Response DefaultHttpResponse(decodeResult: success, version: HTTP/1.1)
HTTP/1.1 200 OK
Content-Type: application/json; charset=utf-8
cache-control: no-cache
content-length: 94

00:43:19.801 [AsyncHttpClient-1-2] DEBUG org.asynchttpclient.netty.channel.ChannelManager - Adding key: http://localhost:34870 for channel [id: 0x5f220397, L:/127.0.0.1:50802 - R:localhost/127.0.0.1:34870]
00:43:19.803 [Forwarding getElementTagName on session c0d8108d2ceab1d629176972e499beee to remote] DEBUG org.asynchttpclient.netty.request.NettyRequestSender - Using pooled Channel '[id: 0x5f220397, L:/127.0.0.1:50802 - R:localhost/127.0.0.1:34870]' for 'GET' to 'http://localhost:34870/session/c0d8108d2ceab1d629176972e499beee/element/1B593F8592DB6FC4FA78ADFEDA5AD6EB_element_5/name'
00:43:19.803 [Forwarding getElementTagName on session c0d8108d2ceab1d629176972e499beee to remote] DEBUG org.asynchttpclient.netty.request.NettyRequestSender - Using open Channel [id: 0x5f220397, L:/127.0.0.1:50802 - R:localhost/127.0.0.1:34870] for GET '/session/c0d8108d2ceab1d629176972e499beee/element/1B593F8592DB6FC4FA78ADFEDA5AD6EB_element_5/name'
00:43:19.809 [AsyncHttpClient-1-2] DEBUG org.asynchttpclient.netty.handler.HttpHandler - 

Request DefaultFullHttpRequest(decodeResult: success, version: HTTP/1.1, content: EmptyByteBufBE)
GET /session/c0d8108d2ceab1d629176972e499beee/element/1B593F8592DB6FC4FA78ADFEDA5AD6EB_element_5/name HTTP/1.1
User-Agent: selenium/4.7.1 (java windows)
Cache-Control: no-cache
Content-Type: application/json; charset=utf-8
host: localhost:34870
accept: */*

Response DefaultHttpResponse(decodeResult: success, version: HTTP/1.1)
HTTP/1.1 200 OK
Content-Type: application/json; charset=utf-8
cache-control: no-cache
content-length: 17

00:43:19.810 [AsyncHttpClient-1-2] DEBUG org.asynchttpclient.netty.channel.ChannelManager - Adding key: http://localhost:34870 for channel [id: 0x5f220397, L:/127.0.0.1:50802 - R:localhost/127.0.0.1:34870]
00:43:19.812 [Forwarding getElementTagName on session c0d8108d2ceab1d629176972e499beee to remote] DEBUG org.asynchttpclient.netty.request.NettyRequestSender - Using pooled Channel '[id: 0x5f220397, L:/127.0.0.1:50802 - R:localhost/127.0.0.1:34870]' for 'GET' to 'http://localhost:34870/session/c0d8108d2ceab1d629176972e499beee/element/1B593F8592DB6FC4FA78ADFEDA5AD6EB_element_5/name'
00:43:19.812 [Forwarding getElementTagName on session c0d8108d2ceab1d629176972e499beee to remote] DEBUG org.asynchttpclient.netty.request.NettyRequestSender - Using open Channel [id: 0x5f220397, L:/127.0.0.1:50802 - R:localhost/127.0.0.1:34870] for GET '/session/c0d8108d2ceab1d629176972e499beee/element/1B593F8592DB6FC4FA78ADFEDA5AD6EB_element_5/name'
00:43:19.818 [AsyncHttpClient-1-2] DEBUG org.asynchttpclient.netty.handler.HttpHandler - 

Request DefaultFullHttpRequest(decodeResult: success, version: HTTP/1.1, content: EmptyByteBufBE)
GET /session/c0d8108d2ceab1d629176972e499beee/element/1B593F8592DB6FC4FA78ADFEDA5AD6EB_element_5/name HTTP/1.1
User-Agent: selenium/4.7.1 (java windows)
Cache-Control: no-cache
Content-Type: application/json; charset=utf-8
host: localhost:34870
accept: */*

Response DefaultHttpResponse(decodeResult: success, version: HTTP/1.1)
HTTP/1.1 200 OK
Content-Type: application/json; charset=utf-8
cache-control: no-cache
content-length: 17

00:43:19.818 [AsyncHttpClient-1-2] DEBUG org.asynchttpclient.netty.channel.ChannelManager - Adding key: http://localhost:34870 for channel [id: 0x5f220397, L:/127.0.0.1:50802 - R:localhost/127.0.0.1:34870]
00:43:19.823 [Forwarding isElementEnabled on session c0d8108d2ceab1d629176972e499beee to remote] DEBUG org.asynchttpclient.netty.request.NettyRequestSender - Using pooled Channel '[id: 0x5f220397, L:/127.0.0.1:50802 - R:localhost/127.0.0.1:34870]' for 'GET' to 'http://localhost:34870/session/c0d8108d2ceab1d629176972e499beee/element/1B593F8592DB6FC4FA78ADFEDA5AD6EB_element_5/enabled'
00:43:19.823 [Forwarding isElementEnabled on session c0d8108d2ceab1d629176972e499beee to remote] DEBUG org.asynchttpclient.netty.request.NettyRequestSender - Using open Channel [id: 0x5f220397, L:/127.0.0.1:50802 - R:localhost/127.0.0.1:34870] for GET '/session/c0d8108d2ceab1d629176972e499beee/element/1B593F8592DB6FC4FA78ADFEDA5AD6EB_element_5/enabled'
00:43:19.832 [AsyncHttpClient-1-2] DEBUG org.asynchttpclient.netty.handler.HttpHandler - 

Request DefaultFullHttpRequest(decodeResult: success, version: HTTP/1.1, content: EmptyByteBufBE)
GET /session/c0d8108d2ceab1d629176972e499beee/element/1B593F8592DB6FC4FA78ADFEDA5AD6EB_element_5/enabled HTTP/1.1
User-Agent: selenium/4.7.1 (java windows)
Cache-Control: no-cache
Content-Type: application/json; charset=utf-8
host: localhost:34870
accept: */*

Response DefaultHttpResponse(decodeResult: success, version: HTTP/1.1)
HTTP/1.1 200 OK
Content-Type: application/json; charset=utf-8
cache-control: no-cache
content-length: 14

00:43:19.833 [AsyncHttpClient-1-2] DEBUG org.asynchttpclient.netty.channel.ChannelManager - Adding key: http://localhost:34870 for channel [id: 0x5f220397, L:/127.0.0.1:50802 - R:localhost/127.0.0.1:34870]
00:43:19.835 [Forwarding isElementEnabled on session c0d8108d2ceab1d629176972e499beee to remote] DEBUG org.asynchttpclient.netty.request.NettyRequestSender - Using pooled Channel '[id: 0x5f220397, L:/127.0.0.1:50802 - R:localhost/127.0.0.1:34870]' for 'GET' to 'http://localhost:34870/session/c0d8108d2ceab1d629176972e499beee/element/1B593F8592DB6FC4FA78ADFEDA5AD6EB_element_5/enabled'
00:43:19.835 [Forwarding isElementEnabled on session c0d8108d2ceab1d629176972e499beee to remote] DEBUG org.asynchttpclient.netty.request.NettyRequestSender - Using open Channel [id: 0x5f220397, L:/127.0.0.1:50802 - R:localhost/127.0.0.1:34870] for GET '/session/c0d8108d2ceab1d629176972e499beee/element/1B593F8592DB6FC4FA78ADFEDA5AD6EB_element_5/enabled'
00:43:19.842 [AsyncHttpClient-1-2] DEBUG org.asynchttpclient.netty.handler.HttpHandler - 

Request DefaultFullHttpRequest(decodeResult: success, version: HTTP/1.1, content: EmptyByteBufBE)
GET /session/c0d8108d2ceab1d629176972e499beee/element/1B593F8592DB6FC4FA78ADFEDA5AD6EB_element_5/enabled HTTP/1.1
User-Agent: selenium/4.7.1 (java windows)
Cache-Control: no-cache
Content-Type: application/json; charset=utf-8
host: localhost:34870
accept: */*

Response DefaultHttpResponse(decodeResult: success, version: HTTP/1.1)
HTTP/1.1 200 OK
Content-Type: application/json; charset=utf-8
cache-control: no-cache
content-length: 14

00:43:19.842 [AsyncHttpClient-1-2] DEBUG org.asynchttpclient.netty.channel.ChannelManager - Adding key: http://localhost:34870 for channel [id: 0x5f220397, L:/127.0.0.1:50802 - R:localhost/127.0.0.1:34870]
00:43:19.845 [Forwarding findElement on session c0d8108d2ceab1d629176972e499beee to remote] DEBUG org.asynchttpclient.netty.request.NettyRequestSender - Using pooled Channel '[id: 0x5f220397, L:/127.0.0.1:50802 - R:localhost/127.0.0.1:34870]' for 'POST' to 'http://localhost:34870/session/c0d8108d2ceab1d629176972e499beee/element'
00:43:19.845 [Forwarding findElement on session c0d8108d2ceab1d629176972e499beee to remote] DEBUG org.asynchttpclient.netty.request.NettyRequestSender - Using open Channel [id: 0x5f220397, L:/127.0.0.1:50802 - R:localhost/127.0.0.1:34870] for POST '/session/c0d8108d2ceab1d629176972e499beee/element'
00:43:19.855 [AsyncHttpClient-1-2] DEBUG org.asynchttpclient.netty.handler.HttpHandler - 

Request DefaultHttpRequest(decodeResult: success, version: HTTP/1.1)
POST /session/c0d8108d2ceab1d629176972e499beee/element HTTP/1.1
User-Agent: selenium/4.7.1 (java windows)
Content-Length: 72
Content-Type: application/json; charset=utf-8
host: localhost:34870
accept: */*

Response DefaultHttpResponse(decodeResult: success, version: HTTP/1.1)
HTTP/1.1 200 OK
Content-Type: application/json; charset=utf-8
cache-control: no-cache
content-length: 94

00:43:19.856 [AsyncHttpClient-1-2] DEBUG org.asynchttpclient.netty.channel.ChannelManager - Adding key: http://localhost:34870 for channel [id: 0x5f220397, L:/127.0.0.1:50802 - R:localhost/127.0.0.1:34870]
00:43:19.858 [Forwarding clickElement on session c0d8108d2ceab1d629176972e499beee to remote] DEBUG org.asynchttpclient.netty.request.NettyRequestSender - Using pooled Channel '[id: 0x5f220397, L:/127.0.0.1:50802 - R:localhost/127.0.0.1:34870]' for 'POST' to 'http://localhost:34870/session/c0d8108d2ceab1d629176972e499beee/element/1B593F8592DB6FC4FA78ADFEDA5AD6EB_element_5/click'
00:43:19.858 [Forwarding clickElement on session c0d8108d2ceab1d629176972e499beee to remote] DEBUG org.asynchttpclient.netty.request.NettyRequestSender - Using open Channel [id: 0x5f220397, L:/127.0.0.1:50802 - R:localhost/127.0.0.1:34870] for POST '/session/c0d8108d2ceab1d629176972e499beee/element/1B593F8592DB6FC4FA78ADFEDA5AD6EB_element_5/click'
00:43:19.906 [AsyncHttpClient-1-2] DEBUG org.asynchttpclient.netty.handler.HttpHandler - 

Request DefaultHttpRequest(decodeResult: success, version: HTTP/1.1)
POST /session/c0d8108d2ceab1d629176972e499beee/element/1B593F8592DB6FC4FA78ADFEDA5AD6EB_element_5/click HTTP/1.1
User-Agent: selenium/4.7.1 (java windows)
Content-Length: 56
Content-Type: application/json; charset=utf-8
host: localhost:34870
accept: */*

Response DefaultHttpResponse(decodeResult: success, version: HTTP/1.1)
HTTP/1.1 200 OK
Content-Type: application/json; charset=utf-8
cache-control: no-cache
content-length: 14

00:43:19.907 [AsyncHttpClient-1-2] DEBUG org.asynchttpclient.netty.channel.ChannelManager - Adding key: http://localhost:34870 for channel [id: 0x5f220397, L:/127.0.0.1:50802 - R:localhost/127.0.0.1:34870]
00:43:19.923 [Forwarding findElement on session c0d8108d2ceab1d629176972e499beee to remote] DEBUG org.asynchttpclient.netty.request.NettyRequestSender - Using pooled Channel '[id: 0x5f220397, L:/127.0.0.1:50802 - R:localhost/127.0.0.1:34870]' for 'POST' to 'http://localhost:34870/session/c0d8108d2ceab1d629176972e499beee/element'
00:43:19.924 [Forwarding findElement on session c0d8108d2ceab1d629176972e499beee to remote] DEBUG org.asynchttpclient.netty.request.NettyRequestSender - Using open Channel [id: 0x5f220397, L:/127.0.0.1:50802 - R:localhost/127.0.0.1:34870] for POST '/session/c0d8108d2ceab1d629176972e499beee/element'
00:43:19.936 [AsyncHttpClient-1-2] DEBUG org.asynchttpclient.netty.handler.HttpHandler - 

Request DefaultHttpRequest(decodeResult: success, version: HTTP/1.1)
POST /session/c0d8108d2ceab1d629176972e499beee/element HTTP/1.1
User-Agent: selenium/4.7.1 (java windows)
Content-Length: 72
Content-Type: application/json; charset=utf-8
host: localhost:34870
accept: */*

Response DefaultHttpResponse(decodeResult: success, version: HTTP/1.1)
HTTP/1.1 200 OK
Content-Type: application/json; charset=utf-8
cache-control: no-cache
content-length: 94

00:43:19.936 [AsyncHttpClient-1-2] DEBUG org.asynchttpclient.netty.channel.ChannelManager - Adding key: http://localhost:34870 for channel [id: 0x5f220397, L:/127.0.0.1:50802 - R:localhost/127.0.0.1:34870]
00:43:19.938 [Forwarding clearElement on session c0d8108d2ceab1d629176972e499beee to remote] DEBUG org.asynchttpclient.netty.request.NettyRequestSender - Using pooled Channel '[id: 0x5f220397, L:/127.0.0.1:50802 - R:localhost/127.0.0.1:34870]' for 'POST' to 'http://localhost:34870/session/c0d8108d2ceab1d629176972e499beee/element/1B593F8592DB6FC4FA78ADFEDA5AD6EB_element_5/clear'
00:43:19.939 [Forwarding clearElement on session c0d8108d2ceab1d629176972e499beee to remote] DEBUG org.asynchttpclient.netty.request.NettyRequestSender - Using open Channel [id: 0x5f220397, L:/127.0.0.1:50802 - R:localhost/127.0.0.1:34870] for POST '/session/c0d8108d2ceab1d629176972e499beee/element/1B593F8592DB6FC4FA78ADFEDA5AD6EB_element_5/clear'
00:43:19.984 [AsyncHttpClient-1-2] DEBUG org.asynchttpclient.netty.handler.HttpHandler - 

Request DefaultHttpRequest(decodeResult: success, version: HTTP/1.1)
POST /session/c0d8108d2ceab1d629176972e499beee/element/1B593F8592DB6FC4FA78ADFEDA5AD6EB_element_5/clear HTTP/1.1
User-Agent: selenium/4.7.1 (java windows)
Content-Length: 56
Content-Type: application/json; charset=utf-8
host: localhost:34870
accept: */*

Response DefaultHttpResponse(decodeResult: success, version: HTTP/1.1)
HTTP/1.1 200 OK
Content-Type: application/json; charset=utf-8
cache-control: no-cache
content-length: 14

00:43:19.985 [AsyncHttpClient-1-2] DEBUG org.asynchttpclient.netty.channel.ChannelManager - Adding key: http://localhost:34870 for channel [id: 0x5f220397, L:/127.0.0.1:50802 - R:localhost/127.0.0.1:34870]
00:43:19.988 [Forwarding sendKeysToElement on session c0d8108d2ceab1d629176972e499beee to remote] DEBUG org.asynchttpclient.netty.request.NettyRequestSender - Using pooled Channel '[id: 0x5f220397, L:/127.0.0.1:50802 - R:localhost/127.0.0.1:34870]' for 'POST' to 'http://localhost:34870/session/c0d8108d2ceab1d629176972e499beee/element/1B593F8592DB6FC4FA78ADFEDA5AD6EB_element_5/value'
00:43:19.988 [Forwarding sendKeysToElement on session c0d8108d2ceab1d629176972e499beee to remote] DEBUG org.asynchttpclient.netty.request.NettyRequestSender - Using open Channel [id: 0x5f220397, L:/127.0.0.1:50802 - R:localhost/127.0.0.1:34870] for POST '/session/c0d8108d2ceab1d629176972e499beee/element/1B593F8592DB6FC4FA78ADFEDA5AD6EB_element_5/value'
00:43:20.036 [AsyncHttpClient-1-1] DEBUG org.asynchttpclient.netty.channel.DefaultChannelPool - Entry count for : http://localhost:50804 : 1
00:43:20.064 [AsyncHttpClient-1-2] DEBUG org.asynchttpclient.netty.handler.HttpHandler - 

Request DefaultHttpRequest(decodeResult: success, version: HTTP/1.1)
POST /session/c0d8108d2ceab1d629176972e499beee/element/1B593F8592DB6FC4FA78ADFEDA5AD6EB_element_5/value HTTP/1.1
User-Agent: selenium/4.7.1 (java windows)
Content-Length: 167
Content-Type: application/json; charset=utf-8
host: localhost:34870
accept: */*

[...]
	at net.thucydides.core.steps.StepInterceptor.runTestStep(StepInterceptor.java:457)
	at net.thucydides.core.steps.StepInterceptor.runOrSkipMethod(StepInterceptor.java:209)
	at net.thucydides.core.steps.StepInterceptor.testStepResult(StepInterceptor.java:196)
	at net.thucydides.core.steps.StepInterceptor.intercept(StepInterceptor.java:84)
	at net.thucydides.core.steps.ProxyConfiguration$InterceptorDispatcher.intercept(ProxyConfiguration.java:51)
	at skuypayweb@1.0-SNAPSHOT/starter.pages.BPJSpage$ByteBuddy$wZX2qanR.klikmenulayanan(Unknown Source)
	at skuypayweb@1.0-SNAPSHOT/starter.stepdefinitions.BPJSsteps.padaBerandaAdminKlikLayananUntukFiturBPJS(BPJSsteps.java:23)
	at ✽.Pada Beranda, Admin klik Layanan untuk fitur BPJS(file:///C:/Dev/CapstoneProjectBaru/SKUYPAY%20WEB%20AUTOMATION/src/test/resources/features/BPJS.feature:6)
Caused by: org.openqa.selenium.TimeoutException: Expected condition failed: waiting for By.xpath: //a[normalize-space()='Layanan'] to be enabled (tried for 5 second(s) with 100 milliseconds interval)
	at org.openqa.selenium.support.ui.FluentWait.timeoutException(FluentWait.java:263)
	at org.openqa.selenium.support.ui.FluentWait.until(FluentWait.java:231)
	at net.serenitybdd.core.pages.WebElementFacadeImpl.waitUntilEnabled(WebElementFacadeImpl.java:1119)
	at net.serenitybdd.core.pages.WebElementFacadeImpl.waitUntilElementAvailable(WebElementFacadeImpl.java:906)
	at net.serenitybdd.core.pages.WebElementFacadeImpl.click(WebElementFacadeImpl.java:1204)
	at net.serenitybdd.core.pages.WebElementFacadeImpl.click(WebElementFacadeImpl.java:1224)
	at skuypayweb@1.0-SNAPSHOT/starter.pages.BPJSpage.klikmenulayanan(BPJSpage.java:101)
	at skuypayweb@1.0-SNAPSHOT/starter.pages.BPJSpage$ByteBuddy$wZX2qanR.klikmenulayanan$accessor$R8IPnW0c(Unknown Source)
	at java.base/jdk.internal.reflect.DirectMethodHandleAccessor.invoke(DirectMethodHandleAccessor.java:104)
	at java.base/java.lang.reflect.Method.invoke(Method.java:578)
	at net.thucydides.core.steps.StepInterceptor.invokeMethod(StepInterceptor.java:503)
	at net.thucydides.core.steps.StepInterceptor.executeTestStepMethod(StepInterceptor.java:483)
	at net.thucydides.core.steps.StepInterceptor.runTestStep(StepInterceptor.java:457)
	at net.thucydides.core.steps.StepInterceptor.runOrSkipMethod(StepInterceptor.java:209)
	at net.thucydides.core.steps.StepInterceptor.testStepResult(StepInterceptor.java:196)
	at net.thucydides.core.steps.StepInterceptor.intercept(StepInterceptor.java:84)
	at net.thucydides.core.steps.ProxyConfiguration$InterceptorDispatcher.intercept(ProxyConfiguration.java:51)
	at skuypayweb@1.0-SNAPSHOT/starter.pages.BPJSpage$ByteBuddy$wZX2qanR.klikmenulayanan(Unknown Source)
	at skuypayweb@1.0-SNAPSHOT/starter.stepdefinitions.BPJSsteps.padaBerandaAdminKlikLayananUntukFiturBPJS(BPJSsteps.java:23)
	at java.base/jdk.internal.reflect.DirectMethodHandleAccessor.invoke(DirectMethodHandleAccessor.java:104)
	at java.base/java.lang.reflect.Method.invoke(Method.java:578)
	at io.cucumber.java.Invoker.doInvoke(Invoker.java:66)
	at io.cucumber.java.Invoker.invoke(Invoker.java:24)
	at io.cucumber.java.AbstractGlueDefinition.invokeMethod(AbstractGlueDefinition.java:47)
	at io.cucumber.java.JavaStepDefinition.execute(JavaStepDefinition.java:29)
	at io.cucumber.core.runner.CoreStepDefinition.execute(CoreStepDefinition.java:66)
	at io.cucumber.core.runner.PickleStepDefinitionMatch.runStep(PickleStepDefinitionMatch.java:63)
	at io.cucumber.core.runner.ExecutionMode$1.execute(ExecutionMode.java:10)
	at io.cucumber.core.runner.TestStep.executeStep(TestStep.java:85)
	at io.cucumber.core.runner.TestStep.run(TestStep.java:57)
	at io.cucumber.core.runner.PickleStepTestStep.run(PickleStepTestStep.java:51)
	at io.cucumber.core.runner.TestCase.run(TestCase.java:84)
	at io.cucumber.core.runner.Runner.runPickle(Runner.java:75)
	at io.cucumber.junit.PickleRunners$NoStepDescriptions.lambda$run$0(PickleRunners.java:151)
	at io.cucumber.core.runtime.CucumberExecutionContext.lambda$runTestCase$5(CucumberExecutionContext.java:129)
	at io.cucumber.core.runtime.RethrowingThrowableCollector.executeAndThrow(RethrowingThrowableCollector.java:23)
	at io.cucumber.core.runtime.CucumberExecutionContext.runTestCase(CucumberExecutionContext.java:129)
	at io.cucumber.junit.PickleRunners$NoStepDescriptions.run(PickleRunners.java:148)
	at io.cucumber.junit.FeatureRunner.runChild(FeatureRunner.java:144)
	at io.cucumber.junit.FeatureRunner.runChild(FeatureRunner.java:28)
	at org.junit.runners.ParentRunner$4.run(ParentRunner.java:331)
	at org.junit.runners.ParentRunner$1.schedule(ParentRunner.java:79)
	at org.junit.runners.ParentRunner.runChildren(ParentRunner.java:329)
	at org.junit.runners.ParentRunner.access$100(ParentRunner.java:66)
	at org.junit.runners.ParentRunner$2.evaluate(ParentRunner.java:293)
	at org.junit.runners.ParentRunner$3.evaluate(ParentRunner.java:306)
	at org.junit.runners.ParentRunner.run(ParentRunner.java:413)
	at io.cucumber.junit.FeatureRunner.run(FeatureRunner.java:137)
	at io.cucumber.junit.CucumberSerenityRunner.runChild(CucumberSerenityRunner.java:259)
	at io.cucumber.junit.CucumberSerenityRunner.runChild(CucumberSerenityRunner.java:59)
	at org.junit.runners.ParentRunner$4.run(ParentRunner.java:331)
	at org.junit.runners.ParentRunner$1.schedule(ParentRunner.java:79)
	at org.junit.runners.ParentRunner.runChildren(ParentRunner.java:329)
	at org.junit.runners.ParentRunner.access$100(ParentRunner.java:66)
	at org.junit.runners.ParentRunner$2.evaluate(ParentRunner.java:293)
	at io.cucumber.junit.CucumberSerenityRunner$RunCucumber.evaluate(CucumberSerenityRunner.java:288)
	at org.junit.runners.ParentRunner$3.evaluate(ParentRunner.java:306)
	at org.junit.runners.ParentRunner.run(ParentRunner.java:413)
	at org.junit.runner.JUnitCore.run(JUnitCore.java:137)
	at org.junit.runner.JUnitCore.run(JUnitCore.java:115)
	at org.junit.vintage.engine.execution.RunnerExecutor.execute(RunnerExecutor.java:42)
	at org.junit.vintage.engine.VintageTestEngine.executeAllChildren(VintageTestEngine.java:80)
	at org.junit.vintage.engine.VintageTestEngine.execute(VintageTestEngine.java:72)
	at org.junit.platform.launcher.core.EngineExecutionOrchestrator.execute(EngineExecutionOrchestrator.java:107)
	at org.junit.platform.launcher.core.EngineExecutionOrchestrator.execute(EngineExecutionOrchestrator.java:88)
	at org.junit.platform.launcher.core.EngineExecutionOrchestrator.lambda$execute$0(EngineExecutionOrchestrator.java:54)
	at org.junit.platform.launcher.core.EngineExecutionOrchestrator.withInterceptedStreams(EngineExecutionOrchestrator.java:67)
	at org.junit.platform.launcher.core.EngineExecutionOrchestrator.execute(EngineExecutionOrchestrator.java:52)
	at org.junit.platform.launcher.core.DefaultLauncher.execute(DefaultLauncher.java:114)
	at org.junit.platform.launcher.core.DefaultLauncher.execute(DefaultLauncher.java:86)
	at org.junit.platform.launcher.core.DefaultLauncherSession$DelegatingLauncher.execute(DefaultLauncherSession.java:86)
	at org.junit.platform.launcher.core.SessionPerRequestLauncher.execute(SessionPerRequestLauncher.java:53)
	at org.apache.maven.surefire.junitplatform.JUnitPlatformProvider.execute(JUnitPlatformProvider.java:188)
	at org.apache.maven.surefire.junitplatform.JUnitPlatformProvider.invokeAllTests(JUnitPlatformProvider.java:154)
	at org.apache.maven.surefire.junitplatform.JUnitPlatformProvider.invoke(JUnitPlatformProvider.java:128)
	at org.apache.maven.surefire.booter.ForkedBooter.runSuitesInProcess(ForkedBooter.java:428)
	at org.apache.maven.surefire.booter.ForkedBooter.execute(ForkedBooter.java:162)
	at org.apache.maven.surefire.booter.ForkedBooter.run(ForkedBooter.java:562)
	at org.apache.maven.surefire.booter.ForkedBooter.main(ForkedBooter.java:548)
Caused by: org.openqa.selenium.NoSuchElementException: no such element: Unable to locate element: {"method":"xpath","selector":"//a[normalize-space()='Layanan']"}
  (Session info: chrome=114.0.5735.134)
For documentation on this error, please visit: https://selenium.dev/exceptions/#no_such_element
Build info: version: '4.7.1', revision: 'c6795baf1a3'
System info: os.name: 'Windows 11', os.arch: 'amd64', os.version: '10.0', java.version: '19.0.2'
Driver info: org.openqa.selenium.chrome.ChromeDriver
Command: [c0d8108d2ceab1d629176972e499beee, findElement {using=xpath, value=//a[normalize-space()='Layanan']}]
Capabilities {acceptInsecureCerts: true, browserName: chrome, browserVersion: 114.0.5735.134, chrome: {chromedriverVersion: 114.0.5735.90 (386bc09e8f4f..., userDataDir: C:\Users\HP\AppData\Local\T...}, goog:chromeOptions: {debuggerAddress: localhost:50804}, networkConnectionEnabled: false, pageLoadStrategy: normal, platformName: WINDOWS, proxy: Proxy(), se:cdp: ws://localhost:50804/devtoo..., se:cdpVersion: 114.0.5735.134, setWindowRect: true, strictFileInteractability: false, timeouts: {implicit: 0, pageLoad: 300000, script: 30000}, unhandledPromptBehavior: dismiss and notify, webauthn:extension:credBlob: true, webauthn:extension:largeBlob: true, webauthn:extension:minPinLength: true, webauthn:extension:prf: true, webauthn:virtualAuthenticators: true}
Session ID: c0d8108d2ceab1d629176972e499beee
	at java.base/jdk.internal.reflect.DirectConstructorHandleAccessor.newInstance(DirectConstructorHandleAccessor.java:67)
	at java.base/java.lang.reflect.Constructor.newInstanceWithCaller(Constructor.java:500)
	at java.base/java.lang.reflect.Constructor.newInstance(Constructor.java:484)
	at org.openqa.selenium.remote.codec.w3c.W3CHttpResponseCodec.createException(W3CHttpResponseCodec.java:200)
	at org.openqa.selenium.remote.codec.w3c.W3CHttpResponseCodec.decode(W3CHttpResponseCodec.java:133)
	at org.openqa.selenium.remote.codec.w3c.W3CHttpResponseCodec.decode(W3CHttpResponseCodec.java:53)
	at org.openqa.selenium.remote.HttpCommandExecutor.execute(HttpCommandExecutor.java:184)
	at org.openqa.selenium.remote.service.DriverCommandExecutor.invokeExecute(DriverCommandExecutor.java:167)
	at org.openqa.selenium.remote.service.DriverCommandExecutor.execute(DriverCommandExecutor.java:142)
	at org.openqa.selenium.remote.RemoteWebDriver.execute(RemoteWebDriver.java:551)
	at org.openqa.selenium.remote.ElementLocation$ElementFinder$2.findElement(ElementLocation.java:162)
	at org.openqa.selenium.remote.ElementLocation.findElement(ElementLocation.java:60)
	at org.openqa.selenium.remote.RemoteWebDriver.findElement(RemoteWebDriver.java:367)
	at org.openqa.selenium.remote.RemoteWebDriver.findElement(RemoteWebDriver.java:359)
	at net.thucydides.core.webdriver.WebDriverFacade.findElement(WebDriverFacade.java:239)
	at net.serenitybdd.core.pages.WebElementResolverByLocator.resolveForDriver(WebElementResolverByLocator.java:25)
	at net.serenitybdd.core.pages.WebElementFacadeImpl.getResolvedElement(WebElementFacadeImpl.java:189)
	at net.serenitybdd.core.pages.WebElementFacadeImpl.getElement(WebElementFacadeImpl.java:184)
	at net.serenitybdd.core.pages.WebElementExpectations$3.apply(WebElementExpectations.java:63)
	at net.serenitybdd.core.pages.WebElementExpectations$3.apply(WebElementExpectations.java:55)
	at org.openqa.selenium.support.ui.FluentWait.until(FluentWait.java:208)
	... 77 more
&amp#27;[0m
  &amp#27;[36mAnd &amp#27;[0m&amp#27;[36mAdmin klik BPJS&amp#27;[0m                                                      &amp#27;[90m# starter.stepdefinitions.BPJSsteps.adminKlikBPJS()&amp#27;[0m
  &amp#27;[36mThen &amp#27;[0m&amp#27;[36mAdmin klik button + tambah BPJS&amp#27;[0m                                     &amp#27;[90m# starter.stepdefinitions.BPJSsteps.adminKlikButtonTambahBPJS()&amp#27;[0m
  &amp#27;[36mAnd &amp#27;[0m&amp#27;[36mAdmin input kode BPJS&amp#27;[0m                                                &amp#27;[90m# starter.stepdefinitions.BPJSsteps.adminInputKodeBPJS()&amp#27;[0m
  &amp#27;[36mThen &amp#27;[0m&amp#27;[36mAdmin input jenis BPJS&amp#27;[0m                                              &amp#27;[90m# starter.stepdefinitions.BPJSsteps.adminInputJenisBPJS()&amp#27;[0m
  &amp#27;[36mAnd &amp#27;[0m&amp#27;[36mAdmin klik button simpan dan muncul pop up berhasil ditambahkan BPJS&amp#27;[0m &amp#27;[90m# starter.stepdefinitions.BPJSsteps.adminKlikButtonSimpanDanMunculPopUpBerhasilDitambahkanBPJS()&amp#27;[0m
  &amp#27;[36mThen &amp#27;[0m&amp#27;[36mproduk berhasil ditambah dan kembali ke halaman BPJS&amp#27;[0m                &amp#27;[90m# starter.stepdefinitions.BPJSsteps.produkBerhasilDitambahDanKembaliKeHalamanBPJS()&amp#27;[0m
00:43:30.312 [main] ERROR  - 
  _____   ___   ___   _____     ___     _     ___   _      ___   ___  
 |_   _| | __| / __| |_   _|   | __|   /_\   |_ _| | |    | __| |   \ 
   | |   | _|  \__ \   | |     | _|   / _ \   | |  | |__  | _|  | |) |
   |_|   |___| |___/   |_|     |_|   /_/ \_\ |___| |____| |___| |___/ 

Admin berhasil menambahkan produk BPJS
-----------------------------------------------------------------------
00:43:30.315 [main] DEBUG  - RELATED ISSUES: 
00:43:30.317 [main] ERROR  -     Test failed at step: Klikmenulayanan
00:43:30.318 [main] ERROR  -     Expected enabled element was not enabled
00:43:30.384 [Driver Command Executor] DEBUG org.asynchttpclient.netty.request.NettyRequestSender - Using pooled Channel '[id: 0x5f220397, L:/127.0.0.1:50802 - R:localhost/127.0.0.1:34870]' for 'DELETE' to 'http://localhost:34870/session/c0d8108d2ceab1d629176972e499beee'
00:43:30.384 [Driver Command Executor] DEBUG org.asynchttpclient.netty.request.NettyRequestSender - Using open Channel [id: 0x5f220397, L:/127.0.0.1:50802 - R:localhost/127.0.0.1:34870] for DELETE '/session/c0d8108d2ceab1d629176972e499beee'
00:43:30.389 [AsyncHttpClient-1-4] DEBUG org.asynchttpclient.netty.handler.WebSocketHandler - Unexpected I/O exception on channel [id: 0x8046ed04, L:/127.0.0.1:50812 - R:localhost/127.0.0.1:50804]
java.io.IOException: An established connection was aborted by the software in your host machine
	at java.base/sun.nio.ch.SocketDispatcher.read0(Native Method)
	at java.base/sun.nio.ch.SocketDispatcher.read(SocketDispatcher.java:46)
	at java.base/sun.nio.ch.IOUtil.readIntoNativeBuffer(IOUtil.java:339)
	at java.base/sun.nio.ch.IOUtil.read(IOUtil.java:293)
	at java.base/sun.nio.ch.IOUtil.read(IOUtil.java:268)
	at java.base/sun.nio.ch.SocketChannelImpl.read(SocketChannelImpl.java:425)
	at io.netty.buffer.PooledByteBuf.setBytes(PooledByteBuf.java:259)
	at io.netty.buffer.AbstractByteBuf.writeBytes(AbstractByteBuf.java:1132)
	at io.netty.channel.socket.nio.NioSocketChannel.doReadBytes(NioSocketChannel.java:357)
	at io.netty.channel.nio.AbstractNioByteChannel$NioByteUnsafe.read(AbstractNioByteChannel.java:151)
	at io.netty.channel.nio.NioEventLoop.processSelectedKey(NioEventLoop.java:788)
	at io.netty.channel.nio.NioEventLoop.processSelectedKeysOptimized(NioEventLoop.java:724)
	at io.netty.channel.nio.NioEventLoop.processSelectedKeys(NioEventLoop.java:650)
	at io.netty.channel.nio.NioEventLoop.run(NioEventLoop.java:562)
	at io.netty.util.concurrent.SingleThreadEventExecutor$4.run(SingleThreadEventExecutor.java:997)
	at io.netty.util.internal.ThreadExecutorMap$2.run(ThreadExecutorMap.java:74)
	at io.netty.util.concurrent.FastThreadLocalRunnable.run(FastThreadLocalRunnable.java:30)
	at java.base/java.lang.Thread.run(Thread.java:1589)
00:43:30.390 [AsyncHttpClient-1-4] DEBUG org.asynchttpclient.netty.handler.WebSocketHandler - Trying to recover from dead Channel: [id: 0x8046ed04, L:/127.0.0.1:50812 - R:localhost/127.0.0.1:50804]
00:43:30.391 [AsyncHttpClient-1-4] DEBUG org.asynchttpclient.netty.handler.WebSocketHandler - Channel Closed: [id: 0x8046ed04, L:/127.0.0.1:50812 ! R:localhost/127.0.0.1:50804] with attribute NettyResponseFuture{currentRetry=0,
	isDone=1,
	isCancelled=0,
	asyncHandler=org.asynchttpclient.ws.WebSocketUpgradeHandler@300db687,
	nettyRequest=org.asynchttpclient.netty.request.NettyRequest@4010860a,
	future=java.util.concurrent.CompletableFuture@6d834638[Completed normally],
	uri=ws://localhost:50804/devtools/browser/e25f9b64-b0c8-4709-a2d2-04b94e885bb6,
	keepAlive=true,
	redirectCount=0,
	timeoutsHolder=null,
	inAuth=0,
	touch=1687542210389}
00:43:30.393 [AsyncHttpClient-1-4] DEBUG org.asynchttpclient.netty.channel.ChannelManager - Closing Channel [id: 0x8046ed04, L:/127.0.0.1:50812 ! R:localhost/127.0.0.1:50804] 
00:43:30.460 [AsyncHttpClient-1-3] DEBUG org.asynchttpclient.netty.handler.HttpHandler - Unexpected I/O exception on channel [id: 0x0b5faa91, L:/127.0.0.1:50811 - R:localhost/127.0.0.1:50804]
java.net.SocketException: Connection reset
	at java.base/sun.nio.ch.SocketChannelImpl.throwConnectionReset(SocketChannelImpl.java:401)
	at java.base/sun.nio.ch.SocketChannelImpl.read(SocketChannelImpl.java:434)
	at io.netty.buffer.PooledByteBuf.setBytes(PooledByteBuf.java:259)
	at io.netty.buffer.AbstractByteBuf.writeBytes(AbstractByteBuf.java:1132)
	at io.netty.channel.socket.nio.NioSocketChannel.doReadBytes(NioSocketChannel.java:357)
	at io.netty.channel.nio.AbstractNioByteChannel$NioByteUnsafe.read(AbstractNioByteChannel.java:151)
	at io.netty.channel.nio.NioEventLoop.processSelectedKey(NioEventLoop.java:788)
	at io.netty.channel.nio.NioEventLoop.processSelectedKeysOptimized(NioEventLoop.java:724)
	at io.netty.channel.nio.NioEventLoop.processSelectedKeys(NioEventLoop.java:650)
	at io.netty.channel.nio.NioEventLoop.run(NioEventLoop.java:562)
	at io.netty.util.concurrent.SingleThreadEventExecutor$4.run(SingleThreadEventExecutor.java:997)
	at io.netty.util.internal.ThreadExecutorMap$2.run(ThreadExecutorMap.java:74)
	at io.netty.util.concurrent.FastThreadLocalRunnable.run(FastThreadLocalRunnable.java:30)
	at java.base/java.lang.Thread.run(Thread.java:1589)
00:43:30.460 [AsyncHttpClient-1-3] DEBUG org.asynchttpclient.netty.channel.ChannelManager - Closing Channel [id: 0x0b5faa91, L:/127.0.0.1:50811 - R:localhost/127.0.0.1:50804] 
00:43:30.463 [AsyncHttpClient-1-3] DEBUG org.asynchttpclient.netty.handler.HttpHandler - Channel Closed: [id: 0x0b5faa91, L:/127.0.0.1:50811 ! R:localhost/127.0.0.1:50804] with attribute DISCARD
00:43:30.604 [AsyncHttpClient-1-2] DEBUG org.asynchttpclient.netty.handler.HttpHandler - 

Request DefaultFullHttpRequest(decodeResult: success, version: HTTP/1.1, content: EmptyByteBufBE)
DELETE /session/c0d8108d2ceab1d629176972e499beee HTTP/1.1
User-Agent: selenium/4.7.1 (java windows)
Content-Type: application/json; charset=utf-8
host: localhost:34870
accept: */*

Response DefaultHttpResponse(decodeResult: success, version: HTTP/1.1)
HTTP/1.1 200 OK
Content-Type: application/json; charset=utf-8
cache-control: no-cache
content-length: 14

00:43:30.605 [AsyncHttpClient-1-2] DEBUG org.asynchttpclient.netty.channel.ChannelManager - Adding key: http://localhost:34870 for channel [id: 0x5f220397, L:/127.0.0.1:50802 - R:localhost/127.0.0.1:34870]
00:43:30.654 [AsyncHttpClient-1-2] DEBUG org.asynchttpclient.netty.handler.HttpHandler - Channel Closed: [id: 0x5f220397, L:/127.0.0.1:50802 ! R:localhost/127.0.0.1:34870] with attribute DISCARD
]]></system-out>
    <system-err><![CDATA[Starting ChromeDriver 114.0.5735.90 (386bc09e8f4f2e025eddae123f36f6263096ae49-refs/branch-heads/5735@{#1052}) on port 34870
Only local connections are allowed.
Please see https://chromedriver.chromium.org/security-considerations for suggestions on keeping ChromeDriver safe.
ChromeDriver was started successfully.
Jun 24, 2023 12:43:06 AM org.openqa.selenium.devtools.CdpVersionFinder findNearestMatch
WARNING: Unable to find CDP implementation matching 114
Jun 24, 2023 12:43:06 AM org.openqa.selenium.chromium.ChromiumDriver lambda$new$3
WARNING: Unable to find version of CDP to use for . You may need to include a dependency on a specific version of the CDP using something similar to `org.seleniumhq.selenium:selenium-devtools-v86:4.7.1` where the version ("v86") matches the version of the chromium-based browser you're using and the version number of the artifact is the same as Selenium's.
]]></system-err>
  </testcase>
</testsuite>