<?xml version="1.0" encoding="UTF-8"?>
<testsuite xmlns:xsi="http://www.w3.org/2001/XMLSchema-instance" xsi:noNamespaceSchemaLocation="https://maven.apache.org/surefire/maven-failsafe-plugin/xsd/failsafe-test-report-3.0.xsd" version="3.0" name="starter.CucumberTestSuite" time="98.926" tests="5" errors="2" skipped="0" failures="0">
  <properties>
[...]
</properties>
  <testcase name="Admin dapat melihat semua riwayat transaksi" classname="Transaksi" time="28.849">
    <system-out><![CDATA[22:20:20.076 [main] DEBUG net.thucydides.core.guice.Injectors - Created injector for module net.thucydides.core.guice.ThucydidesModule
22:20:20.678 [main] INFO io.cucumber.core.plugin.SerenityReporter - Running feature from file:///C:/Dev/CapstoneProjectBaru/SKUYPAY%20WEB%20AUTOMATION/src/test/resources/features/Transaksi.feature
22:20:20.999 [main] DEBUG net.thucydides.core.guice.Injectors - Created injector for module net.thucydides.core.guice.webdriver.WebDriverModule
22:20:21.066 [main] INFO  - 

-------------------------------------------------------------------------------------
     _______. _______ .______       _______ .__   __.  __  .___________.____    ____ 
    /       ||   ____||   _  \     |   ____||  \ |  | |  | |           |\   \  /   / 
   |   (----`|  |__   |  |_)  |    |  |__   |   \|  | |  | `---|  |----` \   \/   /  
    \   \    |   __|  |      /     |   __|  |  . `  | |  |     |  |       \_    _/   
.----)   |   |  |____ |  |\  \----.|  |____ |  |\   | |  |     |  |         |  |     
|_______/    |_______|| _| `._____||_______||__| \__| |__|     |__|         |__|    
                                                                                     
 News and tutorials at http://www.serenity-bdd.info                                  
 Documentation at https://wakaleo.gitbooks.io/the-serenity-book/content/             
 Join the Serenity Community on Gitter: https://gitter.im/serenity-bdd/serenity-core 
 Serenity BDD Support and Training at http://serenity-bdd.info/#/trainingandsupport  
-------------------------------------------------------------------------------------

22:20:21.073 [main] DEBUG net.thucydides.core.steps.StepEventBus - Test suite started for story net.thucydides.core.model.Story@e4d277e8
22:20:21.081 [main] INFO  - Test Suite Started: Transaksi
22:20:21.110 [main] INFO io.cucumber.core.plugin.SerenityReporter - Running feature from file:///C:/Dev/CapstoneProjectBaru/SKUYPAY%20WEB%20AUTOMATION/src/test/resources/features/Transaksi.feature
22:20:21.117 [main] DEBUG net.thucydides.core.steps.StepEventBus - Test suite started for story net.thucydides.core.model.Story@e4d277e8
22:20:21.118 [main] INFO  - Test Suite Started: Transaksi

@Transaksi-01
Scenario: Admin dapat melihat semua riwayat transaksi &amp#27;[90m# src/test/resources/features/Transaksi.feature:4&amp#27;[0m
22:20:21.325 [main] INFO io.cucumber.core.plugin.SerenityReporter - Running feature from file:///C:/Dev/CapstoneProjectBaru/SKUYPAY%20WEB%20AUTOMATION/src/test/resources/features/Transaksi.feature
22:20:21.580 [main] INFO  - 
  _____   ___   ___   _____     ___   _____     _     ___   _____   ___   ___  
 |_   _| | __| / __| |_   _|   / __| |_   _|   /_\   | _ \ |_   _| | __| |   \ 
   | |   | _|  \__ \   | |     \__ \   | |    / _ \  |   /   | |   | _|  | |) |
   |_|   |___| |___/   |_|     |___/   |_|   /_/ \_\ |_|_\   |_|   |___| |___/ 

Admin dapat melihat semua riwayat transaksi(transaksi;admin-dapat-melihat-semua-riwayat-transaksi)
--------------------------------------------------------------------------------
22:20:23.241 [main] DEBUG net.thucydides.core.steps.StepInterceptor - STARTING STEP: TransaksiSteps.adminMelakukanLoginAkun - diHomepageSkuyPay
22:20:23.332 [main] INFO net.serenitybdd.core.webdriver.driverproviders.DriverProvider - Using WebDriverManager configuration for chrome
22:20:24.053 [main] DEBUG io.github.bonigarcia.wdm.cache.ResolutionCache - Resolution chrome=114 in cache (valid until 23:15:04 24/06/2023 WIB)
22:20:24.056 [main] DEBUG io.github.bonigarcia.wdm.cache.ResolutionCache - Resolution chrome114=114.0.5735.90 in cache (valid until 18:40:18 25/06/2023 WIB)
22:20:24.057 [main] INFO io.github.bonigarcia.wdm.WebDriverManager - Using chromedriver 114.0.5735.90 (resolved driver for Chrome 114)
22:20:24.106 [main] DEBUG io.github.bonigarcia.wdm.WebDriverManager - Driver chromedriver 114.0.5735.90 found in cache
22:20:24.107 [main] INFO io.github.bonigarcia.wdm.WebDriverManager - Exporting webdriver.chrome.driver as C:\Users\HP\.cache\selenium\chromedriver\win32\114.0.5735.90\chromedriver.exe
22:20:24.348 [main] INFO net.serenitybdd.core.webdriver.driverproviders.ChromeDriverProvider - Starting Chrome driver instance with capabilities:
22:20:24.355 [main] INFO net.serenitybdd.core.webdriver.driverproviders.ChromeDriverProvider - Capabilities {acceptInsecureCerts: true, browserName: chrome, goog:chromeOptions: {args: [remote-allow-origins=*, test-type, no-sandbox, ignore-certificate-errors, start-maximized, incognito, disable-infobars, disable-gpu, disable-default-apps, disable-popup-blocking, remote-allow-origins=*, test-type, no-sandbox, ignore-certificate-errors, start-maximized, incognito, disable-infobars, disable-gpu, disable-default-apps, disable-popup-blocking], extensions: []}}
22:20:24.515 [main] DEBUG io.netty.util.internal.logging.InternalLoggerFactory - Using SLF4J as the default logging framework
22:20:24.523 [main] DEBUG io.netty.util.ResourceLeakDetector - -Dio.netty.leakDetection.level: simple
22:20:24.523 [main] DEBUG io.netty.util.ResourceLeakDetector - -Dio.netty.leakDetection.targetRecords: 4
22:20:24.530 [main] DEBUG io.netty.util.ResourceLeakDetectorFactory - Loaded default ResourceLeakDetector: io.netty.util.ResourceLeakDetector@781dbe44
22:20:24.564 [main] DEBUG io.netty.util.internal.PlatformDependent0 - -Dio.netty.noUnsafe: false
22:20:24.564 [main] DEBUG io.netty.util.internal.PlatformDependent0 - Java version: 19
22:20:24.566 [main] DEBUG io.netty.util.internal.PlatformDependent0 - sun.misc.Unsafe.theUnsafe: available
22:20:24.568 [main] DEBUG io.netty.util.internal.PlatformDependent0 - sun.misc.Unsafe.copyMemory: available
22:20:24.569 [main] DEBUG io.netty.util.internal.PlatformDependent0 - sun.misc.Unsafe.storeFence: available
22:20:24.572 [main] DEBUG io.netty.util.internal.PlatformDependent0 - java.nio.Buffer.address: available
22:20:24.574 [main] DEBUG io.netty.util.internal.PlatformDependent0 - direct buffer constructor: unavailable: Reflective setAccessible(true) disabled
22:20:24.576 [main] DEBUG io.netty.util.internal.PlatformDependent0 - java.nio.Bits.unaligned: available, true
22:20:24.579 [main] DEBUG io.netty.util.internal.PlatformDependent0 - jdk.internal.misc.Unsafe.allocateUninitializedArray(int): unavailable: class io.netty.util.internal.PlatformDependent0$7 cannot access class jdk.internal.misc.Unsafe (in module java.base) because module java.base does not export jdk.internal.misc to unnamed module @3e6ef8ad
22:20:24.582 [main] DEBUG io.netty.util.internal.PlatformDependent0 - java.nio.DirectByteBuffer.<init>(long, int): unavailable
22:20:24.582 [main] DEBUG io.netty.util.internal.PlatformDependent - sun.misc.Unsafe: available
22:20:24.585 [main] DEBUG io.netty.util.internal.PlatformDependent - maxDirectMemory: 1589641216 bytes (maybe)
22:20:24.585 [main] DEBUG io.netty.util.internal.PlatformDependent - -Dio.netty.tmpdir: C:\Users\HP\AppData\Local\Temp (java.io.tmpdir)
22:20:24.586 [main] DEBUG io.netty.util.internal.PlatformDependent - -Dio.netty.bitMode: 64 (sun.arch.data.model)
22:20:24.586 [main] DEBUG io.netty.util.internal.PlatformDependent - Platform: Windows
22:20:24.588 [main] DEBUG io.netty.util.internal.PlatformDependent - -Dio.netty.maxDirectMemory: -1 bytes
22:20:24.588 [main] DEBUG io.netty.util.internal.PlatformDependent - -Dio.netty.uninitializedArrayAllocationThreshold: -1
22:20:24.591 [main] DEBUG io.netty.util.internal.CleanerJava9 - java.nio.ByteBuffer.cleaner(): available
22:20:24.591 [main] DEBUG io.netty.util.internal.PlatformDependent - -Dio.netty.noPreferDirect: false
22:20:24.603 [main] DEBUG io.netty.util.internal.PlatformDependent - org.jctools-core.MpscChunkedArrayQueue: available
22:20:24.639 [main] DEBUG io.netty.util.internal.InternalThreadLocalMap - -Dio.netty.threadLocalMap.stringBuilder.initialSize: 1024
22:20:24.639 [main] DEBUG io.netty.util.internal.InternalThreadLocalMap - -Dio.netty.threadLocalMap.stringBuilder.maxSize: 4096
22:20:24.747 [main] DEBUG io.netty.handler.ssl.JdkSslContext - Default protocols (JDK): [TLSv1.3, TLSv1.2] 
22:20:24.747 [main] DEBUG io.netty.handler.ssl.JdkSslContext - Default cipher suites (JDK): [TLS_ECDHE_ECDSA_WITH_AES_256_GCM_SHA384, TLS_ECDHE_ECDSA_WITH_AES_128_GCM_SHA256, TLS_ECDHE_RSA_WITH_AES_128_GCM_SHA256, TLS_ECDHE_RSA_WITH_AES_256_GCM_SHA384, TLS_ECDHE_RSA_WITH_AES_128_CBC_SHA, TLS_ECDHE_RSA_WITH_AES_256_CBC_SHA, TLS_RSA_WITH_AES_128_GCM_SHA256, TLS_RSA_WITH_AES_128_CBC_SHA, TLS_RSA_WITH_AES_256_CBC_SHA, TLS_AES_128_GCM_SHA256, TLS_AES_256_GCM_SHA384]
22:20:24.800 [main] DEBUG io.netty.channel.MultithreadEventLoopGroup - -Dio.netty.eventLoopThreads: 16
22:20:24.819 [main] DEBUG io.netty.channel.nio.NioEventLoop - -Dio.netty.noKeySetOptimization: false
22:20:24.820 [main] DEBUG io.netty.channel.nio.NioEventLoop - -Dio.netty.selectorAutoRebuildThreshold: 512
22:20:24.931 [main] DEBUG io.netty.buffer.PooledByteBufAllocator - -Dio.netty.allocator.numHeapArenas: 16
22:20:24.931 [main] DEBUG io.netty.buffer.PooledByteBufAllocator - -Dio.netty.allocator.numDirectArenas: 16
22:20:24.931 [main] DEBUG io.netty.buffer.PooledByteBufAllocator - -Dio.netty.allocator.pageSize: 8192
22:20:24.931 [main] DEBUG io.netty.buffer.PooledByteBufAllocator - -Dio.netty.allocator.maxOrder: 9
22:20:24.931 [main] DEBUG io.netty.buffer.PooledByteBufAllocator - -Dio.netty.allocator.chunkSize: 4194304
22:20:24.931 [main] DEBUG io.netty.buffer.PooledByteBufAllocator - -Dio.netty.allocator.smallCacheSize: 256
22:20:24.931 [main] DEBUG io.netty.buffer.PooledByteBufAllocator - -Dio.netty.allocator.normalCacheSize: 64
22:20:24.931 [main] DEBUG io.netty.buffer.PooledByteBufAllocator - -Dio.netty.allocator.maxCachedBufferCapacity: 32768
22:20:24.932 [main] DEBUG io.netty.buffer.PooledByteBufAllocator - -Dio.netty.allocator.cacheTrimInterval: 8192
22:20:24.932 [main] DEBUG io.netty.buffer.PooledByteBufAllocator - -Dio.netty.allocator.cacheTrimIntervalMillis: 0
22:20:24.932 [main] DEBUG io.netty.buffer.PooledByteBufAllocator - -Dio.netty.allocator.useCacheForAllThreads: false
22:20:24.932 [main] DEBUG io.netty.buffer.PooledByteBufAllocator - -Dio.netty.allocator.maxCachedByteBuffersPerChunk: 1023
22:20:24.951 [main] DEBUG io.netty.buffer.ByteBufUtil - -Dio.netty.allocator.type: pooled
22:20:24.951 [main] DEBUG io.netty.buffer.ByteBufUtil - -Dio.netty.threadLocalDirectBufferSize: 0
22:20:24.951 [main] DEBUG io.netty.buffer.ByteBufUtil - -Dio.netty.maxThreadLocalCharBufferSize: 16384
22:20:25.486 [Forwarding newSession on session null to remote] DEBUG io.netty.channel.DefaultChannelId - -Dio.netty.processId: 12636 (auto-detected)
22:20:25.489 [Forwarding newSession on session null to remote] DEBUG io.netty.util.NetUtil - -Djava.net.preferIPv4Stack: false
22:20:25.490 [Forwarding newSession on session null to remote] DEBUG io.netty.util.NetUtil - -Djava.net.preferIPv6Addresses: false
22:20:25.514 [Forwarding newSession on session null to remote] DEBUG io.netty.util.NetUtilInitializations - Loopback interface: lo (Software Loopback Interface 1, 127.0.0.1)
22:20:25.515 [Forwarding newSession on session null to remote] DEBUG io.netty.util.NetUtil - Failed to get SOMAXCONN from sysctl and file \proc\sys\net\core\somaxconn. Default: 200
22:20:25.603 [Forwarding newSession on session null to remote] DEBUG io.netty.channel.DefaultChannelId - -Dio.netty.machineId: cc:6b:1e:ff:fe:34:9f:97 (auto-detected)
22:20:25.687 [AsyncHttpClient-1-2] DEBUG io.netty.buffer.AbstractByteBuf - -Dio.netty.buffer.checkAccessible: true
22:20:25.687 [AsyncHttpClient-1-2] DEBUG io.netty.buffer.AbstractByteBuf - -Dio.netty.buffer.checkBounds: true
22:20:25.687 [AsyncHttpClient-1-2] DEBUG io.netty.util.ResourceLeakDetectorFactory - Loaded default ResourceLeakDetector: io.netty.util.ResourceLeakDetector@562d51a1
22:20:25.707 [AsyncHttpClient-1-2] DEBUG org.asynchttpclient.netty.channel.NettyConnectListener - Using new Channel '[id: 0x1f7c3932, L:/127.0.0.1:63376 - R:localhost/127.0.0.1:37276]' for 'POST' to '/session'
22:20:25.745 [AsyncHttpClient-1-2] DEBUG io.netty.util.Recycler - -Dio.netty.recycler.maxCapacityPerThread: 4096
22:20:25.745 [AsyncHttpClient-1-2] DEBUG io.netty.util.Recycler - -Dio.netty.recycler.ratio: 8
22:20:25.745 [AsyncHttpClient-1-2] DEBUG io.netty.util.Recycler - -Dio.netty.recycler.chunkSize: 32
22:20:25.745 [AsyncHttpClient-1-2] DEBUG io.netty.util.Recycler - -Dio.netty.recycler.blocking: false
22:20:27.790 [AsyncHttpClient-1-2] DEBUG io.netty.handler.codec.compression.Brotli - brotli4j not in the classpath; Brotli support will be unavailable.
22:20:27.791 [AsyncHttpClient-1-2] DEBUG org.asynchttpclient.netty.handler.HttpHandler - 

Request DefaultHttpRequest(decodeResult: success, version: HTTP/1.1)
POST /session HTTP/1.1
User-Agent: selenium/4.7.1 (java windows)
Content-Length: 1629
Content-Type: application/json; charset=utf-8
host: localhost:37276
accept: */*

Response DefaultHttpResponse(decodeResult: success, version: HTTP/1.1)
HTTP/1.1 200 OK
Content-Type: application/json; charset=utf-8
cache-control: no-cache
content-length: 857

22:20:27.821 [AsyncHttpClient-1-2] DEBUG org.asynchttpclient.netty.channel.ChannelManager - Adding key: http://localhost:37276 for channel [id: 0x1f7c3932, L:/127.0.0.1:63376 - R:localhost/127.0.0.1:37276]
22:20:28.019 [AsyncHttpClient-1-1] DEBUG org.asynchttpclient.netty.channel.DefaultChannelPool - Entry count for : http://localhost:37276 : 1
22:20:28.138 [AsyncHttpClient-1-3] DEBUG org.asynchttpclient.netty.channel.NettyConnectListener - Using new Channel '[id: 0x0ab25699, L:/127.0.0.1:63385 - R:localhost/127.0.0.1:63377]' for 'GET' to '/json/version'
22:20:28.148 [AsyncHttpClient-1-3] DEBUG org.asynchttpclient.netty.handler.HttpHandler - 

Request DefaultFullHttpRequest(decodeResult: success, version: HTTP/1.1, content: EmptyByteBufBE)
GET /json/version HTTP/1.1
User-Agent: selenium/4.7.1 (java windows)
host: localhost:63377
accept: */*

Response DefaultHttpResponse(decodeResult: success, version: HTTP/1.1)
HTTP/1.1 200 OK
Content-Security-Policy: frame-ancestors 'none'
Content-Type: application/json; charset=UTF-8
content-length: 424

22:20:28.149 [AsyncHttpClient-1-3] DEBUG org.asynchttpclient.netty.channel.ChannelManager - Adding key: http://localhost:63377 for channel [id: 0x0ab25699, L:/127.0.0.1:63385 - R:localhost/127.0.0.1:63377]
22:20:28.171 [main] DEBUG io.netty.util.internal.ThreadLocalRandom - -Dio.netty.initialSeedUniquifier: 0x7b0a613f657d3938
22:20:28.181 [AsyncHttpClient-1-4] DEBUG org.asynchttpclient.netty.channel.NettyConnectListener - Using new Channel '[id: 0x623e89d5, L:/127.0.0.1:63386 - R:localhost/127.0.0.1:63377]' for 'GET' to '/devtools/browser/416c2230-ebc4-46f6-8a0c-2902f145d523'
22:20:28.191 [AsyncHttpClient-1-4] DEBUG org.asynchttpclient.netty.handler.WebSocketHandler - 

Request DefaultFullHttpRequest(decodeResult: success, version: HTTP/1.1, content: EmptyByteBufBE)
GET /devtools/browser/416c2230-ebc4-46f6-8a0c-2902f145d523 HTTP/1.1
upgrade: websocket
connection: upgrade
sec-websocket-key: 2D7zn+Z5z4Kk54b0SQsVjw==
sec-websocket-version: 13
origin: http://localhost:63377
host: localhost:63377
accept: */*
user-agent: AHC/2.1

Response DefaultHttpResponse(decodeResult: success, version: HTTP/1.1)
HTTP/1.1 101 WebSocket Protocol Handshake
Upgrade: WebSocket
Connection: Upgrade
Sec-WebSocket-Accept: yvq1Xj7NHCWAOtdBRFFY5bbe0kY=

22:20:29.126 [AsyncHttpClient-1-1] DEBUG org.asynchttpclient.netty.channel.DefaultChannelPool - Entry count for : http://localhost:63377 : 1
22:20:29.126 [AsyncHttpClient-1-1] DEBUG org.asynchttpclient.netty.channel.DefaultChannelPool - Entry count for : http://localhost:37276 : 1
22:20:29.807 [main] DEBUG net.thucydides.core.reflection.ClassFinder - Could not load class .starter.CucumberTestSuite
22:20:29.808 [main] DEBUG net.thucydides.core.reflection.ClassFinder - Could not load class .starter.pages.BPJSpage
22:20:29.808 [main] DEBUG net.thucydides.core.reflection.ClassFinder - Could not load class .starter.pages.PDAMPage
22:20:29.808 [main] DEBUG net.thucydides.core.reflection.ClassFinder - Could not load class .starter.pages.PromoPage
22:20:29.808 [main] DEBUG net.thucydides.core.reflection.ClassFinder - Could not load class .starter.pages.PulsanPaketData
22:20:29.808 [main] DEBUG net.thucydides.core.reflection.ClassFinder - Could not load class .starter.pages.TopUpPage
22:20:29.808 [main] DEBUG net.thucydides.core.reflection.ClassFinder - Could not load class .starter.pages.TransaksiPage
22:20:29.808 [main] DEBUG net.thucydides.core.reflection.ClassFinder - Could not load class .starter.pages.WifiPage
22:20:29.808 [main] DEBUG net.thucydides.core.reflection.ClassFinder - Could not load class .starter.stepdefinitions.BPJSsteps
22:20:29.808 [main] DEBUG net.thucydides.core.reflection.ClassFinder - Could not load class .starter.stepdefinitions.PDAMSteps
22:20:29.808 [main] DEBUG net.thucydides.core.reflection.ClassFinder - Could not load class .starter.stepdefinitions.PromoSteps
22:20:29.808 [main] DEBUG net.thucydides.core.reflection.ClassFinder - Could not load class .starter.stepdefinitions.PulsanPaketDataSteps
22:20:29.809 [main] DEBUG net.thucydides.core.reflection.ClassFinder - Could not load class .starter.stepdefinitions.TopUpSteps
22:20:29.809 [main] DEBUG net.thucydides.core.reflection.ClassFinder - Could not load class .starter.stepdefinitions.TransaksiSteps
22:20:29.809 [main] DEBUG net.thucydides.core.reflection.ClassFinder - Could not load class .starter.stepdefinitions.WifiSteps
22:20:29.810 [main] DEBUG net.thucydides.core.reflection.ClassFinder - Could not load class META-INF.versions.9.com.sun.istack.logging.StackHelper
22:20:29.811 [main] DEBUG net.thucydides.core.reflection.ClassFinder - Could not load class META-INF.versions.9.com.sun.xml.bind.v2.runtime.reflect.opt.AccessorInjector
22:20:29.812 [main] DEBUG net.thucydides.core.reflection.ClassFinder - Could not load class META-INF.versions.9.com.sun.xml.bind.v2.runtime.reflect.opt.Injector
22:20:29.813 [main] DEBUG net.thucydides.core.reflection.ClassFinder - Could not load class META-INF.versions.9.com.sun.xml.bind.v2.runtime.reflect.opt.OptimizedAccessorFactory
22:20:29.814 [main] DEBUG net.thucydides.core.reflection.ClassFinder - Could not load class META-INF.versions.9.com.sun.xml.bind.v2.runtime.reflect.opt.OptimizedTransducedAccessorFactory
22:20:29.815 [main] DEBUG net.thucydides.core.reflection.ClassFinder - Could not load class META-INF.versions.9.io.opentelemetry.sdk.internal.CurrentJavaVersionSpecific
22:20:29.816 [main] DEBUG net.thucydides.core.reflection.ClassFinder - Could not load class META-INF.versions.9.io.opentelemetry.sdk.internal.Java9VersionSpecific
22:20:29.818 [main] DEBUG net.thucydides.core.reflection.ClassFinder - Could not load class META-INF.versions.9.javax.xml.bind.ModuleUtil
22:20:29.819 [main] DEBUG net.thucydides.core.reflection.ClassFinder - Could not load class META-INF.versions.9.module-info
22:20:29.821 [main] DEBUG net.thucydides.core.reflection.ClassFinder - Could not load class META-INF.versions.9.org.junit.platform.commons.util.ModuleUtils
22:20:30.212 [AsyncHttpClient-1-1] DEBUG org.asynchttpclient.netty.channel.DefaultChannelPool - Entry count for : http://localhost:63377 : 1
22:20:30.212 [AsyncHttpClient-1-1] DEBUG org.asynchttpclient.netty.channel.DefaultChannelPool - Entry count for : http://localhost:37276 : 1
22:20:30.432 [main] DEBUG net.thucydides.core.reflection.ClassFinder - Could not load class com.google.gson.internal.
22:20:30.796 [main] DEBUG net.thucydides.core.reflection.ClassFinder - Could not load class com.sun.xml.bind.v2.runtime.output.FastInfosetStreamWriterOutput
22:20:31.318 [AsyncHttpClient-1-1] DEBUG org.asynchttpclient.netty.channel.DefaultChannelPool - Entry count for : http://localhost:63377 : 1
22:20:31.318 [AsyncHttpClient-1-1] DEBUG org.asynchttpclient.netty.channel.DefaultChannelPool - Entry count for : http://localhost:37276 : 1
22:20:31.804 [main] DEBUG net.thucydides.core.reflection.ClassFinder - Could not load class module-info
22:20:32.422 [AsyncHttpClient-1-1] DEBUG org.asynchttpclient.netty.channel.DefaultChannelPool - Entry count for : http://localhost:63377 : 1
22:20:32.422 [AsyncHttpClient-1-1] DEBUG org.asynchttpclient.netty.channel.DefaultChannelPool - Entry count for : http://localhost:37276 : 1
22:20:33.519 [AsyncHttpClient-1-1] DEBUG org.asynchttpclient.netty.channel.DefaultChannelPool - Entry count for : http://localhost:63377 : 1
22:20:33.527 [AsyncHttpClient-1-1] DEBUG org.asynchttpclient.netty.channel.DefaultChannelPool - Entry count for : http://localhost:37276 : 1
22:20:34.617 [AsyncHttpClient-1-1] DEBUG org.asynchttpclient.netty.channel.DefaultChannelPool - Entry count for : http://localhost:63377 : 1
22:20:34.617 [AsyncHttpClient-1-1] DEBUG org.asynchttpclient.netty.channel.DefaultChannelPool - Entry count for : http://localhost:37276 : 1
22:20:35.714 [AsyncHttpClient-1-1] DEBUG org.asynchttpclient.netty.channel.DefaultChannelPool - Entry count for : http://localhost:63377 : 1
22:20:35.714 [AsyncHttpClient-1-1] DEBUG org.asynchttpclient.netty.channel.DefaultChannelPool - Entry count for : http://localhost:37276 : 1
22:20:36.812 [AsyncHttpClient-1-1] DEBUG org.asynchttpclient.netty.channel.DefaultChannelPool - Entry count for : http://localhost:63377 : 1
22:20:36.812 [AsyncHttpClient-1-1] DEBUG org.asynchttpclient.netty.channel.DefaultChannelPool - Entry count for : http://localhost:37276 : 1
22:20:37.911 [AsyncHttpClient-1-1] DEBUG org.asynchttpclient.netty.channel.DefaultChannelPool - Entry count for : http://localhost:63377 : 1
22:20:37.911 [AsyncHttpClient-1-1] DEBUG org.asynchttpclient.netty.channel.DefaultChannelPool - Entry count for : http://localhost:37276 : 1
22:20:38.265 [Forwarding get on session 4578cf1c5f13ff694115b91c5065c0a5 to remote] DEBUG org.asynchttpclient.netty.request.NettyRequestSender - Using pooled Channel '[id: 0x1f7c3932, L:/127.0.0.1:63376 - R:localhost/127.0.0.1:37276]' for 'POST' to 'http://localhost:37276/session/4578cf1c5f13ff694115b91c5065c0a5/url'
22:20:38.265 [Forwarding get on session 4578cf1c5f13ff694115b91c5065c0a5 to remote] DEBUG org.asynchttpclient.netty.request.NettyRequestSender - Using open Channel [id: 0x1f7c3932, L:/127.0.0.1:63376 - R:localhost/127.0.0.1:37276] for POST '/session/4578cf1c5f13ff694115b91c5065c0a5/url'
22:20:39.012 [AsyncHttpClient-1-1] DEBUG org.asynchttpclient.netty.channel.DefaultChannelPool - Entry count for : http://localhost:63377 : 1
22:20:39.998 [AsyncHttpClient-1-2] DEBUG org.asynchttpclient.netty.handler.HttpHandler - 

Request DefaultHttpRequest(decodeResult: success, version: HTTP/1.1)
POST /session/4578cf1c5f13ff694115b91c5065c0a5/url HTTP/1.1
User-Agent: selenium/4.7.1 (java windows)
Content-Length: 69
Content-Type: application/json; charset=utf-8
host: localhost:37276
accept: */*

Response DefaultHttpResponse(decodeResult: success, version: HTTP/1.1)
HTTP/1.1 200 OK
Content-Type: application/json; charset=utf-8
cache-control: no-cache
content-length: 14

22:20:40.006 [AsyncHttpClient-1-2] DEBUG org.asynchttpclient.netty.channel.ChannelManager - Adding key: http://localhost:37276 for channel [id: 0x1f7c3932, L:/127.0.0.1:63376 - R:localhost/127.0.0.1:37276]
22:20:40.014 [Forwarding setTimeout on session 4578cf1c5f13ff694115b91c5065c0a5 to remote] DEBUG org.asynchttpclient.netty.request.NettyRequestSender - Using pooled Channel '[id: 0x1f7c3932, L:/127.0.0.1:63376 - R:localhost/127.0.0.1:37276]' for 'POST' to 'http://localhost:37276/session/4578cf1c5f13ff694115b91c5065c0a5/timeouts'
22:20:40.014 [Forwarding setTimeout on session 4578cf1c5f13ff694115b91c5065c0a5 to remote] DEBUG org.asynchttpclient.netty.request.NettyRequestSender - Using open Channel [id: 0x1f7c3932, L:/127.0.0.1:63376 - R:localhost/127.0.0.1:37276] for POST '/session/4578cf1c5f13ff694115b91c5065c0a5/timeouts'
22:20:40.022 [AsyncHttpClient-1-2] DEBUG org.asynchttpclient.netty.handler.HttpHandler - 

Request DefaultHttpRequest(decodeResult: success, version: HTTP/1.1)
POST /session/4578cf1c5f13ff694115b91c5065c0a5/timeouts HTTP/1.1
User-Agent: selenium/4.7.1 (java windows)
Content-Length: 22
Content-Type: application/json; charset=utf-8
host: localhost:37276
accept: */*

Response DefaultHttpResponse(decodeResult: success, version: HTTP/1.1)
HTTP/1.1 200 OK
Content-Type: application/json; charset=utf-8
cache-control: no-cache
content-length: 14

22:20:40.022 [AsyncHttpClient-1-2] DEBUG org.asynchttpclient.netty.channel.ChannelManager - Adding key: http://localhost:37276 for channel [id: 0x1f7c3932, L:/127.0.0.1:63376 - R:localhost/127.0.0.1:37276]
22:20:40.038 [Forwarding getCurrentUrl on session 4578cf1c5f13ff694115b91c5065c0a5 to remote] DEBUG org.asynchttpclient.netty.request.NettyRequestSender - Using pooled Channel '[id: 0x1f7c3932, L:/127.0.0.1:63376 - R:localhost/127.0.0.1:37276]' for 'GET' to 'http://localhost:37276/session/4578cf1c5f13ff694115b91c5065c0a5/url'
22:20:40.038 [Forwarding getCurrentUrl on session 4578cf1c5f13ff694115b91c5065c0a5 to remote] DEBUG org.asynchttpclient.netty.request.NettyRequestSender - Using open Channel [id: 0x1f7c3932, L:/127.0.0.1:63376 - R:localhost/127.0.0.1:37276] for GET '/session/4578cf1c5f13ff694115b91c5065c0a5/url'
22:20:40.046 [AsyncHttpClient-1-2] DEBUG org.asynchttpclient.netty.handler.HttpHandler - 

Request DefaultFullHttpRequest(decodeResult: success, version: HTTP/1.1, content: EmptyByteBufBE)
GET /session/4578cf1c5f13ff694115b91c5065c0a5/url HTTP/1.1
User-Agent: selenium/4.7.1 (java windows)
Cache-Control: no-cache
Content-Type: application/json; charset=utf-8
host: localhost:37276
accept: */*

Response DefaultHttpResponse(decodeResult: success, version: HTTP/1.1)
HTTP/1.1 200 OK
Content-Type: application/json; charset=utf-8
cache-control: no-cache
content-length: 51

22:20:40.054 [AsyncHttpClient-1-2] DEBUG org.asynchttpclient.netty.channel.ChannelManager - Adding key: http://localhost:37276 for channel [id: 0x1f7c3932, L:/127.0.0.1:63376 - R:localhost/127.0.0.1:37276]
22:20:40.062 [Forwarding getCurrentUrl on session 4578cf1c5f13ff694115b91c5065c0a5 to remote] DEBUG org.asynchttpclient.netty.request.NettyRequestSender - Using pooled Channel '[id: 0x1f7c3932, L:/127.0.0.1:63376 - R:localhost/127.0.0.1:37276]' for 'GET' to 'http://localhost:37276/session/4578cf1c5f13ff694115b91c5065c0a5/url'
22:20:40.062 [Forwarding getCurrentUrl on session 4578cf1c5f13ff694115b91c5065c0a5 to remote] DEBUG org.asynchttpclient.netty.request.NettyRequestSender - Using open Channel [id: 0x1f7c3932, L:/127.0.0.1:63376 - R:localhost/127.0.0.1:37276] for GET '/session/4578cf1c5f13ff694115b91c5065c0a5/url'
22:20:40.070 [AsyncHttpClient-1-2] DEBUG org.asynchttpclient.netty.handler.HttpHandler - 

Request DefaultFullHttpRequest(decodeResult: success, version: HTTP/1.1, content: EmptyByteBufBE)
GET /session/4578cf1c5f13ff694115b91c5065c0a5/url HTTP/1.1
User-Agent: selenium/4.7.1 (java windows)
Cache-Control: no-cache
Content-Type: application/json; charset=utf-8
host: localhost:37276
accept: */*

Response DefaultHttpResponse(decodeResult: success, version: HTTP/1.1)
HTTP/1.1 200 OK
Content-Type: application/json; charset=utf-8
cache-control: no-cache
content-length: 51

22:20:40.070 [AsyncHttpClient-1-2] DEBUG org.asynchttpclient.netty.channel.ChannelManager - Adding key: http://localhost:37276 for channel [id: 0x1f7c3932, L:/127.0.0.1:63376 - R:localhost/127.0.0.1:37276]
22:20:40.102 [Forwarding findElement on session 4578cf1c5f13ff694115b91c5065c0a5 to remote] DEBUG org.asynchttpclient.netty.request.NettyRequestSender - Using pooled Channel '[id: 0x1f7c3932, L:/127.0.0.1:63376 - R:localhost/127.0.0.1:37276]' for 'POST' to 'http://localhost:37276/session/4578cf1c5f13ff694115b91c5065c0a5/element'
22:20:40.102 [Forwarding findElement on session 4578cf1c5f13ff694115b91c5065c0a5 to remote] DEBUG org.asynchttpclient.netty.request.NettyRequestSender - Using open Channel [id: 0x1f7c3932, L:/127.0.0.1:63376 - R:localhost/127.0.0.1:37276] for POST '/session/4578cf1c5f13ff694115b91c5065c0a5/element'
22:20:40.126 [AsyncHttpClient-1-1] DEBUG org.asynchttpclient.netty.channel.DefaultChannelPool - Entry count for : http://localhost:63377 : 1
22:20:40.126 [AsyncHttpClient-1-2] DEBUG org.asynchttpclient.netty.handler.HttpHandler - 

Request DefaultHttpRequest(decodeResult: success, version: HTTP/1.1)
POST /session/4578cf1c5f13ff694115b91c5065c0a5/element HTTP/1.1
User-Agent: selenium/4.7.1 (java windows)
Content-Length: 84
Content-Type: application/json; charset=utf-8
host: localhost:37276
accept: */*

Response DefaultHttpResponse(decodeResult: success, version: HTTP/1.1)
HTTP/1.1 200 OK
Content-Type: application/json; charset=utf-8
cache-control: no-cache
content-length: 95

22:20:40.126 [AsyncHttpClient-1-2] DEBUG org.asynchttpclient.netty.channel.ChannelManager - Adding key: http://localhost:37276 for channel [id: 0x1f7c3932, L:/127.0.0.1:63376 - R:localhost/127.0.0.1:37276]
22:20:40.166 [Forwarding isElementDisplayed on session 4578cf1c5f13ff694115b91c5065c0a5 to remote] DEBUG org.asynchttpclient.netty.request.NettyRequestSender - Using pooled Channel '[id: 0x1f7c3932, L:/127.0.0.1:63376 - R:localhost/127.0.0.1:37276]' for 'POST' to 'http://localhost:37276/session/4578cf1c5f13ff694115b91c5065c0a5/execute/sync'
22:20:40.166 [Forwarding isElementDisplayed on session 4578cf1c5f13ff694115b91c5065c0a5 to remote] DEBUG org.asynchttpclient.netty.request.NettyRequestSender - Using open Channel [id: 0x1f7c3932, L:/127.0.0.1:63376 - R:localhost/127.0.0.1:37276] for POST '/session/4578cf1c5f13ff694115b91c5065c0a5/execute/sync'
22:20:40.207 [AsyncHttpClient-1-2] DEBUG org.asynchttpclient.netty.handler.HttpHandler - 

Request DefaultHttpRequest(decodeResult: success, version: HTTP/1.1)
POST /session/4578cf1c5f13ff694115b91c5065c0a5/execute/sync HTTP/1.1
User-Agent: selenium/4.7.1 (java windows)
Content-Length: 48787
Content-Type: application/json; charset=utf-8
host: localhost:37276
accept: */*

Response DefaultHttpResponse(decodeResult: success, version: HTTP/1.1)
HTTP/1.1 200 OK
Content-Type: application/json; charset=utf-8
cache-control: no-cache
content-length: 14

22:20:40.207 [AsyncHttpClient-1-2] DEBUG org.asynchttpclient.netty.channel.ChannelManager - Adding key: http://localhost:37276 for channel [id: 0x1f7c3932, L:/127.0.0.1:63376 - R:localhost/127.0.0.1:37276]
22:20:40.214 [Forwarding isElementDisplayed on session 4578cf1c5f13ff694115b91c5065c0a5 to remote] DEBUG org.asynchttpclient.netty.request.NettyRequestSender - Using pooled Channel '[id: 0x1f7c3932, L:/127.0.0.1:63376 - R:localhost/127.0.0.1:37276]' for 'POST' to 'http://localhost:37276/session/4578cf1c5f13ff694115b91c5065c0a5/execute/sync'
22:20:40.214 [Forwarding isElementDisplayed on session 4578cf1c5f13ff694115b91c5065c0a5 to remote] DEBUG org.asynchttpclient.netty.request.NettyRequestSender - Using open Channel [id: 0x1f7c3932, L:/127.0.0.1:63376 - R:localhost/127.0.0.1:37276] for POST '/session/4578cf1c5f13ff694115b91c5065c0a5/execute/sync'
22:20:40.246 [AsyncHttpClient-1-2] DEBUG org.asynchttpclient.netty.handler.HttpHandler - 

Request DefaultHttpRequest(decodeResult: success, version: HTTP/1.1)
POST /session/4578cf1c5f13ff694115b91c5065c0a5/execute/sync HTTP/1.1
User-Agent: selenium/4.7.1 (java windows)
Content-Length: 48787
Content-Type: application/json; charset=utf-8
host: localhost:37276
accept: */*

Response DefaultHttpResponse(decodeResult: success, version: HTTP/1.1)
HTTP/1.1 200 OK
Content-Type: application/json; charset=utf-8
cache-control: no-cache
content-length: 14

22:20:40.246 [AsyncHttpClient-1-2] DEBUG org.asynchttpclient.netty.channel.ChannelManager - Adding key: http://localhost:37276 for channel [id: 0x1f7c3932, L:/127.0.0.1:63376 - R:localhost/127.0.0.1:37276]
22:20:40.286 [main] DEBUG net.serenitybdd.core.photography.Darkroom - Opening darkroom
22:20:40.294 [Darkroom Processing Line] DEBUG net.serenitybdd.core.photography.DarkroomProcessingLine - Darkroom processing line starting up
22:20:40.310 [Forwarding getCurrentWindowHandle on session 4578cf1c5f13ff694115b91c5065c0a5 to remote] DEBUG org.asynchttpclient.netty.request.NettyRequestSender - Using pooled Channel '[id: 0x1f7c3932, L:/127.0.0.1:63376 - R:localhost/127.0.0.1:37276]' for 'GET' to 'http://localhost:37276/session/4578cf1c5f13ff694115b91c5065c0a5/window'
22:20:40.310 [Forwarding getCurrentWindowHandle on session 4578cf1c5f13ff694115b91c5065c0a5 to remote] DEBUG org.asynchttpclient.netty.request.NettyRequestSender - Using open Channel [id: 0x1f7c3932, L:/127.0.0.1:63376 - R:localhost/127.0.0.1:37276] for GET '/session/4578cf1c5f13ff694115b91c5065c0a5/window'
22:20:40.319 [AsyncHttpClient-1-2] DEBUG org.asynchttpclient.netty.handler.HttpHandler - 

Request DefaultFullHttpRequest(decodeResult: success, version: HTTP/1.1, content: EmptyByteBufBE)
GET /session/4578cf1c5f13ff694115b91c5065c0a5/window HTTP/1.1
User-Agent: selenium/4.7.1 (java windows)
Cache-Control: no-cache
Content-Type: application/json; charset=utf-8
host: localhost:37276
accept: */*

Response DefaultHttpResponse(decodeResult: success, version: HTTP/1.1)
HTTP/1.1 200 OK
Content-Type: application/json; charset=utf-8
cache-control: no-cache
content-length: 44

22:20:40.319 [AsyncHttpClient-1-2] DEBUG org.asynchttpclient.netty.channel.ChannelManager - Adding key: http://localhost:37276 for channel [id: 0x1f7c3932, L:/127.0.0.1:63376 - R:localhost/127.0.0.1:37276]
22:20:40.319 [Forwarding getAlertText on session 4578cf1c5f13ff694115b91c5065c0a5 to remote] DEBUG org.asynchttpclient.netty.request.NettyRequestSender - Using pooled Channel '[id: 0x1f7c3932, L:/127.0.0.1:63376 - R:localhost/127.0.0.1:37276]' for 'GET' to 'http://localhost:37276/session/4578cf1c5f13ff694115b91c5065c0a5/alert/text'
22:20:40.319 [Forwarding getAlertText on session 4578cf1c5f13ff694115b91c5065c0a5 to remote] DEBUG org.asynchttpclient.netty.request.NettyRequestSender - Using open Channel [id: 0x1f7c3932, L:/127.0.0.1:63376 - R:localhost/127.0.0.1:37276] for GET '/session/4578cf1c5f13ff694115b91c5065c0a5/alert/text'
22:20:40.327 [AsyncHttpClient-1-2] DEBUG org.asynchttpclient.netty.handler.HttpHandler - 

Request DefaultFullHttpRequest(decodeResult: success, version: HTTP/1.1, content: EmptyByteBufBE)
GET /session/4578cf1c5f13ff694115b91c5065c0a5/alert/text HTTP/1.1
User-Agent: selenium/4.7.1 (java windows)
Cache-Control: no-cache
Content-Type: application/json; charset=utf-8
host: localhost:37276
accept: */*

Response DefaultHttpResponse(decodeResult: success, version: HTTP/1.1)
HTTP/1.1 404 Not Found
Content-Type: application/json; charset=utf-8
cache-control: no-cache
content-length: 821

22:20:40.327 [AsyncHttpClient-1-2] DEBUG org.asynchttpclient.netty.channel.ChannelManager - Adding key: http://localhost:37276 for channel [id: 0x1f7c3932, L:/127.0.0.1:63376 - R:localhost/127.0.0.1:37276]
22:20:40.343 [Forwarding switchToWindow on session 4578cf1c5f13ff694115b91c5065c0a5 to remote] DEBUG org.asynchttpclient.netty.request.NettyRequestSender - Using pooled Channel '[id: 0x1f7c3932, L:/127.0.0.1:63376 - R:localhost/127.0.0.1:37276]' for 'POST' to 'http://localhost:37276/session/4578cf1c5f13ff694115b91c5065c0a5/window'
22:20:40.343 [Forwarding switchToWindow on session 4578cf1c5f13ff694115b91c5065c0a5 to remote] DEBUG org.asynchttpclient.netty.request.NettyRequestSender - Using open Channel [id: 0x1f7c3932, L:/127.0.0.1:63376 - R:localhost/127.0.0.1:37276] for POST '/session/4578cf1c5f13ff694115b91c5065c0a5/window'
22:20:40.343 [AsyncHttpClient-1-2] DEBUG org.asynchttpclient.netty.handler.HttpHandler - 

Request DefaultHttpRequest(decodeResult: success, version: HTTP/1.1)
POST /session/4578cf1c5f13ff694115b91c5065c0a5/window HTTP/1.1
User-Agent: selenium/4.7.1 (java windows)
Content-Length: 50
Content-Type: application/json; charset=utf-8
host: localhost:37276
accept: */*

Response DefaultHttpResponse(decodeResult: success, version: HTTP/1.1)
HTTP/1.1 200 OK
Content-Type: application/json; charset=utf-8
cache-control: no-cache
content-length: 14

22:20:40.343 [AsyncHttpClient-1-2] DEBUG org.asynchttpclient.netty.channel.ChannelManager - Adding key: http://localhost:37276 for channel [id: 0x1f7c3932, L:/127.0.0.1:63376 - R:localhost/127.0.0.1:37276]
22:20:40.351 [Forwarding getCurrentUrl on session 4578cf1c5f13ff694115b91c5065c0a5 to remote] DEBUG org.asynchttpclient.netty.request.NettyRequestSender - Using pooled Channel '[id: 0x1f7c3932, L:/127.0.0.1:63376 - R:localhost/127.0.0.1:37276]' for 'GET' to 'http://localhost:37276/session/4578cf1c5f13ff694115b91c5065c0a5/url'
22:20:40.351 [Forwarding getCurrentUrl on session 4578cf1c5f13ff694115b91c5065c0a5 to remote] DEBUG org.asynchttpclient.netty.request.NettyRequestSender - Using open Channel [id: 0x1f7c3932, L:/127.0.0.1:63376 - R:localhost/127.0.0.1:37276] for GET '/session/4578cf1c5f13ff694115b91c5065c0a5/url'
22:20:40.359 [AsyncHttpClient-1-2] DEBUG org.asynchttpclient.netty.handler.HttpHandler - 

Request DefaultFullHttpRequest(decodeResult: success, version: HTTP/1.1, content: EmptyByteBufBE)
GET /session/4578cf1c5f13ff694115b91c5065c0a5/url HTTP/1.1
User-Agent: selenium/4.7.1 (java windows)
Cache-Control: no-cache
Content-Type: application/json; charset=utf-8
host: localhost:37276
accept: */*

Response DefaultHttpResponse(decodeResult: success, version: HTTP/1.1)
HTTP/1.1 200 OK
Content-Type: application/json; charset=utf-8
cache-control: no-cache
content-length: 51

22:20:40.359 [AsyncHttpClient-1-2] DEBUG org.asynchttpclient.netty.channel.ChannelManager - Adding key: http://localhost:37276 for channel [id: 0x1f7c3932, L:/127.0.0.1:63376 - R:localhost/127.0.0.1:37276]
22:20:40.359 [Forwarding screenshot on session 4578cf1c5f13ff694115b91c5065c0a5 to remote] DEBUG org.asynchttpclient.netty.request.NettyRequestSender - Using pooled Channel '[id: 0x1f7c3932, L:/127.0.0.1:63376 - R:localhost/127.0.0.1:37276]' for 'GET' to 'http://localhost:37276/session/4578cf1c5f13ff694115b91c5065c0a5/screenshot'
22:20:40.359 [Forwarding screenshot on session 4578cf1c5f13ff694115b91c5065c0a5 to remote] DEBUG org.asynchttpclient.netty.request.NettyRequestSender - Using open Channel [id: 0x1f7c3932, L:/127.0.0.1:63376 - R:localhost/127.0.0.1:37276] for GET '/session/4578cf1c5f13ff694115b91c5065c0a5/screenshot'
22:20:40.537 [AsyncHttpClient-1-2] DEBUG org.asynchttpclient.netty.handler.HttpHandler - 

Request DefaultFullHttpRequest(decodeResult: success, version: HTTP/1.1, content: EmptyByteBufBE)
GET /session/4578cf1c5f13ff694115b91c5065c0a5/screenshot HTTP/1.1
User-Agent: selenium/4.7.1 (java windows)
Cache-Control: no-cache
Content-Type: application/json; charset=utf-8
host: localhost:37276
accept: */*

Response DefaultHttpResponse(decodeResult: success, version: HTTP/1.1)
HTTP/1.1 200 OK
Content-Type: application/json; charset=utf-8
cache-control: no-cache
content-length: 190072

22:20:40.537 [AsyncHttpClient-1-2] DEBUG org.asynchttpclient.netty.channel.ChannelManager - Adding key: http://localhost:37276 for channel [id: 0x1f7c3932, L:/127.0.0.1:63376 - R:localhost/127.0.0.1:37276]
22:20:40.673 [main] DEBUG net.serenitybdd.core.photography.Darkroom - Send negative for processing for target\site\serenity\d1261d317105f2022b291c8c21a98672b375594a0da6ede8cb611245ceac006a.png
22:20:40.673 [Darkroom Processing Line] DEBUG net.serenitybdd.core.photography.DarkroomProcessingLine - Processing screenshot image in /var/screenshots/screenshot-2332698849902992832
22:20:40.673 [Darkroom Processing Line] DEBUG net.serenitybdd.core.photography.DarkroomProcessingLine - Saving screenshot to target\site\serenity\d1261d317105f2022b291c8c21a98672b375594a0da6ede8cb611245ceac006a.png
22:20:40.681 [main] DEBUG net.thucydides.core.steps.StepInterceptor - STEP DONE: diHomepageSkuyPay
22:20:40.689 [main] DEBUG net.thucydides.core.steps.StepInterceptor - STARTING STEP: TransaksiSteps.adminMelakukanLoginAkun - inputfieldemail
22:20:40.708 [Forwarding findElement on session 4578cf1c5f13ff694115b91c5065c0a5 to remote] DEBUG org.asynchttpclient.netty.request.NettyRequestSender - Using pooled Channel '[id: 0x1f7c3932, L:/127.0.0.1:63376 - R:localhost/127.0.0.1:37276]' for 'POST' to 'http://localhost:37276/session/4578cf1c5f13ff694115b91c5065c0a5/element'
22:20:40.708 [Forwarding findElement on session 4578cf1c5f13ff694115b91c5065c0a5 to remote] DEBUG org.asynchttpclient.netty.request.NettyRequestSender - Using open Channel [id: 0x1f7c3932, L:/127.0.0.1:63376 - R:localhost/127.0.0.1:37276] for POST '/session/4578cf1c5f13ff694115b91c5065c0a5/element'
22:20:40.721 [AsyncHttpClient-1-2] DEBUG org.asynchttpclient.netty.handler.HttpHandler - 

Request DefaultHttpRequest(decodeResult: success, version: HTTP/1.1)
POST /session/4578cf1c5f13ff694115b91c5065c0a5/element HTTP/1.1
User-Agent: selenium/4.7.1 (java windows)
Content-Length: 84
Content-Type: application/json; charset=utf-8
host: localhost:37276
accept: */*

Response DefaultHttpResponse(decodeResult: success, version: HTTP/1.1)
HTTP/1.1 200 OK
Content-Type: application/json; charset=utf-8
cache-control: no-cache
content-length: 95

22:20:40.721 [AsyncHttpClient-1-2] DEBUG org.asynchttpclient.netty.channel.ChannelManager - Adding key: http://localhost:37276 for channel [id: 0x1f7c3932, L:/127.0.0.1:63376 - R:localhost/127.0.0.1:37276]
22:20:40.729 [Forwarding getElementTagName on session 4578cf1c5f13ff694115b91c5065c0a5 to remote] DEBUG org.asynchttpclient.netty.request.NettyRequestSender - Using pooled Channel '[id: 0x1f7c3932, L:/127.0.0.1:63376 - R:localhost/127.0.0.1:37276]' for 'GET' to 'http://localhost:37276/session/4578cf1c5f13ff694115b91c5065c0a5/element/AF2DC5B78D69C6139DD124D5DE46B59D_element_11/name'
22:20:40.729 [Forwarding getElementTagName on session 4578cf1c5f13ff694115b91c5065c0a5 to remote] DEBUG org.asynchttpclient.netty.request.NettyRequestSender - Using open Channel [id: 0x1f7c3932, L:/127.0.0.1:63376 - R:localhost/127.0.0.1:37276] for GET '/session/4578cf1c5f13ff694115b91c5065c0a5/element/AF2DC5B78D69C6139DD124D5DE46B59D_element_11/name'
22:20:40.737 [AsyncHttpClient-1-2] DEBUG org.asynchttpclient.netty.handler.HttpHandler - 

Request DefaultFullHttpRequest(decodeResult: success, version: HTTP/1.1, content: EmptyByteBufBE)
GET /session/4578cf1c5f13ff694115b91c5065c0a5/element/AF2DC5B78D69C6139DD124D5DE46B59D_element_11/name HTTP/1.1
User-Agent: selenium/4.7.1 (java windows)
Cache-Control: no-cache
Content-Type: application/json; charset=utf-8
host: localhost:37276
accept: */*

Response DefaultHttpResponse(decodeResult: success, version: HTTP/1.1)
HTTP/1.1 200 OK
Content-Type: application/json; charset=utf-8
cache-control: no-cache
content-length: 17

22:20:40.737 [AsyncHttpClient-1-2] DEBUG org.asynchttpclient.netty.channel.ChannelManager - Adding key: http://localhost:37276 for channel [id: 0x1f7c3932, L:/127.0.0.1:63376 - R:localhost/127.0.0.1:37276]
22:20:40.737 [Forwarding getElementTagName on session 4578cf1c5f13ff694115b91c5065c0a5 to remote] DEBUG org.asynchttpclient.netty.request.NettyRequestSender - Using pooled Channel '[id: 0x1f7c3932, L:/127.0.0.1:63376 - R:localhost/127.0.0.1:37276]' for 'GET' to 'http://localhost:37276/session/4578cf1c5f13ff694115b91c5065c0a5/element/AF2DC5B78D69C6139DD124D5DE46B59D_element_11/name'
22:20:40.737 [Forwarding getElementTagName on session 4578cf1c5f13ff694115b91c5065c0a5 to remote] DEBUG org.asynchttpclient.netty.request.NettyRequestSender - Using open Channel [id: 0x1f7c3932, L:/127.0.0.1:63376 - R:localhost/127.0.0.1:37276] for GET '/session/4578cf1c5f13ff694115b91c5065c0a5/element/AF2DC5B78D69C6139DD124D5DE46B59D_element_11/name'
22:20:40.753 [AsyncHttpClient-1-2] DEBUG org.asynchttpclient.netty.handler.HttpHandler - 

Request DefaultFullHttpRequest(decodeResult: success, version: HTTP/1.1, content: EmptyByteBufBE)
GET /session/4578cf1c5f13ff694115b91c5065c0a5/element/AF2DC5B78D69C6139DD124D5DE46B59D_element_11/name HTTP/1.1
User-Agent: selenium/4.7.1 (java windows)
Cache-Control: no-cache
Content-Type: application/json; charset=utf-8
host: localhost:37276
accept: */*

Response DefaultHttpResponse(decodeResult: success, version: HTTP/1.1)
HTTP/1.1 200 OK
Content-Type: application/json; charset=utf-8
cache-control: no-cache
content-length: 17

22:20:40.753 [AsyncHttpClient-1-2] DEBUG org.asynchttpclient.netty.channel.ChannelManager - Adding key: http://localhost:37276 for channel [id: 0x1f7c3932, L:/127.0.0.1:63376 - R:localhost/127.0.0.1:37276]
22:20:40.753 [Forwarding isElementEnabled on session 4578cf1c5f13ff694115b91c5065c0a5 to remote] DEBUG org.asynchttpclient.netty.request.NettyRequestSender - Using pooled Channel '[id: 0x1f7c3932, L:/127.0.0.1:63376 - R:localhost/127.0.0.1:37276]' for 'GET' to 'http://localhost:37276/session/4578cf1c5f13ff694115b91c5065c0a5/element/AF2DC5B78D69C6139DD124D5DE46B59D_element_11/enabled'
22:20:40.753 [Forwarding isElementEnabled on session 4578cf1c5f13ff694115b91c5065c0a5 to remote] DEBUG org.asynchttpclient.netty.request.NettyRequestSender - Using open Channel [id: 0x1f7c3932, L:/127.0.0.1:63376 - R:localhost/127.0.0.1:37276] for GET '/session/4578cf1c5f13ff694115b91c5065c0a5/element/AF2DC5B78D69C6139DD124D5DE46B59D_element_11/enabled'
22:20:40.777 [AsyncHttpClient-1-2] DEBUG org.asynchttpclient.netty.handler.HttpHandler - 

Request DefaultFullHttpRequest(decodeResult: success, version: HTTP/1.1, content: EmptyByteBufBE)
GET /session/4578cf1c5f13ff694115b91c5065c0a5/element/AF2DC5B78D69C6139DD124D5DE46B59D_element_11/enabled HTTP/1.1
User-Agent: selenium/4.7.1 (java windows)
Cache-Control: no-cache
Content-Type: application/json; charset=utf-8
host: localhost:37276
accept: */*

Response DefaultHttpResponse(decodeResult: success, version: HTTP/1.1)
HTTP/1.1 200 OK
Content-Type: application/json; charset=utf-8
cache-control: no-cache
content-length: 14

22:20:40.777 [AsyncHttpClient-1-2] DEBUG org.asynchttpclient.netty.channel.ChannelManager - Adding key: http://localhost:37276 for channel [id: 0x1f7c3932, L:/127.0.0.1:63376 - R:localhost/127.0.0.1:37276]
22:20:40.777 [Forwarding isElementEnabled on session 4578cf1c5f13ff694115b91c5065c0a5 to remote] DEBUG org.asynchttpclient.netty.request.NettyRequestSender - Using pooled Channel '[id: 0x1f7c3932, L:/127.0.0.1:63376 - R:localhost/127.0.0.1:37276]' for 'GET' to 'http://localhost:37276/session/4578cf1c5f13ff694115b91c5065c0a5/element/AF2DC5B78D69C6139DD124D5DE46B59D_element_11/enabled'
22:20:40.777 [Forwarding isElementEnabled on session 4578cf1c5f13ff694115b91c5065c0a5 to remote] DEBUG org.asynchttpclient.netty.request.NettyRequestSender - Using open Channel [id: 0x1f7c3932, L:/127.0.0.1:63376 - R:localhost/127.0.0.1:37276] for GET '/session/4578cf1c5f13ff694115b91c5065c0a5/element/AF2DC5B78D69C6139DD124D5DE46B59D_element_11/enabled'
22:20:40.793 [AsyncHttpClient-1-2] DEBUG org.asynchttpclient.netty.handler.HttpHandler - 

Request DefaultFullHttpRequest(decodeResult: success, version: HTTP/1.1, content: EmptyByteBufBE)
GET /session/4578cf1c5f13ff694115b91c5065c0a5/element/AF2DC5B78D69C6139DD124D5DE46B59D_element_11/enabled HTTP/1.1
User-Agent: selenium/4.7.1 (java windows)
Cache-Control: no-cache
Content-Type: application/json; charset=utf-8
host: localhost:37276
accept: */*

Response DefaultHttpResponse(decodeResult: success, version: HTTP/1.1)
HTTP/1.1 200 OK
Content-Type: application/json; charset=utf-8
cache-control: no-cache
content-length: 14

22:20:40.793 [AsyncHttpClient-1-2] DEBUG org.asynchttpclient.netty.channel.ChannelManager - Adding key: http://localhost:37276 for channel [id: 0x1f7c3932, L:/127.0.0.1:63376 - R:localhost/127.0.0.1:37276]
22:20:40.801 [Forwarding findElement on session 4578cf1c5f13ff694115b91c5065c0a5 to remote] DEBUG org.asynchttpclient.netty.request.NettyRequestSender - Using pooled Channel '[id: 0x1f7c3932, L:/127.0.0.1:63376 - R:localhost/127.0.0.1:37276]' for 'POST' to 'http://localhost:37276/session/4578cf1c5f13ff694115b91c5065c0a5/element'
22:20:40.801 [Forwarding findElement on session 4578cf1c5f13ff694115b91c5065c0a5 to remote] DEBUG org.asynchttpclient.netty.request.NettyRequestSender - Using open Channel [id: 0x1f7c3932, L:/127.0.0.1:63376 - R:localhost/127.0.0.1:37276] for POST '/session/4578cf1c5f13ff694115b91c5065c0a5/element'
22:20:40.809 [AsyncHttpClient-1-2] DEBUG org.asynchttpclient.netty.handler.HttpHandler - 

Request DefaultHttpRequest(decodeResult: success, version: HTTP/1.1)
POST /session/4578cf1c5f13ff694115b91c5065c0a5/element HTTP/1.1
User-Agent: selenium/4.7.1 (java windows)
Content-Length: 84
Content-Type: application/json; charset=utf-8
host: localhost:37276
accept: */*

Response DefaultHttpResponse(decodeResult: success, version: HTTP/1.1)
HTTP/1.1 200 OK
Content-Type: application/json; charset=utf-8
cache-control: no-cache
content-length: 95

22:20:40.809 [AsyncHttpClient-1-2] DEBUG org.asynchttpclient.netty.channel.ChannelManager - Adding key: http://localhost:37276 for channel [id: 0x1f7c3932, L:/127.0.0.1:63376 - R:localhost/127.0.0.1:37276]
22:20:40.817 [Forwarding clickElement on session 4578cf1c5f13ff694115b91c5065c0a5 to remote] DEBUG org.asynchttpclient.netty.request.NettyRequestSender - Using pooled Channel '[id: 0x1f7c3932, L:/127.0.0.1:63376 - R:localhost/127.0.0.1:37276]' for 'POST' to 'http://localhost:37276/session/4578cf1c5f13ff694115b91c5065c0a5/element/AF2DC5B78D69C6139DD124D5DE46B59D_element_11/click'
22:20:40.817 [Forwarding clickElement on session 4578cf1c5f13ff694115b91c5065c0a5 to remote] DEBUG org.asynchttpclient.netty.request.NettyRequestSender - Using open Channel [id: 0x1f7c3932, L:/127.0.0.1:63376 - R:localhost/127.0.0.1:37276] for POST '/session/4578cf1c5f13ff694115b91c5065c0a5/element/AF2DC5B78D69C6139DD124D5DE46B59D_element_11/click'
22:20:40.945 [AsyncHttpClient-1-2] DEBUG org.asynchttpclient.netty.handler.HttpHandler - 

Request DefaultHttpRequest(decodeResult: success, version: HTTP/1.1)
POST /session/4578cf1c5f13ff694115b91c5065c0a5/element/AF2DC5B78D69C6139DD124D5DE46B59D_element_11/click HTTP/1.1
User-Agent: selenium/4.7.1 (java windows)
Content-Length: 57
Content-Type: application/json; charset=utf-8
host: localhost:37276
accept: */*

Response DefaultHttpResponse(decodeResult: success, version: HTTP/1.1)
HTTP/1.1 200 OK
Content-Type: application/json; charset=utf-8
cache-control: no-cache
content-length: 14

22:20:40.945 [AsyncHttpClient-1-2] DEBUG org.asynchttpclient.netty.channel.ChannelManager - Adding key: http://localhost:37276 for channel [id: 0x1f7c3932, L:/127.0.0.1:63376 - R:localhost/127.0.0.1:37276]
22:20:40.953 [Forwarding findElement on session 4578cf1c5f13ff694115b91c5065c0a5 to remote] DEBUG org.asynchttpclient.netty.request.NettyRequestSender - Using pooled Channel '[id: 0x1f7c3932, L:/127.0.0.1:63376 - R:localhost/127.0.0.1:37276]' for 'POST' to 'http://localhost:37276/session/4578cf1c5f13ff694115b91c5065c0a5/element'
22:20:40.961 [Forwarding findElement on session 4578cf1c5f13ff694115b91c5065c0a5 to remote] DEBUG org.asynchttpclient.netty.request.NettyRequestSender - Using open Channel [id: 0x1f7c3932, L:/127.0.0.1:63376 - R:localhost/127.0.0.1:37276] for POST '/session/4578cf1c5f13ff694115b91c5065c0a5/element'
22:20:40.969 [AsyncHttpClient-1-2] DEBUG org.asynchttpclient.netty.handler.HttpHandler - 

Request DefaultHttpRequest(decodeResult: success, version: HTTP/1.1)
POST /session/4578cf1c5f13ff694115b91c5065c0a5/element HTTP/1.1
User-Agent: selenium/4.7.1 (java windows)
Content-Length: 84
Content-Type: application/json; charset=utf-8
host: localhost:37276
accept: */*

Response DefaultHttpResponse(decodeResult: success, version: HTTP/1.1)
HTTP/1.1 200 OK
Content-Type: application/json; charset=utf-8
cache-control: no-cache
content-length: 95

22:20:40.969 [AsyncHttpClient-1-2] DEBUG org.asynchttpclient.netty.channel.ChannelManager - Adding key: http://localhost:37276 for channel [id: 0x1f7c3932, L:/127.0.0.1:63376 - R:localhost/127.0.0.1:37276]
22:20:40.977 [Forwarding clearElement on session 4578cf1c5f13ff694115b91c5065c0a5 to remote] DEBUG org.asynchttpclient.netty.request.NettyRequestSender - Using pooled Channel '[id: 0x1f7c3932, L:/127.0.0.1:63376 - R:localhost/127.0.0.1:37276]' for 'POST' to 'http://localhost:37276/session/4578cf1c5f13ff694115b91c5065c0a5/element/AF2DC5B78D69C6139DD124D5DE46B59D_element_11/clear'
22:20:40.977 [Forwarding clearElement on session 4578cf1c5f13ff694115b91c5065c0a5 to remote] DEBUG org.asynchttpclient.netty.request.NettyRequestSender - Using open Channel [id: 0x1f7c3932, L:/127.0.0.1:63376 - R:localhost/127.0.0.1:37276] for POST '/session/4578cf1c5f13ff694115b91c5065c0a5/element/AF2DC5B78D69C6139DD124D5DE46B59D_element_11/clear'
22:20:41.033 [AsyncHttpClient-1-2] DEBUG org.asynchttpclient.netty.handler.HttpHandler - 

Request DefaultHttpRequest(decodeResult: success, version: HTTP/1.1)
POST /session/4578cf1c5f13ff694115b91c5065c0a5/element/AF2DC5B78D69C6139DD124D5DE46B59D_element_11/clear HTTP/1.1
User-Agent: selenium/4.7.1 (java windows)
Content-Length: 57
Content-Type: application/json; charset=utf-8
host: localhost:37276
accept: */*

Response DefaultHttpResponse(decodeResult: success, version: HTTP/1.1)
HTTP/1.1 200 OK
Content-Type: application/json; charset=utf-8
cache-control: no-cache
content-length: 14

22:20:41.033 [AsyncHttpClient-1-2] DEBUG org.asynchttpclient.netty.channel.ChannelManager - Adding key: http://localhost:37276 for channel [id: 0x1f7c3932, L:/127.0.0.1:63376 - R:localhost/127.0.0.1:37276]
22:20:41.042 [Forwarding sendKeysToElement on session 4578cf1c5f13ff694115b91c5065c0a5 to remote] DEBUG org.asynchttpclient.netty.request.NettyRequestSender - Using pooled Channel '[id: 0x1f7c3932, L:/127.0.0.1:63376 - R:localhost/127.0.0.1:37276]' for 'POST' to 'http://localhost:37276/session/4578cf1c5f13ff694115b91c5065c0a5/element/AF2DC5B78D69C6139DD124D5DE46B59D_element_11/value'
22:20:41.042 [Forwarding sendKeysToElement on session 4578cf1c5f13ff694115b91c5065c0a5 to remote] DEBUG org.asynchttpclient.netty.request.NettyRequestSender - Using open Channel [id: 0x1f7c3932, L:/127.0.0.1:63376 - R:localhost/127.0.0.1:37276] for POST '/session/4578cf1c5f13ff694115b91c5065c0a5/element/AF2DC5B78D69C6139DD124D5DE46B59D_element_11/value'
22:20:41.169 [AsyncHttpClient-1-2] DEBUG org.asynchttpclient.netty.handler.HttpHandler - 

Request DefaultHttpRequest(decodeResult: success, version: HTTP/1.1)
POST /session/4578cf1c5f13ff694115b91c5065c0a5/element/AF2DC5B78D69C6139DD124D5DE46B59D_element_11/value HTTP/1.1
User-Agent: selenium/4.7.1 (java windows)
Content-Length: 228
Content-Type: application/json; charset=utf-8
host: localhost:37276
accept: */*

Response DefaultHttpResponse(decodeResult: success, version: HTTP/1.1)
HTTP/1.1 200 OK
Content-Type: application/json; charset=utf-8
cache-control: no-cache
content-length: 14

22:20:41.169 [AsyncHttpClient-1-2] DEBUG org.asynchttpclient.netty.channel.ChannelManager - Adding key: http://localhost:37276 for channel [id: 0x1f7c3932, L:/127.0.0.1:63376 - R:localhost/127.0.0.1:37276]
22:20:41.185 [Forwarding getCurrentWindowHandle on session 4578cf1c5f13ff694115b91c5065c0a5 to remote] DEBUG org.asynchttpclient.netty.request.NettyRequestSender - Using pooled Channel '[id: 0x1f7c3932, L:/127.0.0.1:63376 - R:localhost/127.0.0.1:37276]' for 'GET' to 'http://localhost:37276/session/4578cf1c5f13ff694115b91c5065c0a5/window'
22:20:41.185 [Forwarding getCurrentWindowHandle on session 4578cf1c5f13ff694115b91c5065c0a5 to remote] DEBUG org.asynchttpclient.netty.request.NettyRequestSender - Using open Channel [id: 0x1f7c3932, L:/127.0.0.1:63376 - R:localhost/127.0.0.1:37276] for GET '/session/4578cf1c5f13ff694115b91c5065c0a5/window'
22:20:41.185 [AsyncHttpClient-1-2] DEBUG org.asynchttpclient.netty.handler.HttpHandler - 

Request DefaultFullHttpRequest(decodeResult: success, version: HTTP/1.1, content: EmptyByteBufBE)
GET /session/4578cf1c5f13ff694115b91c5065c0a5/window HTTP/1.1
User-Agent: selenium/4.7.1 (java windows)
Cache-Control: no-cache
Content-Type: application/json; charset=utf-8
host: localhost:37276
accept: */*

Response DefaultHttpResponse(decodeResult: success, version: HTTP/1.1)
HTTP/1.1 200 OK
Content-Type: application/json; charset=utf-8
cache-control: no-cache
content-length: 44

22:20:41.185 [AsyncHttpClient-1-2] DEBUG org.asynchttpclient.netty.channel.ChannelManager - Adding key: http://localhost:37276 for channel [id: 0x1f7c3932, L:/127.0.0.1:63376 - R:localhost/127.0.0.1:37276]
22:20:41.185 [Forwarding getAlertText on session 4578cf1c5f13ff694115b91c5065c0a5 to remote] DEBUG org.asynchttpclient.netty.request.NettyRequestSender - Using pooled Channel '[id: 0x1f7c3932, L:/127.0.0.1:63376 - R:localhost/127.0.0.1:37276]' for 'GET' to 'http://localhost:37276/session/4578cf1c5f13ff694115b91c5065c0a5/alert/text'
22:20:41.185 [Forwarding getAlertText on session 4578cf1c5f13ff694115b91c5065c0a5 to remote] DEBUG org.asynchttpclient.netty.request.NettyRequestSender - Using open Channel [id: 0x1f7c3932, L:/127.0.0.1:63376 - R:localhost/127.0.0.1:37276] for GET '/session/4578cf1c5f13ff694115b91c5065c0a5/alert/text'
22:20:41.193 [AsyncHttpClient-1-2] DEBUG org.asynchttpclient.netty.handler.HttpHandler - 

Request DefaultFullHttpRequest(decodeResult: success, version: HTTP/1.1, content: EmptyByteBufBE)
GET /session/4578cf1c5f13ff694115b91c5065c0a5/alert/text HTTP/1.1
User-Agent: selenium/4.7.1 (java windows)
Cache-Control: no-cache
Content-Type: application/json; charset=utf-8
host: localhost:37276
accept: */*

Response DefaultHttpResponse(decodeResult: success, version: HTTP/1.1)
HTTP/1.1 404 Not Found
Content-Type: application/json; charset=utf-8
cache-control: no-cache
content-length: 821

22:20:41.193 [AsyncHttpClient-1-2] DEBUG org.asynchttpclient.netty.channel.ChannelManager - Adding key: http://localhost:37276 for channel [id: 0x1f7c3932, L:/127.0.0.1:63376 - R:localhost/127.0.0.1:37276]
22:20:41.193 [Forwarding switchToWindow on session 4578cf1c5f13ff694115b91c5065c0a5 to remote] DEBUG org.asynchttpclient.netty.request.NettyRequestSender - Using pooled Channel '[id: 0x1f7c3932, L:/127.0.0.1:63376 - R:localhost/127.0.0.1:37276]' for 'POST' to 'http://localhost:37276/session/4578cf1c5f13ff694115b91c5065c0a5/window'
22:20:41.193 [Forwarding switchToWindow on session 4578cf1c5f13ff694115b91c5065c0a5 to remote] DEBUG org.asynchttpclient.netty.request.NettyRequestSender - Using open Channel [id: 0x1f7c3932, L:/127.0.0.1:63376 - R:localhost/127.0.0.1:37276] for POST '/session/4578cf1c5f13ff694115b91c5065c0a5/window'
22:20:41.201 [AsyncHttpClient-1-2] DEBUG org.asynchttpclient.netty.handler.HttpHandler - 

Request DefaultHttpRequest(decodeResult: success, version: HTTP/1.1)
POST /session/4578cf1c5f13ff694115b91c5065c0a5/window HTTP/1.1
User-Agent: selenium/4.7.1 (java windows)
Content-Length: 50
Content-Type: application/json; charset=utf-8
host: localhost:37276
accept: */*

Response DefaultHttpResponse(decodeResult: success, version: HTTP/1.1)
HTTP/1.1 200 OK
Content-Type: application/json; charset=utf-8
cache-control: no-cache
content-length: 14

22:20:41.201 [AsyncHttpClient-1-2] DEBUG org.asynchttpclient.netty.channel.ChannelManager - Adding key: http://localhost:37276 for channel [id: 0x1f7c3932, L:/127.0.0.1:63376 - R:localhost/127.0.0.1:37276]
22:20:41.201 [Forwarding getCurrentUrl on session 4578cf1c5f13ff694115b91c5065c0a5 to remote] DEBUG org.asynchttpclient.netty.request.NettyRequestSender - Using pooled Channel '[id: 0x1f7c3932, L:/127.0.0.1:63376 - R:localhost/127.0.0.1:37276]' for 'GET' to 'http://localhost:37276/session/4578cf1c5f13ff694115b91c5065c0a5/url'
22:20:41.201 [Forwarding getCurrentUrl on session 4578cf1c5f13ff694115b91c5065c0a5 to remote] DEBUG org.asynchttpclient.netty.request.NettyRequestSender - Using open Channel [id: 0x1f7c3932, L:/127.0.0.1:63376 - R:localhost/127.0.0.1:37276] for GET '/session/4578cf1c5f13ff694115b91c5065c0a5/url'
22:20:41.209 [AsyncHttpClient-1-2] DEBUG org.asynchttpclient.netty.handler.HttpHandler - 

Request DefaultFullHttpRequest(decodeResult: success, version: HTTP/1.1, content: EmptyByteBufBE)
GET /session/4578cf1c5f13ff694115b91c5065c0a5/url HTTP/1.1
User-Agent: selenium/4.7.1 (java windows)
Cache-Control: no-cache
Content-Type: application/json; charset=utf-8
host: localhost:37276
accept: */*

Response DefaultHttpResponse(decodeResult: success, version: HTTP/1.1)
HTTP/1.1 200 OK
Content-Type: application/json; charset=utf-8
cache-control: no-cache
content-length: 51

22:20:41.209 [AsyncHttpClient-1-2] DEBUG org.asynchttpclient.netty.channel.ChannelManager - Adding key: http://localhost:37276 for channel [id: 0x1f7c3932, L:/127.0.0.1:63376 - R:localhost/127.0.0.1:37276]
22:20:41.217 [AsyncHttpClient-1-1] DEBUG org.asynchttpclient.netty.channel.DefaultChannelPool - Entry count for : http://localhost:63377 : 1
22:20:41.217 [Forwarding screenshot on session 4578cf1c5f13ff694115b91c5065c0a5 to remote] DEBUG org.asynchttpclient.netty.request.NettyRequestSender - Using pooled Channel '[id: 0x1f7c3932, L:/127.0.0.1:63376 - R:localhost/127.0.0.1:37276]' for 'GET' to 'http://localhost:37276/session/4578cf1c5f13ff694115b91c5065c0a5/screenshot'
22:20:41.217 [Forwarding screenshot on session 4578cf1c5f13ff694115b91c5065c0a5 to remote] DEBUG org.asynchttpclient.netty.request.NettyRequestSender - Using open Channel [id: 0x1f7c3932, L:/127.0.0.1:63376 - R:localhost/127.0.0.1:37276] for GET '/session/4578cf1c5f13ff694115b91c5065c0a5/screenshot'
22:20:41.386 [AsyncHttpClient-1-2] DEBUG org.asynchttpclient.netty.handler.HttpHandler - 

Request DefaultFullHttpRequest(decodeResult: success, version: HTTP/1.1, content: EmptyByteBufBE)
GET /session/4578cf1c5f13ff694115b91c5065c0a5/screenshot HTTP/1.1
User-Agent: selenium/4.7.1 (java windows)
Cache-Control: no-cache
Content-Type: application/json; charset=utf-8
host: localhost:37276
accept: */*

Response DefaultHttpResponse(decodeResult: success, version: HTTP/1.1)
HTTP/1.1 200 OK
Content-Type: application/json; charset=utf-8
cache-control: no-cache
content-length: 192440

22:20:41.386 [AsyncHttpClient-1-2] DEBUG org.asynchttpclient.netty.channel.ChannelManager - Adding key: http://localhost:37276 for channel [id: 0x1f7c3932, L:/127.0.0.1:63376 - R:localhost/127.0.0.1:37276]
22:20:41.394 [main] DEBUG net.serenitybdd.core.photography.Darkroom - Send negative for processing for target\site\serenity\82af9b4d23dce5d2c172b7bd1d3eac742b4703310d0937898c7393eb58671bd7.png
22:20:41.394 [main] DEBUG net.thucydides.core.steps.StepInterceptor - STEP DONE: inputfieldemail
22:20:41.394 [Darkroom Processing Line] DEBUG net.serenitybdd.core.photography.DarkroomProcessingLine - Processing screenshot image in /var/screenshots/screenshot-12336300014340483460
22:20:41.394 [Darkroom Processing Line] DEBUG net.serenitybdd.core.photography.DarkroomProcessingLine - Saving screenshot to target\site\serenity\82af9b4d23dce5d2c172b7bd1d3eac742b4703310d0937898c7393eb58671bd7.png
22:20:41.409 [main] DEBUG net.thucydides.core.steps.StepInterceptor - STARTING STEP: TransaksiSteps.adminMelakukanLoginAkun - inputfieldpassword
22:20:41.411 [Forwarding findElement on session 4578cf1c5f13ff694115b91c5065c0a5 to remote] DEBUG org.asynchttpclient.netty.request.NettyRequestSender - Using pooled Channel '[id: 0x1f7c3932, L:/127.0.0.1:63376 - R:localhost/127.0.0.1:37276]' for 'POST' to 'http://localhost:37276/session/4578cf1c5f13ff694115b91c5065c0a5/element'
22:20:41.411 [Forwarding findElement on session 4578cf1c5f13ff694115b91c5065c0a5 to remote] DEBUG org.asynchttpclient.netty.request.NettyRequestSender - Using open Channel [id: 0x1f7c3932, L:/127.0.0.1:63376 - R:localhost/127.0.0.1:37276] for POST '/session/4578cf1c5f13ff694115b91c5065c0a5/element'
22:20:41.435 [AsyncHttpClient-1-2] DEBUG org.asynchttpclient.netty.handler.HttpHandler - 

Request DefaultHttpRequest(decodeResult: success, version: HTTP/1.1)
POST /session/4578cf1c5f13ff694115b91c5065c0a5/element HTTP/1.1
User-Agent: selenium/4.7.1 (java windows)
Content-Length: 72
Content-Type: application/json; charset=utf-8
host: localhost:37276
accept: */*

Response DefaultHttpResponse(decodeResult: success, version: HTTP/1.1)
HTTP/1.1 200 OK
Content-Type: application/json; charset=utf-8
cache-control: no-cache
content-length: 94

22:20:41.435 [AsyncHttpClient-1-2] DEBUG org.asynchttpclient.netty.channel.ChannelManager - Adding key: http://localhost:37276 for channel [id: 0x1f7c3932, L:/127.0.0.1:63376 - R:localhost/127.0.0.1:37276]
22:20:41.435 [Forwarding getElementTagName on session 4578cf1c5f13ff694115b91c5065c0a5 to remote] DEBUG org.asynchttpclient.netty.request.NettyRequestSender - Using pooled Channel '[id: 0x1f7c3932, L:/127.0.0.1:63376 - R:localhost/127.0.0.1:37276]' for 'GET' to 'http://localhost:37276/session/4578cf1c5f13ff694115b91c5065c0a5/element/AF2DC5B78D69C6139DD124D5DE46B59D_element_5/name'
22:20:41.435 [Forwarding getElementTagName on session 4578cf1c5f13ff694115b91c5065c0a5 to remote] DEBUG org.asynchttpclient.netty.request.NettyRequestSender - Using open Channel [id: 0x1f7c3932, L:/127.0.0.1:63376 - R:localhost/127.0.0.1:37276] for GET '/session/4578cf1c5f13ff694115b91c5065c0a5/element/AF2DC5B78D69C6139DD124D5DE46B59D_element_5/name'
22:20:41.443 [AsyncHttpClient-1-2] DEBUG org.asynchttpclient.netty.handler.HttpHandler - 

Request DefaultFullHttpRequest(decodeResult: success, version: HTTP/1.1, content: EmptyByteBufBE)
GET /session/4578cf1c5f13ff694115b91c5065c0a5/element/AF2DC5B78D69C6139DD124D5DE46B59D_element_5/name HTTP/1.1
User-Agent: selenium/4.7.1 (java windows)
Cache-Control: no-cache
Content-Type: application/json; charset=utf-8
host: localhost:37276
accept: */*

Response DefaultHttpResponse(decodeResult: success, version: HTTP/1.1)
HTTP/1.1 200 OK
Content-Type: application/json; charset=utf-8
cache-control: no-cache
content-length: 17

22:20:41.443 [AsyncHttpClient-1-2] DEBUG org.asynchttpclient.netty.channel.ChannelManager - Adding key: http://localhost:37276 for channel [id: 0x1f7c3932, L:/127.0.0.1:63376 - R:localhost/127.0.0.1:37276]
22:20:41.451 [Forwarding getElementTagName on session 4578cf1c5f13ff694115b91c5065c0a5 to remote] DEBUG org.asynchttpclient.netty.request.NettyRequestSender - Using pooled Channel '[id: 0x1f7c3932, L:/127.0.0.1:63376 - R:localhost/127.0.0.1:37276]' for 'GET' to 'http://localhost:37276/session/4578cf1c5f13ff694115b91c5065c0a5/element/AF2DC5B78D69C6139DD124D5DE46B59D_element_5/name'
22:20:41.451 [Forwarding getElementTagName on session 4578cf1c5f13ff694115b91c5065c0a5 to remote] DEBUG org.asynchttpclient.netty.request.NettyRequestSender - Using open Channel [id: 0x1f7c3932, L:/127.0.0.1:63376 - R:localhost/127.0.0.1:37276] for GET '/session/4578cf1c5f13ff694115b91c5065c0a5/element/AF2DC5B78D69C6139DD124D5DE46B59D_element_5/name'
22:20:41.459 [AsyncHttpClient-1-2] DEBUG org.asynchttpclient.netty.handler.HttpHandler - 

Request DefaultFullHttpRequest(decodeResult: success, version: HTTP/1.1, content: EmptyByteBufBE)
GET /session/4578cf1c5f13ff694115b91c5065c0a5/element/AF2DC5B78D69C6139DD124D5DE46B59D_element_5/name HTTP/1.1
User-Agent: selenium/4.7.1 (java windows)
Cache-Control: no-cache
Content-Type: application/json; charset=utf-8
host: localhost:37276
accept: */*

Response DefaultHttpResponse(decodeResult: success, version: HTTP/1.1)
HTTP/1.1 200 OK
Content-Type: application/json; charset=utf-8
cache-control: no-cache
content-length: 17

22:20:41.459 [AsyncHttpClient-1-2] DEBUG org.asynchttpclient.netty.channel.ChannelManager - Adding key: http://localhost:37276 for channel [id: 0x1f7c3932, L:/127.0.0.1:63376 - R:localhost/127.0.0.1:37276]
22:20:41.459 [Forwarding isElementEnabled on session 4578cf1c5f13ff694115b91c5065c0a5 to remote] DEBUG org.asynchttpclient.netty.request.NettyRequestSender - Using pooled Channel '[id: 0x1f7c3932, L:/127.0.0.1:63376 - R:localhost/127.0.0.1:37276]' for 'GET' to 'http://localhost:37276/session/4578cf1c5f13ff694115b91c5065c0a5/element/AF2DC5B78D69C6139DD124D5DE46B59D_element_5/enabled'
22:20:41.459 [Forwarding isElementEnabled on session 4578cf1c5f13ff694115b91c5065c0a5 to remote] DEBUG org.asynchttpclient.netty.request.NettyRequestSender - Using open Channel [id: 0x1f7c3932, L:/127.0.0.1:63376 - R:localhost/127.0.0.1:37276] for GET '/session/4578cf1c5f13ff694115b91c5065c0a5/element/AF2DC5B78D69C6139DD124D5DE46B59D_element_5/enabled'
22:20:41.475 [AsyncHttpClient-1-2] DEBUG org.asynchttpclient.netty.handler.HttpHandler - 

Request DefaultFullHttpRequest(decodeResult: success, version: HTTP/1.1, content: EmptyByteBufBE)
GET /session/4578cf1c5f13ff694115b91c5065c0a5/element/AF2DC5B78D69C6139DD124D5DE46B59D_element_5/enabled HTTP/1.1
User-Agent: selenium/4.7.1 (java windows)
Cache-Control: no-cache
Content-Type: application/json; charset=utf-8
host: localhost:37276
accept: */*

Response DefaultHttpResponse(decodeResult: success, version: HTTP/1.1)
HTTP/1.1 200 OK
Content-Type: application/json; charset=utf-8
cache-control: no-cache
content-length: 14

22:20:41.475 [AsyncHttpClient-1-2] DEBUG org.asynchttpclient.netty.channel.ChannelManager - Adding key: http://localhost:37276 for channel [id: 0x1f7c3932, L:/127.0.0.1:63376 - R:localhost/127.0.0.1:37276]
22:20:41.483 [Forwarding isElementEnabled on session 4578cf1c5f13ff694115b91c5065c0a5 to remote] DEBUG org.asynchttpclient.netty.request.NettyRequestSender - Using pooled Channel '[id: 0x1f7c3932, L:/127.0.0.1:63376 - R:localhost/127.0.0.1:37276]' for 'GET' to 'http://localhost:37276/session/4578cf1c5f13ff694115b91c5065c0a5/element/AF2DC5B78D69C6139DD124D5DE46B59D_element_5/enabled'
22:20:41.483 [Forwarding isElementEnabled on session 4578cf1c5f13ff694115b91c5065c0a5 to remote] DEBUG org.asynchttpclient.netty.request.NettyRequestSender - Using open Channel [id: 0x1f7c3932, L:/127.0.0.1:63376 - R:localhost/127.0.0.1:37276] for GET '/session/4578cf1c5f13ff694115b91c5065c0a5/element/AF2DC5B78D69C6139DD124D5DE46B59D_element_5/enabled'
22:20:41.491 [AsyncHttpClient-1-2] DEBUG org.asynchttpclient.netty.handler.HttpHandler - 

Request DefaultFullHttpRequest(decodeResult: success, version: HTTP/1.1, content: EmptyByteBufBE)
GET /session/4578cf1c5f13ff694115b91c5065c0a5/element/AF2DC5B78D69C6139DD124D5DE46B59D_element_5/enabled HTTP/1.1
User-Agent: selenium/4.7.1 (java windows)
Cache-Control: no-cache
Content-Type: application/json; charset=utf-8
host: localhost:37276
accept: */*

Response DefaultHttpResponse(decodeResult: success, version: HTTP/1.1)
HTTP/1.1 200 OK
Content-Type: application/json; charset=utf-8
cache-control: no-cache
content-length: 14

22:20:41.491 [AsyncHttpClient-1-2] DEBUG org.asynchttpclient.netty.channel.ChannelManager - Adding key: http://localhost:37276 for channel [id: 0x1f7c3932, L:/127.0.0.1:63376 - R:localhost/127.0.0.1:37276]
22:20:41.491 [Forwarding findElement on session 4578cf1c5f13ff694115b91c5065c0a5 to remote] DEBUG org.asynchttpclient.netty.request.NettyRequestSender - Using pooled Channel '[id: 0x1f7c3932, L:/127.0.0.1:63376 - R:localhost/127.0.0.1:37276]' for 'POST' to 'http://localhost:37276/session/4578cf1c5f13ff694115b91c5065c0a5/element'
22:20:41.499 [Forwarding findElement on session 4578cf1c5f13ff694115b91c5065c0a5 to remote] DEBUG org.asynchttpclient.netty.request.NettyRequestSender - Using open Channel [id: 0x1f7c3932, L:/127.0.0.1:63376 - R:localhost/127.0.0.1:37276] for POST '/session/4578cf1c5f13ff694115b91c5065c0a5/element'
22:20:41.509 [AsyncHttpClient-1-2] DEBUG org.asynchttpclient.netty.handler.HttpHandler - 

Request DefaultHttpRequest(decodeResult: success, version: HTTP/1.1)
POST /session/4578cf1c5f13ff694115b91c5065c0a5/element HTTP/1.1
User-Agent: selenium/4.7.1 (java windows)
Content-Length: 72
Content-Type: application/json; charset=utf-8
host: localhost:37276
accept: */*

Response DefaultHttpResponse(decodeResult: success, version: HTTP/1.1)
HTTP/1.1 200 OK
Content-Type: application/json; charset=utf-8
cache-control: no-cache
content-length: 94

22:20:41.509 [AsyncHttpClient-1-2] DEBUG org.asynchttpclient.netty.channel.ChannelManager - Adding key: http://localhost:37276 for channel [id: 0x1f7c3932, L:/127.0.0.1:63376 - R:localhost/127.0.0.1:37276]
22:20:41.515 [Forwarding clickElement on session 4578cf1c5f13ff694115b91c5065c0a5 to remote] DEBUG org.asynchttpclient.netty.request.NettyRequestSender - Using pooled Channel '[id: 0x1f7c3932, L:/127.0.0.1:63376 - R:localhost/127.0.0.1:37276]' for 'POST' to 'http://localhost:37276/session/4578cf1c5f13ff694115b91c5065c0a5/element/AF2DC5B78D69C6139DD124D5DE46B59D_element_5/click'
22:20:41.515 [Forwarding clickElement on session 4578cf1c5f13ff694115b91c5065c0a5 to remote] DEBUG org.asynchttpclient.netty.request.NettyRequestSender - Using open Channel [id: 0x1f7c3932, L:/127.0.0.1:63376 - R:localhost/127.0.0.1:37276] for POST '/session/4578cf1c5f13ff694115b91c5065c0a5/element/AF2DC5B78D69C6139DD124D5DE46B59D_element_5/click'
22:20:41.628 [AsyncHttpClient-1-2] DEBUG org.asynchttpclient.netty.handler.HttpHandler - 

Request DefaultHttpRequest(decodeResult: success, version: HTTP/1.1)
POST /session/4578cf1c5f13ff694115b91c5065c0a5/element/AF2DC5B78D69C6139DD124D5DE46B59D_element_5/click HTTP/1.1
User-Agent: selenium/4.7.1 (java windows)
Content-Length: 56
Content-Type: application/json; charset=utf-8
host: localhost:37276
accept: */*

Response DefaultHttpResponse(decodeResult: success, version: HTTP/1.1)
HTTP/1.1 200 OK
Content-Type: application/json; charset=utf-8
cache-control: no-cache
content-length: 14

22:20:41.628 [AsyncHttpClient-1-2] DEBUG org.asynchttpclient.netty.channel.ChannelManager - Adding key: http://localhost:37276 for channel [id: 0x1f7c3932, L:/127.0.0.1:63376 - R:localhost/127.0.0.1:37276]
22:20:41.636 [Forwarding findElement on session 4578cf1c5f13ff694115b91c5065c0a5 to remote] DEBUG org.asynchttpclient.netty.request.NettyRequestSender - Using pooled Channel '[id: 0x1f7c3932, L:/127.0.0.1:63376 - R:localhost/127.0.0.1:37276]' for 'POST' to 'http://localhost:37276/session/4578cf1c5f13ff694115b91c5065c0a5/element'
22:20:41.644 [Forwarding findElement on session 4578cf1c5f13ff694115b91c5065c0a5 to remote] DEBUG org.asynchttpclient.netty.request.NettyRequestSender - Using open Channel [id: 0x1f7c3932, L:/127.0.0.1:63376 - R:localhost/127.0.0.1:37276] for POST '/session/4578cf1c5f13ff694115b91c5065c0a5/element'
22:20:41.660 [AsyncHttpClient-1-2] DEBUG org.asynchttpclient.netty.handler.HttpHandler - 

Request DefaultHttpRequest(decodeResult: success, version: HTTP/1.1)
POST /session/4578cf1c5f13ff694115b91c5065c0a5/element HTTP/1.1
User-Agent: selenium/4.7.1 (java windows)
Content-Length: 72
Content-Type: application/json; charset=utf-8
host: localhost:37276
accept: */*

Response DefaultHttpResponse(decodeResult: success, version: HTTP/1.1)
HTTP/1.1 200 OK
Content-Type: application/json; charset=utf-8
cache-control: no-cache
content-length: 94

22:20:41.660 [AsyncHttpClient-1-2] DEBUG org.asynchttpclient.netty.channel.ChannelManager - Adding key: http://localhost:37276 for channel [id: 0x1f7c3932, L:/127.0.0.1:63376 - R:localhost/127.0.0.1:37276]
22:20:41.668 [Forwarding clearElement on session 4578cf1c5f13ff694115b91c5065c0a5 to remote] DEBUG org.asynchttpclient.netty.request.NettyRequestSender - Using pooled Channel '[id: 0x1f7c3932, L:/127.0.0.1:63376 - R:localhost/127.0.0.1:37276]' for 'POST' to 'http://localhost:37276/session/4578cf1c5f13ff694115b91c5065c0a5/element/AF2DC5B78D69C6139DD124D5DE46B59D_element_5/clear'
22:20:41.668 [Forwarding clearElement on session 4578cf1c5f13ff694115b91c5065c0a5 to remote] DEBUG org.asynchttpclient.netty.request.NettyRequestSender - Using open Channel [id: 0x1f7c3932, L:/127.0.0.1:63376 - R:localhost/127.0.0.1:37276] for POST '/session/4578cf1c5f13ff694115b91c5065c0a5/element/AF2DC5B78D69C6139DD124D5DE46B59D_element_5/clear'
22:20:41.740 [AsyncHttpClient-1-2] DEBUG org.asynchttpclient.netty.handler.HttpHandler - 

Request DefaultHttpRequest(decodeResult: success, version: HTTP/1.1)
POST /session/4578cf1c5f13ff694115b91c5065c0a5/element/AF2DC5B78D69C6139DD124D5DE46B59D_element_5/clear HTTP/1.1
User-Agent: selenium/4.7.1 (java windows)
Content-Length: 56
Content-Type: application/json; charset=utf-8
host: localhost:37276
accept: */*

Response DefaultHttpResponse(decodeResult: success, version: HTTP/1.1)
HTTP/1.1 200 OK
Content-Type: application/json; charset=utf-8
cache-control: no-cache
content-length: 14

22:20:41.740 [AsyncHttpClient-1-2] DEBUG org.asynchttpclient.netty.channel.ChannelManager - Adding key: http://localhost:37276 for channel [id: 0x1f7c3932, L:/127.0.0.1:63376 - R:localhost/127.0.0.1:37276]
22:20:41.748 [Forwarding sendKeysToElement on session 4578cf1c5f13ff694115b91c5065c0a5 to remote] DEBUG org.asynchttpclient.netty.request.NettyRequestSender - Using pooled Channel '[id: 0x1f7c3932, L:/127.0.0.1:63376 - R:localhost/127.0.0.1:37276]' for 'POST' to 'http://localhost:37276/session/4578cf1c5f13ff694115b91c5065c0a5/element/AF2DC5B78D69C6139DD124D5DE46B59D_element_5/value'
22:20:41.748 [Forwarding sendKeysToElement on session 4578cf1c5f13ff694115b91c5065c0a5 to remote] DEBUG org.asynchttpclient.netty.request.NettyRequestSender - Using open Channel [id: 0x1f7c3932, L:/127.0.0.1:63376 - R:localhost/127.0.0.1:37276] for POST '/session/4578cf1c5f13ff694115b91c5065c0a5/element/AF2DC5B78D69C6139DD124D5DE46B59D_element_5/value'
22:20:41.852 [AsyncHttpClient-1-2] DEBUG org.asynchttpclient.netty.handler.HttpHandler - 

Request DefaultHttpRequest(decodeResult: success, version: HTTP/1.1)
POST /session/4578cf1c5f13ff694115b91c5065c0a5/element/AF2DC5B78D69C6139DD124D5DE46B59D_element_5/value HTTP/1.1
User-Agent: selenium/4.7.1 (java windows)
Content-Length: 167
Content-Type: application/json; charset=utf-8
host: localhost:37276
accept: */*

Response DefaultHttpResponse(decodeResult: success, version: HTTP/1.1)
HTTP/1.1 200 OK
Content-Type: application/json; charset=utf-8
cache-control: no-cache
content-length: 14

22:20:41.852 [AsyncHttpClient-1-2] DEBUG org.asynchttpclient.netty.channel.ChannelManager - Adding key: http://localhost:37276 for channel [id: 0x1f7c3932, L:/127.0.0.1:63376 - R:localhost/127.0.0.1:37276]
22:20:41.868 [Forwarding getCurrentWindowHandle on session 4578cf1c5f13ff694115b91c5065c0a5 to remote] DEBUG org.asynchttpclient.netty.request.NettyRequestSender - Using pooled Channel '[id: 0x1f7c3932, L:/127.0.0.1:63376 - R:localhost/127.0.0.1:37276]' for 'GET' to 'http://localhost:37276/session/4578cf1c5f13ff694115b91c5065c0a5/window'
22:20:41.868 [Forwarding getCurrentWindowHandle on session 4578cf1c5f13ff694115b91c5065c0a5 to remote] DEBUG org.asynchttpclient.netty.request.NettyRequestSender - Using open Channel [id: 0x1f7c3932, L:/127.0.0.1:63376 - R:localhost/127.0.0.1:37276] for GET '/session/4578cf1c5f13ff694115b91c5065c0a5/window'
22:20:41.868 [AsyncHttpClient-1-2] DEBUG org.asynchttpclient.netty.handler.HttpHandler - 

Request DefaultFullHttpRequest(decodeResult: success, version: HTTP/1.1, content: EmptyByteBufBE)
GET /session/4578cf1c5f13ff694115b91c5065c0a5/window HTTP/1.1
User-Agent: selenium/4.7.1 (java windows)
Cache-Control: no-cache
Content-Type: application/json; charset=utf-8
host: localhost:37276
accept: */*

Response DefaultHttpResponse(decodeResult: success, version: HTTP/1.1)
HTTP/1.1 200 OK
Content-Type: application/json; charset=utf-8
cache-control: no-cache
content-length: 44

22:20:41.868 [AsyncHttpClient-1-2] DEBUG org.asynchttpclient.netty.channel.ChannelManager - Adding key: http://localhost:37276 for channel [id: 0x1f7c3932, L:/127.0.0.1:63376 - R:localhost/127.0.0.1:37276]
[...]
22:21:47.406 [Forwarding getCurrentUrl on session c898dafc69b7fbe3794281a7a3288504 to remote] DEBUG org.asynchttpclient.netty.request.NettyRequestSender - Using pooled Channel '[id: 0xb77b1066, L:/127.0.0.1:63530 - R:localhost/127.0.0.1:22931]' for 'GET' to 'http://localhost:22931/session/c898dafc69b7fbe3794281a7a3288504/url'
22:21:47.406 [Forwarding getCurrentUrl on session c898dafc69b7fbe3794281a7a3288504 to remote] DEBUG org.asynchttpclient.netty.request.NettyRequestSender - Using open Channel [id: 0xb77b1066, L:/127.0.0.1:63530 - R:localhost/127.0.0.1:22931] for GET '/session/c898dafc69b7fbe3794281a7a3288504/url'
22:21:47.422 [AsyncHttpClient-1-14] DEBUG org.asynchttpclient.netty.handler.HttpHandler - 

Request DefaultFullHttpRequest(decodeResult: success, version: HTTP/1.1, content: EmptyByteBufBE)
GET /session/c898dafc69b7fbe3794281a7a3288504/url HTTP/1.1
User-Agent: selenium/4.7.1 (java windows)
Cache-Control: no-cache
Content-Type: application/json; charset=utf-8
host: localhost:22931
accept: */*

Response DefaultHttpResponse(decodeResult: success, version: HTTP/1.1)
HTTP/1.1 200 OK
Content-Type: application/json; charset=utf-8
cache-control: no-cache
content-length: 55

22:21:47.422 [AsyncHttpClient-1-14] DEBUG org.asynchttpclient.netty.channel.ChannelManager - Adding key: http://localhost:22931 for channel [id: 0xb77b1066, L:/127.0.0.1:63530 - R:localhost/127.0.0.1:22931]
  &amp#27;[31mAnd &amp#27;[0m&amp#27;[31mAdmin klik field cari&amp#27;[0m                         &amp#27;[90m# starter.stepdefinitions.TransaksiSteps.adminKlikFieldCari()&amp#27;[0m
      &amp#27;[31mnet.thucydides.core.webdriver.exceptions.ElementShouldBeEnabledException: Expected enabled element was not enabled
	at net.serenitybdd.core.pages.WebElementFacadeImpl.waitUntilEnabled(WebElementFacadeImpl.java:1122)
	at net.serenitybdd.core.pages.WebElementFacadeImpl.waitUntilElementAvailable(WebElementFacadeImpl.java:906)
	at net.serenitybdd.core.pages.WebElementFacadeImpl.click(WebElementFacadeImpl.java:1204)
	at net.serenitybdd.core.pages.WebElementFacadeImpl.click(WebElementFacadeImpl.java:1224)
	at skuypayweb@1.0-SNAPSHOT/starter.pages.TransaksiPage.klikcaritransaksi(TransaksiPage.java:96)
	at skuypayweb@1.0-SNAPSHOT/starter.pages.TransaksiPage$ByteBuddy$kt9FdcJS.klikcaritransaksi$accessor$PVoTZRgc(Unknown Source)
	at java.base/jdk.internal.reflect.DirectMethodHandleAccessor.invoke(DirectMethodHandleAccessor.java:104)
	at java.base/java.lang.reflect.Method.invoke(Method.java:578)
	at net.thucydides.core.steps.StepInterceptor.invokeMethod(StepInterceptor.java:503)
	at net.thucydides.core.steps.StepInterceptor.executeTestStepMethod(StepInterceptor.java:483)
	at net.thucydides.core.steps.StepInterceptor.runTestStep(StepInterceptor.java:457)
	at net.thucydides.core.steps.StepInterceptor.runOrSkipMethod(StepInterceptor.java:209)
	at net.thucydides.core.steps.StepInterceptor.testStepResult(StepInterceptor.java:196)
	at net.thucydides.core.steps.StepInterceptor.intercept(StepInterceptor.java:84)
	at net.thucydides.core.steps.ProxyConfiguration$InterceptorDispatcher.intercept(ProxyConfiguration.java:51)
	at skuypayweb@1.0-SNAPSHOT/starter.pages.TransaksiPage$ByteBuddy$kt9FdcJS.klikcaritransaksi(Unknown Source)
	at skuypayweb@1.0-SNAPSHOT/starter.stepdefinitions.TransaksiSteps.adminKlikFieldCari(TransaksiSteps.java:47)
	at ✽.Admin klik field cari(file:///C:/Dev/CapstoneProjectBaru/SKUYPAY%20WEB%20AUTOMATION/src/test/resources/features/Transaksi.feature:31)
Caused by: org.openqa.selenium.TimeoutException: Expected condition failed: waiting for By.xpath: //input[@placeholder="Cari Transaksi"] to be enabled (tried for 5 second(s) with 100 milliseconds interval)
	at org.openqa.selenium.support.ui.FluentWait.timeoutException(FluentWait.java:263)
	at org.openqa.selenium.support.ui.FluentWait.until(FluentWait.java:231)
	at net.serenitybdd.core.pages.WebElementFacadeImpl.waitUntilEnabled(WebElementFacadeImpl.java:1119)
	at net.serenitybdd.core.pages.WebElementFacadeImpl.waitUntilElementAvailable(WebElementFacadeImpl.java:906)
	at net.serenitybdd.core.pages.WebElementFacadeImpl.click(WebElementFacadeImpl.java:1204)
	at net.serenitybdd.core.pages.WebElementFacadeImpl.click(WebElementFacadeImpl.java:1224)
	at skuypayweb@1.0-SNAPSHOT/starter.pages.TransaksiPage.klikcaritransaksi(TransaksiPage.java:96)
	at skuypayweb@1.0-SNAPSHOT/starter.pages.TransaksiPage$ByteBuddy$kt9FdcJS.klikcaritransaksi$accessor$PVoTZRgc(Unknown Source)
	at java.base/jdk.internal.reflect.DirectMethodHandleAccessor.invoke(DirectMethodHandleAccessor.java:104)
	at java.base/java.lang.reflect.Method.invoke(Method.java:578)
	at net.thucydides.core.steps.StepInterceptor.invokeMethod(StepInterceptor.java:503)
	at net.thucydides.core.steps.StepInterceptor.executeTestStepMethod(StepInterceptor.java:483)
	at net.thucydides.core.steps.StepInterceptor.runTestStep(StepInterceptor.java:457)
	at net.thucydides.core.steps.StepInterceptor.runOrSkipMethod(StepInterceptor.java:209)
	at net.thucydides.core.steps.StepInterceptor.testStepResult(StepInterceptor.java:196)
	at net.thucydides.core.steps.StepInterceptor.intercept(StepInterceptor.java:84)
	at net.thucydides.core.steps.ProxyConfiguration$InterceptorDispatcher.intercept(ProxyConfiguration.java:51)
	at skuypayweb@1.0-SNAPSHOT/starter.pages.TransaksiPage$ByteBuddy$kt9FdcJS.klikcaritransaksi(Unknown Source)
	at skuypayweb@1.0-SNAPSHOT/starter.stepdefinitions.TransaksiSteps.adminKlikFieldCari(TransaksiSteps.java:47)
	at java.base/jdk.internal.reflect.DirectMethodHandleAccessor.invoke(DirectMethodHandleAccessor.java:104)
	at java.base/java.lang.reflect.Method.invoke(Method.java:578)
	at io.cucumber.java.Invoker.doInvoke(Invoker.java:66)
	at io.cucumber.java.Invoker.invoke(Invoker.java:24)
	at io.cucumber.java.AbstractGlueDefinition.invokeMethod(AbstractGlueDefinition.java:47)
	at io.cucumber.java.JavaStepDefinition.execute(JavaStepDefinition.java:29)
	at io.cucumber.core.runner.CoreStepDefinition.execute(CoreStepDefinition.java:66)
	at io.cucumber.core.runner.PickleStepDefinitionMatch.runStep(PickleStepDefinitionMatch.java:63)
	at io.cucumber.core.runner.ExecutionMode$1.execute(ExecutionMode.java:10)
	at io.cucumber.core.runner.TestStep.executeStep(TestStep.java:85)
	at io.cucumber.core.runner.TestStep.run(TestStep.java:57)
	at io.cucumber.core.runner.PickleStepTestStep.run(PickleStepTestStep.java:51)
	at io.cucumber.core.runner.TestCase.run(TestCase.java:84)
	at io.cucumber.core.runner.Runner.runPickle(Runner.java:75)
	at io.cucumber.junit.PickleRunners$NoStepDescriptions.lambda$run$0(PickleRunners.java:151)
	at io.cucumber.core.runtime.CucumberExecutionContext.lambda$runTestCase$5(CucumberExecutionContext.java:129)
	at io.cucumber.core.runtime.RethrowingThrowableCollector.executeAndThrow(RethrowingThrowableCollector.java:23)
	at io.cucumber.core.runtime.CucumberExecutionContext.runTestCase(CucumberExecutionContext.java:129)
	at io.cucumber.junit.PickleRunners$NoStepDescriptions.run(PickleRunners.java:148)
	at io.cucumber.junit.FeatureRunner.runChild(FeatureRunner.java:144)
	at io.cucumber.junit.FeatureRunner.runChild(FeatureRunner.java:28)
	at org.junit.runners.ParentRunner$4.run(ParentRunner.java:331)
	at org.junit.runners.ParentRunner$1.schedule(ParentRunner.java:79)
	at org.junit.runners.ParentRunner.runChildren(ParentRunner.java:329)
	at org.junit.runners.ParentRunner.access$100(ParentRunner.java:66)
	at org.junit.runners.ParentRunner$2.evaluate(ParentRunner.java:293)
	at org.junit.runners.ParentRunner$3.evaluate(ParentRunner.java:306)
	at org.junit.runners.ParentRunner.run(ParentRunner.java:413)
	at io.cucumber.junit.FeatureRunner.run(FeatureRunner.java:137)
	at io.cucumber.junit.CucumberSerenityRunner.runChild(CucumberSerenityRunner.java:259)
	at io.cucumber.junit.CucumberSerenityRunner.runChild(CucumberSerenityRunner.java:59)
	at org.junit.runners.ParentRunner$4.run(ParentRunner.java:331)
	at org.junit.runners.ParentRunner$1.schedule(ParentRunner.java:79)
	at org.junit.runners.ParentRunner.runChildren(ParentRunner.java:329)
	at org.junit.runners.ParentRunner.access$100(ParentRunner.java:66)
	at org.junit.runners.ParentRunner$2.evaluate(ParentRunner.java:293)
	at io.cucumber.junit.CucumberSerenityRunner$RunCucumber.evaluate(CucumberSerenityRunner.java:288)
	at org.junit.runners.ParentRunner$3.evaluate(ParentRunner.java:306)
	at org.junit.runners.ParentRunner.run(ParentRunner.java:413)
	at org.junit.runner.JUnitCore.run(JUnitCore.java:137)
	at org.junit.runner.JUnitCore.run(JUnitCore.java:115)
	at org.junit.vintage.engine.execution.RunnerExecutor.execute(RunnerExecutor.java:42)
	at org.junit.vintage.engine.VintageTestEngine.executeAllChildren(VintageTestEngine.java:80)
	at org.junit.vintage.engine.VintageTestEngine.execute(VintageTestEngine.java:72)
	at org.junit.platform.launcher.core.EngineExecutionOrchestrator.execute(EngineExecutionOrchestrator.java:107)
	at org.junit.platform.launcher.core.EngineExecutionOrchestrator.execute(EngineExecutionOrchestrator.java:88)
	at org.junit.platform.launcher.core.EngineExecutionOrchestrator.lambda$execute$0(EngineExecutionOrchestrator.java:54)
	at org.junit.platform.launcher.core.EngineExecutionOrchestrator.withInterceptedStreams(EngineExecutionOrchestrator.java:67)
	at org.junit.platform.launcher.core.EngineExecutionOrchestrator.execute(EngineExecutionOrchestrator.java:52)
	at org.junit.platform.launcher.core.DefaultLauncher.execute(DefaultLauncher.java:114)
	at org.junit.platform.launcher.core.DefaultLauncher.execute(DefaultLauncher.java:86)
	at org.junit.platform.launcher.core.DefaultLauncherSession$DelegatingLauncher.execute(DefaultLauncherSession.java:86)
	at org.junit.platform.launcher.core.SessionPerRequestLauncher.execute(SessionPerRequestLauncher.java:53)
	at org.apache.maven.surefire.junitplatform.JUnitPlatformProvider.execute(JUnitPlatformProvider.java:188)
	at org.apache.maven.surefire.junitplatform.JUnitPlatformProvider.invokeAllTests(JUnitPlatformProvider.java:154)
	at org.apache.maven.surefire.junitplatform.JUnitPlatformProvider.invoke(JUnitPlatformProvider.java:128)
	at org.apache.maven.surefire.booter.ForkedBooter.runSuitesInProcess(ForkedBooter.java:428)
	at org.apache.maven.surefire.booter.ForkedBooter.execute(ForkedBooter.java:162)
	at org.apache.maven.surefire.booter.ForkedBooter.run(ForkedBooter.java:562)
	at org.apache.maven.surefire.booter.ForkedBooter.main(ForkedBooter.java:548)
Caused by: org.openqa.selenium.NoSuchElementException: no such element: Unable to locate element: {"method":"xpath","selector":"//input[@placeholder="Cari Transaksi"]"}
  (Session info: chrome=114.0.5735.134)
For documentation on this error, please visit: https://selenium.dev/exceptions/#no_such_element
Build info: version: '4.7.1', revision: 'c6795baf1a3'
System info: os.name: 'Windows 11', os.arch: 'amd64', os.version: '10.0', java.version: '19.0.2'
Driver info: org.openqa.selenium.chrome.ChromeDriver
Command: [c898dafc69b7fbe3794281a7a3288504, findElement {using=xpath, value=//input[@placeholder="Cari Transaksi"]}]
Capabilities {acceptInsecureCerts: true, browserName: chrome, browserVersion: 114.0.5735.134, chrome: {chromedriverVersion: 114.0.5735.90 (386bc09e8f4f..., userDataDir: C:\Users\HP\AppData\Local\T...}, goog:chromeOptions: {debuggerAddress: localhost:63532}, networkConnectionEnabled: false, pageLoadStrategy: normal, platformName: WINDOWS, proxy: Proxy(), se:cdp: ws://localhost:63532/devtoo..., se:cdpVersion: 114.0.5735.134, setWindowRect: true, strictFileInteractability: false, timeouts: {implicit: 0, pageLoad: 300000, script: 30000}, unhandledPromptBehavior: dismiss and notify, webauthn:extension:credBlob: true, webauthn:extension:largeBlob: true, webauthn:extension:minPinLength: true, webauthn:extension:prf: true, webauthn:virtualAuthenticators: true}
Session ID: c898dafc69b7fbe3794281a7a3288504
	at java.base/jdk.internal.reflect.DirectConstructorHandleAccessor.newInstance(DirectConstructorHandleAccessor.java:67)
	at java.base/java.lang.reflect.Constructor.newInstanceWithCaller(Constructor.java:500)
	at java.base/java.lang.reflect.Constructor.newInstance(Constructor.java:484)
	at org.openqa.selenium.remote.codec.w3c.W3CHttpResponseCodec.createException(W3CHttpResponseCodec.java:200)
	at org.openqa.selenium.remote.codec.w3c.W3CHttpResponseCodec.decode(W3CHttpResponseCodec.java:133)
	at org.openqa.selenium.remote.codec.w3c.W3CHttpResponseCodec.decode(W3CHttpResponseCodec.java:53)
	at org.openqa.selenium.remote.HttpCommandExecutor.execute(HttpCommandExecutor.java:184)
	at org.openqa.selenium.remote.service.DriverCommandExecutor.invokeExecute(DriverCommandExecutor.java:167)
	at org.openqa.selenium.remote.service.DriverCommandExecutor.execute(DriverCommandExecutor.java:142)
	at org.openqa.selenium.remote.RemoteWebDriver.execute(RemoteWebDriver.java:551)
	at org.openqa.selenium.remote.ElementLocation$ElementFinder$2.findElement(ElementLocation.java:162)
	at org.openqa.selenium.remote.ElementLocation.findElement(ElementLocation.java:60)
	at org.openqa.selenium.remote.RemoteWebDriver.findElement(RemoteWebDriver.java:367)
	at org.openqa.selenium.remote.RemoteWebDriver.findElement(RemoteWebDriver.java:359)
	at net.thucydides.core.webdriver.WebDriverFacade.findElement(WebDriverFacade.java:239)
	at net.serenitybdd.core.pages.WebElementResolverByLocator.resolveForDriver(WebElementResolverByLocator.java:25)
	at net.serenitybdd.core.pages.WebElementFacadeImpl.getResolvedElement(WebElementFacadeImpl.java:189)
	at net.serenitybdd.core.pages.WebElementFacadeImpl.getElement(WebElementFacadeImpl.java:184)
	at net.serenitybdd.core.pages.WebElementExpectations$3.apply(WebElementExpectations.java:63)
	at net.serenitybdd.core.pages.WebElementExpectations$3.apply(WebElementExpectations.java:55)
	at org.openqa.selenium.support.ui.FluentWait.until(FluentWait.java:208)
	... 77 more
&amp#27;[0m
  &amp#27;[36mThen &amp#27;[0m&amp#27;[36mAdmin input field cari&amp#27;[0m                       &amp#27;[90m# starter.stepdefinitions.TransaksiSteps.adminInputFieldCari()&amp#27;[0m
  &amp#27;[36mAnd &amp#27;[0m&amp#27;[36mAdmin klik enter dan terlihat hasil pencarian&amp#27;[0m &amp#27;[90m# starter.stepdefinitions.TransaksiSteps.adminKlikEnter()&amp#27;[0m
22:21:47.494 [main] ERROR  - 
  _____   ___   ___   _____     ___     _     ___   _      ___   ___  
 |_   _| | __| / __| |_   _|   | __|   /_\   |_ _| | |    | __| |   \ 
   | |   | _|  \__ \   | |     | _|   / _ \   | |  | |__  | _|  | |) |
   |_|   |___| |___/   |_|     |_|   /_/ \_\ |___| |____| |___| |___/ 

Admin dapat mencari transaksi
-----------------------------------------------------------------------
22:21:47.494 [main] DEBUG  - RELATED ISSUES: 
22:21:47.494 [main] ERROR  -     Test failed at step: Klikcaritransaksi
22:21:47.494 [main] ERROR  -     Expected enabled element was not enabled
22:21:47.503 [Driver Command Executor] DEBUG org.asynchttpclient.netty.request.NettyRequestSender - Using pooled Channel '[id: 0xb77b1066, L:/127.0.0.1:63530 - R:localhost/127.0.0.1:22931]' for 'DELETE' to 'http://localhost:22931/session/c898dafc69b7fbe3794281a7a3288504'
22:21:47.503 [Driver Command Executor] DEBUG org.asynchttpclient.netty.request.NettyRequestSender - Using open Channel [id: 0xb77b1066, L:/127.0.0.1:63530 - R:localhost/127.0.0.1:22931] for DELETE '/session/c898dafc69b7fbe3794281a7a3288504'
22:21:47.506 [AsyncHttpClient-1-16] DEBUG org.asynchttpclient.netty.handler.WebSocketHandler - Channel Closed: [id: 0xa5ad1e95, L:/127.0.0.1:63540 ! R:localhost/127.0.0.1:63532] with attribute NettyResponseFuture{currentRetry=0,
	isDone=1,
	isCancelled=0,
	asyncHandler=org.asynchttpclient.ws.WebSocketUpgradeHandler@77f584,
	nettyRequest=org.asynchttpclient.netty.request.NettyRequest@45756bee,
	future=java.util.concurrent.CompletableFuture@337b358a[Completed normally],
	uri=ws://localhost:63532/devtools/browser/602ea0f4-1a10-4ea9-8363-e94f87851b2c,
	keepAlive=true,
	redirectCount=0,
	timeoutsHolder=null,
	inAuth=0,
	touch=1687620092888}
22:21:47.506 [AsyncHttpClient-1-16] DEBUG org.asynchttpclient.netty.channel.ChannelManager - Closing Channel [id: 0xa5ad1e95, L:/127.0.0.1:63540 ! R:localhost/127.0.0.1:63532] 
22:21:47.615 [AsyncHttpClient-1-15] DEBUG org.asynchttpclient.netty.handler.HttpHandler - Unexpected I/O exception on channel [id: 0x4a178e6d, L:/127.0.0.1:63539 - R:localhost/127.0.0.1:63532]
java.net.SocketException: Connection reset
	at java.base/sun.nio.ch.SocketChannelImpl.throwConnectionReset(SocketChannelImpl.java:401)
	at java.base/sun.nio.ch.SocketChannelImpl.read(SocketChannelImpl.java:434)
	at io.netty.buffer.PooledByteBuf.setBytes(PooledByteBuf.java:259)
	at io.netty.buffer.AbstractByteBuf.writeBytes(AbstractByteBuf.java:1132)
	at io.netty.channel.socket.nio.NioSocketChannel.doReadBytes(NioSocketChannel.java:357)
	at io.netty.channel.nio.AbstractNioByteChannel$NioByteUnsafe.read(AbstractNioByteChannel.java:151)
	at io.netty.channel.nio.NioEventLoop.processSelectedKey(NioEventLoop.java:788)
	at io.netty.channel.nio.NioEventLoop.processSelectedKeysOptimized(NioEventLoop.java:724)
	at io.netty.channel.nio.NioEventLoop.processSelectedKeys(NioEventLoop.java:650)
	at io.netty.channel.nio.NioEventLoop.run(NioEventLoop.java:562)
	at io.netty.util.concurrent.SingleThreadEventExecutor$4.run(SingleThreadEventExecutor.java:997)
	at io.netty.util.internal.ThreadExecutorMap$2.run(ThreadExecutorMap.java:74)
	at io.netty.util.concurrent.FastThreadLocalRunnable.run(FastThreadLocalRunnable.java:30)
	at java.base/java.lang.Thread.run(Thread.java:1589)
22:21:47.615 [AsyncHttpClient-1-15] DEBUG org.asynchttpclient.netty.channel.ChannelManager - Closing Channel [id: 0x4a178e6d, L:/127.0.0.1:63539 - R:localhost/127.0.0.1:63532] 
22:21:47.615 [AsyncHttpClient-1-15] DEBUG org.asynchttpclient.netty.handler.HttpHandler - Channel Closed: [id: 0x4a178e6d, L:/127.0.0.1:63539 ! R:localhost/127.0.0.1:63532] with attribute DISCARD
22:21:47.812 [AsyncHttpClient-1-14] DEBUG org.asynchttpclient.netty.handler.HttpHandler - 

Request DefaultFullHttpRequest(decodeResult: success, version: HTTP/1.1, content: EmptyByteBufBE)
DELETE /session/c898dafc69b7fbe3794281a7a3288504 HTTP/1.1
User-Agent: selenium/4.7.1 (java windows)
Content-Type: application/json; charset=utf-8
host: localhost:22931
accept: */*

Response DefaultHttpResponse(decodeResult: success, version: HTTP/1.1)
HTTP/1.1 200 OK
Content-Type: application/json; charset=utf-8
cache-control: no-cache
content-length: 14

22:21:47.812 [AsyncHttpClient-1-14] DEBUG org.asynchttpclient.netty.channel.ChannelManager - Adding key: http://localhost:22931 for channel [id: 0xb77b1066, L:/127.0.0.1:63530 - R:localhost/127.0.0.1:22931]
22:21:47.908 [AsyncHttpClient-1-14] DEBUG org.asynchttpclient.netty.handler.HttpHandler - Channel Closed: [id: 0xb77b1066, L:/127.0.0.1:63530 ! R:localhost/127.0.0.1:22931] with attribute DISCARD
]]></system-out>
    <system-err><![CDATA[Starting ChromeDriver 114.0.5735.90 (386bc09e8f4f2e025eddae123f36f6263096ae49-refs/branch-heads/5735@{#1052}) on port 22931
Only local connections are allowed.
Please see https://chromedriver.chromium.org/security-considerations for suggestions on keeping ChromeDriver safe.
ChromeDriver was started successfully.
Jun 24, 2023 10:21:32 PM org.openqa.selenium.devtools.CdpVersionFinder findNearestMatch
WARNING: Unable to find CDP implementation matching 114
Jun 24, 2023 10:21:32 PM org.openqa.selenium.chromium.ChromiumDriver lambda$new$3
WARNING: Unable to find version of CDP to use for . You may need to include a dependency on a specific version of the CDP using something similar to `org.seleniumhq.selenium:selenium-devtools-v86:4.7.1` where the version ("v86") matches the version of the chromium-based browser you're using and the version number of the artifact is the same as Selenium's.
]]></system-err>
  </testcase>
</testsuite>