<?xml version="1.0" encoding="UTF-8"?>
<testsuite xmlns:xsi="http://www.w3.org/2001/XMLSchema-instance" xsi:noNamespaceSchemaLocation="https://maven.apache.org/surefire/maven-failsafe-plugin/xsd/failsafe-test-report-3.0.xsd" version="3.0" name="starter.CucumberTestSuite" time="29.962" tests="1" errors="1" skipped="0" failures="0">
  <properties>
[...]
</properties>
  <testcase name="User ingin melihat &quot;Tentang Kami&quot;" classname="Tentang Kami" time="22.305">
    <error type="org.openqa.selenium.ElementNotInteractableException"><![CDATA[org.openqa.selenium.ElementNotInteractableException: 
element not interactable: element has zero size
  (Session info: chrome=114.0.5735.133)
Build info: version: '4.7.1', revision: 'c6795baf1a3'
System info: os.name: 'Windows 11', os.arch: 'amd64', os.version: '10.0', java.version: '19.0.2'
Driver info: org.openqa.selenium.chrome.ChromeDriver
Command: [b4cca5e8496229ad8ca408bcc235bb61, clickElement {id=26BD04037EB4AF7F4D76EBC901D4F243_element_6}]
Capabilities {acceptInsecureCerts: true, browserName: chrome, browserVersion: 114.0.5735.133, chrome: {chromedriverVersion: 114.0.5735.90 (386bc09e8f4f..., userDataDir: C:\Users\HP\AppData\Local\T...}, goog:chromeOptions: {debuggerAddress: localhost:54758}, networkConnectionEnabled: false, pageLoadStrategy: normal, platformName: WINDOWS, proxy: Proxy(), se:cdp: ws://localhost:54758/devtoo..., se:cdpVersion: 114.0.5735.133, setWindowRect: true, strictFileInteractability: false, timeouts: {implicit: 0, pageLoad: 300000, script: 30000}, unhandledPromptBehavior: dismiss and notify, webauthn:extension:credBlob: true, webauthn:extension:largeBlob: true, webauthn:extension:minPinLength: true, webauthn:extension:prf: true, webauthn:virtualAuthenticators: true}
Element: [[ChromeDriver: chrome on WINDOWS (b4cca5e8496229ad8ca408bcc235bb61)] -> xpath: //h1[@class="sc-eLqIir fulApB" and text()="Tentang Kami"]]
Session ID: b4cca5e8496229ad8ca408bcc235bb61
]]></error>
    <system-out><![CDATA[22:52:15.468 [main] DEBUG net.thucydides.core.guice.Injectors - Created injector for module net.thucydides.core.guice.ThucydidesModule
22:52:15.835 [main] INFO io.cucumber.core.plugin.SerenityReporter - Running feature from file:///C:/Dev/CapstoneProjectBaru/SKUYPAY%20LANDING%20PAGE%20AUTOMATION/src/test/resources/features/TentangKami.feature
22:52:16.079 [main] DEBUG net.thucydides.core.guice.Injectors - Created injector for module net.thucydides.core.guice.webdriver.WebDriverModule
22:52:16.116 [main] INFO  - 

-------------------------------------------------------------------------------------
     _______. _______ .______       _______ .__   __.  __  .___________.____    ____ 
    /       ||   ____||   _  \     |   ____||  \ |  | |  | |           |\   \  /   / 
   |   (----`|  |__   |  |_)  |    |  |__   |   \|  | |  | `---|  |----` \   \/   /  
    \   \    |   __|  |      /     |   __|  |  . `  | |  |     |  |       \_    _/   
.----)   |   |  |____ |  |\  \----.|  |____ |  |\   | |  |     |  |         |  |     
|_______/    |_______|| _| `._____||_______||__| \__| |__|     |__|         |__|    
                                                                                     
 News and tutorials at http://www.serenity-bdd.info                                  
 Documentation at https://wakaleo.gitbooks.io/the-serenity-book/content/             
 Join the Serenity Community on Gitter: https://gitter.im/serenity-bdd/serenity-core 
 Serenity BDD Support and Training at http://serenity-bdd.info/#/trainingandsupport  
-------------------------------------------------------------------------------------

22:52:16.119 [main] DEBUG net.thucydides.core.steps.StepEventBus - Test suite started for story net.thucydides.core.model.Story@1c043981
22:52:16.122 [main] INFO  - Test Suite Started: Tentang Kami
22:52:16.143 [main] INFO io.cucumber.core.plugin.SerenityReporter - Running feature from file:///C:/Dev/CapstoneProjectBaru/SKUYPAY%20LANDING%20PAGE%20AUTOMATION/src/test/resources/features/TentangKami.feature
22:52:16.148 [main] DEBUG net.thucydides.core.steps.StepEventBus - Test suite started for story net.thucydides.core.model.Story@1c043981
22:52:16.149 [main] INFO  - Test Suite Started: Tentang Kami

@Tentang-Kami-01
Scenario: User ingin melihat "Tentang Kami"                  &amp#27;[90m# src/test/resources/features/TentangKami.feature:4&amp#27;[0m
22:52:16.238 [main] INFO io.cucumber.core.plugin.SerenityReporter - Running feature from file:///C:/Dev/CapstoneProjectBaru/SKUYPAY%20LANDING%20PAGE%20AUTOMATION/src/test/resources/features/TentangKami.feature
22:52:16.425 [main] INFO  - 
  _____   ___   ___   _____     ___   _____     _     ___   _____   ___   ___  
 |_   _| | __| / __| |_   _|   / __| |_   _|   /_\   | _ \ |_   _| | __| |   \ 
   | |   | _|  \__ \   | |     \__ \   | |    / _ \  |   /   | |   | _|  | |) |
   |_|   |___| |___/   |_|     |___/   |_|   /_/ \_\ |_|_\   |_|   |___| |___/ 

User ingin melihat "Tentang Kami"(tentang-kami;user-ingin-melihat-"tentang-kami")
--------------------------------------------------------------------------------
22:52:17.277 [main] DEBUG net.thucydides.core.steps.StepInterceptor - STARTING STEP: TentangKamiSteps.userMasukKeHalamanLandingPage - LandingPageSkuyPay
22:52:17.328 [main] INFO net.serenitybdd.core.webdriver.driverproviders.DriverProvider - Using WebDriverManager configuration for chrome
22:52:17.795 [main] DEBUG io.github.bonigarcia.wdm.cache.ResolutionCache - Resolution chrome=114 in cache (valid until 23:48:03 14/06/2023 WIB)
22:52:17.796 [main] DEBUG io.github.bonigarcia.wdm.cache.ResolutionCache - Resolution chrome114=114.0.5735.90 in cache (valid until 11:30:23 15/06/2023 WIB)
22:52:17.797 [main] INFO io.github.bonigarcia.wdm.WebDriverManager - Using chromedriver 114.0.5735.90 (resolved driver for Chrome 114)
22:52:17.814 [main] DEBUG io.github.bonigarcia.wdm.WebDriverManager - Driver chromedriver 114.0.5735.90 found in cache
22:52:17.829 [main] INFO io.github.bonigarcia.wdm.WebDriverManager - Exporting webdriver.chrome.driver as C:\Users\HP\.cache\selenium\chromedriver\win32\114.0.5735.90\chromedriver.exe
22:52:17.947 [main] INFO net.serenitybdd.core.webdriver.driverproviders.ChromeDriverProvider - Starting Chrome driver instance with capabilities:
22:52:17.949 [main] INFO net.serenitybdd.core.webdriver.driverproviders.ChromeDriverProvider - Capabilities {acceptInsecureCerts: true, browserName: chrome, goog:chromeOptions: {args: [remote-allow-origins=*, test-type, no-sandbox, ignore-certificate-errors, start-maximized, incognito, disable-infobars, disable-gpu, disable-default-apps, disable-popup-blocking, remote-allow-origins=*, test-type, no-sandbox, ignore-certificate-errors, start-maximized, incognito, disable-infobars, disable-gpu, disable-default-apps, disable-popup-blocking], extensions: []}}
22:52:18.029 [main] DEBUG io.netty.util.internal.logging.InternalLoggerFactory - Using SLF4J as the default logging framework
22:52:18.032 [main] DEBUG io.netty.util.ResourceLeakDetector - -Dio.netty.leakDetection.level: simple
22:52:18.032 [main] DEBUG io.netty.util.ResourceLeakDetector - -Dio.netty.leakDetection.targetRecords: 4
22:52:18.037 [main] DEBUG io.netty.util.ResourceLeakDetectorFactory - Loaded default ResourceLeakDetector: io.netty.util.ResourceLeakDetector@45d4421d
22:52:18.056 [main] DEBUG io.netty.util.internal.PlatformDependent0 - -Dio.netty.noUnsafe: false
22:52:18.056 [main] DEBUG io.netty.util.internal.PlatformDependent0 - Java version: 19
22:52:18.057 [main] DEBUG io.netty.util.internal.PlatformDependent0 - sun.misc.Unsafe.theUnsafe: available
22:52:18.058 [main] DEBUG io.netty.util.internal.PlatformDependent0 - sun.misc.Unsafe.copyMemory: available
22:52:18.059 [main] DEBUG io.netty.util.internal.PlatformDependent0 - sun.misc.Unsafe.storeFence: available
22:52:18.060 [main] DEBUG io.netty.util.internal.PlatformDependent0 - java.nio.Buffer.address: available
22:52:18.061 [main] DEBUG io.netty.util.internal.PlatformDependent0 - direct buffer constructor: unavailable: Reflective setAccessible(true) disabled
22:52:18.061 [main] DEBUG io.netty.util.internal.PlatformDependent0 - java.nio.Bits.unaligned: available, true
22:52:18.063 [main] DEBUG io.netty.util.internal.PlatformDependent0 - jdk.internal.misc.Unsafe.allocateUninitializedArray(int): unavailable: class io.netty.util.internal.PlatformDependent0$7 cannot access class jdk.internal.misc.Unsafe (in module java.base) because module java.base does not export jdk.internal.misc to unnamed module @3e6ef8ad
22:52:18.064 [main] DEBUG io.netty.util.internal.PlatformDependent0 - java.nio.DirectByteBuffer.<init>(long, int): unavailable
22:52:18.064 [main] DEBUG io.netty.util.internal.PlatformDependent - sun.misc.Unsafe: available
22:52:18.066 [main] DEBUG io.netty.util.internal.PlatformDependent - maxDirectMemory: 1589641216 bytes (maybe)
22:52:18.067 [main] DEBUG io.netty.util.internal.PlatformDependent - -Dio.netty.tmpdir: C:\Users\HP\AppData\Local\Temp (java.io.tmpdir)
22:52:18.067 [main] DEBUG io.netty.util.internal.PlatformDependent - -Dio.netty.bitMode: 64 (sun.arch.data.model)
22:52:18.067 [main] DEBUG io.netty.util.internal.PlatformDependent - Platform: Windows
22:52:18.068 [main] DEBUG io.netty.util.internal.PlatformDependent - -Dio.netty.maxDirectMemory: -1 bytes
22:52:18.068 [main] DEBUG io.netty.util.internal.PlatformDependent - -Dio.netty.uninitializedArrayAllocationThreshold: -1
22:52:18.069 [main] DEBUG io.netty.util.internal.CleanerJava9 - java.nio.ByteBuffer.cleaner(): available
22:52:18.069 [main] DEBUG io.netty.util.internal.PlatformDependent - -Dio.netty.noPreferDirect: false
22:52:18.076 [main] DEBUG io.netty.util.internal.PlatformDependent - org.jctools-core.MpscChunkedArrayQueue: available
22:52:18.099 [main] DEBUG io.netty.util.internal.InternalThreadLocalMap - -Dio.netty.threadLocalMap.stringBuilder.initialSize: 1024
22:52:18.099 [main] DEBUG io.netty.util.internal.InternalThreadLocalMap - -Dio.netty.threadLocalMap.stringBuilder.maxSize: 4096
22:52:18.174 [main] DEBUG io.netty.handler.ssl.JdkSslContext - Default protocols (JDK): [TLSv1.3, TLSv1.2] 
22:52:18.174 [main] DEBUG io.netty.handler.ssl.JdkSslContext - Default cipher suites (JDK): [TLS_ECDHE_ECDSA_WITH_AES_256_GCM_SHA384, TLS_ECDHE_ECDSA_WITH_AES_128_GCM_SHA256, TLS_ECDHE_RSA_WITH_AES_128_GCM_SHA256, TLS_ECDHE_RSA_WITH_AES_256_GCM_SHA384, TLS_ECDHE_RSA_WITH_AES_128_CBC_SHA, TLS_ECDHE_RSA_WITH_AES_256_CBC_SHA, TLS_RSA_WITH_AES_128_GCM_SHA256, TLS_RSA_WITH_AES_128_CBC_SHA, TLS_RSA_WITH_AES_256_CBC_SHA, TLS_AES_128_GCM_SHA256, TLS_AES_256_GCM_SHA384]
22:52:18.211 [main] DEBUG io.netty.channel.MultithreadEventLoopGroup - -Dio.netty.eventLoopThreads: 16
22:52:18.224 [main] DEBUG io.netty.channel.nio.NioEventLoop - -Dio.netty.noKeySetOptimization: false
22:52:18.225 [main] DEBUG io.netty.channel.nio.NioEventLoop - -Dio.netty.selectorAutoRebuildThreshold: 512
22:52:18.291 [main] DEBUG io.netty.buffer.PooledByteBufAllocator - -Dio.netty.allocator.numHeapArenas: 16
22:52:18.292 [main] DEBUG io.netty.buffer.PooledByteBufAllocator - -Dio.netty.allocator.numDirectArenas: 16
22:52:18.292 [main] DEBUG io.netty.buffer.PooledByteBufAllocator - -Dio.netty.allocator.pageSize: 8192
22:52:18.292 [main] DEBUG io.netty.buffer.PooledByteBufAllocator - -Dio.netty.allocator.maxOrder: 9
22:52:18.292 [main] DEBUG io.netty.buffer.PooledByteBufAllocator - -Dio.netty.allocator.chunkSize: 4194304
22:52:18.292 [main] DEBUG io.netty.buffer.PooledByteBufAllocator - -Dio.netty.allocator.smallCacheSize: 256
22:52:18.292 [main] DEBUG io.netty.buffer.PooledByteBufAllocator - -Dio.netty.allocator.normalCacheSize: 64
22:52:18.292 [main] DEBUG io.netty.buffer.PooledByteBufAllocator - -Dio.netty.allocator.maxCachedBufferCapacity: 32768
22:52:18.292 [main] DEBUG io.netty.buffer.PooledByteBufAllocator - -Dio.netty.allocator.cacheTrimInterval: 8192
22:52:18.292 [main] DEBUG io.netty.buffer.PooledByteBufAllocator - -Dio.netty.allocator.cacheTrimIntervalMillis: 0
22:52:18.292 [main] DEBUG io.netty.buffer.PooledByteBufAllocator - -Dio.netty.allocator.useCacheForAllThreads: false
22:52:18.292 [main] DEBUG io.netty.buffer.PooledByteBufAllocator - -Dio.netty.allocator.maxCachedByteBuffersPerChunk: 1023
22:52:18.305 [main] DEBUG io.netty.buffer.ByteBufUtil - -Dio.netty.allocator.type: pooled
22:52:18.305 [main] DEBUG io.netty.buffer.ByteBufUtil - -Dio.netty.threadLocalDirectBufferSize: 0
22:52:18.306 [main] DEBUG io.netty.buffer.ByteBufUtil - -Dio.netty.maxThreadLocalCharBufferSize: 16384
22:52:18.656 [Forwarding newSession on session null to remote] DEBUG io.netty.channel.DefaultChannelId - -Dio.netty.processId: 2060 (auto-detected)
22:52:18.658 [Forwarding newSession on session null to remote] DEBUG io.netty.util.NetUtil - -Djava.net.preferIPv4Stack: false
22:52:18.658 [Forwarding newSession on session null to remote] DEBUG io.netty.util.NetUtil - -Djava.net.preferIPv6Addresses: false
22:52:18.676 [Forwarding newSession on session null to remote] DEBUG io.netty.util.NetUtilInitializations - Loopback interface: lo (Software Loopback Interface 1, 127.0.0.1)
22:52:18.677 [Forwarding newSession on session null to remote] DEBUG io.netty.util.NetUtil - Failed to get SOMAXCONN from sysctl and file \proc\sys\net\core\somaxconn. Default: 200
22:52:18.733 [Forwarding newSession on session null to remote] DEBUG io.netty.channel.DefaultChannelId - -Dio.netty.machineId: cc:6b:1e:ff:fe:34:9f:97 (auto-detected)
22:52:18.791 [AsyncHttpClient-1-2] DEBUG io.netty.buffer.AbstractByteBuf - -Dio.netty.buffer.checkAccessible: true
22:52:18.792 [AsyncHttpClient-1-2] DEBUG io.netty.buffer.AbstractByteBuf - -Dio.netty.buffer.checkBounds: true
22:52:18.792 [AsyncHttpClient-1-2] DEBUG io.netty.util.ResourceLeakDetectorFactory - Loaded default ResourceLeakDetector: io.netty.util.ResourceLeakDetector@6b22bf4b
22:52:18.806 [AsyncHttpClient-1-2] DEBUG org.asynchttpclient.netty.channel.NettyConnectListener - Using new Channel '[id: 0xe3113aab, L:/127.0.0.1:54757 - R:localhost/127.0.0.1:44285]' for 'POST' to '/session'
22:52:18.823 [AsyncHttpClient-1-2] DEBUG io.netty.util.Recycler - -Dio.netty.recycler.maxCapacityPerThread: 4096
22:52:18.823 [AsyncHttpClient-1-2] DEBUG io.netty.util.Recycler - -Dio.netty.recycler.ratio: 8
22:52:18.823 [AsyncHttpClient-1-2] DEBUG io.netty.util.Recycler - -Dio.netty.recycler.chunkSize: 32
22:52:18.823 [AsyncHttpClient-1-2] DEBUG io.netty.util.Recycler - -Dio.netty.recycler.blocking: false
22:52:19.812 [AsyncHttpClient-1-2] DEBUG io.netty.handler.codec.compression.Brotli - brotli4j not in the classpath; Brotli support will be unavailable.
22:52:19.813 [AsyncHttpClient-1-2] DEBUG org.asynchttpclient.netty.handler.HttpHandler - 

Request DefaultHttpRequest(decodeResult: success, version: HTTP/1.1)
POST /session HTTP/1.1
User-Agent: selenium/4.7.1 (java windows)
Content-Length: 1629
Content-Type: application/json; charset=utf-8
host: localhost:44285
accept: */*

Response DefaultHttpResponse(decodeResult: success, version: HTTP/1.1)
HTTP/1.1 200 OK
Content-Type: application/json; charset=utf-8
cache-control: no-cache
content-length: 857

22:52:19.821 [AsyncHttpClient-1-2] DEBUG org.asynchttpclient.netty.channel.ChannelManager - Adding key: http://localhost:44285 for channel [id: 0xe3113aab, L:/127.0.0.1:54757 - R:localhost/127.0.0.1:44285]
22:52:20.015 [AsyncHttpClient-1-3] DEBUG org.asynchttpclient.netty.channel.NettyConnectListener - Using new Channel '[id: 0x472b2d31, L:/127.0.0.1:54764 - R:localhost/127.0.0.1:54758]' for 'GET' to '/json/version'
22:52:20.024 [AsyncHttpClient-1-3] DEBUG org.asynchttpclient.netty.handler.HttpHandler - 

Request DefaultFullHttpRequest(decodeResult: success, version: HTTP/1.1, content: EmptyByteBufBE)
GET /json/version HTTP/1.1
User-Agent: selenium/4.7.1 (java windows)
host: localhost:54758
accept: */*

Response DefaultHttpResponse(decodeResult: success, version: HTTP/1.1)
HTTP/1.1 200 OK
Content-Security-Policy: frame-ancestors 'none'
Content-Type: application/json; charset=UTF-8
content-length: 424

22:52:20.025 [AsyncHttpClient-1-3] DEBUG org.asynchttpclient.netty.channel.ChannelManager - Adding key: http://localhost:54758 for channel [id: 0x472b2d31, L:/127.0.0.1:54764 - R:localhost/127.0.0.1:54758]
22:52:20.047 [main] DEBUG io.netty.util.internal.ThreadLocalRandom - -Dio.netty.initialSeedUniquifier: 0x6b956e27d168428d
22:52:20.053 [AsyncHttpClient-1-4] DEBUG org.asynchttpclient.netty.channel.NettyConnectListener - Using new Channel '[id: 0xb8ad4ed4, L:/127.0.0.1:54766 - R:localhost/127.0.0.1:54758]' for 'GET' to '/devtools/browser/de919a8a-d7b8-40e1-a432-54945aec8017'
22:52:20.058 [AsyncHttpClient-1-4] DEBUG org.asynchttpclient.netty.handler.WebSocketHandler - 

Request DefaultFullHttpRequest(decodeResult: success, version: HTTP/1.1, content: EmptyByteBufBE)
GET /devtools/browser/de919a8a-d7b8-40e1-a432-54945aec8017 HTTP/1.1
upgrade: websocket
connection: upgrade
sec-websocket-key: StUTUtGQgKL2xsYT+SRW7g==
sec-websocket-version: 13
origin: http://localhost:54758
host: localhost:54758
accept: */*
user-agent: AHC/2.1

Response DefaultHttpResponse(decodeResult: success, version: HTTP/1.1)
HTTP/1.1 101 WebSocket Protocol Handshake
Upgrade: WebSocket
Connection: Upgrade
Sec-WebSocket-Accept: sRmkK9rq5HjugZD2on/imwotc4Q=

22:52:20.400 [AsyncHttpClient-1-1] DEBUG org.asynchttpclient.netty.channel.DefaultChannelPool - Entry count for : http://localhost:54758 : 1
22:52:20.401 [AsyncHttpClient-1-1] DEBUG org.asynchttpclient.netty.channel.DefaultChannelPool - Entry count for : http://localhost:44285 : 1
22:52:21.482 [AsyncHttpClient-1-1] DEBUG org.asynchttpclient.netty.channel.DefaultChannelPool - Entry count for : http://localhost:54758 : 1
22:52:21.482 [AsyncHttpClient-1-1] DEBUG org.asynchttpclient.netty.channel.DefaultChannelPool - Entry count for : http://localhost:44285 : 1
22:52:22.003 [main] DEBUG net.thucydides.core.reflection.ClassFinder - Could not load class .starter.CucumberTestSuite
22:52:22.003 [main] DEBUG net.thucydides.core.reflection.ClassFinder - Could not load class .starter.pages.TentangKamiPage
22:52:22.003 [main] DEBUG net.thucydides.core.reflection.ClassFinder - Could not load class .starter.stepdefinitions.TentangKamiSteps
22:52:22.006 [main] DEBUG net.thucydides.core.reflection.ClassFinder - Could not load class META-INF.versions.9.com.sun.istack.logging.StackHelper
22:52:22.007 [main] DEBUG net.thucydides.core.reflection.ClassFinder - Could not load class META-INF.versions.9.com.sun.xml.bind.v2.runtime.reflect.opt.AccessorInjector
22:52:22.009 [main] DEBUG net.thucydides.core.reflection.ClassFinder - Could not load class META-INF.versions.9.com.sun.xml.bind.v2.runtime.reflect.opt.Injector
22:52:22.010 [main] DEBUG net.thucydides.core.reflection.ClassFinder - Could not load class META-INF.versions.9.com.sun.xml.bind.v2.runtime.reflect.opt.OptimizedAccessorFactory
22:52:22.011 [main] DEBUG net.thucydides.core.reflection.ClassFinder - Could not load class META-INF.versions.9.com.sun.xml.bind.v2.runtime.reflect.opt.OptimizedTransducedAccessorFactory
22:52:22.013 [main] DEBUG net.thucydides.core.reflection.ClassFinder - Could not load class META-INF.versions.9.io.opentelemetry.sdk.internal.CurrentJavaVersionSpecific
22:52:22.014 [main] DEBUG net.thucydides.core.reflection.ClassFinder - Could not load class META-INF.versions.9.io.opentelemetry.sdk.internal.Java9VersionSpecific
22:52:22.015 [main] DEBUG net.thucydides.core.reflection.ClassFinder - Could not load class META-INF.versions.9.javax.xml.bind.ModuleUtil
22:52:22.017 [main] DEBUG net.thucydides.core.reflection.ClassFinder - Could not load class META-INF.versions.9.module-info
22:52:22.018 [main] DEBUG net.thucydides.core.reflection.ClassFinder - Could not load class META-INF.versions.9.org.junit.platform.commons.util.ModuleUtils
22:52:22.586 [AsyncHttpClient-1-1] DEBUG org.asynchttpclient.netty.channel.DefaultChannelPool - Entry count for : http://localhost:54758 : 1
22:52:22.586 [AsyncHttpClient-1-1] DEBUG org.asynchttpclient.netty.channel.DefaultChannelPool - Entry count for : http://localhost:44285 : 1
22:52:22.997 [main] DEBUG net.thucydides.core.reflection.ClassFinder - Could not load class com.google.gson.internal.
22:52:23.488 [main] DEBUG net.thucydides.core.reflection.ClassFinder - Could not load class com.sun.xml.bind.v2.runtime.output.FastInfosetStreamWriterOutput
22:52:23.694 [AsyncHttpClient-1-1] DEBUG org.asynchttpclient.netty.channel.DefaultChannelPool - Entry count for : http://localhost:54758 : 1
22:52:23.694 [AsyncHttpClient-1-1] DEBUG org.asynchttpclient.netty.channel.DefaultChannelPool - Entry count for : http://localhost:44285 : 1
22:52:24.720 [main] DEBUG net.thucydides.core.reflection.ClassFinder - Could not load class module-info
22:52:24.786 [AsyncHttpClient-1-1] DEBUG org.asynchttpclient.netty.channel.DefaultChannelPool - Entry count for : http://localhost:54758 : 1
22:52:24.786 [AsyncHttpClient-1-1] DEBUG org.asynchttpclient.netty.channel.DefaultChannelPool - Entry count for : http://localhost:44285 : 1
22:52:25.891 [AsyncHttpClient-1-1] DEBUG org.asynchttpclient.netty.channel.DefaultChannelPool - Entry count for : http://localhost:54758 : 1
22:52:25.891 [AsyncHttpClient-1-1] DEBUG org.asynchttpclient.netty.channel.DefaultChannelPool - Entry count for : http://localhost:44285 : 1
22:52:26.987 [AsyncHttpClient-1-1] DEBUG org.asynchttpclient.netty.channel.DefaultChannelPool - Entry count for : http://localhost:54758 : 1
22:52:26.987 [AsyncHttpClient-1-1] DEBUG org.asynchttpclient.netty.channel.DefaultChannelPool - Entry count for : http://localhost:44285 : 1
22:52:28.083 [AsyncHttpClient-1-1] DEBUG org.asynchttpclient.netty.channel.DefaultChannelPool - Entry count for : http://localhost:54758 : 1
22:52:28.083 [AsyncHttpClient-1-1] DEBUG org.asynchttpclient.netty.channel.DefaultChannelPool - Entry count for : http://localhost:44285 : 1
22:52:29.193 [AsyncHttpClient-1-1] DEBUG org.asynchttpclient.netty.channel.DefaultChannelPool - Entry count for : http://localhost:54758 : 1
22:52:29.193 [AsyncHttpClient-1-1] DEBUG org.asynchttpclient.netty.channel.DefaultChannelPool - Entry count for : http://localhost:44285 : 1
22:52:30.289 [AsyncHttpClient-1-1] DEBUG org.asynchttpclient.netty.channel.DefaultChannelPool - Entry count for : http://localhost:54758 : 1
22:52:30.289 [AsyncHttpClient-1-1] DEBUG org.asynchttpclient.netty.channel.DefaultChannelPool - Entry count for : http://localhost:44285 : 1
22:52:31.388 [AsyncHttpClient-1-1] DEBUG org.asynchttpclient.netty.channel.DefaultChannelPool - Entry count for : http://localhost:54758 : 1
22:52:31.388 [AsyncHttpClient-1-1] DEBUG org.asynchttpclient.netty.channel.DefaultChannelPool - Entry count for : http://localhost:44285 : 1
22:52:31.625 [Forwarding get on session b4cca5e8496229ad8ca408bcc235bb61 to remote] DEBUG org.asynchttpclient.netty.request.NettyRequestSender - Using pooled Channel '[id: 0xe3113aab, L:/127.0.0.1:54757 - R:localhost/127.0.0.1:44285]' for 'POST' to 'http://localhost:44285/session/b4cca5e8496229ad8ca408bcc235bb61/url'
22:52:31.625 [Forwarding get on session b4cca5e8496229ad8ca408bcc235bb61 to remote] DEBUG org.asynchttpclient.netty.request.NettyRequestSender - Using open Channel [id: 0xe3113aab, L:/127.0.0.1:54757 - R:localhost/127.0.0.1:44285] for POST '/session/b4cca5e8496229ad8ca408bcc235bb61/url'
22:52:32.494 [AsyncHttpClient-1-1] DEBUG org.asynchttpclient.netty.channel.DefaultChannelPool - Entry count for : http://localhost:54758 : 1
22:52:33.595 [AsyncHttpClient-1-1] DEBUG org.asynchttpclient.netty.channel.DefaultChannelPool - Entry count for : http://localhost:54758 : 1
22:52:33.724 [AsyncHttpClient-1-2] DEBUG org.asynchttpclient.netty.handler.HttpHandler - 

Request DefaultHttpRequest(decodeResult: success, version: HTTP/1.1)
POST /session/b4cca5e8496229ad8ca408bcc235bb61/url HTTP/1.1
User-Agent: selenium/4.7.1 (java windows)
Content-Length: 58
Content-Type: application/json; charset=utf-8
host: localhost:44285
accept: */*

Response DefaultHttpResponse(decodeResult: success, version: HTTP/1.1)
HTTP/1.1 200 OK
Content-Type: application/json; charset=utf-8
cache-control: no-cache
content-length: 14

22:52:33.724 [AsyncHttpClient-1-2] DEBUG org.asynchttpclient.netty.channel.ChannelManager - Adding key: http://localhost:44285 for channel [id: 0xe3113aab, L:/127.0.0.1:54757 - R:localhost/127.0.0.1:44285]
22:52:33.741 [Forwarding setTimeout on session b4cca5e8496229ad8ca408bcc235bb61 to remote] DEBUG org.asynchttpclient.netty.request.NettyRequestSender - Using pooled Channel '[id: 0xe3113aab, L:/127.0.0.1:54757 - R:localhost/127.0.0.1:44285]' for 'POST' to 'http://localhost:44285/session/b4cca5e8496229ad8ca408bcc235bb61/timeouts'
22:52:33.741 [Forwarding setTimeout on session b4cca5e8496229ad8ca408bcc235bb61 to remote] DEBUG org.asynchttpclient.netty.request.NettyRequestSender - Using open Channel [id: 0xe3113aab, L:/127.0.0.1:54757 - R:localhost/127.0.0.1:44285] for POST '/session/b4cca5e8496229ad8ca408bcc235bb61/timeouts'
22:52:33.745 [AsyncHttpClient-1-2] DEBUG org.asynchttpclient.netty.handler.HttpHandler - 

Request DefaultHttpRequest(decodeResult: success, version: HTTP/1.1)
POST /session/b4cca5e8496229ad8ca408bcc235bb61/timeouts HTTP/1.1
User-Agent: selenium/4.7.1 (java windows)
Content-Length: 22
Content-Type: application/json; charset=utf-8
host: localhost:44285
accept: */*

Response DefaultHttpResponse(decodeResult: success, version: HTTP/1.1)
HTTP/1.1 200 OK
Content-Type: application/json; charset=utf-8
cache-control: no-cache
content-length: 14

22:52:33.746 [AsyncHttpClient-1-2] DEBUG org.asynchttpclient.netty.channel.ChannelManager - Adding key: http://localhost:44285 for channel [id: 0xe3113aab, L:/127.0.0.1:54757 - R:localhost/127.0.0.1:44285]
22:52:33.763 [Forwarding getCurrentUrl on session b4cca5e8496229ad8ca408bcc235bb61 to remote] DEBUG org.asynchttpclient.netty.request.NettyRequestSender - Using pooled Channel '[id: 0xe3113aab, L:/127.0.0.1:54757 - R:localhost/127.0.0.1:44285]' for 'GET' to 'http://localhost:44285/session/b4cca5e8496229ad8ca408bcc235bb61/url'
22:52:33.764 [Forwarding getCurrentUrl on session b4cca5e8496229ad8ca408bcc235bb61 to remote] DEBUG org.asynchttpclient.netty.request.NettyRequestSender - Using open Channel [id: 0xe3113aab, L:/127.0.0.1:54757 - R:localhost/127.0.0.1:44285] for GET '/session/b4cca5e8496229ad8ca408bcc235bb61/url'
22:52:33.781 [AsyncHttpClient-1-2] DEBUG org.asynchttpclient.netty.handler.HttpHandler - 

Request DefaultFullHttpRequest(decodeResult: success, version: HTTP/1.1, content: EmptyByteBufBE)
GET /session/b4cca5e8496229ad8ca408bcc235bb61/url HTTP/1.1
User-Agent: selenium/4.7.1 (java windows)
Cache-Control: no-cache
Content-Type: application/json; charset=utf-8
host: localhost:44285
accept: */*

Response DefaultHttpResponse(decodeResult: success, version: HTTP/1.1)
HTTP/1.1 200 OK
Content-Type: application/json; charset=utf-8
cache-control: no-cache
content-length: 40

22:52:33.781 [AsyncHttpClient-1-2] DEBUG org.asynchttpclient.netty.channel.ChannelManager - Adding key: http://localhost:44285 for channel [id: 0xe3113aab, L:/127.0.0.1:54757 - R:localhost/127.0.0.1:44285]
22:52:33.789 [Forwarding getCurrentUrl on session b4cca5e8496229ad8ca408bcc235bb61 to remote] DEBUG org.asynchttpclient.netty.request.NettyRequestSender - Using pooled Channel '[id: 0xe3113aab, L:/127.0.0.1:54757 - R:localhost/127.0.0.1:44285]' for 'GET' to 'http://localhost:44285/session/b4cca5e8496229ad8ca408bcc235bb61/url'
22:52:33.790 [Forwarding getCurrentUrl on session b4cca5e8496229ad8ca408bcc235bb61 to remote] DEBUG org.asynchttpclient.netty.request.NettyRequestSender - Using open Channel [id: 0xe3113aab, L:/127.0.0.1:54757 - R:localhost/127.0.0.1:44285] for GET '/session/b4cca5e8496229ad8ca408bcc235bb61/url'
22:52:33.795 [AsyncHttpClient-1-2] DEBUG org.asynchttpclient.netty.handler.HttpHandler - 

Request DefaultFullHttpRequest(decodeResult: success, version: HTTP/1.1, content: EmptyByteBufBE)
GET /session/b4cca5e8496229ad8ca408bcc235bb61/url HTTP/1.1
User-Agent: selenium/4.7.1 (java windows)
Cache-Control: no-cache
Content-Type: application/json; charset=utf-8
host: localhost:44285
accept: */*

Response DefaultHttpResponse(decodeResult: success, version: HTTP/1.1)
HTTP/1.1 200 OK
Content-Type: application/json; charset=utf-8
cache-control: no-cache
content-length: 40

22:52:33.795 [AsyncHttpClient-1-2] DEBUG org.asynchttpclient.netty.channel.ChannelManager - Adding key: http://localhost:44285 for channel [id: 0xe3113aab, L:/127.0.0.1:54757 - R:localhost/127.0.0.1:44285]
22:52:33.818 [Forwarding findElement on session b4cca5e8496229ad8ca408bcc235bb61 to remote] DEBUG org.asynchttpclient.netty.request.NettyRequestSender - Using pooled Channel '[id: 0xe3113aab, L:/127.0.0.1:54757 - R:localhost/127.0.0.1:44285]' for 'POST' to 'http://localhost:44285/session/b4cca5e8496229ad8ca408bcc235bb61/element'
22:52:33.818 [Forwarding findElement on session b4cca5e8496229ad8ca408bcc235bb61 to remote] DEBUG org.asynchttpclient.netty.request.NettyRequestSender - Using open Channel [id: 0xe3113aab, L:/127.0.0.1:54757 - R:localhost/127.0.0.1:44285] for POST '/session/b4cca5e8496229ad8ca408bcc235bb61/element'
22:52:33.838 [AsyncHttpClient-1-2] DEBUG org.asynchttpclient.netty.handler.HttpHandler - 

Request DefaultHttpRequest(decodeResult: success, version: HTTP/1.1)
POST /session/b4cca5e8496229ad8ca408bcc235bb61/element HTTP/1.1
User-Agent: selenium/4.7.1 (java windows)
Content-Length: 108
Content-Type: application/json; charset=utf-8
host: localhost:44285
accept: */*

Response DefaultHttpResponse(decodeResult: success, version: HTTP/1.1)
HTTP/1.1 200 OK
Content-Type: application/json; charset=utf-8
cache-control: no-cache
content-length: 94

22:52:33.838 [AsyncHttpClient-1-2] DEBUG org.asynchttpclient.netty.channel.ChannelManager - Adding key: http://localhost:44285 for channel [id: 0xe3113aab, L:/127.0.0.1:54757 - R:localhost/127.0.0.1:44285]
22:52:33.861 [Forwarding isElementDisplayed on session b4cca5e8496229ad8ca408bcc235bb61 to remote] DEBUG org.asynchttpclient.netty.request.NettyRequestSender - Using pooled Channel '[id: 0xe3113aab, L:/127.0.0.1:54757 - R:localhost/127.0.0.1:44285]' for 'POST' to 'http://localhost:44285/session/b4cca5e8496229ad8ca408bcc235bb61/execute/sync'
22:52:33.861 [Forwarding isElementDisplayed on session b4cca5e8496229ad8ca408bcc235bb61 to remote] DEBUG org.asynchttpclient.netty.request.NettyRequestSender - Using open Channel [id: 0xe3113aab, L:/127.0.0.1:54757 - R:localhost/127.0.0.1:44285] for POST '/session/b4cca5e8496229ad8ca408bcc235bb61/execute/sync'
22:52:33.901 [AsyncHttpClient-1-2] DEBUG org.asynchttpclient.netty.handler.HttpHandler - 

Request DefaultHttpRequest(decodeResult: success, version: HTTP/1.1)
POST /session/b4cca5e8496229ad8ca408bcc235bb61/execute/sync HTTP/1.1
User-Agent: selenium/4.7.1 (java windows)
Content-Length: 48786
Content-Type: application/json; charset=utf-8
host: localhost:44285
accept: */*

Response DefaultHttpResponse(decodeResult: success, version: HTTP/1.1)
HTTP/1.1 200 OK
Content-Type: application/json; charset=utf-8
cache-control: no-cache
content-length: 14

22:52:33.901 [AsyncHttpClient-1-2] DEBUG org.asynchttpclient.netty.channel.ChannelManager - Adding key: http://localhost:44285 for channel [id: 0xe3113aab, L:/127.0.0.1:54757 - R:localhost/127.0.0.1:44285]
22:52:33.906 [Forwarding isElementDisplayed on session b4cca5e8496229ad8ca408bcc235bb61 to remote] DEBUG org.asynchttpclient.netty.request.NettyRequestSender - Using pooled Channel '[id: 0xe3113aab, L:/127.0.0.1:54757 - R:localhost/127.0.0.1:44285]' for 'POST' to 'http://localhost:44285/session/b4cca5e8496229ad8ca408bcc235bb61/execute/sync'
22:52:33.906 [Forwarding isElementDisplayed on session b4cca5e8496229ad8ca408bcc235bb61 to remote] DEBUG org.asynchttpclient.netty.request.NettyRequestSender - Using open Channel [id: 0xe3113aab, L:/127.0.0.1:54757 - R:localhost/127.0.0.1:44285] for POST '/session/b4cca5e8496229ad8ca408bcc235bb61/execute/sync'
22:52:33.936 [AsyncHttpClient-1-2] DEBUG org.asynchttpclient.netty.handler.HttpHandler - 

Request DefaultHttpRequest(decodeResult: success, version: HTTP/1.1)
POST /session/b4cca5e8496229ad8ca408bcc235bb61/execute/sync HTTP/1.1
User-Agent: selenium/4.7.1 (java windows)
Content-Length: 48786
Content-Type: application/json; charset=utf-8
host: localhost:44285
accept: */*

Response DefaultHttpResponse(decodeResult: success, version: HTTP/1.1)
HTTP/1.1 200 OK
Content-Type: application/json; charset=utf-8
cache-control: no-cache
content-length: 14

22:52:33.937 [AsyncHttpClient-1-2] DEBUG org.asynchttpclient.netty.channel.ChannelManager - Adding key: http://localhost:44285 for channel [id: 0xe3113aab, L:/127.0.0.1:54757 - R:localhost/127.0.0.1:44285]
22:52:33.983 [main] DEBUG net.serenitybdd.core.photography.Darkroom - Opening darkroom
22:52:33.984 [Darkroom Processing Line] DEBUG net.serenitybdd.core.photography.DarkroomProcessingLine - Darkroom processing line starting up
22:52:33.997 [Forwarding getCurrentWindowHandle on session b4cca5e8496229ad8ca408bcc235bb61 to remote] DEBUG org.asynchttpclient.netty.request.NettyRequestSender - Using pooled Channel '[id: 0xe3113aab, L:/127.0.0.1:54757 - R:localhost/127.0.0.1:44285]' for 'GET' to 'http://localhost:44285/session/b4cca5e8496229ad8ca408bcc235bb61/window'
22:52:33.997 [Forwarding getCurrentWindowHandle on session b4cca5e8496229ad8ca408bcc235bb61 to remote] DEBUG org.asynchttpclient.netty.request.NettyRequestSender - Using open Channel [id: 0xe3113aab, L:/127.0.0.1:54757 - R:localhost/127.0.0.1:44285] for GET '/session/b4cca5e8496229ad8ca408bcc235bb61/window'
22:52:33.997 [AsyncHttpClient-1-2] DEBUG org.asynchttpclient.netty.handler.HttpHandler - 

Request DefaultFullHttpRequest(decodeResult: success, version: HTTP/1.1, content: EmptyByteBufBE)
GET /session/b4cca5e8496229ad8ca408bcc235bb61/window HTTP/1.1
User-Agent: selenium/4.7.1 (java windows)
Cache-Control: no-cache
Content-Type: application/json; charset=utf-8
host: localhost:44285
accept: */*

Response DefaultHttpResponse(decodeResult: success, version: HTTP/1.1)
HTTP/1.1 200 OK
Content-Type: application/json; charset=utf-8
cache-control: no-cache
content-length: 44

22:52:33.997 [AsyncHttpClient-1-2] DEBUG org.asynchttpclient.netty.channel.ChannelManager - Adding key: http://localhost:44285 for channel [id: 0xe3113aab, L:/127.0.0.1:54757 - R:localhost/127.0.0.1:44285]
22:52:33.997 [Forwarding getAlertText on session b4cca5e8496229ad8ca408bcc235bb61 to remote] DEBUG org.asynchttpclient.netty.request.NettyRequestSender - Using pooled Channel '[id: 0xe3113aab, L:/127.0.0.1:54757 - R:localhost/127.0.0.1:44285]' for 'GET' to 'http://localhost:44285/session/b4cca5e8496229ad8ca408bcc235bb61/alert/text'
22:52:33.997 [Forwarding getAlertText on session b4cca5e8496229ad8ca408bcc235bb61 to remote] DEBUG org.asynchttpclient.netty.request.NettyRequestSender - Using open Channel [id: 0xe3113aab, L:/127.0.0.1:54757 - R:localhost/127.0.0.1:44285] for GET '/session/b4cca5e8496229ad8ca408bcc235bb61/alert/text'
22:52:33.997 [AsyncHttpClient-1-2] DEBUG org.asynchttpclient.netty.handler.HttpHandler - 

Request DefaultFullHttpRequest(decodeResult: success, version: HTTP/1.1, content: EmptyByteBufBE)
GET /session/b4cca5e8496229ad8ca408bcc235bb61/alert/text HTTP/1.1
User-Agent: selenium/4.7.1 (java windows)
Cache-Control: no-cache
Content-Type: application/json; charset=utf-8
host: localhost:44285
accept: */*

Response DefaultHttpResponse(decodeResult: success, version: HTTP/1.1)
HTTP/1.1 404 Not Found
Content-Type: application/json; charset=utf-8
cache-control: no-cache
content-length: 821

22:52:33.997 [AsyncHttpClient-1-2] DEBUG org.asynchttpclient.netty.channel.ChannelManager - Adding key: http://localhost:44285 for channel [id: 0xe3113aab, L:/127.0.0.1:54757 - R:localhost/127.0.0.1:44285]
22:52:34.013 [Forwarding switchToWindow on session b4cca5e8496229ad8ca408bcc235bb61 to remote] DEBUG org.asynchttpclient.netty.request.NettyRequestSender - Using pooled Channel '[id: 0xe3113aab, L:/127.0.0.1:54757 - R:localhost/127.0.0.1:44285]' for 'POST' to 'http://localhost:44285/session/b4cca5e8496229ad8ca408bcc235bb61/window'
22:52:34.013 [Forwarding switchToWindow on session b4cca5e8496229ad8ca408bcc235bb61 to remote] DEBUG org.asynchttpclient.netty.request.NettyRequestSender - Using open Channel [id: 0xe3113aab, L:/127.0.0.1:54757 - R:localhost/127.0.0.1:44285] for POST '/session/b4cca5e8496229ad8ca408bcc235bb61/window'
22:52:34.013 [AsyncHttpClient-1-2] DEBUG org.asynchttpclient.netty.handler.HttpHandler - 

Request DefaultHttpRequest(decodeResult: success, version: HTTP/1.1)
POST /session/b4cca5e8496229ad8ca408bcc235bb61/window HTTP/1.1
User-Agent: selenium/4.7.1 (java windows)
Content-Length: 50
Content-Type: application/json; charset=utf-8
host: localhost:44285
accept: */*

Response DefaultHttpResponse(decodeResult: success, version: HTTP/1.1)
HTTP/1.1 200 OK
Content-Type: application/json; charset=utf-8
cache-control: no-cache
content-length: 14

22:52:34.013 [AsyncHttpClient-1-2] DEBUG org.asynchttpclient.netty.channel.ChannelManager - Adding key: http://localhost:44285 for channel [id: 0xe3113aab, L:/127.0.0.1:54757 - R:localhost/127.0.0.1:44285]
22:52:34.013 [Forwarding getCurrentUrl on session b4cca5e8496229ad8ca408bcc235bb61 to remote] DEBUG org.asynchttpclient.netty.request.NettyRequestSender - Using pooled Channel '[id: 0xe3113aab, L:/127.0.0.1:54757 - R:localhost/127.0.0.1:44285]' for 'GET' to 'http://localhost:44285/session/b4cca5e8496229ad8ca408bcc235bb61/url'
22:52:34.013 [Forwarding getCurrentUrl on session b4cca5e8496229ad8ca408bcc235bb61 to remote] DEBUG org.asynchttpclient.netty.request.NettyRequestSender - Using open Channel [id: 0xe3113aab, L:/127.0.0.1:54757 - R:localhost/127.0.0.1:44285] for GET '/session/b4cca5e8496229ad8ca408bcc235bb61/url'
22:52:34.029 [AsyncHttpClient-1-2] DEBUG org.asynchttpclient.netty.handler.HttpHandler - 

Request DefaultFullHttpRequest(decodeResult: success, version: HTTP/1.1, content: EmptyByteBufBE)
GET /session/b4cca5e8496229ad8ca408bcc235bb61/url HTTP/1.1
User-Agent: selenium/4.7.1 (java windows)
Cache-Control: no-cache
Content-Type: application/json; charset=utf-8
host: localhost:44285
accept: */*

Response DefaultHttpResponse(decodeResult: success, version: HTTP/1.1)
HTTP/1.1 200 OK
Content-Type: application/json; charset=utf-8
cache-control: no-cache
content-length: 40

22:52:34.029 [AsyncHttpClient-1-2] DEBUG org.asynchttpclient.netty.channel.ChannelManager - Adding key: http://localhost:44285 for channel [id: 0xe3113aab, L:/127.0.0.1:54757 - R:localhost/127.0.0.1:44285]
22:52:34.029 [Forwarding screenshot on session b4cca5e8496229ad8ca408bcc235bb61 to remote] DEBUG org.asynchttpclient.netty.request.NettyRequestSender - Using pooled Channel '[id: 0xe3113aab, L:/127.0.0.1:54757 - R:localhost/127.0.0.1:44285]' for 'GET' to 'http://localhost:44285/session/b4cca5e8496229ad8ca408bcc235bb61/screenshot'
22:52:34.029 [Forwarding screenshot on session b4cca5e8496229ad8ca408bcc235bb61 to remote] DEBUG org.asynchttpclient.netty.request.NettyRequestSender - Using open Channel [id: 0xe3113aab, L:/127.0.0.1:54757 - R:localhost/127.0.0.1:44285] for GET '/session/b4cca5e8496229ad8ca408bcc235bb61/screenshot'
22:52:34.117 [AsyncHttpClient-1-2] DEBUG org.asynchttpclient.netty.handler.HttpHandler - 

Request DefaultFullHttpRequest(decodeResult: success, version: HTTP/1.1, content: EmptyByteBufBE)
GET /session/b4cca5e8496229ad8ca408bcc235bb61/screenshot HTTP/1.1
User-Agent: selenium/4.7.1 (java windows)
Cache-Control: no-cache
Content-Type: application/json; charset=utf-8
host: localhost:44285
accept: */*

Response DefaultHttpResponse(decodeResult: success, version: HTTP/1.1)
HTTP/1.1 200 OK
Content-Type: application/json; charset=utf-8
cache-control: no-cache
content-length: 163592

22:52:34.117 [AsyncHttpClient-1-2] DEBUG org.asynchttpclient.netty.channel.ChannelManager - Adding key: http://localhost:44285 for channel [id: 0xe3113aab, L:/127.0.0.1:54757 - R:localhost/127.0.0.1:44285]
22:52:34.214 [main] DEBUG net.serenitybdd.core.photography.Darkroom - Send negative for processing for target\site\serenity\f1c73a97e44dcf406e3bd0dfc3ec9901166c128856696a8980dc7ff069dd84d5.png
22:52:34.214 [Darkroom Processing Line] DEBUG net.serenitybdd.core.photography.DarkroomProcessingLine - Processing screenshot image in /var/screenshots/screenshot-13124644304452219915
22:52:34.214 [Darkroom Processing Line] DEBUG net.serenitybdd.core.photography.DarkroomProcessingLine - Saving screenshot to target\site\serenity\f1c73a97e44dcf406e3bd0dfc3ec9901166c128856696a8980dc7ff069dd84d5.png
22:52:34.227 [main] DEBUG net.thucydides.core.steps.StepInterceptor - STEP DONE: LandingPageSkuyPay
  &amp#27;[32mWhen &amp#27;[0m&amp#27;[32mUser masuk ke halaman landing Page&amp#27;[0m                    &amp#27;[90m# starter.stepdefinitions.TentangKamiSteps.userMasukKeHalamanLandingPage()&amp#27;[0m
22:52:34.242 [main] DEBUG net.thucydides.core.steps.StepInterceptor - STARTING STEP: TentangKamiSteps.userKlik - klikTentangKami
22:52:34.268 [Forwarding findElement on session b4cca5e8496229ad8ca408bcc235bb61 to remote] DEBUG org.asynchttpclient.netty.request.NettyRequestSender - Using pooled Channel '[id: 0xe3113aab, L:/127.0.0.1:54757 - R:localhost/127.0.0.1:44285]' for 'POST' to 'http://localhost:44285/session/b4cca5e8496229ad8ca408bcc235bb61/element'
22:52:34.268 [Forwarding findElement on session b4cca5e8496229ad8ca408bcc235bb61 to remote] DEBUG org.asynchttpclient.netty.request.NettyRequestSender - Using open Channel [id: 0xe3113aab, L:/127.0.0.1:54757 - R:localhost/127.0.0.1:44285] for POST '/session/b4cca5e8496229ad8ca408bcc235bb61/element'
22:52:34.276 [AsyncHttpClient-1-2] DEBUG org.asynchttpclient.netty.handler.HttpHandler - 

Request DefaultHttpRequest(decodeResult: success, version: HTTP/1.1)
POST /session/b4cca5e8496229ad8ca408bcc235bb61/element HTTP/1.1
User-Agent: selenium/4.7.1 (java windows)
Content-Length: 108
Content-Type: application/json; charset=utf-8
host: localhost:44285
accept: */*

Response DefaultHttpResponse(decodeResult: success, version: HTTP/1.1)
HTTP/1.1 200 OK
Content-Type: application/json; charset=utf-8
cache-control: no-cache
content-length: 94

22:52:34.276 [AsyncHttpClient-1-2] DEBUG org.asynchttpclient.netty.channel.ChannelManager - Adding key: http://localhost:44285 for channel [id: 0xe3113aab, L:/127.0.0.1:54757 - R:localhost/127.0.0.1:44285]
22:52:34.286 [Forwarding getElementTagName on session b4cca5e8496229ad8ca408bcc235bb61 to remote] DEBUG org.asynchttpclient.netty.request.NettyRequestSender - Using pooled Channel '[id: 0xe3113aab, L:/127.0.0.1:54757 - R:localhost/127.0.0.1:44285]' for 'GET' to 'http://localhost:44285/session/b4cca5e8496229ad8ca408bcc235bb61/element/26BD04037EB4AF7F4D76EBC901D4F243_element_6/name'
22:52:34.286 [Forwarding getElementTagName on session b4cca5e8496229ad8ca408bcc235bb61 to remote] DEBUG org.asynchttpclient.netty.request.NettyRequestSender - Using open Channel [id: 0xe3113aab, L:/127.0.0.1:54757 - R:localhost/127.0.0.1:44285] for GET '/session/b4cca5e8496229ad8ca408bcc235bb61/element/26BD04037EB4AF7F4D76EBC901D4F243_element_6/name'
22:52:34.294 [AsyncHttpClient-1-2] DEBUG org.asynchttpclient.netty.handler.HttpHandler - 

Request DefaultFullHttpRequest(decodeResult: success, version: HTTP/1.1, content: EmptyByteBufBE)
GET /session/b4cca5e8496229ad8ca408bcc235bb61/element/26BD04037EB4AF7F4D76EBC901D4F243_element_6/name HTTP/1.1
User-Agent: selenium/4.7.1 (java windows)
Cache-Control: no-cache
Content-Type: application/json; charset=utf-8
host: localhost:44285
accept: */*

Response DefaultHttpResponse(decodeResult: success, version: HTTP/1.1)
HTTP/1.1 200 OK
Content-Type: application/json; charset=utf-8
cache-control: no-cache
content-length: 14

22:52:34.295 [AsyncHttpClient-1-2] DEBUG org.asynchttpclient.netty.channel.ChannelManager - Adding key: http://localhost:44285 for channel [id: 0xe3113aab, L:/127.0.0.1:54757 - R:localhost/127.0.0.1:44285]
22:52:34.297 [Forwarding getElementTagName on session b4cca5e8496229ad8ca408bcc235bb61 to remote] DEBUG org.asynchttpclient.netty.request.NettyRequestSender - Using pooled Channel '[id: 0xe3113aab, L:/127.0.0.1:54757 - R:localhost/127.0.0.1:44285]' for 'GET' to 'http://localhost:44285/session/b4cca5e8496229ad8ca408bcc235bb61/element/26BD04037EB4AF7F4D76EBC901D4F243_element_6/name'
22:52:34.297 [Forwarding getElementTagName on session b4cca5e8496229ad8ca408bcc235bb61 to remote] DEBUG org.asynchttpclient.netty.request.NettyRequestSender - Using open Channel [id: 0xe3113aab, L:/127.0.0.1:54757 - R:localhost/127.0.0.1:44285] for GET '/session/b4cca5e8496229ad8ca408bcc235bb61/element/26BD04037EB4AF7F4D76EBC901D4F243_element_6/name'
22:52:34.303 [AsyncHttpClient-1-2] DEBUG org.asynchttpclient.netty.handler.HttpHandler - 

Request DefaultFullHttpRequest(decodeResult: success, version: HTTP/1.1, content: EmptyByteBufBE)
GET /session/b4cca5e8496229ad8ca408bcc235bb61/element/26BD04037EB4AF7F4D76EBC901D4F243_element_6/name HTTP/1.1
User-Agent: selenium/4.7.1 (java windows)
Cache-Control: no-cache
Content-Type: application/json; charset=utf-8
host: localhost:44285
accept: */*

Response DefaultHttpResponse(decodeResult: success, version: HTTP/1.1)
HTTP/1.1 200 OK
Content-Type: application/json; charset=utf-8
cache-control: no-cache
content-length: 14

22:52:34.303 [AsyncHttpClient-1-2] DEBUG org.asynchttpclient.netty.channel.ChannelManager - Adding key: http://localhost:44285 for channel [id: 0xe3113aab, L:/127.0.0.1:54757 - R:localhost/127.0.0.1:44285]
22:52:34.309 [Forwarding findElement on session b4cca5e8496229ad8ca408bcc235bb61 to remote] DEBUG org.asynchttpclient.netty.request.NettyRequestSender - Using pooled Channel '[id: 0xe3113aab, L:/127.0.0.1:54757 - R:localhost/127.0.0.1:44285]' for 'POST' to 'http://localhost:44285/session/b4cca5e8496229ad8ca408bcc235bb61/element'
22:52:34.309 [Forwarding findElement on session b4cca5e8496229ad8ca408bcc235bb61 to remote] DEBUG org.asynchttpclient.netty.request.NettyRequestSender - Using open Channel [id: 0xe3113aab, L:/127.0.0.1:54757 - R:localhost/127.0.0.1:44285] for POST '/session/b4cca5e8496229ad8ca408bcc235bb61/element'
22:52:34.319 [AsyncHttpClient-1-2] DEBUG org.asynchttpclient.netty.handler.HttpHandler - 

Request DefaultHttpRequest(decodeResult: success, version: HTTP/1.1)
POST /session/b4cca5e8496229ad8ca408bcc235bb61/element HTTP/1.1
User-Agent: selenium/4.7.1 (java windows)
Content-Length: 108
Content-Type: application/json; charset=utf-8
host: localhost:44285
accept: */*

Response DefaultHttpResponse(decodeResult: success, version: HTTP/1.1)
HTTP/1.1 200 OK
Content-Type: application/json; charset=utf-8
cache-control: no-cache
content-length: 94

22:52:34.320 [AsyncHttpClient-1-2] DEBUG org.asynchttpclient.netty.channel.ChannelManager - Adding key: http://localhost:44285 for channel [id: 0xe3113aab, L:/127.0.0.1:54757 - R:localhost/127.0.0.1:44285]
22:52:34.322 [Forwarding clickElement on session b4cca5e8496229ad8ca408bcc235bb61 to remote] DEBUG org.asynchttpclient.netty.request.NettyRequestSender - Using pooled Channel '[id: 0xe3113aab, L:/127.0.0.1:54757 - R:localhost/127.0.0.1:44285]' for 'POST' to 'http://localhost:44285/session/b4cca5e8496229ad8ca408bcc235bb61/element/26BD04037EB4AF7F4D76EBC901D4F243_element_6/click'
22:52:34.322 [Forwarding clickElement on session b4cca5e8496229ad8ca408bcc235bb61 to remote] DEBUG org.asynchttpclient.netty.request.NettyRequestSender - Using open Channel [id: 0xe3113aab, L:/127.0.0.1:54757 - R:localhost/127.0.0.1:44285] for POST '/session/b4cca5e8496229ad8ca408bcc235bb61/element/26BD04037EB4AF7F4D76EBC901D4F243_element_6/click'
22:52:34.349 [AsyncHttpClient-1-2] DEBUG org.asynchttpclient.netty.handler.HttpHandler - 

Request DefaultHttpRequest(decodeResult: success, version: HTTP/1.1)
POST /session/b4cca5e8496229ad8ca408bcc235bb61/element/26BD04037EB4AF7F4D76EBC901D4F243_element_6/click HTTP/1.1
User-Agent: selenium/4.7.1 (java windows)
Content-Length: 56
Content-Type: application/json; charset=utf-8
host: localhost:44285
accept: */*

Response DefaultHttpResponse(decodeResult: success, version: HTTP/1.1)
HTTP/1.1 400 Bad Request
Content-Type: application/json; charset=utf-8
cache-control: no-cache
content-length: 922

22:52:34.350 [AsyncHttpClient-1-2] DEBUG org.asynchttpclient.netty.channel.ChannelManager - Adding key: http://localhost:44285 for channel [id: 0xe3113aab, L:/127.0.0.1:54757 - R:localhost/127.0.0.1:44285]
22:52:34.605 [Forwarding clickElement on session b4cca5e8496229ad8ca408bcc235bb61 to remote] DEBUG org.asynchttpclient.netty.request.NettyRequestSender - Using pooled Channel '[id: 0xe3113aab, L:/127.0.0.1:54757 - R:localhost/127.0.0.1:44285]' for 'POST' to 'http://localhost:44285/session/b4cca5e8496229ad8ca408bcc235bb61/element/26BD04037EB4AF7F4D76EBC901D4F243_element_6/click'
22:52:34.605 [Forwarding clickElement on session b4cca5e8496229ad8ca408bcc235bb61 to remote] DEBUG org.asynchttpclient.netty.request.NettyRequestSender - Using open Channel [id: 0xe3113aab, L:/127.0.0.1:54757 - R:localhost/127.0.0.1:44285] for POST '/session/b4cca5e8496229ad8ca408bcc235bb61/element/26BD04037EB4AF7F4D76EBC901D4F243_element_6/click'
22:52:34.628 [AsyncHttpClient-1-2] DEBUG org.asynchttpclient.netty.handler.HttpHandler - 

Request DefaultHttpRequest(decodeResult: success, version: HTTP/1.1)
POST /session/b4cca5e8496229ad8ca408bcc235bb61/element/26BD04037EB4AF7F4D76EBC901D4F243_element_6/click HTTP/1.1
User-Agent: selenium/4.7.1 (java windows)
Content-Length: 56
Content-Type: application/json; charset=utf-8
host: localhost:44285
accept: */*

Response DefaultHttpResponse(decodeResult: success, version: HTTP/1.1)
HTTP/1.1 400 Bad Request
Content-Type: application/json; charset=utf-8
cache-control: no-cache
content-length: 922

22:52:34.628 [AsyncHttpClient-1-2] DEBUG org.asynchttpclient.netty.channel.ChannelManager - Adding key: http://localhost:44285 for channel [id: 0xe3113aab, L:/127.0.0.1:54757 - R:localhost/127.0.0.1:44285]
22:52:34.693 [AsyncHttpClient-1-1] DEBUG org.asynchttpclient.netty.channel.DefaultChannelPool - Entry count for : http://localhost:54758 : 1
22:52:34.693 [AsyncHttpClient-1-1] DEBUG org.asynchttpclient.netty.channel.DefaultChannelPool - Entry count for : http://localhost:44285 : 1
22:52:34.886 [Forwarding clickElement on session b4cca5e8496229ad8ca408bcc235bb61 to remote] DEBUG org.asynchttpclient.netty.request.NettyRequestSender - Using pooled Channel '[id: 0xe3113aab, L:/127.0.0.1:54757 - R:localhost/127.0.0.1:44285]' for 'POST' to 'http://localhost:44285/session/b4cca5e8496229ad8ca408bcc235bb61/element/26BD04037EB4AF7F4D76EBC901D4F243_element_6/click'
22:52:34.886 [Forwarding clickElement on session b4cca5e8496229ad8ca408bcc235bb61 to remote] DEBUG org.asynchttpclient.netty.request.NettyRequestSender - Using open Channel [id: 0xe3113aab, L:/127.0.0.1:54757 - R:localhost/127.0.0.1:44285] for POST '/session/b4cca5e8496229ad8ca408bcc235bb61/element/26BD04037EB4AF7F4D76EBC901D4F243_element_6/click'
22:52:34.908 [AsyncHttpClient-1-2] DEBUG org.asynchttpclient.netty.handler.HttpHandler - 

Request DefaultHttpRequest(decodeResult: success, version: HTTP/1.1)
POST /session/b4cca5e8496229ad8ca408bcc235bb61/element/26BD04037EB4AF7F4D76EBC901D4F243_element_6/click HTTP/1.1
User-Agent: selenium/4.7.1 (java windows)
Content-Length: 56
Content-Type: application/json; charset=utf-8
host: localhost:44285
accept: */*

Response DefaultHttpResponse(decodeResult: success, version: HTTP/1.1)
HTTP/1.1 400 Bad Request
Content-Type: application/json; charset=utf-8
cache-control: no-cache
content-length: 922

22:52:34.908 [AsyncHttpClient-1-2] DEBUG org.asynchttpclient.netty.channel.ChannelManager - Adding key: http://localhost:44285 for channel [id: 0xe3113aab, L:/127.0.0.1:54757 - R:localhost/127.0.0.1:44285]
22:52:35.167 [Forwarding clickElement on session b4cca5e8496229ad8ca408bcc235bb61 to remote] DEBUG org.asynchttpclient.netty.request.NettyRequestSender - Using pooled Channel '[id: 0xe3113aab, L:/127.0.0.1:54757 - R:localhost/127.0.0.1:44285]' for 'POST' to 'http://localhost:44285/session/b4cca5e8496229ad8ca408bcc235bb61/element/26BD04037EB4AF7F4D76EBC901D4F243_element_6/click'
22:52:35.167 [Forwarding clickElement on session b4cca5e8496229ad8ca408bcc235bb61 to remote] DEBUG org.asynchttpclient.netty.request.NettyRequestSender - Using open Channel [id: 0xe3113aab, L:/127.0.0.1:54757 - R:localhost/127.0.0.1:44285] for POST '/session/b4cca5e8496229ad8ca408bcc235bb61/element/26BD04037EB4AF7F4D76EBC901D4F243_element_6/click'
22:52:35.190 [AsyncHttpClient-1-2] DEBUG org.asynchttpclient.netty.handler.HttpHandler - 

Request DefaultHttpRequest(decodeResult: success, version: HTTP/1.1)
POST /session/b4cca5e8496229ad8ca408bcc235bb61/element/26BD04037EB4AF7F4D76EBC901D4F243_element_6/click HTTP/1.1
User-Agent: selenium/4.7.1 (java windows)
Content-Length: 56
Content-Type: application/json; charset=utf-8
host: localhost:44285
accept: */*

Response DefaultHttpResponse(decodeResult: success, version: HTTP/1.1)
HTTP/1.1 400 Bad Request
Content-Type: application/json; charset=utf-8
cache-control: no-cache
content-length: 922

22:52:35.190 [AsyncHttpClient-1-2] DEBUG org.asynchttpclient.netty.channel.ChannelManager - Adding key: http://localhost:44285 for channel [id: 0xe3113aab, L:/127.0.0.1:54757 - R:localhost/127.0.0.1:44285]
22:52:35.462 [Forwarding clickElement on session b4cca5e8496229ad8ca408bcc235bb61 to remote] DEBUG org.asynchttpclient.netty.request.NettyRequestSender - Using pooled Channel '[id: 0xe3113aab, L:/127.0.0.1:54757 - R:localhost/127.0.0.1:44285]' for 'POST' to 'http://localhost:44285/session/b4cca5e8496229ad8ca408bcc235bb61/element/26BD04037EB4AF7F4D76EBC901D4F243_element_6/click'
22:52:35.462 [Forwarding clickElement on session b4cca5e8496229ad8ca408bcc235bb61 to remote] DEBUG org.asynchttpclient.netty.request.NettyRequestSender - Using open Channel [id: 0xe3113aab, L:/127.0.0.1:54757 - R:localhost/127.0.0.1:44285] for POST '/session/b4cca5e8496229ad8ca408bcc235bb61/element/26BD04037EB4AF7F4D76EBC901D4F243_element_6/click'
22:52:35.480 [AsyncHttpClient-1-2] DEBUG org.asynchttpclient.netty.handler.HttpHandler - 

Request DefaultHttpRequest(decodeResult: success, version: HTTP/1.1)
POST /session/b4cca5e8496229ad8ca408bcc235bb61/element/26BD04037EB4AF7F4D76EBC901D4F243_element_6/click HTTP/1.1
User-Agent: selenium/4.7.1 (java windows)
Content-Length: 56
Content-Type: application/json; charset=utf-8
host: localhost:44285
accept: */*

Response DefaultHttpResponse(decodeResult: success, version: HTTP/1.1)
HTTP/1.1 400 Bad Request
Content-Type: application/json; charset=utf-8
cache-control: no-cache
content-length: 922

22:52:35.480 [AsyncHttpClient-1-2] DEBUG org.asynchttpclient.netty.channel.ChannelManager - Adding key: http://localhost:44285 for channel [id: 0xe3113aab, L:/127.0.0.1:54757 - R:localhost/127.0.0.1:44285]
22:52:35.740 [Forwarding clickElement on session b4cca5e8496229ad8ca408bcc235bb61 to remote] DEBUG org.asynchttpclient.netty.request.NettyRequestSender - Using pooled Channel '[id: 0xe3113aab, L:/127.0.0.1:54757 - R:localhost/127.0.0.1:44285]' for 'POST' to 'http://localhost:44285/session/b4cca5e8496229ad8ca408bcc235bb61/element/26BD04037EB4AF7F4D76EBC901D4F243_element_6/click'
22:52:35.740 [Forwarding clickElement on session b4cca5e8496229ad8ca408bcc235bb61 to remote] DEBUG org.asynchttpclient.netty.request.NettyRequestSender - Using open Channel [id: 0xe3113aab, L:/127.0.0.1:54757 - R:localhost/127.0.0.1:44285] for POST '/session/b4cca5e8496229ad8ca408bcc235bb61/element/26BD04037EB4AF7F4D76EBC901D4F243_element_6/click'
22:52:35.760 [AsyncHttpClient-1-2] DEBUG org.asynchttpclient.netty.handler.HttpHandler - 

Request DefaultHttpRequest(decodeResult: success, version: HTTP/1.1)
POST /session/b4cca5e8496229ad8ca408bcc235bb61/element/26BD04037EB4AF7F4D76EBC901D4F243_element_6/click HTTP/1.1
User-Agent: selenium/4.7.1 (java windows)
Content-Length: 56
Content-Type: application/json; charset=utf-8
host: localhost:44285
accept: */*

Response DefaultHttpResponse(decodeResult: success, version: HTTP/1.1)
HTTP/1.1 400 Bad Request
Content-Type: application/json; charset=utf-8
cache-control: no-cache
content-length: 922

22:52:35.762 [AsyncHttpClient-1-2] DEBUG org.asynchttpclient.netty.channel.ChannelManager - Adding key: http://localhost:44285 for channel [id: 0xe3113aab, L:/127.0.0.1:54757 - R:localhost/127.0.0.1:44285]
22:52:35.795 [AsyncHttpClient-1-1] DEBUG org.asynchttpclient.netty.channel.DefaultChannelPool - Entry count for : http://localhost:54758 : 1
22:52:35.795 [AsyncHttpClient-1-1] DEBUG org.asynchttpclient.netty.channel.DefaultChannelPool - Entry count for : http://localhost:44285 : 1
22:52:36.030 [Forwarding clickElement on session b4cca5e8496229ad8ca408bcc235bb61 to remote] DEBUG org.asynchttpclient.netty.request.NettyRequestSender - Using pooled Channel '[id: 0xe3113aab, L:/127.0.0.1:54757 - R:localhost/127.0.0.1:44285]' for 'POST' to 'http://localhost:44285/session/b4cca5e8496229ad8ca408bcc235bb61/element/26BD04037EB4AF7F4D76EBC901D4F243_element_6/click'
22:52:36.030 [Forwarding clickElement on session b4cca5e8496229ad8ca408bcc235bb61 to remote] DEBUG org.asynchttpclient.netty.request.NettyRequestSender - Using open Channel [id: 0xe3113aab, L:/127.0.0.1:54757 - R:localhost/127.0.0.1:44285] for POST '/session/b4cca5e8496229ad8ca408bcc235bb61/element/26BD04037EB4AF7F4D76EBC901D4F243_element_6/click'
22:52:36.052 [AsyncHttpClient-1-2] DEBUG org.asynchttpclient.netty.handler.HttpHandler - 

Request DefaultHttpRequest(decodeResult: success, version: HTTP/1.1)
POST /session/b4cca5e8496229ad8ca408bcc235bb61/element/26BD04037EB4AF7F4D76EBC901D4F243_element_6/click HTTP/1.1
User-Agent: selenium/4.7.1 (java windows)
Content-Length: 56
Content-Type: application/json; charset=utf-8
host: localhost:44285
accept: */*

Response DefaultHttpResponse(decodeResult: success, version: HTTP/1.1)
HTTP/1.1 400 Bad Request
Content-Type: application/json; charset=utf-8
cache-control: no-cache
content-length: 922

22:52:36.053 [AsyncHttpClient-1-2] DEBUG org.asynchttpclient.netty.channel.ChannelManager - Adding key: http://localhost:44285 for channel [id: 0xe3113aab, L:/127.0.0.1:54757 - R:localhost/127.0.0.1:44285]
22:52:36.310 [Forwarding clickElement on session b4cca5e8496229ad8ca408bcc235bb61 to remote] DEBUG org.asynchttpclient.netty.request.NettyRequestSender - Using pooled Channel '[id: 0xe3113aab, L:/127.0.0.1:54757 - R:localhost/127.0.0.1:44285]' for 'POST' to 'http://localhost:44285/session/b4cca5e8496229ad8ca408bcc235bb61/element/26BD04037EB4AF7F4D76EBC901D4F243_element_6/click'
22:52:36.312 [Forwarding clickElement on session b4cca5e8496229ad8ca408bcc235bb61 to remote] DEBUG org.asynchttpclient.netty.request.NettyRequestSender - Using open Channel [id: 0xe3113aab, L:/127.0.0.1:54757 - R:localhost/127.0.0.1:44285] for POST '/session/b4cca5e8496229ad8ca408bcc235bb61/element/26BD04037EB4AF7F4D76EBC901D4F243_element_6/click'
22:52:36.335 [AsyncHttpClient-1-2] DEBUG org.asynchttpclient.netty.handler.HttpHandler - 

Request DefaultHttpRequest(decodeResult: success, version: HTTP/1.1)
POST /session/b4cca5e8496229ad8ca408bcc235bb61/element/26BD04037EB4AF7F4D76EBC901D4F243_element_6/click HTTP/1.1
User-Agent: selenium/4.7.1 (java windows)
Content-Length: 56
Content-Type: application/json; charset=utf-8
host: localhost:44285
accept: */*

Response DefaultHttpResponse(decodeResult: success, version: HTTP/1.1)
HTTP/1.1 400 Bad Request
Content-Type: application/json; charset=utf-8
cache-control: no-cache
content-length: 922

22:52:36.335 [AsyncHttpClient-1-2] DEBUG org.asynchttpclient.netty.channel.ChannelManager - Adding key: http://localhost:44285 for channel [id: 0xe3113aab, L:/127.0.0.1:54757 - R:localhost/127.0.0.1:44285]
22:52:36.596 [Forwarding clickElement on session b4cca5e8496229ad8ca408bcc235bb61 to remote] DEBUG org.asynchttpclient.netty.request.NettyRequestSender - Using pooled Channel '[id: 0xe3113aab, L:/127.0.0.1:54757 - R:localhost/127.0.0.1:44285]' for 'POST' to 'http://localhost:44285/session/b4cca5e8496229ad8ca408bcc235bb61/element/26BD04037EB4AF7F4D76EBC901D4F243_element_6/click'
22:52:36.596 [Forwarding clickElement on session b4cca5e8496229ad8ca408bcc235bb61 to remote] DEBUG org.asynchttpclient.netty.request.NettyRequestSender - Using open Channel [id: 0xe3113aab, L:/127.0.0.1:54757 - R:localhost/127.0.0.1:44285] for POST '/session/b4cca5e8496229ad8ca408bcc235bb61/element/26BD04037EB4AF7F4D76EBC901D4F243_element_6/click'
22:52:36.618 [AsyncHttpClient-1-2] DEBUG org.asynchttpclient.netty.handler.HttpHandler - 

Request DefaultHttpRequest(decodeResult: success, version: HTTP/1.1)
POST /session/b4cca5e8496229ad8ca408bcc235bb61/element/26BD04037EB4AF7F4D76EBC901D4F243_element_6/click HTTP/1.1
User-Agent: selenium/4.7.1 (java windows)
Content-Length: 56
Content-Type: application/json; charset=utf-8
host: localhost:44285
accept: */*

Response DefaultHttpResponse(decodeResult: success, version: HTTP/1.1)
HTTP/1.1 400 Bad Request
Content-Type: application/json; charset=utf-8
cache-control: no-cache
content-length: 922

22:52:36.618 [AsyncHttpClient-1-2] DEBUG org.asynchttpclient.netty.channel.ChannelManager - Adding key: http://localhost:44285 for channel [id: 0xe3113aab, L:/127.0.0.1:54757 - R:localhost/127.0.0.1:44285]
22:52:36.873 [Forwarding clickElement on session b4cca5e8496229ad8ca408bcc235bb61 to remote] DEBUG org.asynchttpclient.netty.request.NettyRequestSender - Using pooled Channel '[id: 0xe3113aab, L:/127.0.0.1:54757 - R:localhost/127.0.0.1:44285]' for 'POST' to 'http://localhost:44285/session/b4cca5e8496229ad8ca408bcc235bb61/element/26BD04037EB4AF7F4D76EBC901D4F243_element_6/click'
22:52:36.873 [Forwarding clickElement on session b4cca5e8496229ad8ca408bcc235bb61 to remote] DEBUG org.asynchttpclient.netty.request.NettyRequestSender - Using open Channel [id: 0xe3113aab, L:/127.0.0.1:54757 - R:localhost/127.0.0.1:44285] for POST '/session/b4cca5e8496229ad8ca408bcc235bb61/element/26BD04037EB4AF7F4D76EBC901D4F243_element_6/click'
22:52:36.888 [AsyncHttpClient-1-1] DEBUG org.asynchttpclient.netty.channel.DefaultChannelPool - Entry count for : http://localhost:54758 : 1
22:52:36.891 [AsyncHttpClient-1-2] DEBUG org.asynchttpclient.netty.handler.HttpHandler - 

Request DefaultHttpRequest(decodeResult: success, version: HTTP/1.1)
POST /session/b4cca5e8496229ad8ca408bcc235bb61/element/26BD04037EB4AF7F4D76EBC901D4F243_element_6/click HTTP/1.1
User-Agent: selenium/4.7.1 (java windows)
Content-Length: 56
Content-Type: application/json; charset=utf-8
host: localhost:44285
accept: */*

Response DefaultHttpResponse(decodeResult: success, version: HTTP/1.1)
HTTP/1.1 400 Bad Request
Content-Type: application/json; charset=utf-8
cache-control: no-cache
content-length: 922

22:52:36.891 [AsyncHttpClient-1-2] DEBUG org.asynchttpclient.netty.channel.ChannelManager - Adding key: http://localhost:44285 for channel [id: 0xe3113aab, L:/127.0.0.1:54757 - R:localhost/127.0.0.1:44285]
22:52:37.149 [Forwarding clickElement on session b4cca5e8496229ad8ca408bcc235bb61 to remote] DEBUG org.asynchttpclient.netty.request.NettyRequestSender - Using pooled Channel '[id: 0xe3113aab, L:/127.0.0.1:54757 - R:localhost/127.0.0.1:44285]' for 'POST' to 'http://localhost:44285/session/b4cca5e8496229ad8ca408bcc235bb61/element/26BD04037EB4AF7F4D76EBC901D4F243_element_6/click'
22:52:37.149 [Forwarding clickElement on session b4cca5e8496229ad8ca408bcc235bb61 to remote] DEBUG org.asynchttpclient.netty.request.NettyRequestSender - Using open Channel [id: 0xe3113aab, L:/127.0.0.1:54757 - R:localhost/127.0.0.1:44285] for POST '/session/b4cca5e8496229ad8ca408bcc235bb61/element/26BD04037EB4AF7F4D76EBC901D4F243_element_6/click'
22:52:37.167 [AsyncHttpClient-1-2] DEBUG org.asynchttpclient.netty.handler.HttpHandler - 

Request DefaultHttpRequest(decodeResult: success, version: HTTP/1.1)
POST /session/b4cca5e8496229ad8ca408bcc235bb61/element/26BD04037EB4AF7F4D76EBC901D4F243_element_6/click HTTP/1.1
User-Agent: selenium/4.7.1 (java windows)
Content-Length: 56
Content-Type: application/json; charset=utf-8
host: localhost:44285
accept: */*

Response DefaultHttpResponse(decodeResult: success, version: HTTP/1.1)
HTTP/1.1 400 Bad Request
Content-Type: application/json; charset=utf-8
cache-control: no-cache
content-length: 922

22:52:37.167 [AsyncHttpClient-1-2] DEBUG org.asynchttpclient.netty.channel.ChannelManager - Adding key: http://localhost:44285 for channel [id: 0xe3113aab, L:/127.0.0.1:54757 - R:localhost/127.0.0.1:44285]
22:52:37.424 [Forwarding clickElement on session b4cca5e8496229ad8ca408bcc235bb61 to remote] DEBUG org.asynchttpclient.netty.request.NettyRequestSender - Using pooled Channel '[id: 0xe3113aab, L:/127.0.0.1:54757 - R:localhost/127.0.0.1:44285]' for 'POST' to 'http://localhost:44285/session/b4cca5e8496229ad8ca408bcc235bb61/element/26BD04037EB4AF7F4D76EBC901D4F243_element_6/click'
22:52:37.424 [Forwarding clickElement on session b4cca5e8496229ad8ca408bcc235bb61 to remote] DEBUG org.asynchttpclient.netty.request.NettyRequestSender - Using open Channel [id: 0xe3113aab, L:/127.0.0.1:54757 - R:localhost/127.0.0.1:44285] for POST '/session/b4cca5e8496229ad8ca408bcc235bb61/element/26BD04037EB4AF7F4D76EBC901D4F243_element_6/click'
22:52:37.442 [AsyncHttpClient-1-2] DEBUG org.asynchttpclient.netty.handler.HttpHandler - 

Request DefaultHttpRequest(decodeResult: success, version: HTTP/1.1)
POST /session/b4cca5e8496229ad8ca408bcc235bb61/element/26BD04037EB4AF7F4D76EBC901D4F243_element_6/click HTTP/1.1
User-Agent: selenium/4.7.1 (java windows)
Content-Length: 56
Content-Type: application/json; charset=utf-8
host: localhost:44285
accept: */*

Response DefaultHttpResponse(decodeResult: success, version: HTTP/1.1)
HTTP/1.1 400 Bad Request
Content-Type: application/json; charset=utf-8
cache-control: no-cache
content-length: 922

22:52:37.442 [AsyncHttpClient-1-2] DEBUG org.asynchttpclient.netty.channel.ChannelManager - Adding key: http://localhost:44285 for channel [id: 0xe3113aab, L:/127.0.0.1:54757 - R:localhost/127.0.0.1:44285]
22:52:37.718 [Forwarding getCurrentWindowHandle on session b4cca5e8496229ad8ca408bcc235bb61 to remote] DEBUG org.asynchttpclient.netty.request.NettyRequestSender - Using pooled Channel '[id: 0xe3113aab, L:/127.0.0.1:54757 - R:localhost/127.0.0.1:44285]' for 'GET' to 'http://localhost:44285/session/b4cca5e8496229ad8ca408bcc235bb61/window'
22:52:37.719 [Forwarding getCurrentWindowHandle on session b4cca5e8496229ad8ca408bcc235bb61 to remote] DEBUG org.asynchttpclient.netty.request.NettyRequestSender - Using open Channel [id: 0xe3113aab, L:/127.0.0.1:54757 - R:localhost/127.0.0.1:44285] for GET '/session/b4cca5e8496229ad8ca408bcc235bb61/window'
22:52:37.719 [AsyncHttpClient-1-2] DEBUG org.asynchttpclient.netty.handler.HttpHandler - 

Request DefaultFullHttpRequest(decodeResult: success, version: HTTP/1.1, content: EmptyByteBufBE)
GET /session/b4cca5e8496229ad8ca408bcc235bb61/window HTTP/1.1
User-Agent: selenium/4.7.1 (java windows)
Cache-Control: no-cache
Content-Type: application/json; charset=utf-8
host: localhost:44285
accept: */*

Response DefaultHttpResponse(decodeResult: success, version: HTTP/1.1)
HTTP/1.1 200 OK
Content-Type: application/json; charset=utf-8
cache-control: no-cache
content-length: 44

22:52:37.719 [AsyncHttpClient-1-2] DEBUG org.asynchttpclient.netty.channel.ChannelManager - Adding key: http://localhost:44285 for channel [id: 0xe3113aab, L:/127.0.0.1:54757 - R:localhost/127.0.0.1:44285]
22:52:37.719 [Forwarding getAlertText on session b4cca5e8496229ad8ca408bcc235bb61 to remote] DEBUG org.asynchttpclient.netty.request.NettyRequestSender - Using pooled Channel '[id: 0xe3113aab, L:/127.0.0.1:54757 - R:localhost/127.0.0.1:44285]' for 'GET' to 'http://localhost:44285/session/b4cca5e8496229ad8ca408bcc235bb61/alert/text'
22:52:37.719 [Forwarding getAlertText on session b4cca5e8496229ad8ca408bcc235bb61 to remote] DEBUG org.asynchttpclient.netty.request.NettyRequestSender - Using open Channel [id: 0xe3113aab, L:/127.0.0.1:54757 - R:localhost/127.0.0.1:44285] for GET '/session/b4cca5e8496229ad8ca408bcc235bb61/alert/text'
22:52:37.719 [AsyncHttpClient-1-2] DEBUG org.asynchttpclient.netty.handler.HttpHandler - 

Request DefaultFullHttpRequest(decodeResult: success, version: HTTP/1.1, content: EmptyByteBufBE)
GET /session/b4cca5e8496229ad8ca408bcc235bb61/alert/text HTTP/1.1
User-Agent: selenium/4.7.1 (java windows)
Cache-Control: no-cache
Content-Type: application/json; charset=utf-8
host: localhost:44285
accept: */*

Response DefaultHttpResponse(decodeResult: success, version: HTTP/1.1)
HTTP/1.1 404 Not Found
Content-Type: application/json; charset=utf-8
cache-control: no-cache
content-length: 821

22:52:37.719 [AsyncHttpClient-1-2] DEBUG org.asynchttpclient.netty.channel.ChannelManager - Adding key: http://localhost:44285 for channel [id: 0xe3113aab, L:/127.0.0.1:54757 - R:localhost/127.0.0.1:44285]
22:52:37.719 [Forwarding switchToWindow on session b4cca5e8496229ad8ca408bcc235bb61 to remote] DEBUG org.asynchttpclient.netty.request.NettyRequestSender - Using pooled Channel '[id: 0xe3113aab, L:/127.0.0.1:54757 - R:localhost/127.0.0.1:44285]' for 'POST' to 'http://localhost:44285/session/b4cca5e8496229ad8ca408bcc235bb61/window'
22:52:37.719 [Forwarding switchToWindow on session b4cca5e8496229ad8ca408bcc235bb61 to remote] DEBUG org.asynchttpclient.netty.request.NettyRequestSender - Using open Channel [id: 0xe3113aab, L:/127.0.0.1:54757 - R:localhost/127.0.0.1:44285] for POST '/session/b4cca5e8496229ad8ca408bcc235bb61/window'
22:52:37.719 [AsyncHttpClient-1-2] DEBUG org.asynchttpclient.netty.handler.HttpHandler - 

Request DefaultHttpRequest(decodeResult: success, version: HTTP/1.1)
POST /session/b4cca5e8496229ad8ca408bcc235bb61/window HTTP/1.1
User-Agent: selenium/4.7.1 (java windows)
Content-Length: 50
Content-Type: application/json; charset=utf-8
host: localhost:44285
accept: */*

Response DefaultHttpResponse(decodeResult: success, version: HTTP/1.1)
HTTP/1.1 200 OK
Content-Type: application/json; charset=utf-8
cache-control: no-cache
content-length: 14

22:52:37.719 [AsyncHttpClient-1-2] DEBUG org.asynchttpclient.netty.channel.ChannelManager - Adding key: http://localhost:44285 for channel [id: 0xe3113aab, L:/127.0.0.1:54757 - R:localhost/127.0.0.1:44285]
22:52:37.719 [Forwarding getCurrentUrl on session b4cca5e8496229ad8ca408bcc235bb61 to remote] DEBUG org.asynchttpclient.netty.request.NettyRequestSender - Using pooled Channel '[id: 0xe3113aab, L:/127.0.0.1:54757 - R:localhost/127.0.0.1:44285]' for 'GET' to 'http://localhost:44285/session/b4cca5e8496229ad8ca408bcc235bb61/url'
22:52:37.719 [Forwarding getCurrentUrl on session b4cca5e8496229ad8ca408bcc235bb61 to remote] DEBUG org.asynchttpclient.netty.request.NettyRequestSender - Using open Channel [id: 0xe3113aab, L:/127.0.0.1:54757 - R:localhost/127.0.0.1:44285] for GET '/session/b4cca5e8496229ad8ca408bcc235bb61/url'
22:52:37.739 [AsyncHttpClient-1-2] DEBUG org.asynchttpclient.netty.handler.HttpHandler - 

Request DefaultFullHttpRequest(decodeResult: success, version: HTTP/1.1, content: EmptyByteBufBE)
GET /session/b4cca5e8496229ad8ca408bcc235bb61/url HTTP/1.1
User-Agent: selenium/4.7.1 (java windows)
Cache-Control: no-cache
Content-Type: application/json; charset=utf-8
host: localhost:44285
accept: */*

Response DefaultHttpResponse(decodeResult: success, version: HTTP/1.1)
HTTP/1.1 200 OK
Content-Type: application/json; charset=utf-8
cache-control: no-cache
content-length: 40

22:52:37.739 [AsyncHttpClient-1-2] DEBUG org.asynchttpclient.netty.channel.ChannelManager - Adding key: http://localhost:44285 for channel [id: 0xe3113aab, L:/127.0.0.1:54757 - R:localhost/127.0.0.1:44285]
22:52:37.739 [Forwarding screenshot on session b4cca5e8496229ad8ca408bcc235bb61 to remote] DEBUG org.asynchttpclient.netty.request.NettyRequestSender - Using pooled Channel '[id: 0xe3113aab, L:/127.0.0.1:54757 - R:localhost/127.0.0.1:44285]' for 'GET' to 'http://localhost:44285/session/b4cca5e8496229ad8ca408bcc235bb61/screenshot'
22:52:37.742 [Forwarding screenshot on session b4cca5e8496229ad8ca408bcc235bb61 to remote] DEBUG org.asynchttpclient.netty.request.NettyRequestSender - Using open Channel [id: 0xe3113aab, L:/127.0.0.1:54757 - R:localhost/127.0.0.1:44285] for GET '/session/b4cca5e8496229ad8ca408bcc235bb61/screenshot'
22:52:37.832 [AsyncHttpClient-1-2] DEBUG org.asynchttpclient.netty.handler.HttpHandler - 

Request DefaultFullHttpRequest(decodeResult: success, version: HTTP/1.1, content: EmptyByteBufBE)
GET /session/b4cca5e8496229ad8ca408bcc235bb61/screenshot HTTP/1.1
User-Agent: selenium/4.7.1 (java windows)
Cache-Control: no-cache
Content-Type: application/json; charset=utf-8
host: localhost:44285
accept: */*

Response DefaultHttpResponse(decodeResult: success, version: HTTP/1.1)
HTTP/1.1 200 OK
Content-Type: application/json; charset=utf-8
cache-control: no-cache
content-length: 163592

22:52:37.834 [AsyncHttpClient-1-2] DEBUG org.asynchttpclient.netty.channel.ChannelManager - Adding key: http://localhost:44285 for channel [id: 0xe3113aab, L:/127.0.0.1:54757 - R:localhost/127.0.0.1:44285]
22:52:37.843 [main] DEBUG net.serenitybdd.core.photography.Darkroom - Send negative for processing for target\site\serenity\f1c73a97e44dcf406e3bd0dfc3ec9901166c128856696a8980dc7ff069dd84d5.png
22:52:37.843 [Forwarding getPageSource on session b4cca5e8496229ad8ca408bcc235bb61 to remote] DEBUG org.asynchttpclient.netty.request.NettyRequestSender - Using pooled Channel '[id: 0xe3113aab, L:/127.0.0.1:54757 - R:localhost/127.0.0.1:44285]' for 'POST' to 'http://localhost:44285/session/b4cca5e8496229ad8ca408bcc235bb61/execute/sync'
22:52:37.849 [Forwarding getPageSource on session b4cca5e8496229ad8ca408bcc235bb61 to remote] DEBUG org.asynchttpclient.netty.request.NettyRequestSender - Using open Channel [id: 0xe3113aab, L:/127.0.0.1:54757 - R:localhost/127.0.0.1:44285] for POST '/session/b4cca5e8496229ad8ca408bcc235bb61/execute/sync'
22:52:37.861 [AsyncHttpClient-1-2] DEBUG org.asynchttpclient.netty.handler.HttpHandler - 

Request DefaultHttpRequest(decodeResult: success, version: HTTP/1.1)
POST /session/b4cca5e8496229ad8ca408bcc235bb61/execute/sync HTTP/1.1
User-Agent: selenium/4.7.1 (java windows)
Content-Length: 176
Content-Type: application/json; charset=utf-8
host: localhost:44285
accept: */*

Response DefaultHttpResponse(decodeResult: success, version: HTTP/1.1)
HTTP/1.1 200 OK
Content-Type: application/json; charset=utf-8
cache-control: no-cache
content-length: 60522

22:52:37.862 [AsyncHttpClient-1-2] DEBUG org.asynchttpclient.netty.channel.ChannelManager - Adding key: http://localhost:44285 for channel [id: 0xe3113aab, L:/127.0.0.1:54757 - R:localhost/127.0.0.1:44285]
22:52:37.981 [AsyncHttpClient-1-1] DEBUG org.asynchttpclient.netty.channel.DefaultChannelPool - Entry count for : http://localhost:54758 : 1
22:52:37.981 [AsyncHttpClient-1-1] DEBUG org.asynchttpclient.netty.channel.DefaultChannelPool - Entry count for : http://localhost:44285 : 1
22:52:37.985 [Forwarding getCurrentUrl on session b4cca5e8496229ad8ca408bcc235bb61 to remote] DEBUG org.asynchttpclient.netty.request.NettyRequestSender - Using pooled Channel '[id: 0xe3113aab, L:/127.0.0.1:54757 - R:localhost/127.0.0.1:44285]' for 'GET' to 'http://localhost:44285/session/b4cca5e8496229ad8ca408bcc235bb61/url'
22:52:37.985 [Forwarding getCurrentUrl on session b4cca5e8496229ad8ca408bcc235bb61 to remote] DEBUG org.asynchttpclient.netty.request.NettyRequestSender - Using open Channel [id: 0xe3113aab, L:/127.0.0.1:54757 - R:localhost/127.0.0.1:44285] for GET '/session/b4cca5e8496229ad8ca408bcc235bb61/url'
22:52:37.998 [AsyncHttpClient-1-2] DEBUG org.asynchttpclient.netty.handler.HttpHandler - 

Request DefaultFullHttpRequest(decodeResult: success, version: HTTP/1.1, content: EmptyByteBufBE)
GET /session/b4cca5e8496229ad8ca408bcc235bb61/url HTTP/1.1
User-Agent: selenium/4.7.1 (java windows)
Cache-Control: no-cache
Content-Type: application/json; charset=utf-8
host: localhost:44285
accept: */*

Response DefaultHttpResponse(decodeResult: success, version: HTTP/1.1)
HTTP/1.1 200 OK
Content-Type: application/json; charset=utf-8
cache-control: no-cache
content-length: 40

22:52:37.999 [AsyncHttpClient-1-2] DEBUG org.asynchttpclient.netty.channel.ChannelManager - Adding key: http://localhost:44285 for channel [id: 0xe3113aab, L:/127.0.0.1:54757 - R:localhost/127.0.0.1:44285]
  &amp#27;[31mThen &amp#27;[0m&amp#27;[31mUser klik &amp#27;[0m&amp#27;[31m&amp#27;[1m"tentang kami"&amp#27;[0m                              &amp#27;[90m# starter.stepdefinitions.TentangKamiSteps.userKlik(java.lang.String)&amp#27;[0m
      &amp#27;[31morg.openqa.selenium.ElementNotInteractableException: element not interactable: element has zero size
  (Session info: chrome=114.0.5735.133)
Build info: version: '4.7.1', revision: 'c6795baf1a3'
System info: os.name: 'Windows 11', os.arch: 'amd64', os.version: '10.0', java.version: '19.0.2'
Driver info: org.openqa.selenium.chrome.ChromeDriver
Command: [b4cca5e8496229ad8ca408bcc235bb61, clickElement {id=26BD04037EB4AF7F4D76EBC901D4F243_element_6}]
Capabilities {acceptInsecureCerts: true, browserName: chrome, browserVersion: 114.0.5735.133, chrome: {chromedriverVersion: 114.0.5735.90 (386bc09e8f4f..., userDataDir: C:\Users\HP\AppData\Local\T...}, goog:chromeOptions: {debuggerAddress: localhost:54758}, networkConnectionEnabled: false, pageLoadStrategy: normal, platformName: WINDOWS, proxy: Proxy(), se:cdp: ws://localhost:54758/devtoo..., se:cdpVersion: 114.0.5735.133, setWindowRect: true, strictFileInteractability: false, timeouts: {implicit: 0, pageLoad: 300000, script: 30000}, unhandledPromptBehavior: dismiss and notify, webauthn:extension:credBlob: true, webauthn:extension:largeBlob: true, webauthn:extension:minPinLength: true, webauthn:extension:prf: true, webauthn:virtualAuthenticators: true}
Element: [[ChromeDriver: chrome on WINDOWS (b4cca5e8496229ad8ca408bcc235bb61)] -> xpath: //h1[@class="sc-eLqIir fulApB" and text()="Tentang Kami"]]
Session ID: b4cca5e8496229ad8ca408bcc235bb61
	at java.base/jdk.internal.reflect.DirectConstructorHandleAccessor.newInstance(DirectConstructorHandleAccessor.java:67)
	at java.base/java.lang.reflect.Constructor.newInstanceWithCaller(Constructor.java:500)
	at java.base/java.lang.reflect.Constructor.newInstance(Constructor.java:484)
	at org.openqa.selenium.remote.codec.w3c.W3CHttpResponseCodec.createException(W3CHttpResponseCodec.java:200)
	at org.openqa.selenium.remote.codec.w3c.W3CHttpResponseCodec.decode(W3CHttpResponseCodec.java:133)
	at org.openqa.selenium.remote.codec.w3c.W3CHttpResponseCodec.decode(W3CHttpResponseCodec.java:53)
	at org.openqa.selenium.remote.HttpCommandExecutor.execute(HttpCommandExecutor.java:184)
	at org.openqa.selenium.remote.service.DriverCommandExecutor.invokeExecute(DriverCommandExecutor.java:167)
	at org.openqa.selenium.remote.service.DriverCommandExecutor.execute(DriverCommandExecutor.java:142)
	at org.openqa.selenium.remote.RemoteWebDriver.execute(RemoteWebDriver.java:551)
	at org.openqa.selenium.remote.RemoteWebElement.execute(RemoteWebElement.java:257)
	at org.openqa.selenium.remote.RemoteWebElement.click(RemoteWebElement.java:78)
	at net.serenitybdd.core.pages.WebElementFacadeImpl.lambda$click$6(WebElementFacadeImpl.java:1213)
	at net.serenitybdd.core.pages.WithRetries.perform(WithRetries.java:22)
	at net.serenitybdd.core.pages.WithRetries.perform(WithRetries.java:27)
	at net.serenitybdd.core.pages.WithRetries.perform(WithRetries.java:27)
	at net.serenitybdd.core.pages.WithRetries.perform(WithRetries.java:27)
	at net.serenitybdd.core.pages.WithRetries.perform(WithRetries.java:27)
	at net.serenitybdd.core.pages.WithRetries.perform(WithRetries.java:27)
	at net.serenitybdd.core.pages.WithRetries.perform(WithRetries.java:27)
	at net.serenitybdd.core.pages.WithRetries.perform(WithRetries.java:27)
	at net.serenitybdd.core.pages.WithRetries.perform(WithRetries.java:27)
	at net.serenitybdd.core.pages.WithRetries.perform(WithRetries.java:27)
	at net.serenitybdd.core.pages.WithRetries.perform(WithRetries.java:27)
	at net.serenitybdd.core.pages.WithRetries.perform(WithRetries.java:27)
	at net.serenitybdd.core.pages.WebElementFacadeImpl.click(WebElementFacadeImpl.java:1213)
	at net.serenitybdd.core.pages.WebElementFacadeImpl.click(WebElementFacadeImpl.java:1224)
	at skuypaylp@1.0-SNAPSHOT/starter.pages.TentangKamiPage.klikTentangKami(TentangKamiPage.java:25)
	at skuypaylp@1.0-SNAPSHOT/starter.pages.TentangKamiPage$ByteBuddy$4ahpPEK9.klikTentangKami$accessor$WZMqtU3G(Unknown Source)
	at java.base/jdk.internal.reflect.DirectMethodHandleAccessor.invoke(DirectMethodHandleAccessor.java:104)
	at java.base/java.lang.reflect.Method.invoke(Method.java:578)
	at net.thucydides.core.steps.StepInterceptor.invokeMethod(StepInterceptor.java:503)
	at net.thucydides.core.steps.StepInterceptor.executeTestStepMethod(StepInterceptor.java:483)
	at net.thucydides.core.steps.StepInterceptor.runTestStep(StepInterceptor.java:457)
	at net.thucydides.core.steps.StepInterceptor.runOrSkipMethod(StepInterceptor.java:209)
	at net.thucydides.core.steps.StepInterceptor.testStepResult(StepInterceptor.java:196)
	at net.thucydides.core.steps.StepInterceptor.intercept(StepInterceptor.java:84)
	at net.thucydides.core.steps.ProxyConfiguration$InterceptorDispatcher.intercept(ProxyConfiguration.java:51)
	at skuypaylp@1.0-SNAPSHOT/starter.pages.TentangKamiPage$ByteBuddy$4ahpPEK9.klikTentangKami(Unknown Source)
	at skuypaylp@1.0-SNAPSHOT/starter.stepdefinitions.TentangKamiSteps.userKlik(TentangKamiSteps.java:19)
	at ✽.User klik "tentang kami"(file:///C:/Dev/CapstoneProjectBaru/SKUYPAY%20LANDING%20PAGE%20AUTOMATION/src/test/resources/features/TentangKami.feature:6)
&amp#27;[0m
  &amp#27;[36mAnd &amp#27;[0m&amp#27;[36mBergeser menuju section &amp#27;[0m&amp#27;[36m&amp#27;[1m"tentang kami"&amp#27;[0m&amp#27;[36m di landing page&amp#27;[0m &amp#27;[90m# starter.stepdefinitions.TentangKamiSteps.bergeserMenujuSectionDiLandingPage(java.lang.String)&amp#27;[0m
22:52:38.075 [main] ERROR  - 
  _____   ___   ___   _____     ___   ___   ___    ___    ___ 
 |_   _| | __| / __| |_   _|   | __| | _ \ | _ \  / _ \  | _ \
   | |   | _|  \__ \   | |     | _|  |   / |   / | (_) | |   /
   |_|   |___| |___/   |_|     |___| |_|_\ |_|_\  \___/  |_|_\

User ingin melihat "Tentang Kami"
---------------------------------------------------------------
22:52:38.075 [main] DEBUG  - RELATED ISSUES: 
22:52:38.085 [main] ERROR  -     Test failed at step: Klik tentang kami
22:52:38.086 [main] ERROR  -     element not interactable: element has zero size
22:52:38.173 [Driver Command Executor] DEBUG org.asynchttpclient.netty.request.NettyRequestSender - Using pooled Channel '[id: 0xe3113aab, L:/127.0.0.1:54757 - R:localhost/127.0.0.1:44285]' for 'DELETE' to 'http://localhost:44285/session/b4cca5e8496229ad8ca408bcc235bb61'
22:52:38.173 [Driver Command Executor] DEBUG org.asynchttpclient.netty.request.NettyRequestSender - Using open Channel [id: 0xe3113aab, L:/127.0.0.1:54757 - R:localhost/127.0.0.1:44285] for DELETE '/session/b4cca5e8496229ad8ca408bcc235bb61'
22:52:38.180 [AsyncHttpClient-1-4] DEBUG org.asynchttpclient.netty.handler.WebSocketHandler - Unexpected I/O exception on channel [id: 0xb8ad4ed4, L:/127.0.0.1:54766 - R:localhost/127.0.0.1:54758]
java.io.IOException: An established connection was aborted by the software in your host machine
	at java.base/sun.nio.ch.SocketDispatcher.read0(Native Method)
	at java.base/sun.nio.ch.SocketDispatcher.read(SocketDispatcher.java:46)
	at java.base/sun.nio.ch.IOUtil.readIntoNativeBuffer(IOUtil.java:339)
	at java.base/sun.nio.ch.IOUtil.read(IOUtil.java:293)
	at java.base/sun.nio.ch.IOUtil.read(IOUtil.java:268)
	at java.base/sun.nio.ch.SocketChannelImpl.read(SocketChannelImpl.java:425)
	at io.netty.buffer.PooledByteBuf.setBytes(PooledByteBuf.java:259)
	at io.netty.buffer.AbstractByteBuf.writeBytes(AbstractByteBuf.java:1132)
	at io.netty.channel.socket.nio.NioSocketChannel.doReadBytes(NioSocketChannel.java:357)
	at io.netty.channel.nio.AbstractNioByteChannel$NioByteUnsafe.read(AbstractNioByteChannel.java:151)
	at io.netty.channel.nio.NioEventLoop.processSelectedKey(NioEventLoop.java:788)
	at io.netty.channel.nio.NioEventLoop.processSelectedKeysOptimized(NioEventLoop.java:724)
	at io.netty.channel.nio.NioEventLoop.processSelectedKeys(NioEventLoop.java:650)
	at io.netty.channel.nio.NioEventLoop.run(NioEventLoop.java:562)
	at io.netty.util.concurrent.SingleThreadEventExecutor$4.run(SingleThreadEventExecutor.java:997)
	at io.netty.util.internal.ThreadExecutorMap$2.run(ThreadExecutorMap.java:74)
	at io.netty.util.concurrent.FastThreadLocalRunnable.run(FastThreadLocalRunnable.java:30)
	at java.base/java.lang.Thread.run(Thread.java:1589)
22:52:38.180 [AsyncHttpClient-1-4] DEBUG org.asynchttpclient.netty.handler.WebSocketHandler - Trying to recover from dead Channel: [id: 0xb8ad4ed4, L:/127.0.0.1:54766 - R:localhost/127.0.0.1:54758]
22:52:38.183 [AsyncHttpClient-1-4] DEBUG org.asynchttpclient.netty.handler.WebSocketHandler - Channel Closed: [id: 0xb8ad4ed4, L:/127.0.0.1:54766 ! R:localhost/127.0.0.1:54758] with attribute NettyResponseFuture{currentRetry=0,
	isDone=1,
	isCancelled=0,
	asyncHandler=org.asynchttpclient.ws.WebSocketUpgradeHandler@640e1fe3,
	nettyRequest=org.asynchttpclient.netty.request.NettyRequest@be117ee,
	future=java.util.concurrent.CompletableFuture@48ceb160[Completed normally],
	uri=ws://localhost:54758/devtools/browser/de919a8a-d7b8-40e1-a432-54945aec8017,
	keepAlive=true,
	redirectCount=0,
	timeoutsHolder=null,
	inAuth=0,
	touch=1686757958180}
22:52:38.185 [AsyncHttpClient-1-4] DEBUG org.asynchttpclient.netty.channel.ChannelManager - Closing Channel [id: 0xb8ad4ed4, L:/127.0.0.1:54766 ! R:localhost/127.0.0.1:54758] 
22:52:38.221 [AsyncHttpClient-1-3] DEBUG org.asynchttpclient.netty.handler.HttpHandler - Unexpected I/O exception on channel [id: 0x472b2d31, L:/127.0.0.1:54764 - R:localhost/127.0.0.1:54758]
java.net.SocketException: Connection reset
	at java.base/sun.nio.ch.SocketChannelImpl.throwConnectionReset(SocketChannelImpl.java:401)
	at java.base/sun.nio.ch.SocketChannelImpl.read(SocketChannelImpl.java:434)
	at io.netty.buffer.PooledByteBuf.setBytes(PooledByteBuf.java:259)
	at io.netty.buffer.AbstractByteBuf.writeBytes(AbstractByteBuf.java:1132)
	at io.netty.channel.socket.nio.NioSocketChannel.doReadBytes(NioSocketChannel.java:357)
	at io.netty.channel.nio.AbstractNioByteChannel$NioByteUnsafe.read(AbstractNioByteChannel.java:151)
	at io.netty.channel.nio.NioEventLoop.processSelectedKey(NioEventLoop.java:788)
	at io.netty.channel.nio.NioEventLoop.processSelectedKeysOptimized(NioEventLoop.java:724)
	at io.netty.channel.nio.NioEventLoop.processSelectedKeys(NioEventLoop.java:650)
	at io.netty.channel.nio.NioEventLoop.run(NioEventLoop.java:562)
	at io.netty.util.concurrent.SingleThreadEventExecutor$4.run(SingleThreadEventExecutor.java:997)
	at io.netty.util.internal.ThreadExecutorMap$2.run(ThreadExecutorMap.java:74)
	at io.netty.util.concurrent.FastThreadLocalRunnable.run(FastThreadLocalRunnable.java:30)
	at java.base/java.lang.Thread.run(Thread.java:1589)
22:52:38.221 [AsyncHttpClient-1-3] DEBUG org.asynchttpclient.netty.channel.ChannelManager - Closing Channel [id: 0x472b2d31, L:/127.0.0.1:54764 - R:localhost/127.0.0.1:54758] 
22:52:38.221 [AsyncHttpClient-1-3] DEBUG org.asynchttpclient.netty.handler.HttpHandler - Channel Closed: [id: 0x472b2d31, L:/127.0.0.1:54764 ! R:localhost/127.0.0.1:54758] with attribute DISCARD
22:52:38.255 [AsyncHttpClient-1-2] DEBUG org.asynchttpclient.netty.handler.HttpHandler - 

Request DefaultFullHttpRequest(decodeResult: success, version: HTTP/1.1, content: EmptyByteBufBE)
DELETE /session/b4cca5e8496229ad8ca408bcc235bb61 HTTP/1.1
User-Agent: selenium/4.7.1 (java windows)
Content-Type: application/json; charset=utf-8
host: localhost:44285
accept: */*

Response DefaultHttpResponse(decodeResult: success, version: HTTP/1.1)
HTTP/1.1 200 OK
Content-Type: application/json; charset=utf-8
cache-control: no-cache
content-length: 14

22:52:38.255 [AsyncHttpClient-1-2] DEBUG org.asynchttpclient.netty.channel.ChannelManager - Adding key: http://localhost:44285 for channel [id: 0xe3113aab, L:/127.0.0.1:54757 - R:localhost/127.0.0.1:44285]
22:52:38.364 [AsyncHttpClient-1-2] DEBUG org.asynchttpclient.netty.handler.HttpHandler - Channel Closed: [id: 0xe3113aab, L:/127.0.0.1:54757 ! R:localhost/127.0.0.1:44285] with attribute DISCARD
]]></system-out>
    <system-err><![CDATA[Starting ChromeDriver 114.0.5735.90 (386bc09e8f4f2e025eddae123f36f6263096ae49-refs/branch-heads/5735@{#1052}) on port 44285
Only local connections are allowed.
Please see https://chromedriver.chromium.org/security-considerations for suggestions on keeping ChromeDriver safe.
ChromeDriver was started successfully.
Jun 14, 2023 10:52:20 PM org.openqa.selenium.devtools.CdpVersionFinder findNearestMatch
WARNING: Unable to find CDP implementation matching 114
Jun 14, 2023 10:52:20 PM org.openqa.selenium.chromium.ChromiumDriver lambda$new$3
WARNING: Unable to find version of CDP to use for . You may need to include a dependency on a specific version of the CDP using something similar to `org.seleniumhq.selenium:selenium-devtools-v86:4.7.1` where the version ("v86") matches the version of the chromium-based browser you're using and the version number of the artifact is the same as Selenium's.
]]></system-err>
  </testcase>
</testsuite>