<?xml version="1.0" encoding="UTF-8" standalone="no"?><testsuite errors="0" failures="0" name="Login User" skipped="0" tests="4" time="1.13" timestamp="2023-06-23 05:56:00"><testcase name="User mendapatkan data token dari fitur login"/><testcase name="User tidak mendapatkan data token dari fitur login karena kredensial password tidak valid"/><testcase name="User tidak mendapatkan data token dari fitur login karena nama email tidak terdaftar"/><testcase name="User tidak mendapatkan data token dari fitur login karena parameter email tidak diisi"/></testsuite>