<?xml version="1.0" encoding="UTF-8" standalone="no"?><testsuite errors="0" failures="1" name="Login User" skipped="0" tests="4" time="6.14" timestamp="2023-06-17 01:50:16"><testcase name="User mendapatkan data token dari fitur login"/><testcase name="User tidak mendapatkan data token dari fitur login karena kredensial password tidak valid"/><testcase name="User tidak mendapatkan data token dari fitur login karena nama email tidak terdaftar"/><testcase name="User tidak mendapatkan data token dari fitur login karena parameter email tidak diisi"><failure message="1 expectation failed.&#10;JSON path message doesn't match.&#10;Expected: email field is required&#10;  Actual: user not found&#10;" type="java.lang.AssertionError">1 expectation failed.
JSON path message doesn't match.
Expected: email field is required
  Actual: user not found
</failure><system-err>1 expectation failed.
JSON path message doesn't match.
Expected: email field is required
  Actual: user not found
&#13;
io.restassured.internal.ResponseSpecificationImpl.validateResponseIfRequired(ResponseSpecificationImpl.groovy:696)&#13;
io.restassured.internal.ResponseSpecificationImpl.this$2$validateResponseIfRequired(ResponseSpecificationImpl.groovy)&#13;
io.restassured.internal.ResponseSpecificationImpl.body(ResponseSpecificationImpl.groovy:270)&#13;
io.restassured.internal.ResponseSpecificationImpl.body(ResponseSpecificationImpl.groovy:117)&#13;
io.restassured.internal.ValidatableResponseOptionsImpl.body(ValidatableResponseOptionsImpl.java:244)&#13;
apiskuypay@1.0-SNAPSHOT/starter.api.auth.LoginUser.lambda$iReceiveerrormessageemailfieldisrequired$5(LoginUser.java:95)&#13;
net.serenitybdd.rest.SerenityRest.restAssuredThat(SerenityRest.java:626)&#13;
apiskuypay@1.0-SNAPSHOT/starter.api.auth.LoginUser.iReceiveerrormessageemailfieldisrequired(LoginUser.java:95)&#13;
apiskuypay@1.0-SNAPSHOT/starter.stepdefinitions.LoginUserSteps.iReceivedErrorMessageEmailFieldIsRequired(LoginUserSteps.java:55)&#13;
io.cucumber.java.Invoker.doInvoke(Invoker.java:66)&#13;
io.cucumber.java.Invoker.invoke(Invoker.java:24)&#13;
io.cucumber.java.AbstractGlueDefinition.invokeMethod(AbstractGlueDefinition.java:47)&#13;
io.cucumber.java.JavaStepDefinition.execute(JavaStepDefinition.java:29)&#13;
io.cucumber.core.runner.CoreStepDefinition.execute(CoreStepDefinition.java:66)&#13;
io.cucumber.core.runner.PickleStepDefinitionMatch.runStep(PickleStepDefinitionMatch.java:63)&#13;
io.cucumber.core.runner.TestStep.executeStep(TestStep.java:85)&#13;
io.cucumber.core.runner.TestStep.run(TestStep.java:57)&#13;
io.cucumber.core.runner.PickleStepTestStep.run(PickleStepTestStep.java:51)&#13;
io.cucumber.core.runner.TestCase.run(TestCase.java:84)&#13;
io.cucumber.core.runner.Runner.runPickle(Runner.java:75)&#13;
io.cucumber.core.runtime.CucumberExecutionContext.lambda$runTestCase$5(CucumberExecutionContext.java:129)&#13;
io.cucumber.core.runtime.RethrowingThrowableCollector.executeAndThrow(RethrowingThrowableCollector.java:23)&#13;
io.cucumber.core.runtime.CucumberExecutionContext.runTestCase(CucumberExecutionContext.java:129)&#13;
io.cucumber.junit.FeatureRunner.runChild(FeatureRunner.java:144)&#13;
io.cucumber.junit.FeatureRunner.runChild(FeatureRunner.java:28)&#13;
io.cucumber.junit.FeatureRunner.run(FeatureRunner.java:137)&#13;
io.cucumber.junit.CucumberSerenityRunner.runChild(CucumberSerenityRunner.java:259)&#13;
io.cucumber.junit.CucumberSerenityRunner.runChild(CucumberSerenityRunner.java:59)&#13;
</system-err></testcase></testsuite>